[1352782800] LOG ROTATION: DAILY
[1352782800] LOG VERSION: 2.0
[1352782800] CURRENT HOST STATE: localhost;UP;HARD;1;PING OK - Packet loss = 0%, RTA = 0.03 ms
[1352782800] CURRENT HOST STATE: msny;UP;HARD;1;PING OK - Packet loss = 0%, RTA = 0.26 ms
[1352782800] CURRENT HOST STATE: nyarxlator1;UP;HARD;1;PING OK - Packet loss = 0%, RTA = 0.25 ms
[1352782800] CURRENT HOST STATE: nyarxlator2;UP;HARD;1;PING OK - Packet loss = 0%, RTA = 0.32 ms
[1352782800] CURRENT HOST STATE: nyarxlator3;UP;HARD;1;PING OK - Packet loss = 0%, RTA = 0.25 ms
[1352782800] CURRENT HOST STATE: nyarxlator4;UP;HARD;1;PING OK - Packet loss = 0%, RTA = 0.31 ms
[1352782800] CURRENT HOST STATE: nycnn-adbeame1;UP;HARD;1;PING OK - Packet loss = 0%, RTA = 0.27 ms
[1352782800] CURRENT HOST STATE: nycnn-adbeame10;UP;HARD;1;PING OK - Packet loss = 0%, RTA = 0.31 ms
[1352782800] CURRENT HOST STATE: nycnn-adbeame2;UP;HARD;1;PING OK - Packet loss = 0%, RTA = 0.28 ms
[1352782800] CURRENT HOST STATE: nycnn-adbeame3;UP;HARD;1;PING OK - Packet loss = 0%, RTA = 0.31 ms
[1352782800] CURRENT HOST STATE: nycnn-adbeame4;UP;HARD;1;PING OK - Packet loss = 0%, RTA = 0.30 ms
[1352782800] CURRENT HOST STATE: nycnn-adbeame5;UP;HARD;1;PING OK - Packet loss = 0%, RTA = 0.30 ms
[1352782800] CURRENT HOST STATE: nycnn-adbeame6;UP;HARD;1;PING OK - Packet loss = 0%, RTA = 0.31 ms
[1352782800] CURRENT HOST STATE: nycnn-adbeame7;UP;HARD;1;PING OK - Packet loss = 0%, RTA = 0.29 ms
[1352782800] CURRENT HOST STATE: nycnn-adbeame8;UP;HARD;1;PING OK - Packet loss = 0%, RTA = 0.29 ms
[1352782800] CURRENT HOST STATE: nycnn-adbeame9;UP;HARD;1;PING OK - Packet loss = 0%, RTA = 0.30 ms
[1352782800] CURRENT HOST STATE: nycnn-adbectrl1;UP;HARD;1;PING OK - Packet loss = 0%, RTA = 0.25 ms
[1352782800] CURRENT HOST STATE: nycnn-adbectrl2;UP;HARD;1;PING OK - Packet loss = 0%, RTA = 0.29 ms
[1352782800] CURRENT HOST STATE: nycnn-arapp1;UP;HARD;1;PING OK - Packet loss = 0%, RTA = 0.29 ms
[1352782800] CURRENT HOST STATE: nycnn-arapp2;UP;HARD;1;PING OK - Packet loss = 0%, RTA = 0.64 ms
[1352782800] CURRENT HOST STATE: nycnn-ardb1;UP;HARD;1;PING OK - Packet loss = 0%, RTA = 0.25 ms
[1352782800] CURRENT HOST STATE: nycnn-ardb2;UP;HARD;1;PING OK - Packet loss = 0%, RTA = 0.64 ms
[1352782800] CURRENT HOST STATE: nycnn-arvtrmops;UP;HARD;1;PING OK - Packet loss = 0%, RTA = 0.26 ms
[1352782800] CURRENT HOST STATE: nycnn-arvtrtape;UP;HARD;1;PING OK - Packet loss = 0%, RTA = 0.37 ms
[1352782800] CURRENT HOST STATE: nycnn-arxlator1;UP;HARD;1;PING OK - Packet loss = 0%, RTA = 0.22 ms
[1352782800] CURRENT HOST STATE: nycnn-arxlator2;UP;HARD;1;PING OK - Packet loss = 0%, RTA = 0.29 ms
[1352782800] CURRENT HOST STATE: nycnn-arxlator3;UP;HARD;1;PING OK - Packet loss = 0%, RTA = 0.29 ms
[1352782800] CURRENT HOST STATE: nycnn-arxlator4;UP;HARD;1;PING OK - Packet loss = 0%, RTA = 0.29 ms
[1352782800] CURRENT HOST STATE: nycnn-gridpushpull1;UP;HARD;1;PING OK - Packet loss = 0%, RTA = 0.26 ms
[1352782800] CURRENT HOST STATE: nycnn-gridpushpull2;UP;HARD;1;PING OK - Packet loss = 0%, RTA = 0.27 ms
[1352782800] CURRENT HOST STATE: nycnn-ipvapilic;UP;HARD;1;PING OK - Packet loss = 0%, RTA = 0.22 ms
[1352782800] CURRENT HOST STATE: nycnn-ipvproxy1;UP;HARD;1;PING OK - Packet loss = 0%, RTA = 0.27 ms
[1352782800] CURRENT HOST STATE: nycnn-ipvproxy2;UP;HARD;1;PING OK - Packet loss = 0%, RTA = 0.25 ms
[1352782800] CURRENT HOST STATE: nycnn-ipvsphn1;UP;HARD;1;PING OK - Packet loss = 0%, RTA = 0.20 ms
[1352782800] CURRENT HOST STATE: nycnn-ipvsphn2;UP;HARD;1;PING OK - Packet loss = 0%, RTA = 0.19 ms
[1352782800] CURRENT HOST STATE: nycnn-ipvsphn3;UP;HARD;1;PING OK - Packet loss = 0%, RTA = 0.22 ms
[1352782800] CURRENT HOST STATE: nycnn-ipvsphn4;UP;HARD;1;PING OK - Packet loss = 0%, RTA = 0.19 ms
[1352782800] CURRENT HOST STATE: nycnn-ipvsphn5;UP;HARD;1;PING OK - Packet loss = 0%, RTA = 0.24 ms
[1352782800] CURRENT HOST STATE: nycnn-ipvstrm1;UP;HARD;1;PING OK - Packet loss = 0%, RTA = 0.22 ms
[1352782800] CURRENT HOST STATE: nycnn-ipvstrm2;UP;HARD;1;PING OK - Packet loss = 0%, RTA = 0.23 ms
[1352782800] CURRENT HOST STATE: nycnn-ipvstrm3;UP;HARD;1;PING OK - Packet loss = 0%, RTA = 0.24 ms
[1352782800] CURRENT HOST STATE: nycnn-ipvstrm4;UP;HARD;1;PING OK - Packet loss = 0%, RTA = 0.26 ms
[1352782800] CURRENT HOST STATE: nycnn-ipvx1;UP;HARD;1;PING OK - Packet loss = 0%, RTA = 0.22 ms
[1352782800] CURRENT HOST STATE: nycnn-ipvx10;UP;HARD;1;PING OK - Packet loss = 0%, RTA = 0.19 ms
[1352782800] CURRENT HOST STATE: nycnn-ipvx10e1;UP;HARD;1;PING OK - Packet loss = 0%, RTA = 0.18 ms
[1352782800] CURRENT HOST STATE: nycnn-ipvx11;UP;HARD;1;PING OK - Packet loss = 0%, RTA = 0.38 ms
[1352782800] CURRENT HOST STATE: nycnn-ipvx11e1;UP;HARD;1;PING OK - Packet loss = 0%, RTA = 0.23 ms
[1352782800] CURRENT HOST STATE: nycnn-ipvx12;UP;HARD;1;PING OK - Packet loss = 0%, RTA = 0.22 ms
[1352782800] CURRENT HOST STATE: nycnn-ipvx12e1;UP;HARD;1;PING OK - Packet loss = 0%, RTA = 0.19 ms
[1352782800] CURRENT HOST STATE: nycnn-ipvx13;UP;HARD;1;PING OK - Packet loss = 0%, RTA = 0.17 ms
[1352782800] CURRENT HOST STATE: nycnn-ipvx13e1;UP;HARD;1;PING OK - Packet loss = 0%, RTA = 0.19 ms
[1352782800] CURRENT HOST STATE: nycnn-ipvx14;UP;HARD;1;PING OK - Packet loss = 0%, RTA = 0.24 ms
[1352782800] CURRENT HOST STATE: nycnn-ipvx14e1;UP;HARD;1;PING OK - Packet loss = 0%, RTA = 0.25 ms
[1352782800] CURRENT HOST STATE: nycnn-ipvx15;UP;HARD;1;PING OK - Packet loss = 0%, RTA = 0.21 ms
[1352782800] CURRENT HOST STATE: nycnn-ipvx15e1;UP;HARD;1;PING OK - Packet loss = 0%, RTA = 0.22 ms
[1352782800] CURRENT HOST STATE: nycnn-ipvx16;UP;HARD;1;PING OK - Packet loss = 0%, RTA = 0.19 ms
[1352782800] CURRENT HOST STATE: nycnn-ipvx16e1;UP;HARD;1;PING OK - Packet loss = 0%, RTA = 0.18 ms
[1352782800] CURRENT HOST STATE: nycnn-ipvx17;UP;HARD;1;PING OK - Packet loss = 0%, RTA = 0.24 ms
[1352782800] CURRENT HOST STATE: nycnn-ipvx17e1;UP;HARD;1;PING OK - Packet loss = 0%, RTA = 0.26 ms
[1352782800] CURRENT HOST STATE: nycnn-ipvx18;UP;HARD;1;PING OK - Packet loss = 0%, RTA = 0.22 ms
[1352782800] CURRENT HOST STATE: nycnn-ipvx18e1;UP;HARD;1;PING OK - Packet loss = 0%, RTA = 0.24 ms
[1352782800] CURRENT HOST STATE: nycnn-ipvx19;UP;HARD;1;PING OK - Packet loss = 0%, RTA = 0.22 ms
[1352782800] CURRENT HOST STATE: nycnn-ipvx19e1;UP;HARD;1;PING OK - Packet loss = 0%, RTA = 0.19 ms
[1352782800] CURRENT HOST STATE: nycnn-ipvx1e1;UP;HARD;1;PING OK - Packet loss = 0%, RTA = 0.21 ms
[1352782800] CURRENT HOST STATE: nycnn-ipvx2;UP;HARD;1;PING OK - Packet loss = 0%, RTA = 0.17 ms
[1352782800] CURRENT HOST STATE: nycnn-ipvx20;UP;HARD;1;PING OK - Packet loss = 0%, RTA = 0.19 ms
[1352782800] CURRENT HOST STATE: nycnn-ipvx20e1;UP;HARD;1;PING OK - Packet loss = 0%, RTA = 0.21 ms
[1352782800] CURRENT HOST STATE: nycnn-ipvx21;UP;HARD;1;PING OK - Packet loss = 0%, RTA = 0.19 ms
[1352782800] CURRENT HOST STATE: nycnn-ipvx21e1;UP;HARD;1;PING OK - Packet loss = 0%, RTA = 0.20 ms
[1352782800] CURRENT HOST STATE: nycnn-ipvx22;UP;HARD;1;PING OK - Packet loss = 0%, RTA = 0.17 ms
[1352782800] CURRENT HOST STATE: nycnn-ipvx22e1;UP;HARD;1;PING OK - Packet loss = 0%, RTA = 0.16 ms
[1352782800] CURRENT HOST STATE: nycnn-ipvx23;UP;HARD;1;PING OK - Packet loss = 0%, RTA = 0.20 ms
[1352782800] CURRENT HOST STATE: nycnn-ipvx23e1;UP;HARD;1;PING OK - Packet loss = 0%, RTA = 0.42 ms
[1352782800] CURRENT HOST STATE: nycnn-ipvx24;UP;HARD;1;PING OK - Packet loss = 0%, RTA = 0.26 ms
[1352782800] CURRENT HOST STATE: nycnn-ipvx24e1;UP;HARD;1;PING OK - Packet loss = 0%, RTA = 0.20 ms
[1352782800] CURRENT HOST STATE: nycnn-ipvx25;UP;HARD;1;PING OK - Packet loss = 0%, RTA = 0.18 ms
[1352782800] CURRENT HOST STATE: nycnn-ipvx25e1;UP;HARD;1;PING OK - Packet loss = 0%, RTA = 0.17 ms
[1352782800] CURRENT HOST STATE: nycnn-ipvx26;UP;HARD;1;PING OK - Packet loss = 0%, RTA = 0.20 ms
[1352782800] CURRENT HOST STATE: nycnn-ipvx26e1;UP;HARD;1;PING OK - Packet loss = 0%, RTA = 0.21 ms
[1352782800] CURRENT HOST STATE: nycnn-ipvx27;UP;HARD;1;PING OK - Packet loss = 0%, RTA = 0.20 ms
[1352782800] CURRENT HOST STATE: nycnn-ipvx27e1;UP;HARD;1;PING OK - Packet loss = 0%, RTA = 0.22 ms
[1352782800] CURRENT HOST STATE: nycnn-ipvx28;UP;HARD;1;PING OK - Packet loss = 0%, RTA = 0.24 ms
[1352782800] CURRENT HOST STATE: nycnn-ipvx28e1;UP;HARD;1;PING OK - Packet loss = 0%, RTA = 0.20 ms
[1352782800] CURRENT HOST STATE: nycnn-ipvx29;UP;HARD;1;PING OK - Packet loss = 0%, RTA = 0.20 ms
[1352782800] CURRENT HOST STATE: nycnn-ipvx29e1;UP;HARD;1;PING OK - Packet loss = 0%, RTA = 0.21 ms
[1352782800] CURRENT HOST STATE: nycnn-ipvx2e1;UP;HARD;1;PING OK - Packet loss = 0%, RTA = 0.21 ms
[1352782800] CURRENT HOST STATE: nycnn-ipvx3;UP;HARD;1;PING OK - Packet loss = 0%, RTA = 0.23 ms
[1352782800] CURRENT HOST STATE: nycnn-ipvx30;UP;HARD;1;PING OK - Packet loss = 0%, RTA = 0.22 ms
[1352782800] CURRENT HOST STATE: nycnn-ipvx30e1;UP;HARD;1;PING OK - Packet loss = 0%, RTA = 0.18 ms
[1352782800] CURRENT HOST STATE: nycnn-ipvx31;UP;HARD;1;PING OK - Packet loss = 0%, RTA = 0.22 ms
[1352782800] CURRENT HOST STATE: nycnn-ipvx31e1;UP;HARD;1;PING OK - Packet loss = 0%, RTA = 0.22 ms
[1352782800] CURRENT HOST STATE: nycnn-ipvx32;UP;HARD;1;PING OK - Packet loss = 0%, RTA = 0.22 ms
[1352782800] CURRENT HOST STATE: nycnn-ipvx32e1;UP;HARD;1;PING OK - Packet loss = 0%, RTA = 0.20 ms
[1352782800] CURRENT HOST STATE: nycnn-ipvx33;UP;HARD;1;PING OK - Packet loss = 0%, RTA = 0.20 ms
[1352782800] CURRENT HOST STATE: nycnn-ipvx33e1;UP;HARD;1;PING OK - Packet loss = 0%, RTA = 0.20 ms
[1352782800] CURRENT HOST STATE: nycnn-ipvx34;UP;HARD;1;PING OK - Packet loss = 0%, RTA = 0.24 ms
[1352782800] CURRENT HOST STATE: nycnn-ipvx34e1;UP;HARD;1;PING OK - Packet loss = 0%, RTA = 0.16 ms
[1352782800] CURRENT HOST STATE: nycnn-ipvx35;UP;HARD;1;PING OK - Packet loss = 0%, RTA = 0.20 ms
[1352782800] CURRENT HOST STATE: nycnn-ipvx35e1;UP;HARD;1;PING OK - Packet loss = 0%, RTA = 0.19 ms
[1352782800] CURRENT HOST STATE: nycnn-ipvx3e1;UP;HARD;1;PING OK - Packet loss = 0%, RTA = 0.18 ms
[1352782800] CURRENT HOST STATE: nycnn-ipvx4;UP;HARD;1;PING OK - Packet loss = 0%, RTA = 0.20 ms
[1352782800] CURRENT HOST STATE: nycnn-ipvx4e1;UP;HARD;1;PING OK - Packet loss = 0%, RTA = 0.23 ms
[1352782800] CURRENT HOST STATE: nycnn-ipvx5;UP;HARD;1;PING OK - Packet loss = 0%, RTA = 0.24 ms
[1352782800] CURRENT HOST STATE: nycnn-ipvx5e1;UP;HARD;1;PING OK - Packet loss = 0%, RTA = 0.23 ms
[1352782800] CURRENT HOST STATE: nycnn-ipvx6;UP;HARD;1;PING OK - Packet loss = 0%, RTA = 0.19 ms
[1352782800] CURRENT HOST STATE: nycnn-ipvx6e1;UP;HARD;1;PING OK - Packet loss = 0%, RTA = 0.22 ms
[1352782800] CURRENT HOST STATE: nycnn-ipvx7;UP;HARD;1;PING OK - Packet loss = 0%, RTA = 0.24 ms
[1352782800] CURRENT HOST STATE: nycnn-ipvx7e1;UP;HARD;1;PING OK - Packet loss = 0%, RTA = 0.21 ms
[1352782800] CURRENT HOST STATE: nycnn-ipvx8;UP;HARD;1;PING OK - Packet loss = 0%, RTA = 0.22 ms
[1352782800] CURRENT HOST STATE: nycnn-ipvx8e1;UP;HARD;1;PING OK - Packet loss = 0%, RTA = 0.21 ms
[1352782800] CURRENT HOST STATE: nycnn-ipvx9;UP;HARD;1;PING OK - Packet loss = 0%, RTA = 0.18 ms
[1352782800] CURRENT HOST STATE: nycnn-ipvx9e1;UP;HARD;1;PING OK - Packet loss = 0%, RTA = 0.22 ms
[1352782800] CURRENT HOST STATE: nycnn-kickstart;UP;HARD;1;PING OK - Packet loss = 0%, RTA = 0.29 ms
[1352782800] CURRENT HOST STATE: nycnn-mamdb1;UP;HARD;1;PING OK - Packet loss = 0%, RTA = 0.21 ms
[1352782800] CURRENT HOST STATE: nycnn-mamdb2;UP;HARD;1;PING OK - Packet loss = 0%, RTA = 0.25 ms
[1352782800] CURRENT HOST STATE: nycnn-mamfog;UP;HARD;1;PING OK - Packet loss = 0%, RTA = 0.16 ms
[1352782800] CURRENT HOST STATE: nycnn-mamkey1;UP;HARD;1;PING OK - Packet loss = 0%, RTA = 0.27 ms
[1352782800] CURRENT HOST STATE: nycnn-mamkey2;UP;HARD;1;PING OK - Packet loss = 0%, RTA = 0.28 ms
[1352782800] CURRENT HOST STATE: nycnn-mammq1;UP;HARD;1;PING OK - Packet loss = 0%, RTA = 0.25 ms
[1352782800] CURRENT HOST STATE: nycnn-mammq2;UP;HARD;1;PING OK - Packet loss = 0%, RTA = 0.27 ms
[1352782800] CURRENT HOST STATE: nycnn-ms2app1;UP;HARD;1;PING OK - Packet loss = 0%, RTA = 0.37 ms
[1352782800] CURRENT HOST STATE: nycnn-ms2app2;UP;HARD;1;PING OK - Packet loss = 0%, RTA = 0.44 ms
[1352782800] CURRENT HOST STATE: nycnn-ms2app3;UP;HARD;1;PING OK - Packet loss = 0%, RTA = 0.16 ms
[1352782800] CURRENT HOST STATE: nycnn-ms2app4;UP;HARD;1;PING OK - Packet loss = 0%, RTA = 0.19 ms
[1352782800] CURRENT HOST STATE: nycnn-ms2db1;UP;HARD;1;PING OK - Packet loss = 0%, RTA = 0.25 ms
[1352782800] CURRENT HOST STATE: nycnn-ms2db2;UP;HARD;1;PING OK - Packet loss = 0%, RTA = 0.23 ms
[1352782800] CURRENT HOST STATE: nycnn-ms2db3;UP;HARD;1;PING OK - Packet loss = 0%, RTA = 0.28 ms
[1352782800] CURRENT HOST STATE: nycnn-ms2fsd;UP;HARD;1;PING OK - Packet loss = 0%, RTA = 0.29 ms
[1352782800] CURRENT HOST STATE: nycnn-ms2fsd1;UP;HARD;1;PING OK - Packet loss = 0%, RTA = 0.27 ms
[1352782800] CURRENT HOST STATE: nycnn-ms2fsd2;UP;HARD;1;PING OK - Packet loss = 0%, RTA = 0.15 ms
[1352782800] CURRENT HOST STATE: nycnn-splunk;UP;HARD;1;PING OK - Packet loss = 0%, RTA = 0.24 ms
[1352782800] CURRENT HOST STATE: nyhdscheduler;UP;HARD;1;PING OK - Packet loss = 0%, RTA = 0.24 ms
[1352782800] CURRENT HOST STATE: nymamkey;UP;HARD;1;PING OK - Packet loss = 0%, RTA = 0.25 ms
[1352782800] CURRENT HOST STATE: nymq;UP;HARD;1;PING OK - Packet loss = 0%, RTA = 0.23 ms
[1352782800] CURRENT HOST STATE: nyproxygenhd;UP;HARD;1;PING OK - Packet loss = 0%, RTA = 0.23 ms
[1352782800] CURRENT HOST STATE: nyvideodrop;UP;HARD;1;PING OK - Packet loss = 0%, RTA = 0.26 ms
[1352782800] CURRENT HOST STATE: omnclda01-ny;UP;HARD;1;PING OK - Packet loss = 0%, RTA = 0.30 ms
[1352782800] CURRENT HOST STATE: omnclda01e1-ny;UP;HARD;1;PING OK - Packet loss = 0%, RTA = 0.27 ms
[1352782800] CURRENT HOST STATE: omnclda02-ny;UP;HARD;1;PING OK - Packet loss = 0%, RTA = 0.24 ms
[1352782800] CURRENT HOST STATE: omnclda02e1-ny;UP;HARD;1;PING OK - Packet loss = 0%, RTA = 0.23 ms
[1352782800] CURRENT HOST STATE: omnclda03-ny;UP;HARD;1;PING OK - Packet loss = 0%, RTA = 0.17 ms
[1352782800] CURRENT HOST STATE: omnclda03e1-ny;UP;HARD;1;PING OK - Packet loss = 0%, RTA = 0.18 ms
[1352782800] CURRENT HOST STATE: omnhbcba01-ny;UP;HARD;1;PING OK - Packet loss = 0%, RTA = 0.26 ms
[1352782800] CURRENT HOST STATE: omnhbcba02-ny;UP;HARD;1;PING OK - Packet loss = 0%, RTA = 0.25 ms
[1352782800] CURRENT HOST STATE: omnhbcba03-ny;UP;HARD;1;PING OK - Packet loss = 0%, RTA = 0.24 ms
[1352782800] CURRENT HOST STATE: omnhbcba04-ny;UP;HARD;1;PING OK - Packet loss = 0%, RTA = 0.28 ms
[1352782800] CURRENT HOST STATE: omnhbcba05-ny;UP;HARD;1;PING OK - Packet loss = 0%, RTA = 0.27 ms
[1352782800] CURRENT HOST STATE: omnhbcba06-ny;UP;HARD;1;PING OK - Packet loss = 0%, RTA = 0.28 ms
[1352782800] CURRENT HOST STATE: omnhbcba07-ny;UP;HARD;1;PING OK - Packet loss = 0%, RTA = 0.24 ms
[1352782800] CURRENT HOST STATE: omnhbcba08-ny;UP;HARD;1;PING OK - Packet loss = 0%, RTA = 0.29 ms
[1352782800] CURRENT HOST STATE: omnhbcba09-ny;UP;HARD;1;PING OK - Packet loss = 0%, RTA = 0.28 ms
[1352782800] CURRENT HOST STATE: omnhbcba10-ny;UP;HARD;1;PING OK - Packet loss = 0%, RTA = 0.23 ms
[1352782800] CURRENT HOST STATE: omnhbcba11-ny;UP;HARD;1;PING OK - Packet loss = 0%, RTA = 0.21 ms
[1352782800] CURRENT HOST STATE: omnhbcba12-ny;UP;HARD;1;PING OK - Packet loss = 0%, RTA = 0.21 ms
[1352782800] CURRENT HOST STATE: omnldap1-ny;UP;HARD;1;PING OK - Packet loss = 0%, RTA = 0.29 ms
[1352782800] CURRENT HOST STATE: omnldap2-ny;UP;HARD;1;PING OK - Packet loss = 0%, RTA = 0.28 ms
[1352782800] CURRENT HOST STATE: omnmas1app-ny;UP;HARD;1;PING OK - Packet loss = 0%, RTA = 0.20 ms
[1352782800] CURRENT HOST STATE: omnmas1app1-ny;UP;HARD;1;PING OK - Packet loss = 0%, RTA = 0.28 ms
[1352782800] CURRENT HOST STATE: omnmas1app2-ny;UP;HARD;1;PING OK - Packet loss = 0%, RTA = 0.24 ms
[1352782800] CURRENT HOST STATE: omnmas1db-ny;UP;HARD;1;PING OK - Packet loss = 0%, RTA = 0.20 ms
[1352782800] CURRENT HOST STATE: omnmas1db1-ny;UP;HARD;1;PING OK - Packet loss = 0%, RTA = 0.22 ms
[1352782800] CURRENT HOST STATE: omnmas1db2-ny;UP;HARD;1;PING OK - Packet loss = 0%, RTA = 0.29 ms
[1352782800] CURRENT HOST STATE: omnmas2app-ny;DOWN;HARD;1;(Host Check Timed Out)
[1352782800] CURRENT HOST STATE: omnmas2app1-ny;UP;HARD;1;PING OK - Packet loss = 0%, RTA = 0.29 ms
[1352782800] CURRENT HOST STATE: omnmas2app2-ny;UP;HARD;1;PING OK - Packet loss = 0%, RTA = 0.27 ms
[1352782800] CURRENT HOST STATE: omnmas2db-ny;UP;HARD;1;PING OK - Packet loss = 0%, RTA = 0.28 ms
[1352782800] CURRENT HOST STATE: omnmas2db1-ny;UP;HARD;1;PING OK - Packet loss = 0%, RTA = 0.25 ms
[1352782800] CURRENT HOST STATE: omnmas2db2-ny;UP;HARD;1;PING OK - Packet loss = 0%, RTA = 0.29 ms
[1352782800] CURRENT HOST STATE: omnmdir01-ny;UP;HARD;1;PING OK - Packet loss = 0%, RTA = 0.16 ms
[1352782800] CURRENT HOST STATE: omnmdir01e1-ny;UP;HARD;1;PING OK - Packet loss = 0%, RTA = 0.16 ms
[1352782800] CURRENT HOST STATE: omnmdir02-ny;UP;HARD;1;PING OK - Packet loss = 0%, RTA = 0.19 ms
[1352782800] CURRENT HOST STATE: omnmdir02e1-ny;UP;HARD;1;PING OK - Packet loss = 0%, RTA = 0.17 ms
[1352782800] CURRENT HOST STATE: omnmdir03-ny;UP;HARD;1;PING OK - Packet loss = 0%, RTA = 0.20 ms
[1352782800] CURRENT HOST STATE: omnmdir03e1-ny;UP;HARD;1;PING OK - Packet loss = 0%, RTA = 0.20 ms
[1352782800] CURRENT HOST STATE: omnmdir04-ny;UP;HARD;1;PING OK - Packet loss = 0%, RTA = 0.23 ms
[1352782800] CURRENT HOST STATE: omnmdir04e1-ny;UP;HARD;1;PING OK - Packet loss = 0%, RTA = 0.16 ms
[1352782800] CURRENT HOST STATE: omnmdk01-ny;UP;HARD;1;PING OK - Packet loss = 0%, RTA = 0.55 ms
[1352782800] CURRENT HOST STATE: omnmdk01h0-ny;UP;HARD;1;PING OK - Packet loss = 0%, RTA = 0.47 ms
[1352782800] CURRENT HOST STATE: omnmdk02-ny;UP;HARD;1;PING OK - Packet loss = 0%, RTA = 0.46 ms
[1352782800] CURRENT HOST STATE: omnmdk02h0-ny;UP;HARD;1;PING OK - Packet loss = 0%, RTA = 0.44 ms
[1352782800] CURRENT HOST STATE: omnmdk03-ny;UP;HARD;1;PING OK - Packet loss = 0%, RTA = 0.48 ms
[1352782800] CURRENT HOST STATE: omnmdk03h0-ny;UP;HARD;1;PING OK - Packet loss = 0%, RTA = 0.49 ms
[1352782800] CURRENT HOST STATE: omnmdk04-ny;UP;HARD;1;PING OK - Packet loss = 0%, RTA = 0.45 ms
[1352782800] CURRENT HOST STATE: omnmdk04h0-ny;UP;HARD;1;PING OK - Packet loss = 0%, RTA = 0.47 ms
[1352782800] CURRENT HOST STATE: omnmdk05-ny;UP;HARD;1;PING OK - Packet loss = 0%, RTA = 0.44 ms
[1352782800] CURRENT HOST STATE: omnmdk05h0-ny;UP;HARD;1;PING OK - Packet loss = 0%, RTA = 0.48 ms
[1352782800] CURRENT HOST STATE: omnmdk06-ny;UP;HARD;1;PING OK - Packet loss = 0%, RTA = 0.43 ms
[1352782800] CURRENT HOST STATE: omnmdk06h0-ny;UP;HARD;1;PING OK - Packet loss = 0%, RTA = 0.52 ms
[1352782800] CURRENT HOST STATE: omnmdk07-ny;UP;HARD;1;PING OK - Packet loss = 0%, RTA = 0.47 ms
[1352782800] CURRENT HOST STATE: omnmdk07h0-ny;UP;HARD;1;PING OK - Packet loss = 0%, RTA = 0.48 ms
[1352782800] CURRENT HOST STATE: omnmdk08-ny;UP;HARD;1;PING OK - Packet loss = 0%, RTA = 0.44 ms
[1352782800] CURRENT HOST STATE: omnmdk08h0-ny;UP;HARD;1;PING OK - Packet loss = 0%, RTA = 0.46 ms
[1352782800] CURRENT HOST STATE: omnmdk09-ny;UP;HARD;1;PING OK - Packet loss = 0%, RTA = 0.41 ms
[1352782800] CURRENT HOST STATE: omnmdk09h0-ny;UP;HARD;1;PING OK - Packet loss = 0%, RTA = 0.56 ms
[1352782800] CURRENT HOST STATE: omnmdk10-ny;UP;HARD;1;PING OK - Packet loss = 0%, RTA = 0.45 ms
[1352782800] CURRENT HOST STATE: omnmdk10h0-ny;UP;HARD;1;PING OK - Packet loss = 0%, RTA = 0.43 ms
[1352782800] CURRENT HOST STATE: omnmdk11-ny;UP;HARD;1;PING OK - Packet loss = 0%, RTA = 0.48 ms
[1352782800] CURRENT HOST STATE: omnmdk11h0-ny;UP;HARD;1;PING OK - Packet loss = 0%, RTA = 0.49 ms
[1352782800] CURRENT HOST STATE: omnmdk12-ny;UP;HARD;1;PING OK - Packet loss = 0%, RTA = 0.45 ms
[1352782800] CURRENT HOST STATE: omnmdk12h0-ny;UP;HARD;1;PING OK - Packet loss = 0%, RTA = 0.50 ms
[1352782800] CURRENT HOST STATE: omnmdk13-ny;UP;HARD;1;PING OK - Packet loss = 0%, RTA = 0.52 ms
[1352782800] CURRENT HOST STATE: omnmdk13h0-ny;UP;HARD;1;PING OK - Packet loss = 0%, RTA = 1.31 ms
[1352782800] CURRENT HOST STATE: omnmdk14-ny;UP;HARD;1;PING OK - Packet loss = 0%, RTA = 0.44 ms
[1352782800] CURRENT HOST STATE: omnmdk14h0-ny;UP;HARD;1;PING OK - Packet loss = 0%, RTA = 0.51 ms
[1352782800] CURRENT HOST STATE: omnmdk15-ny;UP;HARD;1;PING OK - Packet loss = 0%, RTA = 0.48 ms
[1352782800] CURRENT HOST STATE: omnmdk15h0-ny;UP;HARD;1;PING OK - Packet loss = 0%, RTA = 0.51 ms
[1352782800] CURRENT HOST STATE: omnmdk16-ny;UP;HARD;1;PING OK - Packet loss = 0%, RTA = 0.46 ms
[1352782800] CURRENT HOST STATE: omnmdk16h0-ny;UP;HARD;1;PING OK - Packet loss = 0%, RTA = 0.52 ms
[1352782800] CURRENT HOST STATE: omnmdk17-ny;UP;HARD;1;PING OK - Packet loss = 0%, RTA = 0.48 ms
[1352782800] CURRENT HOST STATE: omnmdk17h0-ny;UP;HARD;1;PING OK - Packet loss = 0%, RTA = 0.46 ms
[1352782800] CURRENT HOST STATE: omnmdk18-ny;UP;HARD;1;PING OK - Packet loss = 0%, RTA = 0.48 ms
[1352782800] CURRENT HOST STATE: omnmdk18h0-ny;UP;HARD;1;PING OK - Packet loss = 0%, RTA = 0.45 ms
[1352782800] CURRENT HOST STATE: omnmdk19-ny;UP;HARD;1;PING OK - Packet loss = 0%, RTA = 0.49 ms
[1352782800] CURRENT HOST STATE: omnmdk19h0-ny;UP;HARD;1;PING OK - Packet loss = 0%, RTA = 0.47 ms
[1352782800] CURRENT HOST STATE: omnmgsm-ny;UP;HARD;1;PING OK - Packet loss = 0%, RTA = 0.20 ms
[1352782800] CURRENT HOST STATE: omnprox01-ny;UP;HARD;1;PING OK - Packet loss = 0%, RTA = 0.21 ms
[1352782800] CURRENT HOST STATE: omnprox01e1-ny;UP;HARD;1;PING OK - Packet loss = 0%, RTA = 0.22 ms
[1352782800] CURRENT HOST STATE: omnprox02-ny;UP;HARD;1;PING OK - Packet loss = 0%, RTA = 0.21 ms
[1352782800] CURRENT HOST STATE: omnprox02e1-ny;UP;HARD;1;PING OK - Packet loss = 0%, RTA = 0.21 ms
[1352782800] CURRENT HOST STATE: omnprox03-ny;UP;HARD;1;PING OK - Packet loss = 0%, RTA = 0.20 ms
[1352782800] CURRENT HOST STATE: omnprox03e1-ny;UP;HARD;1;PING OK - Packet loss = 0%, RTA = 0.20 ms
[1352782800] CURRENT HOST STATE: omnprox04-ny;UP;HARD;1;PING OK - Packet loss = 0%, RTA = 0.21 ms
[1352782800] CURRENT HOST STATE: omnprox04e1-ny;UP;HARD;1;PING OK - Packet loss = 0%, RTA = 0.19 ms
[1352782800] CURRENT HOST STATE: omnprox05-ny;UP;HARD;1;PING OK - Packet loss = 0%, RTA = 0.21 ms
[1352782800] CURRENT HOST STATE: omnprox05e1-ny;UP;HARD;1;PING OK - Packet loss = 0%, RTA = 0.20 ms
[1352782800] CURRENT HOST STATE: omnspsm-ny;UP;HARD;1;PING OK - Packet loss = 0%, RTA = 0.21 ms
[1352782800] CURRENT HOST STATE: rt-nycc3750tgr-ilo;UP;HARD;1;PING OK - Packet loss = 0%, RTA = 0.67 ms
[1352782800] CURRENT HOST STATE: rt-nycc3750tgr-ms2;UP;HARD;1;PING OK - Packet loss = 0%, RTA = 1.70 ms
[1352782800] CURRENT HOST STATE: rt-nyccfcp-1;UP;HARD;1;PING OK - Packet loss = 0%, RTA = 1.59 ms
[1352782800] CURRENT HOST STATE: rt-nyccfcp-2;UP;HARD;1;PING OK - Packet loss = 0%, RTA = 0.64 ms
[1352782800] CURRENT HOST STATE: rt-nycchdagg-a;UP;HARD;1;PING OK - Packet loss = 0%, RTA = 1.61 ms
[1352782800] CURRENT HOST STATE: rt-nycchdagg-b;UP;HARD;1;PING OK - Packet loss = 0%, RTA = 0.78 ms
[1352782800] CURRENT HOST STATE: rt-nyccmediagrid;UP;HARD;1;PING OK - Packet loss = 0%, RTA = 0.73 ms
[1352782800] CURRENT HOST STATE: rt-nyccspectrum;UP;HARD;1;PING OK - Packet loss = 0%, RTA = 0.54 ms
[1352782800] CURRENT HOST STATE: spider;UP;HARD;1;PING OK - Packet loss = 0%, RTA = 0.24 ms
[1352782800] CURRENT HOST STATE: wdchd001;UP;HARD;1;PING OK - Packet loss = 0%, RTA = 6.54 ms
[1352782800] CURRENT HOST STATE: wdchd002;UP;HARD;1;PING OK - Packet loss = 0%, RTA = 6.62 ms
[1352782800] CURRENT HOST STATE: wdchd003;UP;HARD;1;PING OK - Packet loss = 0%, RTA = 6.52 ms
[1352782800] CURRENT HOST STATE: wdchd004;UP;HARD;1;PING OK - Packet loss = 0%, RTA = 6.56 ms
[1352782800] CURRENT HOST STATE: wdchd005;UP;HARD;1;PING OK - Packet loss = 0%, RTA = 6.58 ms
[1352782800] CURRENT HOST STATE: wdchd006;UP;HARD;1;PING OK - Packet loss = 0%, RTA = 6.57 ms
[1352782800] CURRENT HOST STATE: wdchd007;UP;HARD;1;PING OK - Packet loss = 0%, RTA = 6.56 ms
[1352782800] CURRENT HOST STATE: wdchd008;UP;HARD;1;PING OK - Packet loss = 0%, RTA = 6.75 ms
[1352782800] CURRENT HOST STATE: wdchd009;UP;HARD;1;PING OK - Packet loss = 0%, RTA = 6.57 ms
[1352782800] CURRENT HOST STATE: wdchd010;UP;HARD;1;PING OK - Packet loss = 0%, RTA = 6.65 ms
[1352782800] CURRENT HOST STATE: wdchd011;UP;HARD;1;PING OK - Packet loss = 0%, RTA = 6.67 ms
[1352782800] CURRENT HOST STATE: wdchd012;UP;HARD;1;PING OK - Packet loss = 0%, RTA = 6.60 ms
[1352782800] CURRENT HOST STATE: wdchd013;UP;HARD;1;PING OK - Packet loss = 0%, RTA = 6.52 ms
[1352782800] CURRENT HOST STATE: wdchd014;UP;HARD;1;PING OK - Packet loss = 0%, RTA = 6.72 ms
[1352782800] CURRENT HOST STATE: wdchd015;UP;HARD;1;PING OK - Packet loss = 0%, RTA = 6.62 ms
[1352782800] CURRENT HOST STATE: wdchd016;UP;HARD;1;PING OK - Packet loss = 0%, RTA = 6.55 ms
[1352782800] CURRENT HOST STATE: wdchd017;UP;HARD;1;PING OK - Packet loss = 0%, RTA = 6.61 ms
[1352782800] CURRENT HOST STATE: wdchd018;UP;HARD;1;PING OK - Packet loss = 0%, RTA = 6.77 ms
[1352782800] CURRENT HOST STATE: wdchd019;UP;HARD;1;PING OK - Packet loss = 0%, RTA = 6.57 ms
[1352782800] CURRENT HOST STATE: wdchd020;UP;HARD;1;PING OK - Packet loss = 0%, RTA = 6.63 ms
[1352782800] CURRENT HOST STATE: wdchd021;UP;HARD;1;PING OK - Packet loss = 0%, RTA = 6.43 ms
[1352782800] CURRENT HOST STATE: wdchd022;UP;HARD;1;PING OK - Packet loss = 0%, RTA = 6.68 ms
[1352782800] CURRENT HOST STATE: wdchd023;UP;HARD;1;PING OK - Packet loss = 0%, RTA = 6.76 ms
[1352782800] CURRENT HOST STATE: wdchd024;UP;HARD;1;PING OK - Packet loss = 0%, RTA = 6.65 ms
[1352782800] CURRENT HOST STATE: wdchd025;UP;HARD;1;PING OK - Packet loss = 0%, RTA = 6.58 ms
[1352782800] CURRENT HOST STATE: wdchd026;UP;HARD;1;PING OK - Packet loss = 0%, RTA = 6.51 ms
[1352782800] CURRENT HOST STATE: wdchd027;UP;HARD;1;PING OK - Packet loss = 0%, RTA = 6.45 ms
[1352782800] CURRENT HOST STATE: wdchd028;UP;HARD;1;PING OK - Packet loss = 0%, RTA = 6.64 ms
[1352782800] CURRENT HOST STATE: wdchd029;UP;HARD;1;PING OK - Packet loss = 0%, RTA = 6.56 ms
[1352782800] CURRENT HOST STATE: wdchd030;UP;HARD;1;PING OK - Packet loss = 0%, RTA = 6.65 ms
[1352782800] CURRENT HOST STATE: wdchd031;UP;HARD;1;PING OK - Packet loss = 0%, RTA = 6.66 ms
[1352782800] CURRENT HOST STATE: wdcmd001;UP;HARD;1;PING OK - Packet loss = 0%, RTA = 6.67 ms
[1352782800] CURRENT HOST STATE: wdcmd002;DOWN;HARD;1;(Host Check Timed Out)
[1352782800] CURRENT HOST STATE: wdcms001;UP;HARD;1;PING OK - Packet loss = 0%, RTA = 6.68 ms
[1352782800] CURRENT HOST STATE: wdcms002;UP;HARD;1;PING OK - Packet loss = 0%, RTA = 6.56 ms
[1352782800] CURRENT HOST STATE: wdcms003;UP;HARD;1;PING OK - Packet loss = 0%, RTA = 6.62 ms
[1352782800] CURRENT HOST STATE: wdcod001;UP;HARD;1;PING OK - Packet loss = 0%, RTA = 6.71 ms
[1352782800] CURRENT HOST STATE: wdcod002;UP;HARD;1;PING OK - Packet loss = 0%, RTA = 6.60 ms
[1352782800] CURRENT HOST STATE: wdcod01;UP;HARD;1;PING OK - Packet loss = 0%, RTA = 6.51 ms
[1352782800] CURRENT HOST STATE: wdcod02;UP;HARD;1;PING OK - Packet loss = 0%, RTA = 6.47 ms
[1352782800] CURRENT HOST STATE: wdcpf001;UP;HARD;1;PING OK - Packet loss = 0%, RTA = 6.63 ms
[1352782800] CURRENT HOST STATE: wdcpf002;UP;HARD;1;PING OK - Packet loss = 0%, RTA = 6.61 ms
[1352782800] CURRENT HOST STATE: wdcpf03;UP;HARD;1;PING OK - Packet loss = 0%, RTA = 6.35 ms
[1352782800] CURRENT HOST STATE: wdcps001;UP;HARD;1;PING OK - Packet loss = 0%, RTA = 6.60 ms
[1352782800] CURRENT HOST STATE: wdcps002;UP;HARD;1;PING OK - Packet loss = 0%, RTA = 6.50 ms
[1352782800] CURRENT HOST STATE: wdcps003;UP;HARD;1;PING OK - Packet loss = 0%, RTA = 6.55 ms
[1352782800] CURRENT HOST STATE: wdcps004;UP;HARD;1;PING OK - Packet loss = 0%, RTA = 6.68 ms
[1352782800] CURRENT SERVICE STATE: localhost;Current Load;OK;HARD;1;OK - load average: 0.06, 0.23, 0.25
[1352782800] CURRENT SERVICE STATE: localhost;Current Users;OK;HARD;1;USERS OK - 1 users currently logged in
[1352782800] CURRENT SERVICE STATE: localhost;HTTP;WARNING;HARD;4;HTTP WARNING: HTTP/1.1 403 Forbidden - 5240 bytes in 0.001 second response time
[1352782800] CURRENT SERVICE STATE: localhost;PING;OK;HARD;1;PING OK - Packet loss = 0%, RTA = 0.04 ms
[1352782800] CURRENT SERVICE STATE: localhost;Root Partition;OK;HARD;1;DISK OK - free space: / 1564 MB (83% inode=98%):
[1352782800] CURRENT SERVICE STATE: localhost;SSH;OK;HARD;1;SSH OK - OpenSSH_4.3 (protocol 2.0)
[1352782800] CURRENT SERVICE STATE: localhost;Swap Usage;OK;HARD;1;SWAP OK - 100% free (2047 MB out of 2047 MB)
[1352782800] CURRENT SERVICE STATE: localhost;Total Processes;OK;HARD;1;PROCS OK: 176 processes with STATE = RSZDT
[1352782800] CURRENT SERVICE STATE: msny;HTTP;OK;HARD;1;HTTP OK: HTTP/1.1 200 OK - 5504 bytes in 0.002 second response time
[1352782800] CURRENT SERVICE STATE: msny;IMQ Depth Check - Internal GF Queues;OK;HARD;1;OK: all MS2_EVENT queues have depth 0 or less, all MS2_EVENT queues in RUNNING state
[1352782800] CURRENT SERVICE STATE: msny;MS2 - Grid A Mount;OK;HARD;1;OK - File /Volumes/GridA/Temp/.gridamounted seems fine.
[1352782800] CURRENT SERVICE STATE: msny;MS2 - Grid B Mount;OK;HARD;1;OK - File /Volumes/GridB/Temp/.gridbmounted seems fine.
[1352782800] CURRENT SERVICE STATE: msny;PING;OK;HARD;1;PING OK - Packet loss = 0%, RTA = 0.19 ms
[1352782800] CURRENT SERVICE STATE: nyarxlator1;PING;OK;HARD;1;PING OK - Packet loss = 0%, RTA = 0.24 ms
[1352782800] CURRENT SERVICE STATE: nyarxlator2;PING;OK;HARD;1;PING OK - Packet loss = 0%, RTA = 0.23 ms
[1352782800] CURRENT SERVICE STATE: nyarxlator3;PING;OK;HARD;1;PING OK - Packet loss = 0%, RTA = 0.23 ms
[1352782800] CURRENT SERVICE STATE: nyarxlator4;PING;OK;HARD;1;PING OK - Packet loss = 0%, RTA = 0.22 ms
[1352782800] CURRENT SERVICE STATE: nycnn-adbeame1;PING;OK;HARD;1;PING OK - Packet loss = 0%, RTA = 0.29 ms
[1352782800] CURRENT SERVICE STATE: nycnn-adbeame10;PING;OK;HARD;1;PING OK - Packet loss = 0%, RTA = 0.29 ms
[1352782800] CURRENT SERVICE STATE: nycnn-adbeame2;PING;OK;HARD;1;PING OK - Packet loss = 0%, RTA = 0.30 ms
[1352782800] CURRENT SERVICE STATE: nycnn-adbeame3;PING;OK;HARD;1;PING OK - Packet loss = 0%, RTA = 0.30 ms
[1352782800] CURRENT SERVICE STATE: nycnn-adbeame4;PING;OK;HARD;1;PING OK - Packet loss = 0%, RTA = 0.33 ms
[1352782800] CURRENT SERVICE STATE: nycnn-adbeame5;PING;OK;HARD;1;PING OK - Packet loss = 0%, RTA = 0.28 ms
[1352782800] CURRENT SERVICE STATE: nycnn-adbeame6;PING;OK;HARD;1;PING OK - Packet loss = 0%, RTA = 0.28 ms
[1352782800] CURRENT SERVICE STATE: nycnn-adbeame7;PING;OK;HARD;1;PING OK - Packet loss = 0%, RTA = 0.29 ms
[1352782800] CURRENT SERVICE STATE: nycnn-adbeame8;PING;OK;HARD;1;PING OK - Packet loss = 0%, RTA = 0.40 ms
[1352782800] CURRENT SERVICE STATE: nycnn-adbeame9;PING;OK;HARD;1;PING OK - Packet loss = 0%, RTA = 0.25 ms
[1352782800] CURRENT SERVICE STATE: nycnn-adbectrl1;PING;OK;HARD;1;PING OK - Packet loss = 0%, RTA = 0.30 ms
[1352782800] CURRENT SERVICE STATE: nycnn-adbectrl2;PING;OK;HARD;1;PING OK - Packet loss = 0%, RTA = 0.28 ms
[1352782800] CURRENT SERVICE STATE: nycnn-arapp1;PING;OK;HARD;1;PING OK - Packet loss = 0%, RTA = 0.30 ms
[1352782800] CURRENT SERVICE STATE: nycnn-arapp1;SSH;OK;HARD;1;SSH OK - OpenSSH_4.3 (protocol 2.0)
[1352782800] CURRENT SERVICE STATE: nycnn-arvtrtape;PING;OK;HARD;1;PING OK - Packet loss = 0%, RTA = 0.27 ms
[1352782800] CURRENT SERVICE STATE: nycnn-arvtrtape;SSH;OK;HARD;1;SSH OK - OpenSSH_4.3 (protocol 2.0)
[1352782800] CURRENT SERVICE STATE: nycnn-arxlator1;PING;OK;HARD;1;PING OK - Packet loss = 0%, RTA = 0.26 ms
[1352782800] CURRENT SERVICE STATE: nycnn-arxlator1;SSH;OK;HARD;1;SSH OK - OpenSSH_4.3 (protocol 2.0)
[1352782800] CURRENT SERVICE STATE: nycnn-gridpushpull1;PING;OK;HARD;1;PING OK - Packet loss = 0%, RTA = 0.25 ms
[1352782800] CURRENT SERVICE STATE: nycnn-gridpushpull2;PING;OK;HARD;1;PING OK - Packet loss = 0%, RTA = 0.31 ms
[1352782800] CURRENT SERVICE STATE: nycnn-ipvapilic;PING;OK;HARD;1;PING OK - Packet loss = 0%, RTA = 0.56 ms
[1352782800] CURRENT SERVICE STATE: nycnn-ipvproxy1;PING;OK;HARD;1;PING OK - Packet loss = 0%, RTA = 0.30 ms
[1352782800] CURRENT SERVICE STATE: nycnn-ipvproxy2;PING;OK;HARD;1;PING OK - Packet loss = 0%, RTA = 0.32 ms
[1352782800] CURRENT SERVICE STATE: nycnn-ipvsphn1;PING;OK;HARD;1;PING OK - Packet loss = 0%, RTA = 0.26 ms
[1352782800] CURRENT SERVICE STATE: nycnn-ipvsphn2;PING;OK;HARD;1;PING OK - Packet loss = 0%, RTA = 0.19 ms
[1352782800] CURRENT SERVICE STATE: nycnn-ipvsphn3;PING;OK;HARD;1;PING OK - Packet loss = 0%, RTA = 0.23 ms
[1352782800] CURRENT SERVICE STATE: nycnn-ipvsphn4;PING;OK;HARD;1;PING OK - Packet loss = 0%, RTA = 0.20 ms
[1352782800] CURRENT SERVICE STATE: nycnn-ipvsphn5;PING;OK;HARD;1;PING OK - Packet loss = 0%, RTA = 0.18 ms
[1352782800] CURRENT SERVICE STATE: nycnn-ipvstrm1;PING;OK;HARD;1;PING OK - Packet loss = 0%, RTA = 0.19 ms
[1352782800] CURRENT SERVICE STATE: nycnn-ipvstrm2;PING;OK;HARD;1;PING OK - Packet loss = 0%, RTA = 0.25 ms
[1352782800] CURRENT SERVICE STATE: nycnn-ipvstrm3;PING;OK;HARD;1;PING OK - Packet loss = 0%, RTA = 0.25 ms
[1352782800] CURRENT SERVICE STATE: nycnn-ipvstrm4;PING;OK;HARD;1;PING OK - Packet loss = 0%, RTA = 0.25 ms
[1352782800] CURRENT SERVICE STATE: nycnn-ipvx1;PING;OK;HARD;1;PING OK - Packet loss = 0%, RTA = 0.21 ms
[1352782800] CURRENT SERVICE STATE: nycnn-ipvx10;PING;OK;HARD;1;PING OK - Packet loss = 0%, RTA = 0.19 ms
[1352782800] CURRENT SERVICE STATE: nycnn-ipvx10e1;PING;OK;HARD;1;PING OK - Packet loss = 0%, RTA = 0.20 ms
[1352782800] CURRENT SERVICE STATE: nycnn-ipvx11;PING;OK;HARD;1;PING OK - Packet loss = 0%, RTA = 0.21 ms
[1352782800] CURRENT SERVICE STATE: nycnn-ipvx11e1;PING;OK;HARD;1;PING OK - Packet loss = 0%, RTA = 0.22 ms
[1352782800] CURRENT SERVICE STATE: nycnn-ipvx12;PING;OK;HARD;1;PING OK - Packet loss = 0%, RTA = 0.22 ms
[1352782800] CURRENT SERVICE STATE: nycnn-ipvx12e1;PING;OK;HARD;1;PING OK - Packet loss = 0%, RTA = 0.18 ms
[1352782800] CURRENT SERVICE STATE: nycnn-ipvx13;PING;OK;HARD;1;PING OK - Packet loss = 0%, RTA = 0.23 ms
[1352782800] CURRENT SERVICE STATE: nycnn-ipvx13e1;PING;OK;HARD;1;PING OK - Packet loss = 0%, RTA = 0.23 ms
[1352782800] CURRENT SERVICE STATE: nycnn-ipvx14;PING;OK;HARD;1;PING OK - Packet loss = 0%, RTA = 0.24 ms
[1352782800] CURRENT SERVICE STATE: nycnn-ipvx14e1;PING;OK;HARD;1;PING OK - Packet loss = 0%, RTA = 0.27 ms
[1352782800] CURRENT SERVICE STATE: nycnn-ipvx15;PING;OK;HARD;1;PING OK - Packet loss = 0%, RTA = 0.20 ms
[1352782800] CURRENT SERVICE STATE: nycnn-ipvx15e1;PING;OK;HARD;1;PING OK - Packet loss = 0%, RTA = 0.37 ms
[1352782800] CURRENT SERVICE STATE: nycnn-ipvx16;PING;OK;HARD;1;PING OK - Packet loss = 0%, RTA = 0.21 ms
[1352782800] CURRENT SERVICE STATE: nycnn-ipvx16e1;PING;OK;HARD;1;PING OK - Packet loss = 0%, RTA = 0.22 ms
[1352782800] CURRENT SERVICE STATE: nycnn-ipvx17;PING;OK;HARD;1;PING OK - Packet loss = 0%, RTA = 0.27 ms
[1352782800] CURRENT SERVICE STATE: nycnn-ipvx17e1;PING;OK;HARD;1;PING OK - Packet loss = 0%, RTA = 0.26 ms
[1352782800] CURRENT SERVICE STATE: nycnn-ipvx18;PING;OK;HARD;1;PING OK - Packet loss = 0%, RTA = 0.38 ms
[1352782800] CURRENT SERVICE STATE: nycnn-ipvx18e1;PING;OK;HARD;1;PING OK - Packet loss = 0%, RTA = 0.23 ms
[1352782800] CURRENT SERVICE STATE: nycnn-ipvx19;PING;OK;HARD;1;PING OK - Packet loss = 0%, RTA = 0.20 ms
[1352782800] CURRENT SERVICE STATE: nycnn-ipvx19e1;PING;OK;HARD;1;PING OK - Packet loss = 0%, RTA = 0.22 ms
[1352782800] CURRENT SERVICE STATE: nycnn-ipvx1e1;PING;OK;HARD;1;PING OK - Packet loss = 0%, RTA = 0.25 ms
[1352782800] CURRENT SERVICE STATE: nycnn-ipvx2;PING;OK;HARD;1;PING OK - Packet loss = 0%, RTA = 0.21 ms
[1352782800] CURRENT SERVICE STATE: nycnn-ipvx20;PING;OK;HARD;1;PING OK - Packet loss = 0%, RTA = 0.25 ms
[1352782800] CURRENT SERVICE STATE: nycnn-ipvx20e1;PING;OK;HARD;1;PING OK - Packet loss = 0%, RTA = 0.23 ms
[1352782800] CURRENT SERVICE STATE: nycnn-ipvx21;PING;OK;HARD;1;PING OK - Packet loss = 0%, RTA = 0.24 ms
[1352782800] CURRENT SERVICE STATE: nycnn-ipvx21e1;PING;OK;HARD;1;PING OK - Packet loss = 0%, RTA = 0.23 ms
[1352782800] CURRENT SERVICE STATE: nycnn-ipvx22;PING;OK;HARD;1;PING OK - Packet loss = 0%, RTA = 0.22 ms
[1352782800] CURRENT SERVICE STATE: nycnn-ipvx22e1;PING;OK;HARD;1;PING OK - Packet loss = 0%, RTA = 0.20 ms
[1352782800] CURRENT SERVICE STATE: nycnn-ipvx23;PING;OK;HARD;1;PING OK - Packet loss = 0%, RTA = 0.26 ms
[1352782800] CURRENT SERVICE STATE: nycnn-ipvx23e1;PING;OK;HARD;1;PING OK - Packet loss = 0%, RTA = 0.25 ms
[1352782800] CURRENT SERVICE STATE: nycnn-ipvx24;PING;OK;HARD;1;PING OK - Packet loss = 0%, RTA = 0.24 ms
[1352782800] CURRENT SERVICE STATE: nycnn-ipvx24e1;PING;OK;HARD;1;PING OK - Packet loss = 0%, RTA = 0.28 ms
[1352782800] CURRENT SERVICE STATE: nycnn-ipvx25;PING;OK;HARD;1;PING OK - Packet loss = 0%, RTA = 0.22 ms
[1352782800] CURRENT SERVICE STATE: nycnn-ipvx25e1;PING;OK;HARD;1;PING OK - Packet loss = 0%, RTA = 0.20 ms
[1352782800] CURRENT SERVICE STATE: nycnn-ipvx26;PING;OK;HARD;1;PING OK - Packet loss = 0%, RTA = 0.22 ms
[1352782800] CURRENT SERVICE STATE: nycnn-ipvx26e1;PING;OK;HARD;1;PING OK - Packet loss = 0%, RTA = 0.25 ms
[1352782800] CURRENT SERVICE STATE: nycnn-ipvx27;PING;OK;HARD;1;PING OK - Packet loss = 0%, RTA = 0.22 ms
[1352782800] CURRENT SERVICE STATE: nycnn-ipvx27e1;PING;OK;HARD;1;PING OK - Packet loss = 0%, RTA = 0.22 ms
[1352782800] CURRENT SERVICE STATE: nycnn-ipvx28;PING;OK;HARD;1;PING OK - Packet loss = 0%, RTA = 0.26 ms
[1352782800] CURRENT SERVICE STATE: nycnn-ipvx28e1;PING;OK;HARD;1;PING OK - Packet loss = 0%, RTA = 0.24 ms
[1352782800] CURRENT SERVICE STATE: nycnn-ipvx29;PING;OK;HARD;1;PING OK - Packet loss = 0%, RTA = 0.18 ms
[1352782800] CURRENT SERVICE STATE: nycnn-ipvx29e1;PING;OK;HARD;1;PING OK - Packet loss = 0%, RTA = 0.22 ms
[1352782800] CURRENT SERVICE STATE: nycnn-ipvx2e1;PING;OK;HARD;1;PING OK - Packet loss = 0%, RTA = 0.22 ms
[1352782800] CURRENT SERVICE STATE: nycnn-ipvx3;PING;OK;HARD;1;PING OK - Packet loss = 0%, RTA = 0.27 ms
[1352782800] CURRENT SERVICE STATE: nycnn-ipvx30;PING;OK;HARD;1;PING OK - Packet loss = 0%, RTA = 0.22 ms
[1352782800] CURRENT SERVICE STATE: nycnn-ipvx30e1;PING;OK;HARD;1;PING OK - Packet loss = 0%, RTA = 0.30 ms
[1352782800] CURRENT SERVICE STATE: nycnn-ipvx31;PING;OK;HARD;1;PING OK - Packet loss = 0%, RTA = 0.21 ms
[1352782800] CURRENT SERVICE STATE: nycnn-ipvx31e1;PING;OK;HARD;1;PING OK - Packet loss = 0%, RTA = 0.22 ms
[1352782800] CURRENT SERVICE STATE: nycnn-ipvx32;PING;OK;HARD;1;PING OK - Packet loss = 0%, RTA = 0.28 ms
[1352782800] CURRENT SERVICE STATE: nycnn-ipvx32e1;PING;OK;HARD;1;PING OK - Packet loss = 0%, RTA = 0.28 ms
[1352782800] CURRENT SERVICE STATE: nycnn-ipvx33;PING;OK;HARD;1;PING OK - Packet loss = 0%, RTA = 0.23 ms
[1352782800] CURRENT SERVICE STATE: nycnn-ipvx33e1;PING;OK;HARD;1;PING OK - Packet loss = 0%, RTA = 0.23 ms
[1352782800] CURRENT SERVICE STATE: nycnn-ipvx34;PING;OK;HARD;1;PING OK - Packet loss = 0%, RTA = 0.19 ms
[1352782800] CURRENT SERVICE STATE: nycnn-ipvx34e1;PING;OK;HARD;1;PING OK - Packet loss = 0%, RTA = 0.21 ms
[1352782800] CURRENT SERVICE STATE: nycnn-ipvx35;PING;OK;HARD;1;PING OK - Packet loss = 0%, RTA = 0.22 ms
[1352782800] CURRENT SERVICE STATE: nycnn-ipvx35e1;PING;OK;HARD;1;PING OK - Packet loss = 0%, RTA = 0.22 ms
[1352782800] CURRENT SERVICE STATE: nycnn-ipvx3e1;PING;OK;HARD;1;PING OK - Packet loss = 0%, RTA = 0.20 ms
[1352782800] CURRENT SERVICE STATE: nycnn-ipvx4;PING;OK;HARD;1;PING OK - Packet loss = 0%, RTA = 0.22 ms
[1352782800] CURRENT SERVICE STATE: nycnn-ipvx4e1;PING;OK;HARD;1;PING OK - Packet loss = 0%, RTA = 0.22 ms
[1352782800] CURRENT SERVICE STATE: nycnn-ipvx5;PING;OK;HARD;1;PING OK - Packet loss = 0%, RTA = 0.29 ms
[1352782800] CURRENT SERVICE STATE: nycnn-ipvx5e1;PING;OK;HARD;1;PING OK - Packet loss = 0%, RTA = 0.28 ms
[1352782800] CURRENT SERVICE STATE: nycnn-ipvx6;PING;OK;HARD;1;PING OK - Packet loss = 0%, RTA = 0.24 ms
[1352782800] CURRENT SERVICE STATE: nycnn-ipvx6e1;PING;OK;HARD;1;PING OK - Packet loss = 0%, RTA = 0.21 ms
[1352782800] CURRENT SERVICE STATE: nycnn-ipvx7;PING;OK;HARD;1;PING OK - Packet loss = 0%, RTA = 0.20 ms
[1352782800] CURRENT SERVICE STATE: nycnn-ipvx7e1;PING;OK;HARD;1;PING OK - Packet loss = 0%, RTA = 0.22 ms
[1352782800] CURRENT SERVICE STATE: nycnn-ipvx8;PING;OK;HARD;1;PING OK - Packet loss = 0%, RTA = 0.23 ms
[1352782800] CURRENT SERVICE STATE: nycnn-ipvx8e1;PING;OK;HARD;1;PING OK - Packet loss = 0%, RTA = 0.38 ms
[1352782800] CURRENT SERVICE STATE: nycnn-ipvx9;PING;OK;HARD;1;PING OK - Packet loss = 0%, RTA = 0.20 ms
[1352782800] CURRENT SERVICE STATE: nycnn-ipvx9e1;PING;OK;HARD;1;PING OK - Packet loss = 0%, RTA = 0.23 ms
[1352782800] CURRENT SERVICE STATE: nycnn-kickstart;PING;OK;HARD;1;PING OK - Packet loss = 0%, RTA = 0.24 ms
[1352782800] CURRENT SERVICE STATE: nycnn-mamdb1;PING;OK;HARD;1;PING OK - Packet loss = 0%, RTA = 0.26 ms
[1352782800] CURRENT SERVICE STATE: nycnn-mamdb2;PING;OK;HARD;1;PING OK - Packet loss = 0%, RTA = 0.25 ms
[1352782800] CURRENT SERVICE STATE: nycnn-mamfog;PING;OK;HARD;1;PING OK - Packet loss = 0%, RTA = 0.22 ms
[1352782800] CURRENT SERVICE STATE: nycnn-mamkey1;PING;OK;HARD;1;PING OK - Packet loss = 0%, RTA = 0.24 ms
[1352782800] CURRENT SERVICE STATE: nycnn-mamkey2;PING;OK;HARD;1;PING OK - Packet loss = 0%, RTA = 0.27 ms
[1352782800] CURRENT SERVICE STATE: nycnn-ms2app1;PING;OK;HARD;1;PING OK - Packet loss = 0%, RTA = 0.41 ms
[1352782800] CURRENT SERVICE STATE: nycnn-ms2app2;PING;OK;HARD;1;PING OK - Packet loss = 0%, RTA = 0.45 ms
[1352782800] CURRENT SERVICE STATE: nycnn-ms2app3;PING;OK;HARD;1;PING OK - Packet loss = 0%, RTA = 0.25 ms
[1352782800] CURRENT SERVICE STATE: nycnn-ms2app4;PING;OK;HARD;1;PING OK - Packet loss = 0%, RTA = 0.21 ms
[1352782800] CURRENT SERVICE STATE: nycnn-ms2db1;Disk Space on /oracle;UNKNOWN;HARD;3;Remote command execution failed: Host key verification failed.
[1352782800] CURRENT SERVICE STATE: nycnn-ms2db1;PING;OK;HARD;1;PING OK - Packet loss = 0%, RTA = 0.23 ms
[1352782800] CURRENT SERVICE STATE: nycnn-ms2db2;Disk Space on /oracle;UNKNOWN;HARD;3;Remote command execution failed: Host key verification failed.
[1352782800] CURRENT SERVICE STATE: nycnn-ms2db2;PING;OK;HARD;1;PING OK - Packet loss = 0%, RTA = 0.25 ms
[1352782800] CURRENT SERVICE STATE: nycnn-ms2db3;Disk Space on /oracle;UNKNOWN;HARD;3;Remote command execution failed: Host key verification failed.
[1352782800] CURRENT SERVICE STATE: nycnn-ms2db3;PING;OK;HARD;1;PING OK - Packet loss = 0%, RTA = 0.31 ms
[1352782800] CURRENT SERVICE STATE: nycnn-ms2fsd;PING;OK;HARD;1;PING OK - Packet loss = 0%, RTA = 0.23 ms
[1352782800] CURRENT SERVICE STATE: nycnn-ms2fsd1;PING;OK;HARD;1;PING OK - Packet loss = 0%, RTA = 0.25 ms
[1352782800] CURRENT SERVICE STATE: nycnn-ms2fsd2;PING;OK;HARD;1;PING OK - Packet loss = 0%, RTA = 0.17 ms
[1352782800] CURRENT SERVICE STATE: nycnn-splunk;PING;OK;HARD;1;PING OK - Packet loss = 0%, RTA = 0.29 ms
[1352782800] CURRENT SERVICE STATE: nyhdscheduler;HTTP;WARNING;HARD;3;HTTP WARNING: HTTP/1.1 400 Bad Request - 480 bytes in 0.001 second response time
[1352782800] CURRENT SERVICE STATE: nyhdscheduler;PING;OK;HARD;1;PING OK - Packet loss = 0%, RTA = 0.27 ms
[1352782800] CURRENT SERVICE STATE: nymamkey;PING;OK;HARD;1;PING OK - Packet loss = 0%, RTA = 0.22 ms
[1352782800] CURRENT SERVICE STATE: nyproxygenhd;PING;OK;HARD;1;PING OK - Packet loss = 0%, RTA = 0.31 ms
[1352782800] CURRENT SERVICE STATE: nyvideodrop;PING;OK;HARD;1;PING OK - Packet loss = 0%, RTA = 0.26 ms
[1352782800] CURRENT SERVICE STATE: omnclda01-ny;PING;OK;HARD;1;PING OK - Packet loss = 0%, RTA = 0.28 ms
[1352782800] CURRENT SERVICE STATE: omnclda01e1-ny;PING;OK;HARD;1;PING OK - Packet loss = 0%, RTA = 0.22 ms
[1352782800] CURRENT SERVICE STATE: omnclda02-ny;PING;OK;HARD;1;PING OK - Packet loss = 0%, RTA = 0.31 ms
[1352782800] CURRENT SERVICE STATE: omnclda02e1-ny;PING;OK;HARD;1;PING OK - Packet loss = 0%, RTA = 0.23 ms
[1352782800] CURRENT SERVICE STATE: omnclda03-ny;PING;OK;HARD;1;PING OK - Packet loss = 0%, RTA = 0.25 ms
[1352782800] CURRENT SERVICE STATE: omnclda03e1-ny;PING;OK;HARD;1;PING OK - Packet loss = 0%, RTA = 0.19 ms
[1352782800] CURRENT SERVICE STATE: omnhbcba01-ny;PING;OK;HARD;1;PING OK - Packet loss = 0%, RTA = 0.28 ms
[1352782800] CURRENT SERVICE STATE: omnhbcba02-ny;PING;OK;HARD;1;PING OK - Packet loss = 0%, RTA = 0.28 ms
[1352782800] CURRENT SERVICE STATE: omnhbcba03-ny;PING;OK;HARD;1;PING OK - Packet loss = 0%, RTA = 0.28 ms
[1352782800] CURRENT SERVICE STATE: omnhbcba04-ny;PING;OK;HARD;1;PING OK - Packet loss = 0%, RTA = 0.24 ms
[1352782800] CURRENT SERVICE STATE: omnhbcba05-ny;PING;OK;HARD;1;PING OK - Packet loss = 0%, RTA = 0.23 ms
[1352782800] CURRENT SERVICE STATE: omnhbcba06-ny;PING;OK;HARD;1;PING OK - Packet loss = 0%, RTA = 0.23 ms
[1352782800] CURRENT SERVICE STATE: omnhbcba07-ny;PING;OK;HARD;1;PING OK - Packet loss = 0%, RTA = 0.25 ms
[1352782800] CURRENT SERVICE STATE: omnhbcba08-ny;PING;OK;HARD;1;PING OK - Packet loss = 0%, RTA = 0.29 ms
[1352782800] CURRENT SERVICE STATE: omnhbcba09-ny;PING;OK;HARD;1;PING OK - Packet loss = 0%, RTA = 0.30 ms
[1352782800] CURRENT SERVICE STATE: omnhbcba10-ny;PING;OK;HARD;1;PING OK - Packet loss = 0%, RTA = 0.25 ms
[1352782800] CURRENT SERVICE STATE: omnhbcba11-ny;PING;OK;HARD;1;PING OK - Packet loss = 0%, RTA = 0.26 ms
[1352782800] CURRENT SERVICE STATE: omnhbcba12-ny;PING;OK;HARD;1;PING OK - Packet loss = 0%, RTA = 0.24 ms
[1352782800] CURRENT SERVICE STATE: omnldap1-ny;LDAP;OK;HARD;1;LDAP OK - 0.002 seconds response time
[1352782800] CURRENT SERVICE STATE: omnldap2-ny;LDAP;OK;HARD;1;LDAP OK - 0.002 seconds response time
[1352782800] CURRENT SERVICE STATE: omnmas1app-ny;PING;OK;HARD;1;PING OK - Packet loss = 0%, RTA = 0.25 ms
[1352782800] CURRENT SERVICE STATE: omnmas1app1-ny;PING;OK;HARD;1;PING OK - Packet loss = 0%, RTA = 0.22 ms
[1352782800] CURRENT SERVICE STATE: omnmas1app2-ny;PING;OK;HARD;1;PING OK - Packet loss = 0%, RTA = 0.25 ms
[1352782800] CURRENT SERVICE STATE: omnmas1db-ny;PING;OK;HARD;1;PING OK - Packet loss = 0%, RTA = 0.31 ms
[1352782800] CURRENT SERVICE STATE: omnmas1db1-ny;PING;OK;HARD;1;PING OK - Packet loss = 0%, RTA = 0.29 ms
[1352782800] CURRENT SERVICE STATE: omnmas1db2-ny;PING;OK;HARD;1;PING OK - Packet loss = 0%, RTA = 0.33 ms
[1352782800] CURRENT SERVICE STATE: omnmas2app-ny;PING;CRITICAL;HARD;3;PING CRITICAL - Packet loss = 100%
[1352782800] CURRENT SERVICE STATE: omnmas2app1-ny;PING;OK;HARD;1;PING OK - Packet loss = 0%, RTA = 0.26 ms
[1352782800] CURRENT SERVICE STATE: omnmas2app2-ny;PING;OK;HARD;1;PING OK - Packet loss = 0%, RTA = 0.32 ms
[1352782800] CURRENT SERVICE STATE: omnmas2db-ny;PING;OK;HARD;1;PING OK - Packet loss = 0%, RTA = 0.19 ms
[1352782800] CURRENT SERVICE STATE: omnmas2db1-ny;PING;OK;HARD;1;PING OK - Packet loss = 0%, RTA = 0.32 ms
[1352782800] CURRENT SERVICE STATE: omnmas2db2-ny;PING;OK;HARD;1;PING OK - Packet loss = 0%, RTA = 0.27 ms
[1352782800] CURRENT SERVICE STATE: omnmdir01-ny;PING;OK;HARD;1;PING OK - Packet loss = 0%, RTA = 0.19 ms
[1352782800] CURRENT SERVICE STATE: omnmdir01e1-ny;PING;OK;HARD;1;PING OK - Packet loss = 0%, RTA = 0.21 ms
[1352782800] CURRENT SERVICE STATE: omnmdir02-ny;PING;OK;HARD;1;PING OK - Packet loss = 0%, RTA = 0.17 ms
[1352782800] CURRENT SERVICE STATE: omnmdir02e1-ny;PING;OK;HARD;1;PING OK - Packet loss = 0%, RTA = 0.15 ms
[1352782800] CURRENT SERVICE STATE: omnmdir03-ny;PING;OK;HARD;1;PING OK - Packet loss = 0%, RTA = 0.19 ms
[1352782800] CURRENT SERVICE STATE: omnmdir03e1-ny;PING;OK;HARD;1;PING OK - Packet loss = 0%, RTA = 0.21 ms
[1352782800] CURRENT SERVICE STATE: omnmdir04-ny;PING;OK;HARD;1;PING OK - Packet loss = 0%, RTA = 0.18 ms
[1352782800] CURRENT SERVICE STATE: omnmdir04e1-ny;PING;OK;HARD;1;PING OK - Packet loss = 0%, RTA = 0.17 ms
[1352782800] CURRENT SERVICE STATE: omnmdk01-ny;PING;OK;HARD;1;PING OK - Packet loss = 0%, RTA = 0.44 ms
[1352782800] CURRENT SERVICE STATE: omnmdk01h0-ny;PING;OK;HARD;1;PING OK - Packet loss = 0%, RTA = 0.47 ms
[1352782800] CURRENT SERVICE STATE: omnmdk02-ny;PING;OK;HARD;1;PING OK - Packet loss = 0%, RTA = 0.50 ms
[1352782800] CURRENT SERVICE STATE: omnmdk02h0-ny;PING;OK;HARD;1;PING OK - Packet loss = 0%, RTA = 0.47 ms
[1352782800] CURRENT SERVICE STATE: omnmdk03-ny;PING;OK;HARD;1;PING OK - Packet loss = 0%, RTA = 0.42 ms
[1352782800] CURRENT SERVICE STATE: omnmdk03h0-ny;PING;OK;HARD;1;PING OK - Packet loss = 0%, RTA = 0.48 ms
[1352782800] CURRENT SERVICE STATE: omnmdk04-ny;PING;OK;HARD;1;PING OK - Packet loss = 0%, RTA = 0.43 ms
[1352782800] CURRENT SERVICE STATE: omnmdk04h0-ny;PING;OK;HARD;1;PING OK - Packet loss = 0%, RTA = 0.44 ms
[1352782800] CURRENT SERVICE STATE: omnmdk05-ny;PING;OK;HARD;1;PING OK - Packet loss = 0%, RTA = 0.45 ms
[1352782800] CURRENT SERVICE STATE: omnmdk05h0-ny;PING;OK;HARD;1;PING OK - Packet loss = 0%, RTA = 0.44 ms
[1352782800] CURRENT SERVICE STATE: omnmdk06-ny;PING;OK;HARD;1;PING OK - Packet loss = 0%, RTA = 0.48 ms
[1352782800] CURRENT SERVICE STATE: omnmdk06h0-ny;PING;OK;HARD;1;PING OK - Packet loss = 0%, RTA = 0.44 ms
[1352782800] CURRENT SERVICE STATE: omnmdk07-ny;PING;OK;HARD;1;PING OK - Packet loss = 0%, RTA = 0.44 ms
[1352782800] CURRENT SERVICE STATE: omnmdk07h0-ny;PING;OK;HARD;1;PING OK - Packet loss = 0%, RTA = 0.60 ms
[1352782800] CURRENT SERVICE STATE: omnmdk08-ny;PING;OK;HARD;1;PING OK - Packet loss = 0%, RTA = 0.45 ms
[1352782800] CURRENT SERVICE STATE: omnmdk08h0-ny;PING;OK;HARD;1;PING OK - Packet loss = 0%, RTA = 0.50 ms
[1352782800] CURRENT SERVICE STATE: omnmdk09-ny;PING;OK;HARD;1;PING OK - Packet loss = 0%, RTA = 0.45 ms
[1352782800] CURRENT SERVICE STATE: omnmdk09h0-ny;PING;OK;HARD;1;PING OK - Packet loss = 0%, RTA = 0.43 ms
[1352782800] CURRENT SERVICE STATE: omnmdk10-ny;PING;OK;HARD;1;PING OK - Packet loss = 0%, RTA = 0.51 ms
[1352782800] CURRENT SERVICE STATE: omnmdk10h0-ny;PING;OK;HARD;1;PING OK - Packet loss = 0%, RTA = 0.50 ms
[1352782800] CURRENT SERVICE STATE: omnmdk11-ny;PING;OK;HARD;1;PING OK - Packet loss = 0%, RTA = 0.47 ms
[1352782800] CURRENT SERVICE STATE: omnmdk11h0-ny;PING;OK;HARD;1;PING OK - Packet loss = 0%, RTA = 0.51 ms
[1352782800] CURRENT SERVICE STATE: omnmdk12-ny;PING;OK;HARD;1;PING OK - Packet loss = 0%, RTA = 0.50 ms
[1352782800] CURRENT SERVICE STATE: omnmdk12h0-ny;PING;OK;HARD;1;PING OK - Packet loss = 0%, RTA = 0.54 ms
[1352782800] CURRENT SERVICE STATE: omnmdk13-ny;PING;OK;HARD;1;PING OK - Packet loss = 0%, RTA = 0.50 ms
[1352782800] CURRENT SERVICE STATE: omnmdk13h0-ny;PING;OK;HARD;1;PING OK - Packet loss = 0%, RTA = 0.73 ms
[1352782800] CURRENT SERVICE STATE: omnmdk14-ny;PING;OK;HARD;1;PING OK - Packet loss = 0%, RTA = 0.44 ms
[1352782800] CURRENT SERVICE STATE: omnmdk14h0-ny;PING;OK;HARD;1;PING OK - Packet loss = 0%, RTA = 0.48 ms
[1352782800] CURRENT SERVICE STATE: omnmdk15-ny;PING;OK;HARD;1;PING OK - Packet loss = 0%, RTA = 0.47 ms
[1352782800] CURRENT SERVICE STATE: omnmdk15h0-ny;PING;OK;HARD;1;PING OK - Packet loss = 0%, RTA = 0.45 ms
[1352782800] CURRENT SERVICE STATE: omnmdk16-ny;PING;OK;HARD;1;PING OK - Packet loss = 0%, RTA = 0.45 ms
[1352782800] CURRENT SERVICE STATE: omnmdk16h0-ny;PING;OK;HARD;1;PING OK - Packet loss = 0%, RTA = 0.50 ms
[1352782800] CURRENT SERVICE STATE: omnmdk17-ny;PING;OK;HARD;1;PING OK - Packet loss = 0%, RTA = 0.45 ms
[1352782800] CURRENT SERVICE STATE: omnmdk17h0-ny;PING;OK;HARD;1;PING OK - Packet loss = 0%, RTA = 0.48 ms
[1352782800] CURRENT SERVICE STATE: omnmdk18-ny;PING;OK;HARD;1;PING OK - Packet loss = 0%, RTA = 0.46 ms
[1352782800] CURRENT SERVICE STATE: omnmdk18h0-ny;PING;OK;HARD;1;PING OK - Packet loss = 0%, RTA = 0.53 ms
[1352782800] CURRENT SERVICE STATE: omnmdk19-ny;PING;OK;HARD;1;PING OK - Packet loss = 0%, RTA = 0.50 ms
[1352782800] CURRENT SERVICE STATE: omnmdk19h0-ny;PING;OK;HARD;1;PING OK - Packet loss = 0%, RTA = 0.52 ms
[1352782800] CURRENT SERVICE STATE: omnmgsm-ny;PING;OK;HARD;1;PING OK - Packet loss = 0%, RTA = 0.20 ms
[1352782800] CURRENT SERVICE STATE: omnprox01-ny;PING;OK;HARD;1;PING OK - Packet loss = 0%, RTA = 0.19 ms
[1352782800] CURRENT SERVICE STATE: omnprox01e1-ny;PING;OK;HARD;1;PING OK - Packet loss = 0%, RTA = 0.21 ms
[1352782800] CURRENT SERVICE STATE: omnprox02-ny;PING;OK;HARD;1;PING OK - Packet loss = 0%, RTA = 0.19 ms
[1352782800] CURRENT SERVICE STATE: omnprox02e1-ny;PING;OK;HARD;1;PING OK - Packet loss = 0%, RTA = 0.20 ms
[1352782800] CURRENT SERVICE STATE: omnprox03-ny;PING;OK;HARD;1;PING OK - Packet loss = 0%, RTA = 0.18 ms
[1352782800] CURRENT SERVICE STATE: omnprox03e1-ny;PING;OK;HARD;1;PING OK - Packet loss = 0%, RTA = 0.19 ms
[1352782800] CURRENT SERVICE STATE: omnprox04-ny;PING;OK;HARD;1;PING OK - Packet loss = 0%, RTA = 0.19 ms
[1352782800] CURRENT SERVICE STATE: omnprox04e1-ny;PING;OK;HARD;1;PING OK - Packet loss = 0%, RTA = 0.19 ms
[1352782800] CURRENT SERVICE STATE: omnprox05-ny;PING;OK;HARD;1;PING OK - Packet loss = 0%, RTA = 0.20 ms
[1352782800] CURRENT SERVICE STATE: omnprox05e1-ny;PING;OK;HARD;1;PING OK - Packet loss = 0%, RTA = 0.17 ms
[1352782800] CURRENT SERVICE STATE: omnspsm-ny;PING;OK;HARD;1;PING OK - Packet loss = 0%, RTA = 0.19 ms
[1352782800] CURRENT SERVICE STATE: spider;PING;OK;HARD;1;PING OK - Packet loss = 0%, RTA = 0.28 ms
[1352782800] CURRENT SERVICE STATE: wdchd001;PING;CRITICAL;HARD;3;PING CRITICAL - Packet loss = 100%
[1352782800] CURRENT SERVICE STATE: wdchd002;PING;CRITICAL;HARD;3;PING CRITICAL - Packet loss = 100%
[1352782800] CURRENT SERVICE STATE: wdchd003;PING;OK;HARD;1;PING OK - Packet loss = 0%, RTA = 6.53 ms
[1352782800] CURRENT SERVICE STATE: wdchd004;PING;OK;HARD;1;PING OK - Packet loss = 0%, RTA = 6.57 ms
[1352782800] CURRENT SERVICE STATE: wdchd005;PING;CRITICAL;HARD;3;PING CRITICAL - Packet loss = 100%
[1352782800] CURRENT SERVICE STATE: wdchd006;PING;CRITICAL;HARD;3;PING CRITICAL - Packet loss = 100%
[1352782800] CURRENT SERVICE STATE: wdchd007;PING;CRITICAL;HARD;3;PING CRITICAL - Packet loss = 100%
[1352782800] CURRENT SERVICE STATE: wdchd008;PING;OK;HARD;1;PING OK - Packet loss = 0%, RTA = 6.68 ms
[1352782800] CURRENT SERVICE STATE: wdchd009;PING;CRITICAL;HARD;3;PING CRITICAL - Packet loss = 100%
[1352782800] CURRENT SERVICE STATE: wdchd010;PING;CRITICAL;HARD;3;PING CRITICAL - Packet loss = 100%
[1352782800] CURRENT SERVICE STATE: wdchd011;PING;CRITICAL;HARD;3;PING CRITICAL - Packet loss = 100%
[1352782800] CURRENT SERVICE STATE: wdchd012;PING;CRITICAL;HARD;3;PING CRITICAL - Packet loss = 100%
[1352782800] CURRENT SERVICE STATE: wdchd013;PING;CRITICAL;HARD;3;PING CRITICAL - Packet loss = 100%
[1352782800] CURRENT SERVICE STATE: wdchd014;PING;CRITICAL;HARD;3;PING CRITICAL - Packet loss = 100%
[1352782800] CURRENT SERVICE STATE: wdchd015;PING;CRITICAL;HARD;3;PING CRITICAL - Packet loss = 100%
[1352782800] CURRENT SERVICE STATE: wdchd016;PING;OK;HARD;1;PING OK - Packet loss = 0%, RTA = 6.52 ms
[1352782800] CURRENT SERVICE STATE: wdchd017;PING;CRITICAL;HARD;3;PING CRITICAL - Packet loss = 100%
[1352782800] CURRENT SERVICE STATE: wdchd018;PING;CRITICAL;HARD;3;PING CRITICAL - Packet loss = 100%
[1352782800] CURRENT SERVICE STATE: wdchd019;PING;CRITICAL;HARD;3;PING CRITICAL - Packet loss = 100%
[1352782800] CURRENT SERVICE STATE: wdchd020;PING;CRITICAL;HARD;3;PING CRITICAL - Packet loss = 100%
[1352782800] CURRENT SERVICE STATE: wdchd021;PING;CRITICAL;HARD;3;PING CRITICAL - Packet loss = 100%
[1352782800] CURRENT SERVICE STATE: wdchd022;PING;CRITICAL;HARD;3;PING CRITICAL - Packet loss = 100%
[1352782800] CURRENT SERVICE STATE: wdchd023;PING;CRITICAL;HARD;3;PING CRITICAL - Packet loss = 100%
[1352782800] CURRENT SERVICE STATE: wdchd024;PING;OK;HARD;1;PING OK - Packet loss = 0%, RTA = 6.59 ms
[1352782800] CURRENT SERVICE STATE: wdchd025;PING;OK;HARD;1;PING OK - Packet loss = 0%, RTA = 6.80 ms
[1352782800] CURRENT SERVICE STATE: wdchd026;PING;CRITICAL;HARD;3;PING CRITICAL - Packet loss = 100%
[1352782800] CURRENT SERVICE STATE: wdchd027;PING;OK;HARD;1;PING OK - Packet loss = 0%, RTA = 6.62 ms
[1352782800] CURRENT SERVICE STATE: wdchd028;PING;CRITICAL;HARD;3;PING CRITICAL - Packet loss = 100%
[1352782800] CURRENT SERVICE STATE: wdchd029;PING;OK;HARD;1;PING OK - Packet loss = 0%, RTA = 6.58 ms
[1352782800] CURRENT SERVICE STATE: wdchd030;PING;OK;HARD;1;PING OK - Packet loss = 0%, RTA = 6.64 ms
[1352782800] CURRENT SERVICE STATE: wdchd031;PING;OK;HARD;1;PING OK - Packet loss = 0%, RTA = 6.68 ms
[1352782800] CURRENT SERVICE STATE: wdcmd001;PING;OK;HARD;1;PING OK - Packet loss = 0%, RTA = 6.60 ms
[1352782800] CURRENT SERVICE STATE: wdcmd002;PING;OK;HARD;1;PING OK - Packet loss = 0%, RTA = 6.64 ms
[1352782800] CURRENT SERVICE STATE: wdcms001;PING;OK;HARD;1;PING OK - Packet loss = 0%, RTA = 6.67 ms
[1352782800] CURRENT SERVICE STATE: wdcms002;PING;OK;HARD;1;PING OK - Packet loss = 0%, RTA = 6.58 ms
[1352782800] CURRENT SERVICE STATE: wdcms003;PING;OK;HARD;1;PING OK - Packet loss = 0%, RTA = 6.69 ms
[1352782800] CURRENT SERVICE STATE: wdcod001;PING;OK;HARD;1;PING OK - Packet loss = 0%, RTA = 6.58 ms
[1352782800] CURRENT SERVICE STATE: wdcod002;PING;OK;HARD;1;PING OK - Packet loss = 0%, RTA = 6.63 ms
[1352782800] CURRENT SERVICE STATE: wdcod01;PING;OK;HARD;1;PING OK - Packet loss = 0%, RTA = 6.43 ms
[1352782800] CURRENT SERVICE STATE: wdcod02;PING;OK;HARD;1;PING OK - Packet loss = 0%, RTA = 6.46 ms
[1352782800] CURRENT SERVICE STATE: wdcpf001;PING;OK;HARD;1;PING OK - Packet loss = 0%, RTA = 6.61 ms
[1352782800] CURRENT SERVICE STATE: wdcpf002;PING;OK;HARD;1;PING OK - Packet loss = 0%, RTA = 6.54 ms
[1352782800] CURRENT SERVICE STATE: wdcpf03;PING;OK;HARD;1;PING OK - Packet loss = 0%, RTA = 6.36 ms
[1352782800] CURRENT SERVICE STATE: wdcps001;PING;OK;HARD;1;PING OK - Packet loss = 0%, RTA = 6.57 ms
[1352782800] CURRENT SERVICE STATE: wdcps002;PING;OK;HARD;1;PING OK - Packet loss = 0%, RTA = 6.48 ms
[1352782800] CURRENT SERVICE STATE: wdcps003;PING;OK;HARD;1;PING OK - Packet loss = 0%, RTA = 6.51 ms
[1352782800] CURRENT SERVICE STATE: wdcps004;PING;OK;HARD;1;PING OK - Packet loss = 0%, RTA = 6.64 ms
[1352784415] Auto-save of retention data completed successfully.
[1352788015] Auto-save of retention data completed successfully.
[1352791368] SERVICE ALERT: localhost;Total Processes;WARNING;SOFT;1;PROCS WARNING: 302 processes with STATE = RSZDT
[1352791428] SERVICE ALERT: localhost;Total Processes;OK;SOFT;2;PROCS OK: 152 processes with STATE = RSZDT
[1352791615] Auto-save of retention data completed successfully.
[1352793228] SERVICE ALERT: localhost;Total Processes;WARNING;SOFT;1;PROCS WARNING: 302 processes with STATE = RSZDT
[1352793288] SERVICE ALERT: localhost;Total Processes;OK;SOFT;2;PROCS OK: 152 processes with STATE = RSZDT
[1352795215] Auto-save of retention data completed successfully.
[1352797788] SERVICE ALERT: localhost;Total Processes;WARNING;SOFT;1;PROCS WARNING: 340 processes with STATE = RSZDT
[1352797848] SERVICE ALERT: localhost;Total Processes;OK;SOFT;2;PROCS OK: 147 processes with STATE = RSZDT
[1352798815] Auto-save of retention data completed successfully.
[1352799648] SERVICE ALERT: localhost;Total Processes;WARNING;SOFT;1;PROCS WARNING: 345 processes with STATE = RSZDT
[1352799708] SERVICE ALERT: localhost;Total Processes;OK;SOFT;2;PROCS OK: 146 processes with STATE = RSZDT
[1352801508] SERVICE ALERT: localhost;Total Processes;WARNING;SOFT;1;PROCS WARNING: 341 processes with STATE = RSZDT
[1352801568] SERVICE ALERT: localhost;Total Processes;OK;SOFT;2;PROCS OK: 143 processes with STATE = RSZDT
[1352802415] Auto-save of retention data completed successfully.
[1352803368] SERVICE ALERT: localhost;Total Processes;WARNING;SOFT;1;PROCS WARNING: 342 processes with STATE = RSZDT
[1352803428] SERVICE ALERT: localhost;Total Processes;OK;SOFT;2;PROCS OK: 147 processes with STATE = RSZDT
[1352805228] SERVICE ALERT: localhost;Total Processes;WARNING;SOFT;1;PROCS WARNING: 342 processes with STATE = RSZDT
[1352805288] SERVICE ALERT: localhost;Total Processes;OK;SOFT;2;PROCS OK: 144 processes with STATE = RSZDT
[1352806015] Auto-save of retention data completed successfully.
[1352809615] Auto-save of retention data completed successfully.
[1352813215] Auto-save of retention data completed successfully.
[1352816388] SERVICE ALERT: localhost;Total Processes;WARNING;SOFT;1;PROCS WARNING: 340 processes with STATE = RSZDT
[1352816448] SERVICE ALERT: localhost;Total Processes;OK;SOFT;2;PROCS OK: 146 processes with STATE = RSZDT
[1352816815] Auto-save of retention data completed successfully.
[1352818248] SERVICE ALERT: localhost;Total Processes;WARNING;SOFT;1;PROCS WARNING: 344 processes with STATE = RSZDT
[1352818308] SERVICE ALERT: localhost;Total Processes;OK;SOFT;2;PROCS OK: 142 processes with STATE = RSZDT
[1352818788] SERVICE ALERT: nycnn-ipvx34;PING;CRITICAL;SOFT;1;PING CRITICAL - Packet loss = 100%
[1352818788] SERVICE ALERT: nycnn-ipvx34e1;PING;CRITICAL;SOFT;1;PING CRITICAL - Packet loss = 100%
[1352818828] HOST ALERT: nycnn-ipvx34;DOWN;SOFT;1;(Host Check Timed Out)
[1352818828] HOST ALERT: nycnn-ipvx34e1;DOWN;SOFT;1;(Host Check Timed Out)
[1352818848] SERVICE ALERT: nycnn-ipvx34;PING;CRITICAL;HARD;2;PING CRITICAL - Packet loss = 100%
[1352818848] SERVICE ALERT: nycnn-ipvx34e1;PING;CRITICAL;HARD;2;PING CRITICAL - Packet loss = 100%
[1352818898] HOST ALERT: nycnn-ipvx34;UP;SOFT;2;PING OK - Packet loss = 0%, RTA = 0.22 ms
[1352818898] HOST ALERT: nycnn-ipvx34e1;UP;SOFT;2;PING OK - Packet loss = 0%, RTA = 0.20 ms
[1352818898] SERVICE ALERT: nycnn-ipvx34;PING;OK;HARD;2;PING OK - Packet loss = 0%, RTA = 0.24 ms
[1352818898] SERVICE ALERT: nycnn-ipvx34e1;PING;OK;HARD;2;PING OK - Packet loss = 0%, RTA = 0.22 ms
[1352820108] SERVICE ALERT: localhost;Total Processes;WARNING;SOFT;1;PROCS WARNING: 342 processes with STATE = RSZDT
[1352820168] SERVICE ALERT: localhost;Total Processes;OK;SOFT;2;PROCS OK: 144 processes with STATE = RSZDT
[1352820415] Auto-save of retention data completed successfully.
[1352820648] SERVICE ALERT: nycnn-ipvx33;PING;CRITICAL;SOFT;1;PING CRITICAL - Packet loss = 100%
[1352820648] SERVICE ALERT: nycnn-ipvx33e1;PING;CRITICAL;SOFT;1;PING CRITICAL - Packet loss = 100%
[1352820688] HOST ALERT: nycnn-ipvx33;DOWN;SOFT;1;(Host Check Timed Out)
[1352820688] HOST ALERT: nycnn-ipvx33e1;DOWN;SOFT;1;(Host Check Timed Out)
[1352820708] SERVICE ALERT: nycnn-ipvx33;PING;CRITICAL;HARD;2;PING CRITICAL - Packet loss = 100%
[1352820708] SERVICE ALERT: nycnn-ipvx33e1;PING;CRITICAL;HARD;2;PING CRITICAL - Packet loss = 100%
[1352820768] SERVICE ALERT: nycnn-ipvx33e1;PING;OK;HARD;2;PING OK - Packet loss = 16%, RTA = 1.68 ms
[1352820768] SERVICE ALERT: nycnn-ipvx33;PING;OK;HARD;2;PING OK - Packet loss = 16%, RTA = 0.54 ms
[1352820768] HOST ALERT: nycnn-ipvx33;UP;SOFT;2;PING OK - Packet loss = 58%, RTA = 0.34 ms
[1352820768] HOST ALERT: nycnn-ipvx33e1;UP;SOFT;2;PING OK - Packet loss = 58%, RTA = 0.27 ms
[1352820828] SERVICE ALERT: nycnn-ipvx34;PING;CRITICAL;SOFT;1;PING CRITICAL - Packet loss = 100%
[1352820828] SERVICE ALERT: nycnn-ipvx34e1;PING;CRITICAL;SOFT;1;PING CRITICAL - Packet loss = 100%
[1352820858] HOST ALERT: nycnn-ipvx34;DOWN;SOFT;1;(Host Check Timed Out)
[1352820868] HOST ALERT: nycnn-ipvx34e1;DOWN;SOFT;1;(Host Check Timed Out)
[1352820888] SERVICE ALERT: nycnn-ipvx34;PING;CRITICAL;HARD;2;PING CRITICAL - Packet loss = 100%
[1352820888] SERVICE ALERT: nycnn-ipvx34e1;PING;CRITICAL;HARD;2;PING CRITICAL - Packet loss = 100%
[1352820938] HOST ALERT: nycnn-ipvx34;UP;SOFT;2;PING OK - Packet loss = 58%, RTA = 0.42 ms
[1352820938] HOST ALERT: nycnn-ipvx34e1;UP;SOFT;2;PING OK - Packet loss = 0%, RTA = 0.25 ms
[1352820938] SERVICE ALERT: nycnn-ipvx34;PING;OK;HARD;2;PING OK - Packet loss = 0%, RTA = 0.22 ms
[1352820938] SERVICE ALERT: nycnn-ipvx34e1;PING;OK;HARD;2;PING OK - Packet loss = 0%, RTA = 0.21 ms
[1352821968] SERVICE ALERT: localhost;Total Processes;WARNING;SOFT;1;PROCS WARNING: 348 processes with STATE = RSZDT
[1352821968] SERVICE ALERT: nycnn-ipvx33e1;PING;CRITICAL;SOFT;1;PING CRITICAL - Packet loss = 100%
[1352821968] SERVICE ALERT: nycnn-ipvx33;PING;CRITICAL;SOFT;1;PING CRITICAL - Packet loss = 100%
[1352821998] HOST ALERT: nycnn-ipvx33e1;DOWN;SOFT;1;(Host Check Timed Out)
[1352821998] HOST ALERT: nycnn-ipvx33;DOWN;SOFT;1;(Host Check Timed Out)
[1352822028] SERVICE ALERT: localhost;Total Processes;OK;SOFT;2;PROCS OK: 156 processes with STATE = RSZDT
[1352822028] SERVICE ALERT: nycnn-ipvx33e1;PING;CRITICAL;HARD;2;PING CRITICAL - Packet loss = 100%
[1352822028] SERVICE ALERT: nycnn-ipvx33;PING;CRITICAL;HARD;2;PING CRITICAL - Packet loss = 100%
[1352822038] HOST ALERT: nycnn-ipvx33;DOWN;SOFT;2;(Host Check Timed Out)
[1352822038] HOST ALERT: nycnn-ipvx33e1;DOWN;SOFT;2;(Host Check Timed Out)
[1352822078] SERVICE ALERT: nycnn-ipvx33e1;PING;OK;HARD;2;PING OK - Packet loss = 0%, RTA = 0.18 ms
[1352822078] SERVICE ALERT: nycnn-ipvx33;PING;OK;HARD;2;PING OK - Packet loss = 0%, RTA = 0.25 ms
[1352822088] HOST ALERT: nycnn-ipvx33e1;UP;SOFT;3;PING OK - Packet loss = 0%, RTA = 0.23 ms
[1352822088] HOST ALERT: nycnn-ipvx33;UP;SOFT;3;PING OK - Packet loss = 0%, RTA = 0.22 ms
[1352822268] SERVICE ALERT: nycnn-ipvx34;PING;CRITICAL;SOFT;1;PING CRITICAL - Packet loss = 100%
[1352822268] SERVICE ALERT: nycnn-ipvx34e1;PING;CRITICAL;SOFT;1;PING CRITICAL - Packet loss = 100%
[1352822308] HOST ALERT: nycnn-ipvx34;DOWN;SOFT;1;(Host Check Timed Out)
[1352822308] HOST ALERT: nycnn-ipvx34e1;DOWN;SOFT;1;(Host Check Timed Out)
[1352822328] SERVICE ALERT: nycnn-ipvx34;PING;CRITICAL;HARD;2;PING CRITICAL - Packet loss = 100%
[1352822328] SERVICE ALERT: nycnn-ipvx34e1;PING;CRITICAL;HARD;2;PING CRITICAL - Packet loss = 100%
[1352822378] HOST ALERT: nycnn-ipvx34;UP;SOFT;2;PING OK - Packet loss = 0%, RTA = 0.22 ms
[1352822378] HOST ALERT: nycnn-ipvx34e1;UP;SOFT;2;PING OK - Packet loss = 0%, RTA = 0.22 ms
[1352822378] SERVICE ALERT: nycnn-ipvx34;PING;OK;HARD;2;PING OK - Packet loss = 0%, RTA = 0.22 ms
[1352822378] SERVICE ALERT: nycnn-ipvx34e1;PING;OK;HARD;2;PING OK - Packet loss = 0%, RTA = 0.22 ms
[1352823828] SERVICE ALERT: localhost;Total Processes;WARNING;SOFT;1;PROCS WARNING: 342 processes with STATE = RSZDT
[1352823888] SERVICE ALERT: localhost;Total Processes;OK;SOFT;2;PROCS OK: 147 processes with STATE = RSZDT
[1352824015] Auto-save of retention data completed successfully.
[1352824428] SERVICE ALERT: nycnn-ipvx32;PING;CRITICAL;SOFT;1;PING CRITICAL - Packet loss = 100%
[1352824428] SERVICE ALERT: nycnn-ipvx32e1;PING;CRITICAL;SOFT;1;PING CRITICAL - Packet loss = 100%
[1352824458] HOST ALERT: nycnn-ipvx32;DOWN;SOFT;1;(Host Check Timed Out)
[1352824458] HOST ALERT: nycnn-ipvx32e1;DOWN;SOFT;1;(Host Check Timed Out)
[1352824488] SERVICE ALERT: nycnn-ipvx32;PING;CRITICAL;HARD;2;PING CRITICAL - Packet loss = 100%
[1352824488] SERVICE ALERT: nycnn-ipvx32e1;PING;CRITICAL;HARD;2;PING CRITICAL - Packet loss = 100%
[1352824528] HOST ALERT: nycnn-ipvx32;UP;SOFT;2;PING OK - Packet loss = 50%, RTA = 0.46 ms
[1352824528] HOST ALERT: nycnn-ipvx32e1;UP;SOFT;2;PING OK - Packet loss = 50%, RTA = 0.47 ms
[1352824538] SERVICE ALERT: nycnn-ipvx32;PING;OK;HARD;2;PING OK - Packet loss = 0%, RTA = 0.24 ms
[1352824538] SERVICE ALERT: nycnn-ipvx32e1;PING;OK;HARD;2;PING OK - Packet loss = 0%, RTA = 0.26 ms
[1352824788] SERVICE ALERT: nycnn-ipvx34;PING;CRITICAL;SOFT;1;PING CRITICAL - Packet loss = 100%
[1352824788] SERVICE ALERT: nycnn-ipvx34e1;PING;CRITICAL;SOFT;1;PING CRITICAL - Packet loss = 100%
[1352824828] HOST ALERT: nycnn-ipvx34;DOWN;SOFT;1;(Host Check Timed Out)
[1352824828] HOST ALERT: nycnn-ipvx34e1;DOWN;SOFT;1;(Host Check Timed Out)
[1352824848] SERVICE ALERT: nycnn-ipvx34;PING;CRITICAL;HARD;2;PING CRITICAL - Packet loss = 100%
[1352824848] SERVICE ALERT: nycnn-ipvx34e1;PING;CRITICAL;HARD;2;PING CRITICAL - Packet loss = 100%
[1352824888] HOST ALERT: nycnn-ipvx34;DOWN;SOFT;2;(Host Check Timed Out)
[1352824888] HOST ALERT: nycnn-ipvx34e1;DOWN;SOFT;2;(Host Check Timed Out)
[1352824958] HOST ALERT: nycnn-ipvx34;UP;SOFT;3;PING OK - Packet loss = 0%, RTA = 0.20 ms
[1352824958] HOST ALERT: nycnn-ipvx34e1;UP;SOFT;3;PING OK - Packet loss = 0%, RTA = 0.21 ms
[1352824958] SERVICE ALERT: nycnn-ipvx34;PING;OK;HARD;2;PING OK - Packet loss = 0%, RTA = 0.23 ms
[1352824958] SERVICE ALERT: nycnn-ipvx34e1;PING;OK;HARD;2;PING OK - Packet loss = 0%, RTA = 0.20 ms
[1352825688] SERVICE ALERT: localhost;Total Processes;WARNING;SOFT;1;PROCS WARNING: 342 processes with STATE = RSZDT
[1352825748] SERVICE ALERT: localhost;Total Processes;OK;SOFT;2;PROCS OK: 148 processes with STATE = RSZDT
[1352826048] SERVICE ALERT: nycnn-ipvx32;PING;CRITICAL;SOFT;1;PING CRITICAL - Packet loss = 100%
[1352826048] SERVICE ALERT: nycnn-ipvx32e1;PING;CRITICAL;SOFT;1;PING CRITICAL - Packet loss = 100%
[1352826078] HOST ALERT: nycnn-ipvx32;DOWN;SOFT;1;(Host Check Timed Out)
[1352826078] HOST ALERT: nycnn-ipvx32e1;DOWN;SOFT;1;(Host Check Timed Out)
[1352826108] SERVICE ALERT: nycnn-ipvx32;PING;CRITICAL;HARD;2;PING CRITICAL - Packet loss = 100%
[1352826108] SERVICE ALERT: nycnn-ipvx32e1;PING;CRITICAL;HARD;2;PING CRITICAL - Packet loss = 100%
[1352826158] HOST ALERT: nycnn-ipvx32e1;UP;SOFT;2;PING OK - Packet loss = 58%, RTA = 0.31 ms
[1352826158] HOST ALERT: nycnn-ipvx32;UP;SOFT;2;PING OK - Packet loss = 58%, RTA = 0.45 ms
[1352826158] SERVICE ALERT: nycnn-ipvx32;PING;OK;HARD;2;PING OK - Packet loss = 0%, RTA = 0.23 ms
[1352826158] SERVICE ALERT: nycnn-ipvx32e1;PING;OK;HARD;2;PING OK - Packet loss = 0%, RTA = 0.22 ms
[1352826828] SERVICE ALERT: nycnn-ipvx33e1;PING;CRITICAL;SOFT;1;PING CRITICAL - Packet loss = 100%
[1352826828] SERVICE ALERT: nycnn-ipvx33;PING;CRITICAL;SOFT;1;PING CRITICAL - Packet loss = 100%
[1352826858] HOST ALERT: nycnn-ipvx33e1;DOWN;SOFT;1;(Host Check Timed Out)
[1352826858] HOST ALERT: nycnn-ipvx33;DOWN;SOFT;1;(Host Check Timed Out)
[1352826888] SERVICE ALERT: nycnn-ipvx33e1;PING;CRITICAL;HARD;2;PING CRITICAL - Packet loss = 100%
[1352826888] SERVICE ALERT: nycnn-ipvx33;PING;CRITICAL;HARD;2;PING CRITICAL - Packet loss = 100%
[1352826928] HOST ALERT: nycnn-ipvx33e1;UP;SOFT;2;PING OK - Packet loss = 0%, RTA = 0.28 ms
[1352826928] HOST ALERT: nycnn-ipvx33;UP;SOFT;2;PING OK - Packet loss = 0%, RTA = 0.27 ms
[1352826938] SERVICE ALERT: nycnn-ipvx33e1;PING;OK;HARD;2;PING OK - Packet loss = 0%, RTA = 0.23 ms
[1352826938] SERVICE ALERT: nycnn-ipvx33;PING;OK;HARD;2;PING OK - Packet loss = 0%, RTA = 0.20 ms
[1352827548] SERVICE ALERT: localhost;Total Processes;WARNING;SOFT;1;PROCS WARNING: 361 processes with STATE = RSZDT
[1352827548] SERVICE ALERT: nycnn-ipvx31;PING;CRITICAL;SOFT;1;PING CRITICAL - Packet loss = 100%
[1352827548] SERVICE ALERT: nycnn-ipvx31e1;PING;CRITICAL;SOFT;1;PING CRITICAL - Packet loss = 100%
[1352827568] HOST ALERT: nycnn-ipvx31;DOWN;SOFT;1;(Host Check Timed Out)
[1352827568] HOST ALERT: nycnn-ipvx31e1;DOWN;SOFT;1;(Host Check Timed Out)
[1352827608] SERVICE ALERT: localhost;Total Processes;OK;SOFT;2;PROCS OK: 63 processes with STATE = RSZDT
[1352827608] SERVICE ALERT: nycnn-ipvx31;PING;CRITICAL;HARD;2;PING CRITICAL - Packet loss = 100%
[1352827608] SERVICE ALERT: nycnn-ipvx31e1;PING;CRITICAL;HARD;2;PING CRITICAL - Packet loss = 100%
[1352827615] Auto-save of retention data completed successfully.
[1352827648] HOST ALERT: nycnn-ipvx31;UP;SOFT;2;PING OK - Packet loss = 54%, RTA = 0.29 ms
[1352827648] HOST ALERT: nycnn-ipvx31e1;UP;SOFT;2;PING OK - Packet loss = 54%, RTA = 0.34 ms
[1352827658] SERVICE ALERT: nycnn-ipvx31;PING;OK;HARD;2;PING OK - Packet loss = 0%, RTA = 0.28 ms
[1352827658] SERVICE ALERT: nycnn-ipvx31e1;PING;OK;HARD;2;PING OK - Packet loss = 0%, RTA = 0.21 ms
[1352828748] SERVICE ALERT: nycnn-ipvx31;PING;CRITICAL;SOFT;1;PING CRITICAL - Packet loss = 100%
[1352828748] SERVICE ALERT: nycnn-ipvx31e1;PING;CRITICAL;SOFT;1;PING CRITICAL - Packet loss = 100%
[1352828788] HOST ALERT: nycnn-ipvx31;DOWN;SOFT;1;(Host Check Timed Out)
[1352828788] HOST ALERT: nycnn-ipvx31e1;DOWN;SOFT;1;(Host Check Timed Out)
[1352828808] SERVICE ALERT: nycnn-ipvx31;PING;CRITICAL;HARD;2;PING CRITICAL - Packet loss = 100%
[1352828808] SERVICE ALERT: nycnn-ipvx31e1;PING;CRITICAL;HARD;2;PING CRITICAL - Packet loss = 100%
[1352828858] HOST ALERT: nycnn-ipvx31;UP;SOFT;2;PING OK - Packet loss = 0%, RTA = 0.21 ms
[1352828858] HOST ALERT: nycnn-ipvx31e1;UP;SOFT;2;PING OK - Packet loss = 0%, RTA = 0.21 ms
[1352828858] SERVICE ALERT: nycnn-ipvx31;PING;OK;HARD;2;PING OK - Packet loss = 0%, RTA = 0.26 ms
[1352828858] SERVICE ALERT: nycnn-ipvx31e1;PING;OK;HARD;2;PING OK - Packet loss = 0%, RTA = 0.25 ms
[1352829408] SERVICE ALERT: localhost;Total Processes;WARNING;SOFT;1;PROCS WARNING: 348 processes with STATE = RSZDT
[1352829408] SERVICE ALERT: nycnn-ipvx30;PING;CRITICAL;SOFT;1;PING CRITICAL - Packet loss = 100%
[1352829408] SERVICE ALERT: nycnn-ipvx30e1;PING;CRITICAL;SOFT;1;PING CRITICAL - Packet loss = 100%
[1352829438] HOST ALERT: nycnn-ipvx30;DOWN;SOFT;1;(Host Check Timed Out)
[1352829438] HOST ALERT: nycnn-ipvx30e1;DOWN;SOFT;1;(Host Check Timed Out)
[1352829468] SERVICE ALERT: localhost;Total Processes;OK;SOFT;2;PROCS OK: 150 processes with STATE = RSZDT
[1352829468] SERVICE ALERT: nycnn-ipvx30;PING;CRITICAL;HARD;2;PING CRITICAL - Packet loss = 100%
[1352829468] SERVICE ALERT: nycnn-ipvx30e1;PING;CRITICAL;HARD;2;PING CRITICAL - Packet loss = 100%
[1352829498] HOST ALERT: nycnn-ipvx30e1;UP;SOFT;2;PING OK - Packet loss = 16%, RTA = 0.45 ms
[1352829498] HOST ALERT: nycnn-ipvx30;UP;SOFT;2;PING OK - Packet loss = 16%, RTA = 0.50 ms
[1352829518] SERVICE ALERT: nycnn-ipvx30;PING;OK;HARD;2;PING OK - Packet loss = 0%, RTA = 0.23 ms
[1352829518] SERVICE ALERT: nycnn-ipvx30e1;PING;OK;HARD;2;PING OK - Packet loss = 0%, RTA = 0.22 ms
[1352830608] SERVICE ALERT: nycnn-ipvx30;PING;CRITICAL;SOFT;1;PING CRITICAL - Packet loss = 100%
[1352830608] SERVICE ALERT: nycnn-ipvx30e1;PING;CRITICAL;SOFT;1;PING CRITICAL - Packet loss = 100%
[1352830648] HOST ALERT: nycnn-ipvx30;DOWN;SOFT;1;(Host Check Timed Out)
[1352830648] HOST ALERT: nycnn-ipvx30e1;DOWN;SOFT;1;(Host Check Timed Out)
[1352830668] SERVICE ALERT: nycnn-ipvx30;PING;CRITICAL;HARD;2;PING CRITICAL - Packet loss = 100%
[1352830668] SERVICE ALERT: nycnn-ipvx30e1;PING;CRITICAL;HARD;2;PING CRITICAL - Packet loss = 100%
[1352830718] HOST ALERT: nycnn-ipvx30;UP;SOFT;2;PING OK - Packet loss = 0%, RTA = 0.26 ms
[1352830718] HOST ALERT: nycnn-ipvx30e1;UP;SOFT;2;PING OK - Packet loss = 0%, RTA = 0.21 ms
[1352830718] SERVICE ALERT: nycnn-ipvx30;PING;OK;HARD;2;PING OK - Packet loss = 0%, RTA = 0.24 ms
[1352830718] SERVICE ALERT: nycnn-ipvx30e1;PING;OK;HARD;2;PING OK - Packet loss = 0%, RTA = 0.21 ms
[1352831215] Auto-save of retention data completed successfully.
[1352831268] SERVICE ALERT: localhost;Total Processes;WARNING;SOFT;1;PROCS WARNING: 342 processes with STATE = RSZDT
[1352831328] SERVICE ALERT: localhost;Total Processes;OK;SOFT;2;PROCS OK: 144 processes with STATE = RSZDT
[1352833128] SERVICE ALERT: localhost;Total Processes;WARNING;SOFT;1;PROCS WARNING: 341 processes with STATE = RSZDT
[1352833188] SERVICE ALERT: localhost;Total Processes;OK;SOFT;2;PROCS OK: 143 processes with STATE = RSZDT
[1352834815] Auto-save of retention data completed successfully.
[1352834988] SERVICE ALERT: localhost;Total Processes;WARNING;SOFT;1;PROCS WARNING: 342 processes with STATE = RSZDT
[1352835048] SERVICE ALERT: localhost;Total Processes;OK;SOFT;2;PROCS OK: 148 processes with STATE = RSZDT
[1352836848] SERVICE ALERT: localhost;Total Processes;WARNING;SOFT;1;PROCS WARNING: 346 processes with STATE = RSZDT
[1352836908] SERVICE ALERT: localhost;Total Processes;OK;SOFT;2;PROCS OK: 144 processes with STATE = RSZDT
[1352838415] Auto-save of retention data completed successfully.
[1352838708] SERVICE ALERT: localhost;Total Processes;WARNING;SOFT;1;PROCS WARNING: 340 processes with STATE = RSZDT
[1352838768] SERVICE ALERT: localhost;Total Processes;OK;SOFT;2;PROCS OK: 142 processes with STATE = RSZDT
[1352840568] SERVICE ALERT: localhost;Total Processes;WARNING;SOFT;1;PROCS WARNING: 340 processes with STATE = RSZDT
[1352840628] SERVICE ALERT: localhost;Total Processes;OK;SOFT;2;PROCS OK: 145 processes with STATE = RSZDT
[1352841228] SERVICE ALERT: omnmas1app-ny;PING;CRITICAL;SOFT;1;PING CRITICAL - Packet loss = 100%
[1352841288] SERVICE ALERT: omnmas1app-ny;PING;CRITICAL;SOFT;2;PING CRITICAL - Packet loss = 100%
[1352841348] SERVICE ALERT: omnmas1app-ny;PING;CRITICAL;HARD;3;PING CRITICAL - Packet loss = 100%
[1352841348] SERVICE NOTIFICATION: winadmin;omnmas1app-ny;PING;CRITICAL;notify-service-by-email;PING CRITICAL - Packet loss = 100%
[1352841348] SERVICE NOTIFICATION: unixadmin;omnmas1app-ny;PING;CRITICAL;notify-service-by-email;PING CRITICAL - Packet loss = 100%
[1352841348] SERVICE NOTIFICATION: feedsadmin;omnmas1app-ny;PING;CRITICAL;notify-service-by-email;PING CRITICAL - Packet loss = 100%
[1352841428] HOST ALERT: omnmas1app-ny;DOWN;SOFT;1;(Host Check Timed Out)
[1352841528] HOST ALERT: omnmas1app-ny;DOWN;SOFT;2;(Host Check Timed Out)
[1352841628] HOST ALERT: omnmas1app-ny;DOWN;SOFT;3;(Host Check Timed Out)
[1352841728] HOST ALERT: omnmas1app-ny;DOWN;SOFT;4;(Host Check Timed Out)
[1352841828] HOST ALERT: omnmas1app-ny;DOWN;SOFT;5;(Host Check Timed Out)
[1352841928] HOST ALERT: omnmas1app-ny;DOWN;SOFT;6;(Host Check Timed Out)
[1352842015] Auto-save of retention data completed successfully.
[1352842028] HOST ALERT: omnmas1app-ny;DOWN;SOFT;7;(Host Check Timed Out)
[1352842118] HOST ALERT: omnmas1app-ny;DOWN;SOFT;8;(Host Check Timed Out)
[1352842218] HOST ALERT: omnmas1app-ny;DOWN;SOFT;9;(Host Check Timed Out)
[1352842318] HOST ALERT: omnmas1app-ny;DOWN;HARD;10;(Host Check Timed Out)
[1352842318] HOST NOTIFICATION: winadmin;omnmas1app-ny;DOWN;notify-host-by-email;(Host Check Timed Out)
[1352842318] HOST NOTIFICATION: unixadmin;omnmas1app-ny;DOWN;notify-host-by-email;(Host Check Timed Out)
[1352842318] HOST NOTIFICATION: feedsadmin;omnmas1app-ny;DOWN;notify-host-by-email;(Host Check Timed Out)
[1352842428] SERVICE ALERT: localhost;Total Processes;WARNING;SOFT;1;PROCS WARNING: 339 processes with STATE = RSZDT
[1352842488] SERVICE ALERT: localhost;Total Processes;OK;SOFT;2;PROCS OK: 146 processes with STATE = RSZDT
[1352844168] HOST NOTIFICATION: winadmin;omnmas1app-ny;DOWN;notify-host-by-email;(Host Check Timed Out)
[1352844168] HOST NOTIFICATION: unixadmin;omnmas1app-ny;DOWN;notify-host-by-email;(Host Check Timed Out)
[1352844168] HOST NOTIFICATION: feedsadmin;omnmas1app-ny;DOWN;notify-host-by-email;(Host Check Timed Out)
[1352844288] SERVICE ALERT: localhost;Total Processes;WARNING;SOFT;1;PROCS WARNING: 343 processes with STATE = RSZDT
[1352844348] SERVICE ALERT: localhost;Total Processes;OK;SOFT;2;PROCS OK: 155 processes with STATE = RSZDT
[1352845178] SERVICE ALERT: omnmas1app-ny;PING;OK;HARD;3;PING OK - Packet loss = 0%, RTA = 0.21 ms
[1352845178] SERVICE NOTIFICATION: winadmin;omnmas1app-ny;PING;OK;notify-service-by-email;PING OK - Packet loss = 0%, RTA = 0.21 ms
[1352845178] SERVICE NOTIFICATION: unixadmin;omnmas1app-ny;PING;OK;notify-service-by-email;PING OK - Packet loss = 0%, RTA = 0.21 ms
[1352845178] SERVICE NOTIFICATION: feedsadmin;omnmas1app-ny;PING;OK;notify-service-by-email;PING OK - Packet loss = 0%, RTA = 0.21 ms
[1352845188] HOST ALERT: omnmas1app-ny;UP;HARD;1;PING OK - Packet loss = 0%, RTA = 0.23 ms
[1352845188] HOST NOTIFICATION: winadmin;omnmas1app-ny;UP;notify-host-by-email;PING OK - Packet loss = 0%, RTA = 0.23 ms
[1352845188] HOST NOTIFICATION: unixadmin;omnmas1app-ny;UP;notify-host-by-email;PING OK - Packet loss = 0%, RTA = 0.23 ms
[1352845188] HOST NOTIFICATION: feedsadmin;omnmas1app-ny;UP;notify-host-by-email;PING OK - Packet loss = 0%, RTA = 0.23 ms
[1352845615] Auto-save of retention data completed successfully.
[1352845918] SERVICE ALERT: omnmdir01e1-ny;PING;CRITICAL;SOFT;1;PING CRITICAL - Packet loss = 100%
[1352845918] SERVICE ALERT: omnmdir01-ny;PING;CRITICAL;SOFT;1;PING CRITICAL - Packet loss = 100%
[1352845958] HOST ALERT: omnmdir01e1-ny;DOWN;SOFT;1;(Host Check Timed Out)
[1352845958] HOST ALERT: omnmdir01-ny;DOWN;SOFT;1;(Host Check Timed Out)
[1352845968] SERVICE ALERT: omnmdir01e1-ny;PING;CRITICAL;HARD;2;PING CRITICAL - Packet loss = 100%
[1352845968] SERVICE ALERT: omnmdir01-ny;PING;CRITICAL;HARD;2;PING CRITICAL - Packet loss = 100%
[1352846028] HOST ALERT: omnmdir01-ny;UP;SOFT;2;PING OK - Packet loss = 0%, RTA = 0.47 ms
[1352846028] SERVICE ALERT: omnmdir01e1-ny;PING;OK;HARD;2;PING OK - Packet loss = 0%, RTA = 0.19 ms
[1352846028] SERVICE ALERT: omnmdir01-ny;PING;OK;HARD;2;PING OK - Packet loss = 0%, RTA = 0.19 ms
[1352846028] HOST ALERT: omnmdir01e1-ny;UP;SOFT;2;PING OK - Packet loss = 16%, RTA = 0.19 ms
[1352846148] SERVICE ALERT: localhost;Total Processes;WARNING;SOFT;1;PROCS WARNING: 345 processes with STATE = RSZDT
[1352846208] SERVICE ALERT: localhost;Total Processes;OK;SOFT;2;PROCS OK: 143 processes with STATE = RSZDT
[1352848008] SERVICE ALERT: localhost;Total Processes;WARNING;SOFT;1;PROCS WARNING: 341 processes with STATE = RSZDT
[1352848068] SERVICE ALERT: localhost;Total Processes;OK;SOFT;2;PROCS OK: 146 processes with STATE = RSZDT
[1352849215] Auto-save of retention data completed successfully.
[1352849868] SERVICE ALERT: localhost;Total Processes;WARNING;SOFT;1;PROCS WARNING: 341 processes with STATE = RSZDT
[1352849928] SERVICE ALERT: localhost;Total Processes;OK;SOFT;2;PROCS OK: 143 processes with STATE = RSZDT
[1352851728] SERVICE ALERT: localhost;Total Processes;WARNING;SOFT;1;PROCS WARNING: 340 processes with STATE = RSZDT
[1352851788] SERVICE ALERT: localhost;Total Processes;OK;SOFT;2;PROCS OK: 142 processes with STATE = RSZDT
[1352852815] Auto-save of retention data completed successfully.
[1352853588] SERVICE ALERT: localhost;Total Processes;WARNING;SOFT;1;PROCS WARNING: 340 processes with STATE = RSZDT
[1352853648] SERVICE ALERT: localhost;Total Processes;OK;SOFT;2;PROCS OK: 146 processes with STATE = RSZDT
[1352855448] SERVICE ALERT: localhost;Total Processes;WARNING;SOFT;1;PROCS WARNING: 346 processes with STATE = RSZDT
[1352855508] SERVICE ALERT: localhost;Total Processes;OK;SOFT;2;PROCS OK: 141 processes with STATE = RSZDT
[1352856415] Auto-save of retention data completed successfully.
[1352857308] SERVICE ALERT: localhost;Total Processes;WARNING;SOFT;1;PROCS WARNING: 340 processes with STATE = RSZDT
[1352857368] SERVICE ALERT: localhost;Total Processes;OK;SOFT;2;PROCS OK: 142 processes with STATE = RSZDT
[1352860015] Auto-save of retention data completed successfully.
[1352863615] Auto-save of retention data completed successfully.
[1352865768] SERVICE ALERT: localhost;Total Processes;WARNING;SOFT;1;PROCS WARNING: 279 processes with STATE = RSZDT
[1352865828] SERVICE ALERT: localhost;Total Processes;OK;SOFT;2;PROCS OK: 153 processes with STATE = RSZDT
[1352867215] Auto-save of retention data completed successfully.
[1352867628] SERVICE ALERT: localhost;Total Processes;WARNING;SOFT;1;PROCS WARNING: 278 processes with STATE = RSZDT
[1352867688] SERVICE ALERT: localhost;Total Processes;OK;SOFT;2;PROCS OK: 152 processes with STATE = RSZDT
