[1381723200] LOG ROTATION: DAILY
[1381723200] LOG VERSION: 2.0
[1381723200] CURRENT HOST STATE: deimos;UP;HARD;1;PING OK - Packet loss = 0%, RTA = 0.17 ms
[1381723200] CURRENT HOST STATE: localhost;UP;HARD;1;PING OK - Packet loss = 0%, RTA = 0.03 ms
[1381723200] CURRENT HOST STATE: msny;UP;HARD;1;PING OK - Packet loss = 0%, RTA = 0.23 ms
[1381723200] CURRENT HOST STATE: nyarxlator1;UP;HARD;1;PING OK - Packet loss = 0%, RTA = 0.27 ms
[1381723200] CURRENT HOST STATE: nyarxlator2;UP;HARD;1;PING OK - Packet loss = 0%, RTA = 0.27 ms
[1381723200] CURRENT HOST STATE: nyarxlator3;UP;HARD;1;PING OK - Packet loss = 0%, RTA = 0.26 ms
[1381723200] CURRENT HOST STATE: nyarxlator4;UP;HARD;1;PING OK - Packet loss = 0%, RTA = 0.26 ms
[1381723200] CURRENT HOST STATE: nycnn-adbeame1;UP;HARD;1;PING OK - Packet loss = 0%, RTA = 0.31 ms
[1381723200] CURRENT HOST STATE: nycnn-adbeame10;UP;HARD;1;PING OK - Packet loss = 0%, RTA = 0.28 ms
[1381723200] CURRENT HOST STATE: nycnn-adbeame2;UP;HARD;1;PING OK - Packet loss = 0%, RTA = 0.34 ms
[1381723200] CURRENT HOST STATE: nycnn-adbeame3;UP;HARD;1;PING OK - Packet loss = 0%, RTA = 0.39 ms
[1381723200] CURRENT HOST STATE: nycnn-adbeame4;UP;HARD;1;PING OK - Packet loss = 0%, RTA = 0.34 ms
[1381723200] CURRENT HOST STATE: nycnn-adbeame5;UP;HARD;1;PING OK - Packet loss = 0%, RTA = 0.32 ms
[1381723200] CURRENT HOST STATE: nycnn-adbeame6;UP;HARD;1;PING OK - Packet loss = 0%, RTA = 0.33 ms
[1381723200] CURRENT HOST STATE: nycnn-adbeame7;UP;HARD;1;PING OK - Packet loss = 0%, RTA = 0.34 ms
[1381723200] CURRENT HOST STATE: nycnn-adbeame8;UP;HARD;1;PING OK - Packet loss = 0%, RTA = 0.33 ms
[1381723200] CURRENT HOST STATE: nycnn-adbeame9;UP;HARD;1;PING OK - Packet loss = 0%, RTA = 0.27 ms
[1381723200] CURRENT HOST STATE: nycnn-adbectrl1;UP;HARD;1;PING OK - Packet loss = 0%, RTA = 0.24 ms
[1381723200] CURRENT HOST STATE: nycnn-adbectrl2;UP;HARD;1;PING OK - Packet loss = 0%, RTA = 0.27 ms
[1381723200] CURRENT HOST STATE: nycnn-arapp1;UP;HARD;1;PING OK - Packet loss = 0%, RTA = 0.26 ms
[1381723200] CURRENT HOST STATE: nycnn-arapp2;UP;HARD;1;PING OK - Packet loss = 0%, RTA = 0.25 ms
[1381723200] CURRENT HOST STATE: nycnn-ardb1;UP;HARD;1;PING OK - Packet loss = 0%, RTA = 0.67 ms
[1381723200] CURRENT HOST STATE: nycnn-ardb2;UP;HARD;1;PING OK - Packet loss = 0%, RTA = 0.25 ms
[1381723200] CURRENT HOST STATE: nycnn-arvtrmops;UP;HARD;1;PING OK - Packet loss = 0%, RTA = 0.37 ms
[1381723200] CURRENT HOST STATE: nycnn-arvtrtape;UP;HARD;1;PING OK - Packet loss = 0%, RTA = 0.29 ms
[1381723200] CURRENT HOST STATE: nycnn-arxlator1;UP;HARD;1;PING OK - Packet loss = 0%, RTA = 0.20 ms
[1381723200] CURRENT HOST STATE: nycnn-arxlator2;UP;HARD;1;PING OK - Packet loss = 0%, RTA = 0.28 ms
[1381723200] CURRENT HOST STATE: nycnn-arxlator3;UP;HARD;1;PING OK - Packet loss = 0%, RTA = 0.32 ms
[1381723200] CURRENT HOST STATE: nycnn-arxlator4;UP;HARD;1;PING OK - Packet loss = 0%, RTA = 0.25 ms
[1381723200] CURRENT HOST STATE: nycnn-editxfer-switch;UP;HARD;1;PING OK - Packet loss = 0%, RTA = 0.30 ms
[1381723200] CURRENT HOST STATE: nycnn-editxfer3;UP;HARD;1;PING OK - Packet loss = 0%, RTA = 0.12 ms
[1381723200] CURRENT HOST STATE: nycnn-editxfer4;UP;HARD;1;PING OK - Packet loss = 0%, RTA = 0.13 ms
[1381723200] CURRENT HOST STATE: nycnn-gridpushpull1;UP;HARD;1;PING OK - Packet loss = 0%, RTA = 0.26 ms
[1381723200] CURRENT HOST STATE: nycnn-gridpushpull2;UP;HARD;1;PING OK - Packet loss = 0%, RTA = 0.22 ms
[1381723200] CURRENT HOST STATE: nycnn-ipvapilic;UP;HARD;1;PING OK - Packet loss = 0%, RTA = 0.19 ms
[1381723200] CURRENT HOST STATE: nycnn-ipvproxy1;UP;HARD;1;PING OK - Packet loss = 0%, RTA = 0.28 ms
[1381723200] CURRENT HOST STATE: nycnn-ipvproxy2;UP;HARD;1;PING OK - Packet loss = 0%, RTA = 0.24 ms
[1381723200] CURRENT HOST STATE: nycnn-ipvsphn1;UP;HARD;1;PING OK - Packet loss = 0%, RTA = 0.25 ms
[1381723200] CURRENT HOST STATE: nycnn-ipvsphn2;UP;HARD;1;PING OK - Packet loss = 0%, RTA = 0.21 ms
[1381723200] CURRENT HOST STATE: nycnn-ipvsphn3;UP;HARD;1;PING OK - Packet loss = 0%, RTA = 0.19 ms
[1381723200] CURRENT HOST STATE: nycnn-ipvsphn4;UP;HARD;1;PING OK - Packet loss = 0%, RTA = 0.18 ms
[1381723200] CURRENT HOST STATE: nycnn-ipvsphn5;UP;HARD;1;PING OK - Packet loss = 0%, RTA = 0.20 ms
[1381723200] CURRENT HOST STATE: nycnn-ipvstrm1;UP;HARD;1;PING OK - Packet loss = 0%, RTA = 0.23 ms
[1381723200] CURRENT HOST STATE: nycnn-ipvstrm2;UP;HARD;1;PING OK - Packet loss = 0%, RTA = 0.22 ms
[1381723200] CURRENT HOST STATE: nycnn-ipvstrm3;UP;HARD;1;PING OK - Packet loss = 0%, RTA = 0.21 ms
[1381723200] CURRENT HOST STATE: nycnn-ipvstrm4;UP;HARD;1;PING OK - Packet loss = 0%, RTA = 0.25 ms
[1381723200] CURRENT HOST STATE: nycnn-ipvx1;UP;HARD;1;PING OK - Packet loss = 0%, RTA = 0.20 ms
[1381723200] CURRENT HOST STATE: nycnn-ipvx10;UP;HARD;1;PING OK - Packet loss = 0%, RTA = 0.20 ms
[1381723200] CURRENT HOST STATE: nycnn-ipvx10e1;UP;HARD;1;PING OK - Packet loss = 0%, RTA = 0.24 ms
[1381723200] CURRENT HOST STATE: nycnn-ipvx11;UP;HARD;1;PING OK - Packet loss = 0%, RTA = 0.17 ms
[1381723200] CURRENT HOST STATE: nycnn-ipvx11e1;UP;HARD;1;PING OK - Packet loss = 0%, RTA = 0.17 ms
[1381723200] CURRENT HOST STATE: nycnn-ipvx12;UP;HARD;1;PING OK - Packet loss = 0%, RTA = 0.19 ms
[1381723200] CURRENT HOST STATE: nycnn-ipvx12e1;UP;HARD;1;PING OK - Packet loss = 0%, RTA = 0.20 ms
[1381723200] CURRENT HOST STATE: nycnn-ipvx13;UP;HARD;1;PING OK - Packet loss = 0%, RTA = 0.19 ms
[1381723200] CURRENT HOST STATE: nycnn-ipvx13e1;UP;HARD;1;PING OK - Packet loss = 0%, RTA = 0.20 ms
[1381723200] CURRENT HOST STATE: nycnn-ipvx14;UP;HARD;1;PING OK - Packet loss = 0%, RTA = 0.26 ms
[1381723200] CURRENT HOST STATE: nycnn-ipvx14e1;UP;HARD;1;PING OK - Packet loss = 0%, RTA = 0.22 ms
[1381723200] CURRENT HOST STATE: nycnn-ipvx15;UP;HARD;1;PING OK - Packet loss = 0%, RTA = 0.38 ms
[1381723200] CURRENT HOST STATE: nycnn-ipvx15e1;UP;HARD;1;PING OK - Packet loss = 0%, RTA = 0.18 ms
[1381723200] CURRENT HOST STATE: nycnn-ipvx16;UP;HARD;1;PING OK - Packet loss = 0%, RTA = 0.18 ms
[1381723200] CURRENT HOST STATE: nycnn-ipvx16e1;UP;HARD;1;PING OK - Packet loss = 0%, RTA = 0.19 ms
[1381723200] CURRENT HOST STATE: nycnn-ipvx17;UP;HARD;1;PING OK - Packet loss = 0%, RTA = 0.40 ms
[1381723200] CURRENT HOST STATE: nycnn-ipvx17e1;UP;HARD;1;PING OK - Packet loss = 0%, RTA = 0.19 ms
[1381723200] CURRENT HOST STATE: nycnn-ipvx18;UP;HARD;1;PING OK - Packet loss = 0%, RTA = 0.17 ms
[1381723200] CURRENT HOST STATE: nycnn-ipvx18e1;UP;HARD;1;PING OK - Packet loss = 0%, RTA = 0.23 ms
[1381723200] CURRENT HOST STATE: nycnn-ipvx19;UP;HARD;1;PING OK - Packet loss = 0%, RTA = 0.18 ms
[1381723200] CURRENT HOST STATE: nycnn-ipvx19e1;UP;HARD;1;PING OK - Packet loss = 0%, RTA = 0.20 ms
[1381723200] CURRENT HOST STATE: nycnn-ipvx1e1;UP;HARD;1;PING OK - Packet loss = 0%, RTA = 0.19 ms
[1381723200] CURRENT HOST STATE: nycnn-ipvx2;UP;HARD;1;PING OK - Packet loss = 0%, RTA = 0.20 ms
[1381723200] CURRENT HOST STATE: nycnn-ipvx20;UP;HARD;1;PING OK - Packet loss = 0%, RTA = 0.19 ms
[1381723200] CURRENT HOST STATE: nycnn-ipvx20e1;UP;HARD;1;PING OK - Packet loss = 0%, RTA = 0.18 ms
[1381723200] CURRENT HOST STATE: nycnn-ipvx21;UP;HARD;1;PING OK - Packet loss = 0%, RTA = 0.20 ms
[1381723200] CURRENT HOST STATE: nycnn-ipvx21e1;UP;HARD;1;PING OK - Packet loss = 0%, RTA = 0.23 ms
[1381723200] CURRENT HOST STATE: nycnn-ipvx22;UP;HARD;1;PING OK - Packet loss = 0%, RTA = 0.16 ms
[1381723200] CURRENT HOST STATE: nycnn-ipvx22e1;UP;HARD;1;PING OK - Packet loss = 0%, RTA = 0.16 ms
[1381723200] CURRENT HOST STATE: nycnn-ipvx23;UP;HARD;1;PING OK - Packet loss = 0%, RTA = 0.17 ms
[1381723200] CURRENT HOST STATE: nycnn-ipvx23e1;UP;HARD;1;PING OK - Packet loss = 0%, RTA = 0.21 ms
[1381723200] CURRENT HOST STATE: nycnn-ipvx24;UP;HARD;1;PING OK - Packet loss = 0%, RTA = 0.20 ms
[1381723200] CURRENT HOST STATE: nycnn-ipvx24e1;UP;HARD;1;PING OK - Packet loss = 0%, RTA = 0.19 ms
[1381723200] CURRENT HOST STATE: nycnn-ipvx25;UP;HARD;1;PING OK - Packet loss = 0%, RTA = 0.22 ms
[1381723200] CURRENT HOST STATE: nycnn-ipvx25e1;UP;HARD;1;PING OK - Packet loss = 0%, RTA = 0.21 ms
[1381723200] CURRENT HOST STATE: nycnn-ipvx26;UP;HARD;1;PING OK - Packet loss = 0%, RTA = 0.18 ms
[1381723200] CURRENT HOST STATE: nycnn-ipvx26e1;UP;HARD;1;PING OK - Packet loss = 0%, RTA = 0.18 ms
[1381723200] CURRENT HOST STATE: nycnn-ipvx27;UP;HARD;1;PING OK - Packet loss = 0%, RTA = 0.19 ms
[1381723200] CURRENT HOST STATE: nycnn-ipvx27e1;UP;HARD;1;PING OK - Packet loss = 0%, RTA = 0.18 ms
[1381723200] CURRENT HOST STATE: nycnn-ipvx28;UP;HARD;1;PING OK - Packet loss = 0%, RTA = 0.23 ms
[1381723200] CURRENT HOST STATE: nycnn-ipvx28e1;UP;HARD;1;PING OK - Packet loss = 0%, RTA = 0.21 ms
[1381723200] CURRENT HOST STATE: nycnn-ipvx29;UP;HARD;1;PING OK - Packet loss = 0%, RTA = 0.21 ms
[1381723200] CURRENT HOST STATE: nycnn-ipvx29e1;UP;HARD;1;PING OK - Packet loss = 0%, RTA = 0.18 ms
[1381723200] CURRENT HOST STATE: nycnn-ipvx2e1;UP;HARD;1;PING OK - Packet loss = 0%, RTA = 0.21 ms
[1381723200] CURRENT HOST STATE: nycnn-ipvx3;UP;HARD;1;PING OK - Packet loss = 0%, RTA = 0.22 ms
[1381723200] CURRENT HOST STATE: nycnn-ipvx30;UP;HARD;1;PING OK - Packet loss = 0%, RTA = 0.20 ms
[1381723200] CURRENT HOST STATE: nycnn-ipvx30e1;UP;HARD;1;PING OK - Packet loss = 0%, RTA = 0.18 ms
[1381723200] CURRENT HOST STATE: nycnn-ipvx31;UP;HARD;1;PING OK - Packet loss = 0%, RTA = 0.33 ms
[1381723200] CURRENT HOST STATE: nycnn-ipvx31e1;UP;HARD;1;PING OK - Packet loss = 0%, RTA = 0.21 ms
[1381723200] CURRENT HOST STATE: nycnn-ipvx32;UP;HARD;1;PING OK - Packet loss = 0%, RTA = 0.23 ms
[1381723200] CURRENT HOST STATE: nycnn-ipvx32e1;UP;HARD;1;PING OK - Packet loss = 0%, RTA = 0.21 ms
[1381723200] CURRENT HOST STATE: nycnn-ipvx33;UP;HARD;1;PING OK - Packet loss = 0%, RTA = 0.22 ms
[1381723200] CURRENT HOST STATE: nycnn-ipvx33e1;UP;HARD;1;PING OK - Packet loss = 0%, RTA = 0.21 ms
[1381723200] CURRENT HOST STATE: nycnn-ipvx34;UP;HARD;1;PING OK - Packet loss = 0%, RTA = 0.24 ms
[1381723200] CURRENT HOST STATE: nycnn-ipvx34e1;UP;HARD;1;PING OK - Packet loss = 0%, RTA = 0.20 ms
[1381723200] CURRENT HOST STATE: nycnn-ipvx35;UP;HARD;1;PING OK - Packet loss = 0%, RTA = 0.24 ms
[1381723200] CURRENT HOST STATE: nycnn-ipvx35e1;UP;HARD;1;PING OK - Packet loss = 0%, RTA = 0.18 ms
[1381723200] CURRENT HOST STATE: nycnn-ipvx3e1;UP;HARD;1;PING OK - Packet loss = 0%, RTA = 0.18 ms
[1381723200] CURRENT HOST STATE: nycnn-ipvx4;UP;HARD;1;PING OK - Packet loss = 0%, RTA = 0.22 ms
[1381723200] CURRENT HOST STATE: nycnn-ipvx4e1;UP;HARD;1;PING OK - Packet loss = 0%, RTA = 0.26 ms
[1381723200] CURRENT HOST STATE: nycnn-ipvx5;UP;HARD;1;PING OK - Packet loss = 0%, RTA = 0.22 ms
[1381723200] CURRENT HOST STATE: nycnn-ipvx5e1;UP;HARD;1;PING OK - Packet loss = 0%, RTA = 0.20 ms
[1381723200] CURRENT HOST STATE: nycnn-ipvx6;UP;HARD;1;PING OK - Packet loss = 0%, RTA = 0.20 ms
[1381723200] CURRENT HOST STATE: nycnn-ipvx6e1;UP;HARD;1;PING OK - Packet loss = 0%, RTA = 0.22 ms
[1381723200] CURRENT HOST STATE: nycnn-ipvx7;UP;HARD;1;PING OK - Packet loss = 0%, RTA = 0.23 ms
[1381723200] CURRENT HOST STATE: nycnn-ipvx7e1;UP;HARD;1;PING OK - Packet loss = 0%, RTA = 0.19 ms
[1381723200] CURRENT HOST STATE: nycnn-ipvx8;UP;HARD;1;PING OK - Packet loss = 0%, RTA = 0.21 ms
[1381723200] CURRENT HOST STATE: nycnn-ipvx8e1;UP;HARD;1;PING OK - Packet loss = 0%, RTA = 0.23 ms
[1381723200] CURRENT HOST STATE: nycnn-ipvx9;UP;HARD;1;PING OK - Packet loss = 0%, RTA = 0.21 ms
[1381723200] CURRENT HOST STATE: nycnn-ipvx9e1;UP;HARD;1;PING OK - Packet loss = 0%, RTA = 0.20 ms
[1381723200] CURRENT HOST STATE: nycnn-kickstart;UP;HARD;1;PING OK - Packet loss = 0%, RTA = 0.24 ms
[1381723200] CURRENT HOST STATE: nycnn-mamdb1;UP;HARD;1;PING OK - Packet loss = 0%, RTA = 0.22 ms
[1381723200] CURRENT HOST STATE: nycnn-mamdb2;UP;HARD;1;PING OK - Packet loss = 0%, RTA = 0.20 ms
[1381723200] CURRENT HOST STATE: nycnn-mamfog;UP;HARD;1;PING OK - Packet loss = 0%, RTA = 0.13 ms
[1381723200] CURRENT HOST STATE: nycnn-mamkey1;UP;HARD;1;PING OK - Packet loss = 0%, RTA = 0.20 ms
[1381723200] CURRENT HOST STATE: nycnn-mamkey2;UP;HARD;1;PING OK - Packet loss = 0%, RTA = 0.20 ms
[1381723200] CURRENT HOST STATE: nycnn-mammq1;UP;HARD;1;PING OK - Packet loss = 0%, RTA = 0.17 ms
[1381723200] CURRENT HOST STATE: nycnn-mammq2;UP;HARD;1;PING OK - Packet loss = 0%, RTA = 0.22 ms
[1381723200] CURRENT HOST STATE: nycnn-ms2app3;UP;HARD;1;PING OK - Packet loss = 0%, RTA = 0.20 ms
[1381723200] CURRENT HOST STATE: nycnn-ms2app4;UP;HARD;1;PING OK - Packet loss = 0%, RTA = 0.18 ms
[1381723200] CURRENT HOST STATE: nycnn-ms2db1;UP;HARD;1;PING OK - Packet loss = 0%, RTA = 0.20 ms
[1381723200] CURRENT HOST STATE: nycnn-ms2db2;UP;HARD;1;PING OK - Packet loss = 0%, RTA = 0.20 ms
[1381723200] CURRENT HOST STATE: nycnn-ms2db3;UP;HARD;1;PING OK - Packet loss = 0%, RTA = 0.20 ms
[1381723200] CURRENT HOST STATE: nycnn-ms2fsd;UP;HARD;1;PING OK - Packet loss = 0%, RTA = 0.24 ms
[1381723200] CURRENT HOST STATE: nycnn-ms2fsd1;UP;HARD;1;PING OK - Packet loss = 0%, RTA = 0.23 ms
[1381723200] CURRENT HOST STATE: nycnn-ms2fsd2;UP;HARD;1;PING OK - Packet loss = 0%, RTA = 0.12 ms
[1381723200] CURRENT HOST STATE: nycnn-ms2stills1;UP;HARD;1;PING OK - Packet loss = 0%, RTA = 0.46 ms
[1381723200] CURRENT HOST STATE: nycnn-ms2stills2;UP;HARD;1;PING OK - Packet loss = 0%, RTA = 0.45 ms
[1381723200] CURRENT HOST STATE: nycnn-nag1;UP;HARD;1;PING OK - Packet loss = 0%, RTA = 0.26 ms
[1381723200] CURRENT HOST STATE: nycnn-nag2;UP;HARD;1;PING OK - Packet loss = 0%, RTA = 0.25 ms
[1381723200] CURRENT HOST STATE: nycnn-nag4;UP;HARD;1;PING OK - Packet loss = 0%, RTA = 0.23 ms
[1381723200] CURRENT HOST STATE: nycnn-splunk;UP;HARD;1;PING OK - Packet loss = 0%, RTA = 0.22 ms
[1381723200] CURRENT HOST STATE: nyhdscheduler;UP;HARD;1;PING OK - Packet loss = 0%, RTA = 0.28 ms
[1381723200] CURRENT HOST STATE: nymamkey;UP;HARD;1;PING OK - Packet loss = 0%, RTA = 0.22 ms
[1381723200] CURRENT HOST STATE: nymq;UP;HARD;1;PING OK - Packet loss = 0%, RTA = 0.23 ms
[1381723200] CURRENT HOST STATE: nyproxygenhd;UP;HARD;1;PING OK - Packet loss = 0%, RTA = 0.25 ms
[1381723200] CURRENT HOST STATE: nyvideodrop;UP;HARD;1;PING OK - Packet loss = 0%, RTA = 0.24 ms
[1381723200] CURRENT HOST STATE: omnclda01-ny;UP;HARD;1;PING OK - Packet loss = 0%, RTA = 0.21 ms
[1381723200] CURRENT HOST STATE: omnclda01e1-ny;UP;HARD;1;PING OK - Packet loss = 0%, RTA = 0.28 ms
[1381723200] CURRENT HOST STATE: omnclda02-ny;UP;HARD;1;PING OK - Packet loss = 0%, RTA = 0.26 ms
[1381723200] CURRENT HOST STATE: omnclda02e1-ny;UP;HARD;1;PING OK - Packet loss = 0%, RTA = 0.22 ms
[1381723200] CURRENT HOST STATE: omnclda03-ny;UP;HARD;1;PING OK - Packet loss = 0%, RTA = 0.21 ms
[1381723200] CURRENT HOST STATE: omnclda03e1-ny;UP;HARD;1;PING OK - Packet loss = 0%, RTA = 0.24 ms
[1381723200] CURRENT HOST STATE: omnhbcba01-ny;UP;HARD;1;PING OK - Packet loss = 0%, RTA = 0.28 ms
[1381723200] CURRENT HOST STATE: omnhbcba02-ny;UP;HARD;1;PING OK - Packet loss = 0%, RTA = 0.20 ms
[1381723200] CURRENT HOST STATE: omnhbcba03-ny;UP;HARD;1;PING OK - Packet loss = 0%, RTA = 0.27 ms
[1381723200] CURRENT HOST STATE: omnhbcba04-ny;UP;HARD;1;PING OK - Packet loss = 0%, RTA = 0.22 ms
[1381723200] CURRENT HOST STATE: omnhbcba05-ny;UP;HARD;1;PING OK - Packet loss = 0%, RTA = 0.19 ms
[1381723200] CURRENT HOST STATE: omnhbcba06-ny;UP;HARD;1;PING OK - Packet loss = 0%, RTA = 0.29 ms
[1381723200] CURRENT HOST STATE: omnhbcba07-ny;UP;HARD;1;PING OK - Packet loss = 0%, RTA = 0.27 ms
[1381723200] CURRENT HOST STATE: omnhbcba08-ny;UP;HARD;1;PING OK - Packet loss = 0%, RTA = 0.29 ms
[1381723200] CURRENT HOST STATE: omnhbcba09-ny;UP;HARD;1;PING OK - Packet loss = 0%, RTA = 0.29 ms
[1381723200] CURRENT HOST STATE: omnhbcba10-ny;UP;HARD;1;PING OK - Packet loss = 0%, RTA = 0.20 ms
[1381723200] CURRENT HOST STATE: omnhbcba11-ny;UP;HARD;1;PING OK - Packet loss = 0%, RTA = 0.28 ms
[1381723200] CURRENT HOST STATE: omnhbcba12-ny;UP;HARD;1;PING OK - Packet loss = 0%, RTA = 0.26 ms
[1381723200] CURRENT HOST STATE: omnldap1-ny;UP;HARD;1;PING OK - Packet loss = 0%, RTA = 0.31 ms
[1381723200] CURRENT HOST STATE: omnldap2-ny;UP;HARD;1;PING OK - Packet loss = 0%, RTA = 0.28 ms
[1381723200] CURRENT HOST STATE: omnmas1app-ny;UP;HARD;1;PING OK - Packet loss = 0%, RTA = 0.21 ms
[1381723200] CURRENT HOST STATE: omnmas1app1-ny;UP;HARD;1;PING OK - Packet loss = 0%, RTA = 0.20 ms
[1381723200] CURRENT HOST STATE: omnmas1app2-ny;UP;HARD;1;PING OK - Packet loss = 0%, RTA = 0.19 ms
[1381723200] CURRENT HOST STATE: omnmas1db-ny;UP;HARD;1;PING OK - Packet loss = 0%, RTA = 0.26 ms
[1381723200] CURRENT HOST STATE: omnmas1db1-ny;UP;HARD;1;PING OK - Packet loss = 0%, RTA = 0.19 ms
[1381723200] CURRENT HOST STATE: omnmas1db2-ny;UP;HARD;1;PING OK - Packet loss = 0%, RTA = 0.30 ms
[1381723200] CURRENT HOST STATE: omnmas2app-ny;DOWN;HARD;1;(Host Check Timed Out)
[1381723200] CURRENT HOST STATE: omnmas2app1-ny;UP;HARD;1;PING OK - Packet loss = 0%, RTA = 0.31 ms
[1381723200] CURRENT HOST STATE: omnmas2app2-ny;UP;HARD;1;PING OK - Packet loss = 0%, RTA = 0.30 ms
[1381723200] CURRENT HOST STATE: omnmas2db-ny;UP;HARD;1;PING OK - Packet loss = 0%, RTA = 0.25 ms
[1381723200] CURRENT HOST STATE: omnmas2db1-ny;UP;HARD;1;PING OK - Packet loss = 0%, RTA = 0.27 ms
[1381723200] CURRENT HOST STATE: omnmas2db2-ny;UP;HARD;1;PING OK - Packet loss = 0%, RTA = 0.31 ms
[1381723200] CURRENT HOST STATE: omnmdir01-ny;UP;HARD;1;PING OK - Packet loss = 0%, RTA = 0.18 ms
[1381723200] CURRENT HOST STATE: omnmdir01e1-ny;UP;HARD;1;PING OK - Packet loss = 0%, RTA = 0.19 ms
[1381723200] CURRENT HOST STATE: omnmdir02-ny;UP;HARD;1;PING OK - Packet loss = 0%, RTA = 0.20 ms
[1381723200] CURRENT HOST STATE: omnmdir02e1-ny;UP;HARD;1;PING OK - Packet loss = 0%, RTA = 0.19 ms
[1381723200] CURRENT HOST STATE: omnmdir03-ny;UP;HARD;1;PING OK - Packet loss = 0%, RTA = 0.20 ms
[1381723200] CURRENT HOST STATE: omnmdir03e1-ny;UP;HARD;1;PING OK - Packet loss = 0%, RTA = 0.19 ms
[1381723200] CURRENT HOST STATE: omnmdir04-ny;UP;HARD;1;PING OK - Packet loss = 0%, RTA = 0.23 ms
[1381723200] CURRENT HOST STATE: omnmdir04e1-ny;UP;HARD;1;PING OK - Packet loss = 0%, RTA = 0.17 ms
[1381723200] CURRENT HOST STATE: omnmdk01-ny;UP;HARD;1;PING OK - Packet loss = 0%, RTA = 0.44 ms
[1381723200] CURRENT HOST STATE: omnmdk01h0-ny;UP;HARD;1;PING OK - Packet loss = 0%, RTA = 0.48 ms
[1381723200] CURRENT HOST STATE: omnmdk02-ny;UP;HARD;1;PING OK - Packet loss = 0%, RTA = 0.43 ms
[1381723200] CURRENT HOST STATE: omnmdk02h0-ny;UP;HARD;1;PING OK - Packet loss = 0%, RTA = 0.45 ms
[1381723200] CURRENT HOST STATE: omnmdk03-ny;UP;HARD;1;PING OK - Packet loss = 0%, RTA = 0.43 ms
[1381723200] CURRENT HOST STATE: omnmdk03h0-ny;UP;HARD;1;PING OK - Packet loss = 0%, RTA = 0.47 ms
[1381723200] CURRENT HOST STATE: omnmdk04-ny;UP;HARD;1;PING OK - Packet loss = 0%, RTA = 0.45 ms
[1381723200] CURRENT HOST STATE: omnmdk04h0-ny;UP;HARD;1;PING OK - Packet loss = 0%, RTA = 0.47 ms
[1381723200] CURRENT HOST STATE: omnmdk05-ny;UP;HARD;1;PING OK - Packet loss = 0%, RTA = 0.44 ms
[1381723200] CURRENT HOST STATE: omnmdk05h0-ny;UP;HARD;1;PING OK - Packet loss = 0%, RTA = 0.49 ms
[1381723200] CURRENT HOST STATE: omnmdk06-ny;UP;HARD;1;PING OK - Packet loss = 0%, RTA = 0.44 ms
[1381723200] CURRENT HOST STATE: omnmdk06h0-ny;UP;HARD;1;PING OK - Packet loss = 0%, RTA = 0.42 ms
[1381723200] CURRENT HOST STATE: omnmdk07-ny;UP;HARD;1;PING OK - Packet loss = 0%, RTA = 0.46 ms
[1381723200] CURRENT HOST STATE: omnmdk07h0-ny;UP;HARD;1;PING OK - Packet loss = 0%, RTA = 0.48 ms
[1381723200] CURRENT HOST STATE: omnmdk08-ny;UP;HARD;1;PING OK - Packet loss = 0%, RTA = 0.44 ms
[1381723200] CURRENT HOST STATE: omnmdk08h0-ny;UP;HARD;1;PING OK - Packet loss = 0%, RTA = 0.48 ms
[1381723200] CURRENT HOST STATE: omnmdk09-ny;UP;HARD;1;PING OK - Packet loss = 0%, RTA = 0.49 ms
[1381723200] CURRENT HOST STATE: omnmdk09h0-ny;UP;HARD;1;PING OK - Packet loss = 0%, RTA = 0.49 ms
[1381723200] CURRENT HOST STATE: omnmdk10-ny;UP;HARD;1;PING OK - Packet loss = 0%, RTA = 0.44 ms
[1381723200] CURRENT HOST STATE: omnmdk10h0-ny;UP;HARD;1;PING OK - Packet loss = 0%, RTA = 0.43 ms
[1381723200] CURRENT HOST STATE: omnmdk11-ny;UP;HARD;1;PING OK - Packet loss = 0%, RTA = 0.44 ms
[1381723200] CURRENT HOST STATE: omnmdk11h0-ny;UP;HARD;1;PING OK - Packet loss = 0%, RTA = 0.52 ms
[1381723200] CURRENT HOST STATE: omnmdk12-ny;UP;HARD;1;PING OK - Packet loss = 0%, RTA = 0.42 ms
[1381723200] CURRENT HOST STATE: omnmdk12h0-ny;UP;HARD;1;PING OK - Packet loss = 0%, RTA = 0.46 ms
[1381723200] CURRENT HOST STATE: omnmdk13-ny;UP;HARD;1;PING OK - Packet loss = 0%, RTA = 0.43 ms
[1381723200] CURRENT HOST STATE: omnmdk13h0-ny;UP;HARD;1;PING OK - Packet loss = 0%, RTA = 0.46 ms
[1381723200] CURRENT HOST STATE: omnmdk14-ny;UP;HARD;1;PING OK - Packet loss = 0%, RTA = 0.46 ms
[1381723200] CURRENT HOST STATE: omnmdk14h0-ny;UP;HARD;1;PING OK - Packet loss = 0%, RTA = 0.47 ms
[1381723200] CURRENT HOST STATE: omnmdk15-ny;UP;HARD;1;PING OK - Packet loss = 0%, RTA = 0.52 ms
[1381723200] CURRENT HOST STATE: omnmdk15h0-ny;UP;HARD;1;PING OK - Packet loss = 0%, RTA = 0.50 ms
[1381723200] CURRENT HOST STATE: omnmdk16-ny;UP;HARD;1;PING OK - Packet loss = 0%, RTA = 0.48 ms
[1381723200] CURRENT HOST STATE: omnmdk16h0-ny;UP;HARD;1;PING OK - Packet loss = 0%, RTA = 0.48 ms
[1381723200] CURRENT HOST STATE: omnmdk17-ny;UP;HARD;1;PING OK - Packet loss = 0%, RTA = 0.45 ms
[1381723200] CURRENT HOST STATE: omnmdk17h0-ny;UP;HARD;1;PING OK - Packet loss = 0%, RTA = 0.49 ms
[1381723200] CURRENT HOST STATE: omnmdk18-ny;UP;HARD;1;PING OK - Packet loss = 0%, RTA = 0.50 ms
[1381723200] CURRENT HOST STATE: omnmdk18h0-ny;UP;HARD;1;PING OK - Packet loss = 0%, RTA = 0.51 ms
[1381723200] CURRENT HOST STATE: omnmdk19-ny;UP;HARD;1;PING OK - Packet loss = 0%, RTA = 0.41 ms
[1381723200] CURRENT HOST STATE: omnmdk19h0-ny;UP;HARD;1;PING OK - Packet loss = 0%, RTA = 0.48 ms
[1381723200] CURRENT HOST STATE: omnmgsm-ny;UP;HARD;1;PING OK - Packet loss = 0%, RTA = 0.16 ms
[1381723200] CURRENT HOST STATE: omnspsm-ny;UP;HARD;1;PING OK - Packet loss = 0%, RTA = 0.19 ms
[1381723200] CURRENT HOST STATE: rt-nycc3750tgr-ilo;UP;HARD;1;PING OK - Packet loss = 0%, RTA = 1.45 ms
[1381723200] CURRENT HOST STATE: rt-nycc3750tgr-ms2;UP;HARD;1;PING OK - Packet loss = 0%, RTA = 0.73 ms
[1381723200] CURRENT HOST STATE: rt-nyccfcp-1;UP;HARD;1;PING OK - Packet loss = 0%, RTA = 0.83 ms
[1381723200] CURRENT HOST STATE: rt-nyccfcp-2;UP;HARD;1;PING OK - Packet loss = 0%, RTA = 1.03 ms
[1381723200] CURRENT HOST STATE: rt-nycchdagg-a;UP;HARD;1;PING OK - Packet loss = 0%, RTA = 4.71 ms
[1381723200] CURRENT HOST STATE: rt-nycchdagg-b;UP;HARD;1;PING OK - Packet loss = 0%, RTA = 0.97 ms
[1381723200] CURRENT HOST STATE: rt-nyccmediagrid;UP;HARD;1;PING OK - Packet loss = 0%, RTA = 0.41 ms
[1381723200] CURRENT HOST STATE: rt-nyccspectrum;UP;HARD;1;PING OK - Packet loss = 0%, RTA = 0.66 ms
[1381723200] CURRENT HOST STATE: spider;UP;HARD;1;PING OK - Packet loss = 0%, RTA = 0.24 ms
[1381723200] CURRENT HOST STATE: wdchd001;UP;HARD;1;PING OK - Packet loss = 0%, RTA = 6.65 ms
[1381723200] CURRENT HOST STATE: wdchd002;UP;HARD;1;PING OK - Packet loss = 0%, RTA = 6.59 ms
[1381723200] CURRENT HOST STATE: wdchd003;UP;HARD;1;PING OK - Packet loss = 0%, RTA = 6.51 ms
[1381723200] CURRENT HOST STATE: wdchd004;UP;HARD;1;PING OK - Packet loss = 0%, RTA = 6.64 ms
[1381723200] CURRENT HOST STATE: wdchd005;UP;HARD;1;PING OK - Packet loss = 0%, RTA = 6.63 ms
[1381723200] CURRENT HOST STATE: wdchd006;UP;HARD;1;PING OK - Packet loss = 0%, RTA = 6.76 ms
[1381723200] CURRENT HOST STATE: wdchd007;UP;HARD;1;PING OK - Packet loss = 0%, RTA = 6.51 ms
[1381723200] CURRENT HOST STATE: wdchd008;UP;HARD;1;PING OK - Packet loss = 0%, RTA = 6.67 ms
[1381723200] CURRENT HOST STATE: wdchd009;UP;HARD;1;PING OK - Packet loss = 0%, RTA = 6.64 ms
[1381723200] CURRENT HOST STATE: wdchd010;UP;HARD;1;PING OK - Packet loss = 0%, RTA = 6.56 ms
[1381723200] CURRENT HOST STATE: wdchd011;UP;HARD;1;PING OK - Packet loss = 0%, RTA = 6.54 ms
[1381723200] CURRENT HOST STATE: wdchd012;UP;HARD;1;PING OK - Packet loss = 0%, RTA = 6.61 ms
[1381723200] CURRENT HOST STATE: wdchd013;UP;HARD;1;PING OK - Packet loss = 0%, RTA = 6.62 ms
[1381723200] CURRENT HOST STATE: wdchd014;UP;HARD;1;PING OK - Packet loss = 0%, RTA = 6.59 ms
[1381723200] CURRENT HOST STATE: wdchd015;UP;HARD;1;PING OK - Packet loss = 0%, RTA = 6.62 ms
[1381723200] CURRENT HOST STATE: wdchd016;UP;HARD;1;PING OK - Packet loss = 0%, RTA = 6.62 ms
[1381723200] CURRENT HOST STATE: wdchd017;DOWN;HARD;1;(Host Check Timed Out)
[1381723200] CURRENT HOST STATE: wdchd018;DOWN;HARD;1;(Host Check Timed Out)
[1381723200] CURRENT HOST STATE: wdchd019;UP;HARD;1;PING OK - Packet loss = 0%, RTA = 6.63 ms
[1381723200] CURRENT HOST STATE: wdchd020;UP;HARD;1;PING OK - Packet loss = 0%, RTA = 6.62 ms
[1381723200] CURRENT HOST STATE: wdchd021;UP;HARD;1;PING OK - Packet loss = 0%, RTA = 6.65 ms
[1381723200] CURRENT HOST STATE: wdchd022;UP;HARD;1;PING OK - Packet loss = 0%, RTA = 6.60 ms
[1381723200] CURRENT HOST STATE: wdchd023;UP;HARD;1;PING OK - Packet loss = 0%, RTA = 6.56 ms
[1381723200] CURRENT HOST STATE: wdchd024;UP;HARD;1;PING OK - Packet loss = 0%, RTA = 6.59 ms
[1381723200] CURRENT HOST STATE: wdchd025;UP;HARD;1;PING OK - Packet loss = 0%, RTA = 6.71 ms
[1381723200] CURRENT HOST STATE: wdchd026;UP;HARD;1;PING OK - Packet loss = 0%, RTA = 6.68 ms
[1381723200] CURRENT HOST STATE: wdchd027;UP;HARD;1;PING OK - Packet loss = 0%, RTA = 6.59 ms
[1381723200] CURRENT HOST STATE: wdchd028;UP;HARD;1;PING OK - Packet loss = 0%, RTA = 6.49 ms
[1381723200] CURRENT HOST STATE: wdchd029;UP;HARD;1;PING OK - Packet loss = 0%, RTA = 6.72 ms
[1381723200] CURRENT HOST STATE: wdchd030;UP;HARD;1;PING OK - Packet loss = 0%, RTA = 6.61 ms
[1381723200] CURRENT HOST STATE: wdchd031;UP;HARD;1;PING OK - Packet loss = 0%, RTA = 6.61 ms
[1381723200] CURRENT HOST STATE: wdcmd001;UP;HARD;1;PING OK - Packet loss = 0%, RTA = 6.60 ms
[1381723200] CURRENT HOST STATE: wdcmd002;DOWN;HARD;10;(Host Check Timed Out)
[1381723200] CURRENT HOST STATE: wdcms001;UP;HARD;1;PING OK - Packet loss = 0%, RTA = 6.58 ms
[1381723200] CURRENT HOST STATE: wdcms002;UP;HARD;1;PING OK - Packet loss = 0%, RTA = 6.57 ms
[1381723200] CURRENT HOST STATE: wdcms003;UP;HARD;1;PING OK - Packet loss = 0%, RTA = 6.65 ms
[1381723200] CURRENT HOST STATE: wdcod001;UP;HARD;1;PING OK - Packet loss = 0%, RTA = 6.56 ms
[1381723200] CURRENT HOST STATE: wdcod002;UP;HARD;1;PING OK - Packet loss = 0%, RTA = 6.72 ms
[1381723200] CURRENT HOST STATE: wdcod01;UP;HARD;1;PING OK - Packet loss = 0%, RTA = 6.47 ms
[1381723200] CURRENT HOST STATE: wdcod02;UP;HARD;1;PING OK - Packet loss = 0%, RTA = 6.48 ms
[1381723200] CURRENT HOST STATE: wdcpf001;UP;HARD;1;PING OK - Packet loss = 0%, RTA = 6.65 ms
[1381723200] CURRENT HOST STATE: wdcpf002;UP;HARD;1;PING OK - Packet loss = 0%, RTA = 6.59 ms
[1381723200] CURRENT HOST STATE: wdcpf03;UP;HARD;1;PING OK - Packet loss = 0%, RTA = 6.35 ms
[1381723200] CURRENT HOST STATE: wdcps001;UP;HARD;1;PING OK - Packet loss = 0%, RTA = 6.55 ms
[1381723200] CURRENT HOST STATE: wdcps002;UP;HARD;1;PING OK - Packet loss = 0%, RTA = 6.45 ms
[1381723200] CURRENT HOST STATE: wdcps003;UP;HARD;1;PING OK - Packet loss = 0%, RTA = 6.55 ms
[1381723200] CURRENT HOST STATE: wdcps004;UP;HARD;1;PING OK - Packet loss = 0%, RTA = 6.58 ms
[1381723200] CURRENT SERVICE STATE: deimos;PING;OK;HARD;1;PING OK - Packet loss = 0%, RTA = 0.24 ms
[1381723200] CURRENT SERVICE STATE: localhost;Current Load;OK;HARD;1;OK - load average: 0.26, 0.31, 0.33
[1381723200] CURRENT SERVICE STATE: localhost;Current Users;OK;HARD;1;USERS OK - 0 users currently logged in
[1381723200] CURRENT SERVICE STATE: localhost;HTTP;OK;HARD;1;HTTP OK: HTTP/1.1 200 OK - 265 bytes in 0.001 second response time
[1381723200] CURRENT SERVICE STATE: localhost;PING;OK;HARD;1;PING OK - Packet loss = 0%, RTA = 0.12 ms
[1381723200] CURRENT SERVICE STATE: localhost;Root Partition;OK;HARD;1;DISK OK - free space: / 1564 MB (83% inode=98%):
[1381723200] CURRENT SERVICE STATE: localhost;SSH;OK;HARD;1;SSH OK - OpenSSH_4.3 (protocol 2.0)
[1381723200] CURRENT SERVICE STATE: localhost;Swap Usage;OK;HARD;1;SWAP OK - 100% free (2047 MB out of 2047 MB)
[1381723200] CURRENT SERVICE STATE: localhost;Total Processes;OK;HARD;1;PROCS OK: 26 processes with STATE = RSZDT
[1381723200] CURRENT SERVICE STATE: msny;HTTP;OK;HARD;1;HTTP OK: HTTP/1.1 200 OK - 5504 bytes in 0.002 second response time
[1381723200] CURRENT SERVICE STATE: msny;IMQ Depth Check - Internal GF Queues;OK;HARD;1;OK: all MS2_EVENT queues have depth 0 or less, all MS2_EVENT queues in RUNNING state
[1381723200] CURRENT SERVICE STATE: msny;MS2 - Grid A Mount;OK;HARD;1;OK - File /Volumes/GridA/Temp/.gridamounted seems fine.
[1381723200] CURRENT SERVICE STATE: msny;MS2 - Grid B Mount;OK;HARD;1;OK - File /Volumes/GridB/Temp/.gridbmounted seems fine.
[1381723200] CURRENT SERVICE STATE: msny;PING;OK;HARD;1;PING OK - Packet loss = 0%, RTA = 0.25 ms
[1381723200] CURRENT SERVICE STATE: nyarxlator1;PING;OK;HARD;1;PING OK - Packet loss = 0%, RTA = 0.28 ms
[1381723200] CURRENT SERVICE STATE: nyarxlator2;PING;OK;HARD;1;PING OK - Packet loss = 0%, RTA = 0.32 ms
[1381723200] CURRENT SERVICE STATE: nyarxlator3;PING;OK;HARD;1;PING OK - Packet loss = 0%, RTA = 0.41 ms
[1381723200] CURRENT SERVICE STATE: nyarxlator4;PING;OK;HARD;1;PING OK - Packet loss = 0%, RTA = 0.32 ms
[1381723200] CURRENT SERVICE STATE: nycnn-adbeame1;AME Job status;OK;HARD;1;AME is idle:
[1381723200] CURRENT SERVICE STATE: nycnn-adbeame1;PING;OK;HARD;1;PING OK - Packet loss = 0%, RTA = 0.37 ms
[1381723200] CURRENT SERVICE STATE: nycnn-adbeame10;AME Job status;OK;HARD;1;Job 09616489 progress is  47.4 :
[1381723200] CURRENT SERVICE STATE: nycnn-adbeame10;PING;OK;HARD;1;PING OK - Packet loss = 0%, RTA = 0.36 ms
[1381723200] CURRENT SERVICE STATE: nycnn-adbeame2;AME Job status;OK;HARD;1;AME is idle:
[1381723200] CURRENT SERVICE STATE: nycnn-adbeame2;PING;OK;HARD;1;PING OK - Packet loss = 0%, RTA = 0.38 ms
[1381723200] CURRENT SERVICE STATE: nycnn-adbeame3;AME Job status;OK;HARD;1;AME is idle:
[1381723200] CURRENT SERVICE STATE: nycnn-adbeame3;PING;OK;HARD;1;PING OK - Packet loss = 0%, RTA = 0.37 ms
[1381723200] CURRENT SERVICE STATE: nycnn-adbeame4;AME Job status;OK;HARD;1;AME is idle:
[1381723200] CURRENT SERVICE STATE: nycnn-adbeame4;PING;OK;HARD;1;PING OK - Packet loss = 0%, RTA = 0.36 ms
[1381723200] CURRENT SERVICE STATE: nycnn-adbeame5;AME Job status;OK;HARD;1;AME is idle:
[1381723200] CURRENT SERVICE STATE: nycnn-adbeame5;PING;OK;HARD;1;PING OK - Packet loss = 0%, RTA = 0.38 ms
[1381723200] CURRENT SERVICE STATE: nycnn-adbeame6;AME Job status;OK;HARD;1;AME is idle:
[1381723200] CURRENT SERVICE STATE: nycnn-adbeame6;PING;OK;HARD;1;PING OK - Packet loss = 0%, RTA = 0.37 ms
[1381723200] CURRENT SERVICE STATE: nycnn-adbeame7;AME Job status;OK;HARD;1;AME is idle:
[1381723200] CURRENT SERVICE STATE: nycnn-adbeame7;PING;OK;HARD;1;PING OK - Packet loss = 0%, RTA = 0.34 ms
[1381723200] CURRENT SERVICE STATE: nycnn-adbeame8;AME Job status;OK;HARD;1;AME is idle:
[1381723200] CURRENT SERVICE STATE: nycnn-adbeame8;PING;OK;HARD;1;PING OK - Packet loss = 0%, RTA = 0.36 ms
[1381723200] CURRENT SERVICE STATE: nycnn-adbeame9;AME Job status;OK;HARD;1;AME is idle:
[1381723200] CURRENT SERVICE STATE: nycnn-adbeame9;PING;OK;HARD;1;PING OK - Packet loss = 0%, RTA = 0.32 ms
[1381723200] CURRENT SERVICE STATE: nycnn-adbectrl1;PING;OK;HARD;1;PING OK - Packet loss = 0%, RTA = 0.30 ms
[1381723200] CURRENT SERVICE STATE: nycnn-adbectrl2;PING;OK;HARD;1;PING OK - Packet loss = 0%, RTA = 0.31 ms
[1381723200] CURRENT SERVICE STATE: nycnn-arapp1;PING;OK;HARD;1;PING OK - Packet loss = 0%, RTA = 0.35 ms
[1381723200] CURRENT SERVICE STATE: nycnn-arapp1;SSH;OK;HARD;1;SSH OK - OpenSSH_4.3 (protocol 2.0)
[1381723200] CURRENT SERVICE STATE: nycnn-arvtrtape;PING;OK;HARD;1;PING OK - Packet loss = 0%, RTA = 0.35 ms
[1381723200] CURRENT SERVICE STATE: nycnn-arvtrtape;SSH;OK;HARD;1;SSH OK - OpenSSH_4.3 (protocol 2.0)
[1381723200] CURRENT SERVICE STATE: nycnn-arxlator1;PING;OK;HARD;1;PING OK - Packet loss = 0%, RTA = 0.29 ms
[1381723200] CURRENT SERVICE STATE: nycnn-arxlator1;SSH;OK;HARD;1;SSH OK - OpenSSH_4.3 (protocol 2.0)
[1381723200] CURRENT SERVICE STATE: nycnn-editxfer-switch;PING;OK;HARD;1;PING OK - Packet loss = 0%, RTA = 0.27 ms
[1381723200] CURRENT SERVICE STATE: nycnn-editxfer3;PING;OK;HARD;1;PING OK - Packet loss = 0%, RTA = 0.18 ms
[1381723200] CURRENT SERVICE STATE: nycnn-editxfer4;PING;OK;HARD;1;PING OK - Packet loss = 0%, RTA = 0.18 ms
[1381723200] CURRENT SERVICE STATE: nycnn-gridpushpull1;PING;OK;HARD;1;PING OK - Packet loss = 0%, RTA = 0.31 ms
[1381723200] CURRENT SERVICE STATE: nycnn-gridpushpull2;PING;OK;HARD;1;PING OK - Packet loss = 0%, RTA = 0.30 ms
[1381723200] CURRENT SERVICE STATE: nycnn-ipvapilic;PING;OK;HARD;1;PING OK - Packet loss = 0%, RTA = 0.22 ms
[1381723200] CURRENT SERVICE STATE: nycnn-ipvproxy1;PING;OK;HARD;1;PING OK - Packet loss = 0%, RTA = 0.29 ms
[1381723200] CURRENT SERVICE STATE: nycnn-ipvproxy2;PING;OK;HARD;1;PING OK - Packet loss = 0%, RTA = 0.29 ms
[1381723200] CURRENT SERVICE STATE: nycnn-ipvsphn1;PING;OK;HARD;1;PING OK - Packet loss = 0%, RTA = 0.25 ms
[1381723200] CURRENT SERVICE STATE: nycnn-ipvsphn2;PING;OK;HARD;1;PING OK - Packet loss = 0%, RTA = 0.25 ms
[1381723200] CURRENT SERVICE STATE: nycnn-ipvsphn3;PING;OK;HARD;1;PING OK - Packet loss = 0%, RTA = 0.22 ms
[1381723200] CURRENT SERVICE STATE: nycnn-ipvsphn4;PING;OK;HARD;1;PING OK - Packet loss = 0%, RTA = 0.27 ms
[1381723200] CURRENT SERVICE STATE: nycnn-ipvsphn5;PING;OK;HARD;1;PING OK - Packet loss = 0%, RTA = 0.24 ms
[1381723200] CURRENT SERVICE STATE: nycnn-ipvstrm1;PING;OK;HARD;1;PING OK - Packet loss = 0%, RTA = 0.24 ms
[1381723200] CURRENT SERVICE STATE: nycnn-ipvstrm2;PING;OK;HARD;1;PING OK - Packet loss = 0%, RTA = 0.24 ms
[1381723200] CURRENT SERVICE STATE: nycnn-ipvstrm3;PING;OK;HARD;1;PING OK - Packet loss = 0%, RTA = 0.50 ms
[1381723200] CURRENT SERVICE STATE: nycnn-ipvstrm4;PING;OK;HARD;1;PING OK - Packet loss = 0%, RTA = 0.38 ms
[1381723200] CURRENT SERVICE STATE: nycnn-ipvx1;PING;OK;HARD;1;PING OK - Packet loss = 0%, RTA = 0.24 ms
[1381723200] CURRENT SERVICE STATE: nycnn-ipvx10;PING;OK;HARD;1;PING OK - Packet loss = 0%, RTA = 0.29 ms
[1381723200] CURRENT SERVICE STATE: nycnn-ipvx10e1;PING;OK;HARD;1;PING OK - Packet loss = 0%, RTA = 0.42 ms
[1381723200] CURRENT SERVICE STATE: nycnn-ipvx11;PING;OK;HARD;1;PING OK - Packet loss = 0%, RTA = 0.28 ms
[1381723200] CURRENT SERVICE STATE: nycnn-ipvx11e1;PING;OK;HARD;1;PING OK - Packet loss = 0%, RTA = 0.25 ms
[1381723200] CURRENT SERVICE STATE: nycnn-ipvx12;PING;OK;HARD;1;PING OK - Packet loss = 0%, RTA = 0.23 ms
[1381723200] CURRENT SERVICE STATE: nycnn-ipvx12e1;PING;OK;HARD;1;PING OK - Packet loss = 0%, RTA = 0.23 ms
[1381723200] CURRENT SERVICE STATE: nycnn-ipvx13;PING;OK;HARD;1;PING OK - Packet loss = 0%, RTA = 0.24 ms
[1381723200] CURRENT SERVICE STATE: nycnn-ipvx13e1;PING;OK;HARD;1;PING OK - Packet loss = 0%, RTA = 0.25 ms
[1381723200] CURRENT SERVICE STATE: nycnn-ipvx14;PING;OK;HARD;1;PING OK - Packet loss = 0%, RTA = 0.25 ms
[1381723200] CURRENT SERVICE STATE: nycnn-ipvx14e1;PING;OK;HARD;1;PING OK - Packet loss = 0%, RTA = 0.24 ms
[1381723200] CURRENT SERVICE STATE: nycnn-ipvx15;PING;OK;HARD;1;PING OK - Packet loss = 0%, RTA = 0.25 ms
[1381723200] CURRENT SERVICE STATE: nycnn-ipvx15e1;PING;OK;HARD;1;PING OK - Packet loss = 0%, RTA = 0.21 ms
[1381723200] CURRENT SERVICE STATE: nycnn-ipvx16;PING;OK;HARD;1;PING OK - Packet loss = 0%, RTA = 5.53 ms
[1381723200] CURRENT SERVICE STATE: nycnn-ipvx16e1;PING;OK;HARD;1;PING OK - Packet loss = 0%, RTA = 0.25 ms
[1381723200] CURRENT SERVICE STATE: nycnn-ipvx17;PING;OK;HARD;1;PING OK - Packet loss = 0%, RTA = 0.25 ms
[1381723200] CURRENT SERVICE STATE: nycnn-ipvx17e1;PING;OK;HARD;1;PING OK - Packet loss = 0%, RTA = 0.25 ms
[1381723200] CURRENT SERVICE STATE: nycnn-ipvx18;PING;OK;HARD;1;PING OK - Packet loss = 0%, RTA = 0.23 ms
[1381723200] CURRENT SERVICE STATE: nycnn-ipvx18e1;PING;OK;HARD;1;PING OK - Packet loss = 0%, RTA = 0.24 ms
[1381723200] CURRENT SERVICE STATE: nycnn-ipvx19;PING;OK;HARD;1;PING OK - Packet loss = 0%, RTA = 0.25 ms
[1381723200] CURRENT SERVICE STATE: nycnn-ipvx19e1;PING;OK;HARD;1;PING OK - Packet loss = 0%, RTA = 0.26 ms
[1381723200] CURRENT SERVICE STATE: nycnn-ipvx1e1;PING;OK;HARD;1;PING OK - Packet loss = 0%, RTA = 0.27 ms
[1381723200] CURRENT SERVICE STATE: nycnn-ipvx2;PING;OK;HARD;1;PING OK - Packet loss = 0%, RTA = 0.24 ms
[1381723200] CURRENT SERVICE STATE: nycnn-ipvx20;PING;OK;HARD;1;PING OK - Packet loss = 0%, RTA = 0.25 ms
[1381723200] CURRENT SERVICE STATE: nycnn-ipvx20e1;PING;OK;HARD;1;PING OK - Packet loss = 0%, RTA = 0.26 ms
[1381723200] CURRENT SERVICE STATE: nycnn-ipvx21;PING;OK;HARD;1;PING OK - Packet loss = 0%, RTA = 0.23 ms
[1381723200] CURRENT SERVICE STATE: nycnn-ipvx21e1;PING;OK;HARD;1;PING OK - Packet loss = 0%, RTA = 0.27 ms
[1381723200] CURRENT SERVICE STATE: nycnn-ipvx22;PING;OK;HARD;1;PING OK - Packet loss = 0%, RTA = 0.23 ms
[1381723200] CURRENT SERVICE STATE: nycnn-ipvx22e1;PING;OK;HARD;1;PING OK - Packet loss = 0%, RTA = 0.23 ms
[1381723200] CURRENT SERVICE STATE: nycnn-ipvx23;PING;OK;HARD;1;PING OK - Packet loss = 0%, RTA = 0.22 ms
[1381723200] CURRENT SERVICE STATE: nycnn-ipvx23e1;PING;OK;HARD;1;PING OK - Packet loss = 0%, RTA = 0.25 ms
[1381723200] CURRENT SERVICE STATE: nycnn-ipvx24;PING;OK;HARD;1;PING OK - Packet loss = 0%, RTA = 0.25 ms
[1381723200] CURRENT SERVICE STATE: nycnn-ipvx24e1;PING;OK;HARD;1;PING OK - Packet loss = 0%, RTA = 0.24 ms
[1381723200] CURRENT SERVICE STATE: nycnn-ipvx25;PING;OK;HARD;1;PING OK - Packet loss = 0%, RTA = 0.24 ms
[1381723200] CURRENT SERVICE STATE: nycnn-ipvx25e1;PING;OK;HARD;1;PING OK - Packet loss = 0%, RTA = 0.25 ms
[1381723200] CURRENT SERVICE STATE: nycnn-ipvx26;PING;OK;HARD;1;PING OK - Packet loss = 0%, RTA = 0.22 ms
[1381723200] CURRENT SERVICE STATE: nycnn-ipvx26e1;PING;OK;HARD;1;PING OK - Packet loss = 0%, RTA = 0.23 ms
[1381723200] CURRENT SERVICE STATE: nycnn-ipvx27;PING;OK;HARD;1;PING OK - Packet loss = 0%, RTA = 0.21 ms
[1381723200] CURRENT SERVICE STATE: nycnn-ipvx27e1;PING;OK;HARD;1;PING OK - Packet loss = 0%, RTA = 0.23 ms
[1381723200] CURRENT SERVICE STATE: nycnn-ipvx28;PING;OK;HARD;1;PING OK - Packet loss = 0%, RTA = 0.28 ms
[1381723200] CURRENT SERVICE STATE: nycnn-ipvx28e1;PING;OK;HARD;1;PING OK - Packet loss = 0%, RTA = 0.29 ms
[1381723200] CURRENT SERVICE STATE: nycnn-ipvx29;PING;OK;HARD;1;PING OK - Packet loss = 0%, RTA = 0.26 ms
[1381723200] CURRENT SERVICE STATE: nycnn-ipvx29e1;PING;OK;HARD;1;PING OK - Packet loss = 0%, RTA = 0.27 ms
[1381723200] CURRENT SERVICE STATE: nycnn-ipvx2e1;PING;OK;HARD;1;PING OK - Packet loss = 0%, RTA = 0.23 ms
[1381723200] CURRENT SERVICE STATE: nycnn-ipvx3;PING;OK;HARD;1;PING OK - Packet loss = 0%, RTA = 0.24 ms
[1381723200] CURRENT SERVICE STATE: nycnn-ipvx30;PING;OK;HARD;1;PING OK - Packet loss = 0%, RTA = 0.52 ms
[1381723200] CURRENT SERVICE STATE: nycnn-ipvx30e1;PING;OK;HARD;1;PING OK - Packet loss = 0%, RTA = 0.25 ms
[1381723200] CURRENT SERVICE STATE: nycnn-ipvx31;PING;OK;HARD;1;PING OK - Packet loss = 0%, RTA = 0.28 ms
[1381723200] CURRENT SERVICE STATE: nycnn-ipvx31e1;PING;OK;HARD;1;PING OK - Packet loss = 0%, RTA = 0.27 ms
[1381723200] CURRENT SERVICE STATE: nycnn-ipvx32;PING;OK;HARD;1;PING OK - Packet loss = 0%, RTA = 0.24 ms
[1381723200] CURRENT SERVICE STATE: nycnn-ipvx32e1;PING;OK;HARD;1;PING OK - Packet loss = 0%, RTA = 0.25 ms
[1381723200] CURRENT SERVICE STATE: nycnn-ipvx33;PING;OK;HARD;1;PING OK - Packet loss = 0%, RTA = 0.23 ms
[1381723200] CURRENT SERVICE STATE: nycnn-ipvx33e1;PING;OK;HARD;1;PING OK - Packet loss = 0%, RTA = 0.26 ms
[1381723200] CURRENT SERVICE STATE: nycnn-ipvx34;PING;OK;HARD;1;PING OK - Packet loss = 0%, RTA = 0.23 ms
[1381723200] CURRENT SERVICE STATE: nycnn-ipvx34e1;PING;OK;HARD;1;PING OK - Packet loss = 0%, RTA = 0.27 ms
[1381723200] CURRENT SERVICE STATE: nycnn-ipvx35;PING;OK;HARD;1;PING OK - Packet loss = 0%, RTA = 0.30 ms
[1381723200] CURRENT SERVICE STATE: nycnn-ipvx35e1;PING;OK;HARD;1;PING OK - Packet loss = 0%, RTA = 0.26 ms
[1381723200] CURRENT SERVICE STATE: nycnn-ipvx3e1;PING;OK;HARD;1;PING OK - Packet loss = 0%, RTA = 0.27 ms
[1381723200] CURRENT SERVICE STATE: nycnn-ipvx4;PING;OK;HARD;1;PING OK - Packet loss = 0%, RTA = 0.29 ms
[1381723200] CURRENT SERVICE STATE: nycnn-ipvx4e1;PING;OK;HARD;1;PING OK - Packet loss = 0%, RTA = 0.28 ms
[1381723200] CURRENT SERVICE STATE: nycnn-ipvx5;PING;OK;HARD;1;PING OK - Packet loss = 0%, RTA = 0.25 ms
[1381723200] CURRENT SERVICE STATE: nycnn-ipvx5e1;PING;OK;HARD;1;PING OK - Packet loss = 0%, RTA = 0.22 ms
[1381723200] CURRENT SERVICE STATE: nycnn-ipvx6;PING;OK;HARD;1;PING OK - Packet loss = 0%, RTA = 0.26 ms
[1381723200] CURRENT SERVICE STATE: nycnn-ipvx6e1;PING;OK;HARD;1;PING OK - Packet loss = 0%, RTA = 0.26 ms
[1381723200] CURRENT SERVICE STATE: nycnn-ipvx7;PING;OK;HARD;1;PING OK - Packet loss = 0%, RTA = 0.23 ms
[1381723200] CURRENT SERVICE STATE: nycnn-ipvx7e1;PING;OK;HARD;1;PING OK - Packet loss = 0%, RTA = 0.26 ms
[1381723200] CURRENT SERVICE STATE: nycnn-ipvx8;PING;OK;HARD;1;PING OK - Packet loss = 0%, RTA = 0.27 ms
[1381723200] CURRENT SERVICE STATE: nycnn-ipvx8e1;PING;OK;HARD;1;PING OK - Packet loss = 0%, RTA = 0.23 ms
[1381723200] CURRENT SERVICE STATE: nycnn-ipvx9;PING;OK;HARD;1;PING OK - Packet loss = 0%, RTA = 0.28 ms
[1381723200] CURRENT SERVICE STATE: nycnn-ipvx9e1;PING;OK;HARD;1;PING OK - Packet loss = 0%, RTA = 0.28 ms
[1381723200] CURRENT SERVICE STATE: nycnn-kickstart;PING;OK;HARD;1;PING OK - Packet loss = 0%, RTA = 0.31 ms
[1381723200] CURRENT SERVICE STATE: nycnn-mamdb1;PING;OK;HARD;1;PING OK - Packet loss = 0%, RTA = 0.29 ms
[1381723200] CURRENT SERVICE STATE: nycnn-mamdb2;PING;OK;HARD;1;PING OK - Packet loss = 0%, RTA = 0.32 ms
[1381723200] CURRENT SERVICE STATE: nycnn-mamfog;PING;OK;HARD;1;PING OK - Packet loss = 0%, RTA = 0.22 ms
[1381723200] CURRENT SERVICE STATE: nycnn-mamkey1;PING;OK;HARD;1;PING OK - Packet loss = 0%, RTA = 0.31 ms
[1381723200] CURRENT SERVICE STATE: nycnn-mamkey2;PING;OK;HARD;1;PING OK - Packet loss = 0%, RTA = 0.34 ms
[1381723200] CURRENT SERVICE STATE: nycnn-mammq1;PING;OK;HARD;1;PING OK - Packet loss = 0%, RTA = 0.31 ms
[1381723200] CURRENT SERVICE STATE: nycnn-mammq2;PING;OK;HARD;1;PING OK - Packet loss = 0%, RTA = 0.23 ms
[1381723200] CURRENT SERVICE STATE: nycnn-ms2app3;PING;OK;HARD;1;PING OK - Packet loss = 0%, RTA = 0.27 ms
[1381723200] CURRENT SERVICE STATE: nycnn-ms2app4;PING;OK;HARD;1;PING OK - Packet loss = 0%, RTA = 0.29 ms
[1381723200] CURRENT SERVICE STATE: nycnn-ms2db1;Disk Space on /oracle;OK;HARD;1;DISK OK - free space: /oracle 900845 MB (92% inode=99%):
[1381723200] CURRENT SERVICE STATE: nycnn-ms2db1;PING;OK;HARD;1;PING OK - Packet loss = 0%, RTA = 0.32 ms
[1381723200] CURRENT SERVICE STATE: nycnn-ms2db2;Disk Space on /oracle;OK;HARD;1;DISK OK - free space: /oracle 803354 MB (82% inode=99%):
[1381723200] CURRENT SERVICE STATE: nycnn-ms2db2;PING;OK;HARD;1;PING OK - Packet loss = 0%, RTA = 0.30 ms
[1381723200] CURRENT SERVICE STATE: nycnn-ms2db3;Disk Space on /oracle;OK;HARD;1;DISK OK - free space: /oracle 862155 MB (88% inode=99%):
[1381723200] CURRENT SERVICE STATE: nycnn-ms2db3;PING;OK;HARD;1;PING OK - Packet loss = 0%, RTA = 0.30 ms
[1381723200] CURRENT SERVICE STATE: nycnn-ms2fsd;PING;OK;HARD;1;PING OK - Packet loss = 0%, RTA = 0.28 ms
[1381723200] CURRENT SERVICE STATE: nycnn-ms2fsd1;PING;OK;HARD;1;PING OK - Packet loss = 0%, RTA = 0.32 ms
[1381723200] CURRENT SERVICE STATE: nycnn-ms2fsd2;PING;OK;HARD;1;PING OK - Packet loss = 0%, RTA = 0.21 ms
[1381723200] CURRENT SERVICE STATE: nycnn-ms2stills1;PING;OK;HARD;1;PING OK - Packet loss = 0%, RTA = 0.52 ms
[1381723200] CURRENT SERVICE STATE: nycnn-ms2stills2;PING;OK;HARD;1;PING OK - Packet loss = 0%, RTA = 0.53 ms
[1381723200] CURRENT SERVICE STATE: nycnn-nag1;PING;OK;HARD;1;PING OK - Packet loss = 0%, RTA = 0.31 ms
[1381723200] CURRENT SERVICE STATE: nycnn-nag2;PING;OK;HARD;1;PING OK - Packet loss = 0%, RTA = 0.28 ms
[1381723200] CURRENT SERVICE STATE: nycnn-nag4;PING;OK;HARD;1;PING OK - Packet loss = 0%, RTA = 0.26 ms
[1381723200] CURRENT SERVICE STATE: nycnn-splunk;Disk Space on /opt;UNKNOWN;HARD;4;Remote command execution failed: Permission denied, please try again.
[1381723200] CURRENT SERVICE STATE: nycnn-splunk;PING;OK;HARD;1;PING OK - Packet loss = 0%, RTA = 0.32 ms
[1381723200] CURRENT SERVICE STATE: nyhdscheduler;HTTP;OK;HARD;1;HTTP OK: HTTP/1.1 200 OK - 598 bytes in 0.001 second response time
[1381723200] CURRENT SERVICE STATE: nyhdscheduler;PING;OK;HARD;1;PING OK - Packet loss = 0%, RTA = 0.34 ms
[1381723200] CURRENT SERVICE STATE: nymamkey;PING;OK;HARD;1;PING OK - Packet loss = 0%, RTA = 0.29 ms
[1381723200] CURRENT SERVICE STATE: nymq;PING;OK;HARD;1;PING OK - Packet loss = 0%, RTA = 0.30 ms
[1381723200] CURRENT SERVICE STATE: nyproxygenhd;PING;OK;HARD;1;PING OK - Packet loss = 0%, RTA = 0.34 ms
[1381723200] CURRENT SERVICE STATE: nyvideodrop;PING;OK;HARD;1;PING OK - Packet loss = 0%, RTA = 0.32 ms
[1381723200] CURRENT SERVICE STATE: omnclda01-ny;PING;OK;HARD;1;PING OK - Packet loss = 0%, RTA = 0.29 ms
[1381723200] CURRENT SERVICE STATE: omnclda01e1-ny;PING;OK;HARD;1;PING OK - Packet loss = 0%, RTA = 0.28 ms
[1381723200] CURRENT SERVICE STATE: omnclda02-ny;PING;OK;HARD;1;PING OK - Packet loss = 0%, RTA = 0.32 ms
[1381723200] CURRENT SERVICE STATE: omnclda02e1-ny;PING;OK;HARD;1;PING OK - Packet loss = 0%, RTA = 0.28 ms
[1381723200] CURRENT SERVICE STATE: omnclda03-ny;PING;OK;HARD;1;PING OK - Packet loss = 0%, RTA = 0.32 ms
[1381723200] CURRENT SERVICE STATE: omnclda03e1-ny;PING;OK;HARD;1;PING OK - Packet loss = 0%, RTA = 0.30 ms
[1381723200] CURRENT SERVICE STATE: omnhbcba01-ny;PING;OK;HARD;1;PING OK - Packet loss = 0%, RTA = 0.31 ms
[1381723200] CURRENT SERVICE STATE: omnhbcba02-ny;PING;OK;HARD;1;PING OK - Packet loss = 0%, RTA = 0.26 ms
[1381723200] CURRENT SERVICE STATE: omnhbcba03-ny;PING;OK;HARD;1;PING OK - Packet loss = 0%, RTA = 0.30 ms
[1381723200] CURRENT SERVICE STATE: omnhbcba04-ny;PING;OK;HARD;1;PING OK - Packet loss = 0%, RTA = 0.29 ms
[1381723200] CURRENT SERVICE STATE: omnhbcba05-ny;PING;OK;HARD;1;PING OK - Packet loss = 0%, RTA = 0.31 ms
[1381723200] CURRENT SERVICE STATE: omnhbcba06-ny;PING;OK;HARD;1;PING OK - Packet loss = 0%, RTA = 0.32 ms
[1381723200] CURRENT SERVICE STATE: omnhbcba07-ny;PING;OK;HARD;1;PING OK - Packet loss = 0%, RTA = 0.29 ms
[1381723200] CURRENT SERVICE STATE: omnhbcba08-ny;PING;OK;HARD;1;PING OK - Packet loss = 0%, RTA = 0.33 ms
[1381723200] CURRENT SERVICE STATE: omnhbcba09-ny;PING;OK;HARD;1;PING OK - Packet loss = 0%, RTA = 0.28 ms
[1381723200] CURRENT SERVICE STATE: omnhbcba10-ny;PING;OK;HARD;1;PING OK - Packet loss = 0%, RTA = 0.21 ms
[1381723200] CURRENT SERVICE STATE: omnhbcba11-ny;PING;OK;HARD;1;PING OK - Packet loss = 0%, RTA = 0.29 ms
[1381723200] CURRENT SERVICE STATE: omnhbcba12-ny;PING;OK;HARD;1;PING OK - Packet loss = 0%, RTA = 0.31 ms
[1381723200] CURRENT SERVICE STATE: omnldap1-ny;LDAP;OK;HARD;1;LDAP OK - 0.002 seconds response time
[1381723200] CURRENT SERVICE STATE: omnldap2-ny;LDAP;OK;HARD;1;LDAP OK - 0.002 seconds response time
[1381723200] CURRENT SERVICE STATE: omnmas1app-ny;PING;OK;HARD;1;PING OK - Packet loss = 0%, RTA = 0.30 ms
[1381723200] CURRENT SERVICE STATE: omnmas1app1-ny;PING;OK;HARD;1;PING OK - Packet loss = 0%, RTA = 0.25 ms
[1381723200] CURRENT SERVICE STATE: omnmas1app2-ny;PING;OK;HARD;1;PING OK - Packet loss = 0%, RTA = 0.26 ms
[1381723200] CURRENT SERVICE STATE: omnmas1db-ny;PING;OK;HARD;1;PING OK - Packet loss = 0%, RTA = 0.25 ms
[1381723200] CURRENT SERVICE STATE: omnmas1db1-ny;PING;OK;HARD;1;PING OK - Packet loss = 0%, RTA = 0.25 ms
[1381723200] CURRENT SERVICE STATE: omnmas1db2-ny;PING;OK;HARD;1;PING OK - Packet loss = 0%, RTA = 0.34 ms
[1381723200] CURRENT SERVICE STATE: omnmas2app-ny;PING;CRITICAL;HARD;3;PING CRITICAL - Packet loss = 100%
[1381723200] CURRENT SERVICE STATE: omnmas2app1-ny;PING;OK;HARD;1;PING OK - Packet loss = 0%, RTA = 0.35 ms
[1381723200] CURRENT SERVICE STATE: omnmas2app2-ny;PING;OK;HARD;1;PING OK - Packet loss = 0%, RTA = 0.28 ms
[1381723200] CURRENT SERVICE STATE: omnmas2db-ny;PING;OK;HARD;1;PING OK - Packet loss = 0%, RTA = 0.30 ms
[1381723200] CURRENT SERVICE STATE: omnmas2db1-ny;PING;OK;HARD;1;PING OK - Packet loss = 0%, RTA = 0.34 ms
[1381723200] CURRENT SERVICE STATE: omnmas2db2-ny;PING;OK;HARD;1;PING OK - Packet loss = 0%, RTA = 0.35 ms
[1381723200] CURRENT SERVICE STATE: omnmdir01-ny;PING;OK;HARD;1;PING OK - Packet loss = 0%, RTA = 0.27 ms
[1381723200] CURRENT SERVICE STATE: omnmdir01e1-ny;PING;OK;HARD;1;PING OK - Packet loss = 0%, RTA = 0.22 ms
[1381723200] CURRENT SERVICE STATE: omnmdir02-ny;PING;OK;HARD;1;PING OK - Packet loss = 0%, RTA = 0.26 ms
[1381723200] CURRENT SERVICE STATE: omnmdir02e1-ny;PING;OK;HARD;1;PING OK - Packet loss = 0%, RTA = 0.26 ms
[1381723200] CURRENT SERVICE STATE: omnmdir03-ny;PING;OK;HARD;1;PING OK - Packet loss = 0%, RTA = 0.25 ms
[1381723200] CURRENT SERVICE STATE: omnmdir03e1-ny;PING;OK;HARD;1;PING OK - Packet loss = 0%, RTA = 0.25 ms
[1381723200] CURRENT SERVICE STATE: omnmdir04-ny;PING;OK;HARD;1;PING OK - Packet loss = 0%, RTA = 0.25 ms
[1381723200] CURRENT SERVICE STATE: omnmdir04e1-ny;PING;OK;HARD;1;PING OK - Packet loss = 0%, RTA = 0.27 ms
[1381723200] CURRENT SERVICE STATE: omnmdk01-ny;PING;OK;HARD;1;PING OK - Packet loss = 0%, RTA = 0.49 ms
[1381723200] CURRENT SERVICE STATE: omnmdk01h0-ny;PING;OK;HARD;1;PING OK - Packet loss = 0%, RTA = 0.52 ms
[1381723200] CURRENT SERVICE STATE: omnmdk02-ny;PING;OK;HARD;1;PING OK - Packet loss = 0%, RTA = 0.52 ms
[1381723200] CURRENT SERVICE STATE: omnmdk02h0-ny;PING;OK;HARD;1;PING OK - Packet loss = 0%, RTA = 0.55 ms
[1381723200] CURRENT SERVICE STATE: omnmdk03-ny;PING;OK;HARD;1;PING OK - Packet loss = 0%, RTA = 0.50 ms
[1381723200] CURRENT SERVICE STATE: omnmdk03h0-ny;PING;OK;HARD;1;PING OK - Packet loss = 0%, RTA = 0.54 ms
[1381723200] CURRENT SERVICE STATE: omnmdk04-ny;PING;OK;HARD;1;PING OK - Packet loss = 0%, RTA = 0.52 ms
[1381723200] CURRENT SERVICE STATE: omnmdk04h0-ny;PING;OK;HARD;1;PING OK - Packet loss = 0%, RTA = 0.56 ms
[1381723200] CURRENT SERVICE STATE: omnmdk05-ny;PING;OK;HARD;1;PING OK - Packet loss = 0%, RTA = 0.49 ms
[1381723200] CURRENT SERVICE STATE: omnmdk05h0-ny;PING;OK;HARD;1;PING OK - Packet loss = 0%, RTA = 0.51 ms
[1381723200] CURRENT SERVICE STATE: omnmdk06-ny;PING;OK;HARD;1;PING OK - Packet loss = 0%, RTA = 0.52 ms
[1381723200] CURRENT SERVICE STATE: omnmdk06h0-ny;PING;OK;HARD;1;PING OK - Packet loss = 0%, RTA = 0.52 ms
[1381723200] CURRENT SERVICE STATE: omnmdk07-ny;PING;OK;HARD;1;PING OK - Packet loss = 0%, RTA = 0.48 ms
[1381723200] CURRENT SERVICE STATE: omnmdk07h0-ny;PING;OK;HARD;1;PING OK - Packet loss = 0%, RTA = 0.55 ms
[1381723200] CURRENT SERVICE STATE: omnmdk08-ny;PING;OK;HARD;1;PING OK - Packet loss = 0%, RTA = 0.52 ms
[1381723200] CURRENT SERVICE STATE: omnmdk08h0-ny;PING;OK;HARD;1;PING OK - Packet loss = 0%, RTA = 0.50 ms
[1381723200] CURRENT SERVICE STATE: omnmdk09-ny;PING;OK;HARD;1;PING OK - Packet loss = 0%, RTA = 0.48 ms
[1381723200] CURRENT SERVICE STATE: omnmdk09h0-ny;PING;OK;HARD;1;PING OK - Packet loss = 0%, RTA = 0.51 ms
[1381723200] CURRENT SERVICE STATE: omnmdk10-ny;PING;OK;HARD;1;PING OK - Packet loss = 0%, RTA = 0.49 ms
[1381723200] CURRENT SERVICE STATE: omnmdk10h0-ny;PING;OK;HARD;1;PING OK - Packet loss = 0%, RTA = 0.49 ms
[1381723200] CURRENT SERVICE STATE: omnmdk11-ny;PING;OK;HARD;1;PING OK - Packet loss = 0%, RTA = 0.49 ms
[1381723200] CURRENT SERVICE STATE: omnmdk11h0-ny;PING;OK;HARD;1;PING OK - Packet loss = 0%, RTA = 0.54 ms
[1381723200] CURRENT SERVICE STATE: omnmdk12-ny;PING;OK;HARD;1;PING OK - Packet loss = 0%, RTA = 0.49 ms
[1381723200] CURRENT SERVICE STATE: omnmdk12h0-ny;PING;OK;HARD;1;PING OK - Packet loss = 0%, RTA = 0.52 ms
[1381723200] CURRENT SERVICE STATE: omnmdk13-ny;PING;OK;HARD;1;PING OK - Packet loss = 0%, RTA = 0.55 ms
[1381723200] CURRENT SERVICE STATE: omnmdk13h0-ny;PING;OK;HARD;1;PING OK - Packet loss = 0%, RTA = 0.49 ms
[1381723200] CURRENT SERVICE STATE: omnmdk14-ny;PING;OK;HARD;1;PING OK - Packet loss = 0%, RTA = 0.49 ms
[1381723200] CURRENT SERVICE STATE: omnmdk14h0-ny;PING;OK;HARD;1;PING OK - Packet loss = 0%, RTA = 0.53 ms
[1381723200] CURRENT SERVICE STATE: omnmdk15-ny;PING;OK;HARD;1;PING OK - Packet loss = 0%, RTA = 0.53 ms
[1381723200] CURRENT SERVICE STATE: omnmdk15h0-ny;PING;OK;HARD;1;PING OK - Packet loss = 0%, RTA = 0.53 ms
[1381723200] CURRENT SERVICE STATE: omnmdk16-ny;PING;OK;HARD;1;PING OK - Packet loss = 0%, RTA = 0.51 ms
[1381723200] CURRENT SERVICE STATE: omnmdk16h0-ny;PING;OK;HARD;1;PING OK - Packet loss = 0%, RTA = 0.57 ms
[1381723200] CURRENT SERVICE STATE: omnmdk17-ny;PING;OK;HARD;1;PING OK - Packet loss = 0%, RTA = 0.49 ms
[1381723200] CURRENT SERVICE STATE: omnmdk17h0-ny;PING;OK;HARD;1;PING OK - Packet loss = 0%, RTA = 0.52 ms
[1381723200] CURRENT SERVICE STATE: omnmdk18-ny;PING;OK;HARD;1;PING OK - Packet loss = 0%, RTA = 0.50 ms
[1381723200] CURRENT SERVICE STATE: omnmdk18h0-ny;PING;OK;HARD;1;PING OK - Packet loss = 0%, RTA = 0.50 ms
[1381723200] CURRENT SERVICE STATE: omnmdk19-ny;PING;OK;HARD;1;PING OK - Packet loss = 0%, RTA = 0.52 ms
[1381723200] CURRENT SERVICE STATE: omnmdk19h0-ny;PING;OK;HARD;1;PING OK - Packet loss = 0%, RTA = 0.53 ms
[1381723200] CURRENT SERVICE STATE: omnmgsm-ny;PING;OK;HARD;1;PING OK - Packet loss = 0%, RTA = 0.20 ms
[1381723200] CURRENT SERVICE STATE: omnspsm-ny;PING;OK;HARD;1;PING OK - Packet loss = 0%, RTA = 0.24 ms
[1381723200] CURRENT SERVICE STATE: rt-nycc3750tgr-ilo;PING;OK;HARD;1;PING OK - Packet loss = 0%, RTA = 0.64 ms
[1381723200] CURRENT SERVICE STATE: rt-nycc3750tgr-ms2;PING;OK;HARD;1;PING OK - Packet loss = 0%, RTA = 3.45 ms
[1381723200] CURRENT SERVICE STATE: rt-nyccfcp-1;PING;OK;HARD;1;PING OK - Packet loss = 0%, RTA = 0.83 ms
[1381723200] CURRENT SERVICE STATE: rt-nyccfcp-2;PING;OK;HARD;1;PING OK - Packet loss = 0%, RTA = 0.63 ms
[1381723200] CURRENT SERVICE STATE: rt-nycchdagg-a;PING;OK;HARD;1;PING OK - Packet loss = 0%, RTA = 1.90 ms
[1381723200] CURRENT SERVICE STATE: rt-nycchdagg-b;PING;OK;HARD;1;PING OK - Packet loss = 0%, RTA = 3.59 ms
[1381723200] CURRENT SERVICE STATE: rt-nyccmediagrid;PING;OK;HARD;1;PING OK - Packet loss = 0%, RTA = 0.46 ms
[1381723200] CURRENT SERVICE STATE: rt-nyccspectrum;PING;OK;HARD;1;PING OK - Packet loss = 0%, RTA = 0.54 ms
[1381723200] CURRENT SERVICE STATE: spider;PING;OK;HARD;1;PING OK - Packet loss = 0%, RTA = 0.31 ms
[1381723200] CURRENT SERVICE STATE: wdchd001;PING;CRITICAL;HARD;3;PING CRITICAL - Packet loss = 100%
[1381723200] CURRENT SERVICE STATE: wdchd002;PING;CRITICAL;HARD;3;PING CRITICAL - Packet loss = 100%
[1381723200] CURRENT SERVICE STATE: wdchd003;PING;OK;HARD;1;PING OK - Packet loss = 0%, RTA = 6.53 ms
[1381723200] CURRENT SERVICE STATE: wdchd004;PING;OK;HARD;1;PING OK - Packet loss = 0%, RTA = 6.57 ms
[1381723200] CURRENT SERVICE STATE: wdchd005;PING;CRITICAL;HARD;3;PING CRITICAL - Packet loss = 100%
[1381723200] CURRENT SERVICE STATE: wdchd006;PING;CRITICAL;HARD;3;PING CRITICAL - Packet loss = 100%
[1381723200] CURRENT SERVICE STATE: wdchd007;PING;CRITICAL;HARD;3;PING CRITICAL - Packet loss = 100%
[1381723200] CURRENT SERVICE STATE: wdchd008;PING;OK;HARD;1;PING OK - Packet loss = 0%, RTA = 6.68 ms
[1381723200] CURRENT SERVICE STATE: wdchd009;PING;CRITICAL;HARD;3;PING CRITICAL - Packet loss = 100%
[1381723200] CURRENT SERVICE STATE: wdchd010;PING;CRITICAL;HARD;3;PING CRITICAL - Packet loss = 100%
[1381723200] CURRENT SERVICE STATE: wdchd011;PING;CRITICAL;HARD;3;PING CRITICAL - Packet loss = 100%
[1381723200] CURRENT SERVICE STATE: wdchd012;PING;CRITICAL;HARD;3;PING CRITICAL - Packet loss = 100%
[1381723200] CURRENT SERVICE STATE: wdchd013;PING;CRITICAL;HARD;3;PING CRITICAL - Packet loss = 100%
[1381723200] CURRENT SERVICE STATE: wdchd014;PING;CRITICAL;HARD;3;PING CRITICAL - Packet loss = 100%
[1381723200] CURRENT SERVICE STATE: wdchd015;PING;CRITICAL;HARD;3;PING CRITICAL - Packet loss = 100%
[1381723200] CURRENT SERVICE STATE: wdchd016;PING;OK;HARD;1;PING OK - Packet loss = 0%, RTA = 6.52 ms
[1381723200] CURRENT SERVICE STATE: wdchd017;PING;CRITICAL;HARD;3;PING CRITICAL - Packet loss = 100%
[1381723200] CURRENT SERVICE STATE: wdchd018;PING;CRITICAL;HARD;3;PING CRITICAL - Packet loss = 100%
[1381723200] CURRENT SERVICE STATE: wdchd019;PING;CRITICAL;HARD;3;PING CRITICAL - Packet loss = 100%
[1381723200] CURRENT SERVICE STATE: wdchd020;PING;CRITICAL;HARD;3;PING CRITICAL - Packet loss = 100%
[1381723200] CURRENT SERVICE STATE: wdchd021;PING;CRITICAL;HARD;3;PING CRITICAL - Packet loss = 100%
[1381723200] CURRENT SERVICE STATE: wdchd022;PING;CRITICAL;HARD;3;PING CRITICAL - Packet loss = 100%
[1381723200] CURRENT SERVICE STATE: wdchd023;PING;CRITICAL;HARD;3;PING CRITICAL - Packet loss = 100%
[1381723200] CURRENT SERVICE STATE: wdchd024;PING;OK;HARD;1;PING OK - Packet loss = 0%, RTA = 6.59 ms
[1381723200] CURRENT SERVICE STATE: wdchd025;PING;OK;HARD;1;PING OK - Packet loss = 0%, RTA = 6.80 ms
[1381723200] CURRENT SERVICE STATE: wdchd026;PING;CRITICAL;HARD;3;PING CRITICAL - Packet loss = 100%
[1381723200] CURRENT SERVICE STATE: wdchd027;PING;OK;HARD;1;PING OK - Packet loss = 0%, RTA = 6.62 ms
[1381723200] CURRENT SERVICE STATE: wdchd028;PING;CRITICAL;HARD;3;PING CRITICAL - Packet loss = 100%
[1381723200] CURRENT SERVICE STATE: wdchd029;PING;OK;HARD;1;PING OK - Packet loss = 0%, RTA = 6.58 ms
[1381723200] CURRENT SERVICE STATE: wdchd030;PING;OK;HARD;1;PING OK - Packet loss = 0%, RTA = 6.64 ms
[1381723200] CURRENT SERVICE STATE: wdchd031;PING;OK;HARD;1;PING OK - Packet loss = 0%, RTA = 6.68 ms
[1381723200] CURRENT SERVICE STATE: wdcmd001;PING;OK;HARD;1;PING OK - Packet loss = 0%, RTA = 6.60 ms
[1381723200] CURRENT SERVICE STATE: wdcmd002;PING;OK;HARD;1;PING OK - Packet loss = 0%, RTA = 6.64 ms
[1381723200] CURRENT SERVICE STATE: wdcms001;PING;OK;HARD;1;PING OK - Packet loss = 0%, RTA = 6.56 ms
[1381723200] CURRENT SERVICE STATE: wdcms002;PING;OK;HARD;1;PING OK - Packet loss = 0%, RTA = 6.61 ms
[1381723200] CURRENT SERVICE STATE: wdcms003;PING;OK;HARD;1;PING OK - Packet loss = 0%, RTA = 6.64 ms
[1381723200] CURRENT SERVICE STATE: wdcod001;PING;OK;HARD;1;PING OK - Packet loss = 0%, RTA = 6.68 ms
[1381723200] CURRENT SERVICE STATE: wdcod002;PING;OK;HARD;1;PING OK - Packet loss = 0%, RTA = 6.68 ms
[1381723200] CURRENT SERVICE STATE: wdcod01;PING;OK;HARD;1;PING OK - Packet loss = 0%, RTA = 6.47 ms
[1381723200] CURRENT SERVICE STATE: wdcod02;PING;OK;HARD;1;PING OK - Packet loss = 0%, RTA = 6.49 ms
[1381723200] CURRENT SERVICE STATE: wdcpf001;PING;OK;HARD;1;PING OK - Packet loss = 0%, RTA = 6.64 ms
[1381723200] CURRENT SERVICE STATE: wdcpf002;PING;OK;HARD;1;PING OK - Packet loss = 0%, RTA = 6.64 ms
[1381723200] CURRENT SERVICE STATE: wdcpf03;PING;OK;HARD;1;PING OK - Packet loss = 0%, RTA = 6.40 ms
[1381723200] CURRENT SERVICE STATE: wdcps001;PING;OK;HARD;1;PING OK - Packet loss = 0%, RTA = 6.57 ms
[1381723200] CURRENT SERVICE STATE: wdcps002;PING;OK;HARD;1;PING OK - Packet loss = 0%, RTA = 6.54 ms
[1381723200] CURRENT SERVICE STATE: wdcps003;PING;OK;HARD;1;PING OK - Packet loss = 0%, RTA = 6.54 ms
[1381723200] CURRENT SERVICE STATE: wdcps004;PING;OK;HARD;1;PING OK - Packet loss = 0%, RTA = 6.52 ms
[1381723270] Auto-save of retention data completed successfully.
[1381726870] Auto-save of retention data completed successfully.
[1381727640] SERVICE ALERT: wdcps003;PING;CRITICAL;SOFT;1;PING CRITICAL - Packet loss = 100%
[1381727680] HOST ALERT: wdcps003;DOWN;SOFT;1;(Host Check Timed Out)
[1381727700] SERVICE ALERT: wdcps003;PING;OK;SOFT;2;PING OK - Packet loss = 0%, RTA = 6.66 ms
[1381727710] HOST ALERT: wdcps003;UP;SOFT;2;PING OK - Packet loss = 0%, RTA = 6.63 ms
[1381730470] Auto-save of retention data completed successfully.
[1381734070] Auto-save of retention data completed successfully.
[1381737670] Auto-save of retention data completed successfully.
[1381741270] Auto-save of retention data completed successfully.
[1381744870] Auto-save of retention data completed successfully.
[1381748470] Auto-save of retention data completed successfully.
[1381752070] Auto-save of retention data completed successfully.
[1381755120] SERVICE ALERT: msny;MS2 - Grid B Mount;CRITICAL;SOFT;1;CRITICAL - Plugin timed out after 10 seconds
[1381755120] SERVICE ALERT: msny;MS2 - Grid A Mount;CRITICAL;SOFT;1;CRITICAL - Plugin timed out after 10 seconds
[1381755120] SERVICE ALERT: msny;IMQ Depth Check - Internal GF Queues;CRITICAL;SOFT;1;CRITICAL - Plugin timed out after 10 seconds
[1381755170] SERVICE ALERT: nycnn-ms2db2;Disk Space on /oracle;CRITICAL;SOFT;1;(Service Check Timed Out)
[1381755170] SERVICE ALERT: nycnn-ms2db3;Disk Space on /oracle;CRITICAL;SOFT;1;(Service Check Timed Out)
[1381755170] SERVICE ALERT: nycnn-ms2db1;Disk Space on /oracle;CRITICAL;SOFT;1;(Service Check Timed Out)
[1381755180] SERVICE ALERT: msny;MS2 - Grid B Mount;CRITICAL;SOFT;2;CRITICAL - Plugin timed out after 10 seconds
[1381755180] SERVICE ALERT: msny;MS2 - Grid A Mount;CRITICAL;SOFT;2;CRITICAL - Plugin timed out after 10 seconds
[1381755180] SERVICE ALERT: msny;IMQ Depth Check - Internal GF Queues;CRITICAL;SOFT;2;CRITICAL - Plugin timed out after 10 seconds
[1381755230] SERVICE ALERT: nycnn-ms2db2;Disk Space on /oracle;CRITICAL;SOFT;2;(Service Check Timed Out)
[1381755230] SERVICE ALERT: nycnn-ms2db3;Disk Space on /oracle;CRITICAL;SOFT;2;(Service Check Timed Out)
[1381755230] SERVICE ALERT: nycnn-ms2db1;Disk Space on /oracle;CRITICAL;SOFT;2;(Service Check Timed Out)
[1381755240] SERVICE ALERT: msny;MS2 - Grid B Mount;CRITICAL;HARD;3;CRITICAL - Plugin timed out after 10 seconds
[1381755240] SERVICE NOTIFICATION: winadmin;msny;MS2 - Grid B Mount;CRITICAL;notify-service-by-email;CRITICAL - Plugin timed out after 10 seconds
[1381755248] SERVICE NOTIFICATION: unixadmin;msny;MS2 - Grid B Mount;CRITICAL;notify-service-by-email;CRITICAL - Plugin timed out after 10 seconds
[1381755254] SERVICE NOTIFICATION: feedsadmin;msny;MS2 - Grid B Mount;CRITICAL;notify-service-by-email;CRITICAL - Plugin timed out after 10 seconds
[1381755260] SERVICE ALERT: msny;MS2 - Grid A Mount;CRITICAL;HARD;3;CRITICAL - Plugin timed out after 10 seconds
[1381755260] SERVICE NOTIFICATION: winadmin;msny;MS2 - Grid A Mount;CRITICAL;notify-service-by-email;CRITICAL - Plugin timed out after 10 seconds
[1381755266] SERVICE NOTIFICATION: unixadmin;msny;MS2 - Grid A Mount;CRITICAL;notify-service-by-email;CRITICAL - Plugin timed out after 10 seconds
[1381755272] SERVICE NOTIFICATION: feedsadmin;msny;MS2 - Grid A Mount;CRITICAL;notify-service-by-email;CRITICAL - Plugin timed out after 10 seconds
[1381755278] SERVICE ALERT: msny;IMQ Depth Check - Internal GF Queues;CRITICAL;HARD;3;CRITICAL - Plugin timed out after 10 seconds
[1381755278] SERVICE NOTIFICATION: winadmin;msny;IMQ Depth Check - Internal GF Queues;CRITICAL;notify-service-by-email;CRITICAL - Plugin timed out after 10 seconds
[1381755284] SERVICE NOTIFICATION: unixadmin;msny;IMQ Depth Check - Internal GF Queues;CRITICAL;notify-service-by-email;CRITICAL - Plugin timed out after 10 seconds
[1381755290] SERVICE NOTIFICATION: feedsadmin;msny;IMQ Depth Check - Internal GF Queues;CRITICAL;notify-service-by-email;CRITICAL - Plugin timed out after 10 seconds
[1381755296] SERVICE ALERT: nycnn-ms2db2;Disk Space on /oracle;CRITICAL;HARD;3;(Service Check Timed Out)
[1381755296] SERVICE NOTIFICATION: feedsadmin;nycnn-ms2db2;Disk Space on /oracle;CRITICAL;notify-service-by-email;(Service Check Timed Out)
[1381755302] SERVICE NOTIFICATION: unixadmin;nycnn-ms2db2;Disk Space on /oracle;CRITICAL;notify-service-by-email;(Service Check Timed Out)
[1381755308] SERVICE ALERT: nycnn-ms2db3;Disk Space on /oracle;CRITICAL;HARD;3;(Service Check Timed Out)
[1381755308] SERVICE NOTIFICATION: feedsadmin;nycnn-ms2db3;Disk Space on /oracle;CRITICAL;notify-service-by-email;(Service Check Timed Out)
[1381755315] SERVICE NOTIFICATION: unixadmin;nycnn-ms2db3;Disk Space on /oracle;CRITICAL;notify-service-by-email;(Service Check Timed Out)
[1381755321] SERVICE ALERT: nycnn-ms2db1;Disk Space on /oracle;CRITICAL;HARD;3;(Service Check Timed Out)
[1381755321] SERVICE NOTIFICATION: feedsadmin;nycnn-ms2db1;Disk Space on /oracle;CRITICAL;notify-service-by-email;(Service Check Timed Out)
[1381755329] SERVICE NOTIFICATION: unixadmin;nycnn-ms2db1;Disk Space on /oracle;CRITICAL;notify-service-by-email;(Service Check Timed Out)
[1381755345] SERVICE ALERT: localhost;Total Processes;CRITICAL;SOFT;1;PROCS CRITICAL: 1021 processes with STATE = RSZDT
[1381755405] SERVICE ALERT: localhost;Total Processes;CRITICAL;SOFT;2;PROCS CRITICAL: 409 processes with STATE = RSZDT
[1381755465] SERVICE ALERT: localhost;Total Processes;CRITICAL;SOFT;3;PROCS CRITICAL: 408 processes with STATE = RSZDT
[1381755525] SERVICE ALERT: localhost;Total Processes;CRITICAL;HARD;4;PROCS CRITICAL: 408 processes with STATE = RSZDT
[1381755525] SERVICE NOTIFICATION: unixadmin;localhost;Total Processes;CRITICAL;notify-service-by-email;PROCS CRITICAL: 408 processes with STATE = RSZDT
[1381755635] SERVICE ALERT: nycnn-ms2db1;Disk Space on /oracle;OK;HARD;3;DISK OK - free space: /oracle 904228 MB (92% inode=99%):
[1381755635] SERVICE NOTIFICATION: feedsadmin;nycnn-ms2db1;Disk Space on /oracle;OK;notify-service-by-email;DISK OK - free space: /oracle 904228 MB (92% inode=99%):
[1381755637] SERVICE NOTIFICATION: unixadmin;nycnn-ms2db1;Disk Space on /oracle;OK;notify-service-by-email;DISK OK - free space: /oracle 904228 MB (92% inode=99%):
[1381755645] SERVICE ALERT: nycnn-ms2db2;Disk Space on /oracle;OK;HARD;3;DISK OK - free space: /oracle 806074 MB (82% inode=99%):
[1381755645] SERVICE NOTIFICATION: feedsadmin;nycnn-ms2db2;Disk Space on /oracle;OK;notify-service-by-email;DISK OK - free space: /oracle 806074 MB (82% inode=99%):
[1381755647] SERVICE NOTIFICATION: unixadmin;nycnn-ms2db2;Disk Space on /oracle;OK;notify-service-by-email;DISK OK - free space: /oracle 806074 MB (82% inode=99%):
[1381755651] SERVICE ALERT: nycnn-ms2db3;Disk Space on /oracle;OK;HARD;3;DISK OK - free space: /oracle 865539 MB (88% inode=99%):
[1381755651] SERVICE NOTIFICATION: feedsadmin;nycnn-ms2db3;Disk Space on /oracle;OK;notify-service-by-email;DISK OK - free space: /oracle 865539 MB (88% inode=99%):
[1381755655] SERVICE NOTIFICATION: unixadmin;nycnn-ms2db3;Disk Space on /oracle;OK;notify-service-by-email;DISK OK - free space: /oracle 865539 MB (88% inode=99%):
[1381755659] SERVICE ALERT: msny;MS2 - Grid B Mount;OK;HARD;3;OK - File /Volumes/GridB/Temp/.gridbmounted seems fine.
[1381755659] SERVICE NOTIFICATION: winadmin;msny;MS2 - Grid B Mount;OK;notify-service-by-email;OK - File /Volumes/GridB/Temp/.gridbmounted seems fine.
[1381755663] SERVICE NOTIFICATION: unixadmin;msny;MS2 - Grid B Mount;OK;notify-service-by-email;OK - File /Volumes/GridB/Temp/.gridbmounted seems fine.
[1381755669] SERVICE NOTIFICATION: feedsadmin;msny;MS2 - Grid B Mount;OK;notify-service-by-email;OK - File /Volumes/GridB/Temp/.gridbmounted seems fine.
[1381755670] SERVICE ALERT: msny;MS2 - Grid A Mount;OK;HARD;3;OK - File /Volumes/GridA/Temp/.gridamounted seems fine.
[1381755670] SERVICE NOTIFICATION: winadmin;msny;MS2 - Grid A Mount;OK;notify-service-by-email;OK - File /Volumes/GridA/Temp/.gridamounted seems fine.
[1381755670] SERVICE NOTIFICATION: unixadmin;msny;MS2 - Grid A Mount;OK;notify-service-by-email;OK - File /Volumes/GridA/Temp/.gridamounted seems fine.
[1381755670] SERVICE NOTIFICATION: feedsadmin;msny;MS2 - Grid A Mount;OK;notify-service-by-email;OK - File /Volumes/GridA/Temp/.gridamounted seems fine.
[1381755670] SERVICE ALERT: msny;IMQ Depth Check - Internal GF Queues;OK;HARD;3;OK: all MS2_EVENT queues have depth 0 or less, all MS2_EVENT queues in RUNNING state
[1381755670] SERVICE NOTIFICATION: winadmin;msny;IMQ Depth Check - Internal GF Queues;OK;notify-service-by-email;OK: all MS2_EVENT queues have depth 0 or less, all MS2_EVENT queues in RUNNING state
[1381755670] SERVICE NOTIFICATION: unixadmin;msny;IMQ Depth Check - Internal GF Queues;OK;notify-service-by-email;OK: all MS2_EVENT queues have depth 0 or less, all MS2_EVENT queues in RUNNING state
[1381755670] SERVICE NOTIFICATION: feedsadmin;msny;IMQ Depth Check - Internal GF Queues;OK;notify-service-by-email;OK: all MS2_EVENT queues have depth 0 or less, all MS2_EVENT queues in RUNNING state
[1381755670] Auto-save of retention data completed successfully.
[1381755820] SERVICE ALERT: localhost;Total Processes;OK;HARD;4;PROCS OK: 64 processes with STATE = RSZDT
[1381755820] SERVICE NOTIFICATION: unixadmin;localhost;Total Processes;OK;notify-service-by-email;PROCS OK: 64 processes with STATE = RSZDT
[1381759270] Auto-save of retention data completed successfully.
[1381762870] Auto-save of retention data completed successfully.
[1381766470] Auto-save of retention data completed successfully.
[1381770070] Auto-save of retention data completed successfully.
[1381773670] Auto-save of retention data completed successfully.
[1381776760] SERVICE ALERT: nycnn-adbeame2;AME Job status;CRITICAL;SOFT;1;Job 09617184 remains in a queued state
[1381776820] SERVICE ALERT: nycnn-adbeame2;AME Job status;OK;SOFT;2;AME is idle:
[1381777270] Auto-save of retention data completed successfully.
[1381779230] SERVICE ALERT: nycnn-adbeame6;AME Job status;CRITICAL;SOFT;1;Job 09620416 remains in a queued state
[1381779290] SERVICE ALERT: nycnn-adbeame6;AME Job status;OK;SOFT;2;Job 09620416 progress is  21.72 :
[1381780204] Caught SIGHUP, restarting...
[1381780205] Nagios 3.3.1 starting... (PID=5157)
[1381780205] Local time is Mon Oct 14 15:50:05 EDT 2013
[1381780205] LOG VERSION: 2.0
[1381780205] Warning: Host 'nycnn-arapp2' has no services associated with it!
[1381780205] Warning: Host 'nycnn-ardb1' has no services associated with it!
[1381780205] Warning: Host 'nycnn-ardb2' has no services associated with it!
[1381780205] Warning: Host 'nycnn-arvtrmops' has no services associated with it!
[1381780205] Warning: Host 'nycnn-arxlator2' has no services associated with it!
[1381780205] Warning: Host 'nycnn-arxlator3' has no services associated with it!
[1381780205] Warning: Host 'nycnn-arxlator4' has no services associated with it!
[1381780295] SERVICE ALERT: nycnn-ms2app4;Memory Usage;CRITICAL;SOFT;1;Connection refused
[1381780355] SERVICE ALERT: nycnn-ms2app4;Memory Usage;CRITICAL;SOFT;2;Connection refused
[1381780408] EXTERNAL COMMAND: DISABLE_SVC_NOTIFICATIONS;nycnn-ms2app4;Memory Usage
[1381780415] SERVICE ALERT: nycnn-ms2app4;Memory Usage;CRITICAL;HARD;3;Connection refused
[1381780496] Caught SIGHUP, restarting...
[1381780496] Nagios 3.3.1 starting... (PID=5157)
[1381780496] Local time is Mon Oct 14 15:54:56 EDT 2013
[1381780496] LOG VERSION: 2.0
[1381780496] Warning: Host 'nycnn-arapp2' has no services associated with it!
[1381780496] Warning: Host 'nycnn-ardb1' has no services associated with it!
[1381780496] Warning: Host 'nycnn-ardb2' has no services associated with it!
[1381780496] Warning: Host 'nycnn-arvtrmops' has no services associated with it!
[1381780496] Warning: Host 'nycnn-arxlator2' has no services associated with it!
[1381780496] Warning: Host 'nycnn-arxlator3' has no services associated with it!
[1381780496] Warning: Host 'nycnn-arxlator4' has no services associated with it!
[1381780533] EXTERNAL COMMAND: DISABLE_SVC_NOTIFICATIONS;nycnn-ms2app3;Memory Usage
[1381780586] SERVICE ALERT: msny;Memory Usage;CRITICAL;SOFT;1;Connection refused
[1381780586] SERVICE ALERT: nycnn-ms2app3;Memory Usage;CRITICAL;SOFT;1;Connection refused
[1381780586] SERVICE ALERT: nycnn-ms2stills1;Memory Usage;CRITICAL;SOFT;1;Connection refused
[1381780586] SERVICE ALERT: nycnn-ms2stills2;Memory Usage;CRITICAL;SOFT;1;Connection refused
[1381780646] SERVICE ALERT: msny;Memory Usage;CRITICAL;SOFT;2;Connection refused
[1381780646] SERVICE ALERT: nycnn-ms2app3;Memory Usage;CRITICAL;SOFT;2;Connection refused
[1381780646] SERVICE ALERT: nycnn-ms2stills1;Memory Usage;CRITICAL;SOFT;2;Connection refused
[1381780646] SERVICE ALERT: nycnn-ms2stills2;Memory Usage;CRITICAL;SOFT;2;Connection refused
[1381780706] SERVICE ALERT: msny;Memory Usage;CRITICAL;HARD;3;Connection refused
[1381780706] SERVICE NOTIFICATION: feedsadmin;msny;Memory Usage;CRITICAL;notify-service-by-email;Connection refused
[1381780706] SERVICE NOTIFICATION: unixadmin;msny;Memory Usage;CRITICAL;notify-service-by-email;Connection refused
[1381780706] SERVICE ALERT: nycnn-ms2app3;Memory Usage;CRITICAL;HARD;3;Connection refused
[1381780706] SERVICE ALERT: nycnn-ms2stills1;Memory Usage;CRITICAL;HARD;3;Connection refused
[1381780706] SERVICE NOTIFICATION: feedsadmin;nycnn-ms2stills1;Memory Usage;CRITICAL;notify-service-by-email;Connection refused
[1381780706] SERVICE NOTIFICATION: unixadmin;nycnn-ms2stills1;Memory Usage;CRITICAL;notify-service-by-email;Connection refused
[1381780706] SERVICE ALERT: nycnn-ms2stills2;Memory Usage;CRITICAL;HARD;3;Connection refused
[1381780706] SERVICE NOTIFICATION: feedsadmin;nycnn-ms2stills2;Memory Usage;CRITICAL;notify-service-by-email;Connection refused
[1381780706] SERVICE NOTIFICATION: unixadmin;nycnn-ms2stills2;Memory Usage;CRITICAL;notify-service-by-email;Connection refused
[1381780997] Caught SIGHUP, restarting...
[1381780997] Nagios 3.3.1 starting... (PID=5157)
[1381780997] Local time is Mon Oct 14 16:03:17 EDT 2013
[1381780997] LOG VERSION: 2.0
[1381780997] Warning: Host 'nycnn-arapp2' has no services associated with it!
[1381780997] Warning: Host 'nycnn-ardb1' has no services associated with it!
[1381780997] Warning: Host 'nycnn-ardb2' has no services associated with it!
[1381780997] Warning: Host 'nycnn-arvtrmops' has no services associated with it!
[1381780997] Warning: Host 'nycnn-arxlator2' has no services associated with it!
[1381780997] Warning: Host 'nycnn-arxlator3' has no services associated with it!
[1381780997] Warning: Host 'nycnn-arxlator4' has no services associated with it!
[1381781087] SERVICE ALERT: nycnn-adbeame6;AME Job status;CRITICAL;SOFT;1;Job 09620382 remains in a queued state
[1381781147] SERVICE ALERT: nycnn-adbeame6;AME Job status;OK;SOFT;2;Job 09620382 progress is  39.85 :
[1381783213] Caught SIGHUP, restarting...
[1381783213] Nagios 3.3.1 starting... (PID=5157)
[1381783213] Local time is Mon Oct 14 16:40:13 EDT 2013
[1381783213] LOG VERSION: 2.0
[1381783213] Warning: Host 'nycnn-arapp2' has no services associated with it!
[1381783213] Warning: Host 'nycnn-ardb1' has no services associated with it!
[1381783213] Warning: Host 'nycnn-ardb2' has no services associated with it!
[1381783213] Warning: Host 'nycnn-arvtrmops' has no services associated with it!
[1381783213] Warning: Host 'nycnn-arxlator2' has no services associated with it!
[1381783213] Warning: Host 'nycnn-arxlator3' has no services associated with it!
[1381783213] Warning: Host 'nycnn-arxlator4' has no services associated with it!
[1381786083] Caught SIGHUP, restarting...
[1381786083] Nagios 3.3.1 starting... (PID=5157)
[1381786083] Local time is Mon Oct 14 17:28:03 EDT 2013
[1381786083] LOG VERSION: 2.0
[1381786083] Warning: Host 'nycnn-arapp2' has no services associated with it!
[1381786083] Warning: Host 'nycnn-ardb1' has no services associated with it!
[1381786083] Warning: Host 'nycnn-ardb2' has no services associated with it!
[1381786083] Warning: Host 'nycnn-arvtrmops' has no services associated with it!
[1381786083] Warning: Host 'nycnn-arxlator2' has no services associated with it!
[1381786083] Warning: Host 'nycnn-arxlator3' has no services associated with it!
[1381786083] Warning: Host 'nycnn-arxlator4' has no services associated with it!
[1381786111] EXTERNAL COMMAND: DISABLE_SVC_NOTIFICATIONS;nycnn-ms2app4;GridA_Render_Folder_Count
[1381786273] SERVICE ALERT: nycnn-ms2app4;GridA_Render_Folder_Count;UNKNOWN;SOFT;1;Grid A UNKNOWN: Cannot determine value
[1381786393] SERVICE ALERT: nycnn-ms2app4;GridA_Render_Folder_Count;UNKNOWN;SOFT;2;Grid A UNKNOWN: Cannot determine value
[1381786513] SERVICE ALERT: nycnn-ms2app4;GridA_Render_Folder_Count;UNKNOWN;SOFT;3;Grid A UNKNOWN: Cannot determine value
[1381786633] SERVICE ALERT: nycnn-ms2app4;GridA_Render_Folder_Count;UNKNOWN;HARD;4;Grid A UNKNOWN: Cannot determine value
[1381787341] Caught SIGHUP, restarting...
[1381787341] Nagios 3.3.1 starting... (PID=5157)
[1381787341] Local time is Mon Oct 14 17:49:01 EDT 2013
[1381787341] LOG VERSION: 2.0
[1381787341] Warning: Host 'nycnn-arapp2' has no services associated with it!
[1381787341] Warning: Host 'nycnn-ardb1' has no services associated with it!
[1381787341] Warning: Host 'nycnn-ardb2' has no services associated with it!
[1381787341] Warning: Host 'nycnn-arvtrmops' has no services associated with it!
[1381787341] Warning: Host 'nycnn-arxlator2' has no services associated with it!
[1381787341] Warning: Host 'nycnn-arxlator3' has no services associated with it!
[1381787341] Warning: Host 'nycnn-arxlator4' has no services associated with it!
[1381787753] Caught SIGHUP, restarting...
[1381787753] Nagios 3.3.1 starting... (PID=5157)
[1381787753] Local time is Mon Oct 14 17:55:53 EDT 2013
[1381787753] LOG VERSION: 2.0
[1381787753] Warning: Host 'nycnn-arapp2' has no services associated with it!
[1381787753] Warning: Host 'nycnn-ardb1' has no services associated with it!
[1381787753] Warning: Host 'nycnn-ardb2' has no services associated with it!
[1381787753] Warning: Host 'nycnn-arvtrmops' has no services associated with it!
[1381787753] Warning: Host 'nycnn-arxlator2' has no services associated with it!
[1381787753] Warning: Host 'nycnn-arxlator3' has no services associated with it!
[1381787753] Warning: Host 'nycnn-arxlator4' has no services associated with it!
[1381788223] SERVICE ALERT: localhost;Total Processes;WARNING;SOFT;1;PROCS WARNING: 301 processes with STATE = RSZDT
[1381788283] SERVICE ALERT: localhost;Total Processes;OK;SOFT;2;PROCS OK: 76 processes with STATE = RSZDT
[1381788657] Caught SIGHUP, restarting...
[1381788657] Nagios 3.3.1 starting... (PID=5157)
[1381788657] Local time is Mon Oct 14 18:10:57 EDT 2013
[1381788657] LOG VERSION: 2.0
[1381788657] Warning: Host 'nycnn-arapp2' has no services associated with it!
[1381788657] Warning: Host 'nycnn-ardb1' has no services associated with it!
[1381788657] Warning: Host 'nycnn-ardb2' has no services associated with it!
[1381788657] Warning: Host 'nycnn-arvtrmops' has no services associated with it!
[1381788657] Warning: Host 'nycnn-arxlator2' has no services associated with it!
[1381788657] Warning: Host 'nycnn-arxlator3' has no services associated with it!
[1381788657] Warning: Host 'nycnn-arxlator4' has no services associated with it!
[1381789193] Caught SIGHUP, restarting...
[1381789193] Nagios 3.3.1 starting... (PID=5157)
[1381789193] Local time is Mon Oct 14 18:19:53 EDT 2013
[1381789193] LOG VERSION: 2.0
[1381789193] Warning: Host 'nycnn-arapp2' has no services associated with it!
[1381789193] Warning: Host 'nycnn-ardb1' has no services associated with it!
[1381789193] Warning: Host 'nycnn-ardb2' has no services associated with it!
[1381789193] Warning: Host 'nycnn-arvtrmops' has no services associated with it!
[1381789193] Warning: Host 'nycnn-arxlator2' has no services associated with it!
[1381789193] Warning: Host 'nycnn-arxlator3' has no services associated with it!
[1381789193] Warning: Host 'nycnn-arxlator4' has no services associated with it!
[1381789772] Caught SIGHUP, restarting...
[1381789772] Nagios 3.3.1 starting... (PID=5157)
[1381789772] Local time is Mon Oct 14 18:29:32 EDT 2013
[1381789772] LOG VERSION: 2.0
[1381789772] Warning: Host 'nycnn-arapp2' has no services associated with it!
[1381789772] Warning: Host 'nycnn-ardb1' has no services associated with it!
[1381789772] Warning: Host 'nycnn-ardb2' has no services associated with it!
[1381789772] Warning: Host 'nycnn-arvtrmops' has no services associated with it!
[1381789772] Warning: Host 'nycnn-arxlator2' has no services associated with it!
[1381789772] Warning: Host 'nycnn-arxlator3' has no services associated with it!
[1381789772] Warning: Host 'nycnn-arxlator4' has no services associated with it!
[1381789850] Caught SIGHUP, restarting...
[1381789850] Nagios 3.3.1 starting... (PID=5157)
[1381789850] Local time is Mon Oct 14 18:30:50 EDT 2013
[1381789850] LOG VERSION: 2.0
[1381789850] Warning: Host 'nycnn-arapp2' has no services associated with it!
[1381789850] Warning: Host 'nycnn-ardb1' has no services associated with it!
[1381789850] Warning: Host 'nycnn-ardb2' has no services associated with it!
[1381789850] Warning: Host 'nycnn-arvtrmops' has no services associated with it!
[1381789850] Warning: Host 'nycnn-arxlator2' has no services associated with it!
[1381789850] Warning: Host 'nycnn-arxlator3' has no services associated with it!
[1381789850] Warning: Host 'nycnn-arxlator4' has no services associated with it!
[1381789911] Caught SIGHUP, restarting...
[1381789911] Nagios 3.3.1 starting... (PID=5157)
[1381789911] Local time is Mon Oct 14 18:31:51 EDT 2013
[1381789911] LOG VERSION: 2.0
[1381789911] Warning: Host 'nycnn-arapp2' has no services associated with it!
[1381789911] Warning: Host 'nycnn-ardb1' has no services associated with it!
[1381789911] Warning: Host 'nycnn-ardb2' has no services associated with it!
[1381789911] Warning: Host 'nycnn-arvtrmops' has no services associated with it!
[1381789911] Warning: Host 'nycnn-arxlator2' has no services associated with it!
[1381789911] Warning: Host 'nycnn-arxlator3' has no services associated with it!
[1381789911] Warning: Host 'nycnn-arxlator4' has no services associated with it!
[1381790101] SERVICE ALERT: nycnn-ms2app4;GridA_Render_Folder_Count;UNKNOWN;SOFT;1;Grid A UNKNOWN: Cannot determine value
[1381790221] SERVICE ALERT: nycnn-ms2app4;GridA_Render_Folder_Count;UNKNOWN;SOFT;2;Grid A UNKNOWN: Cannot determine value
[1381790230] EXTERNAL COMMAND: DISABLE_SVC_NOTIFICATIONS;nycnn-ms2app4;GridA_Render_Folder_Count
[1381790341] SERVICE ALERT: nycnn-ms2app4;GridA_Render_Folder_Count;UNKNOWN;SOFT;3;Grid A UNKNOWN: Cannot determine value
[1381790461] SERVICE ALERT: nycnn-ms2app4;GridA_Render_Folder_Count;UNKNOWN;HARD;4;Grid A UNKNOWN: Cannot determine value
[1381790879] Caught SIGHUP, restarting...
[1381790879] Nagios 3.3.1 starting... (PID=5157)
[1381790879] Local time is Mon Oct 14 18:47:59 EDT 2013
[1381790879] LOG VERSION: 2.0
[1381790879] Warning: Host 'nycnn-arapp2' has no services associated with it!
[1381790879] Warning: Host 'nycnn-ardb1' has no services associated with it!
[1381790879] Warning: Host 'nycnn-ardb2' has no services associated with it!
[1381790879] Warning: Host 'nycnn-arvtrmops' has no services associated with it!
[1381790879] Warning: Host 'nycnn-arxlator2' has no services associated with it!
[1381790879] Warning: Host 'nycnn-arxlator3' has no services associated with it!
[1381790879] Warning: Host 'nycnn-arxlator4' has no services associated with it!
[1381790937] Caught SIGHUP, restarting...
[1381790937] Nagios 3.3.1 starting... (PID=5157)
[1381790937] Local time is Mon Oct 14 18:48:57 EDT 2013
[1381790937] LOG VERSION: 2.0
[1381790937] Warning: Host 'nycnn-arapp2' has no services associated with it!
[1381790937] Warning: Host 'nycnn-ardb1' has no services associated with it!
[1381790937] Warning: Host 'nycnn-ardb2' has no services associated with it!
[1381790937] Warning: Host 'nycnn-arvtrmops' has no services associated with it!
[1381790937] Warning: Host 'nycnn-arxlator2' has no services associated with it!
[1381790937] Warning: Host 'nycnn-arxlator3' has no services associated with it!
[1381790937] Warning: Host 'nycnn-arxlator4' has no services associated with it!
[1381791177] SERVICE ALERT: nycnn-ms2app3;GridA_Render_Folder_Count;UNKNOWN;SOFT;1;COMMAND LINE SYNTAX ERROR: Invalid Grid specified
[1381791297] SERVICE ALERT: nycnn-ms2app3;GridA_Render_Folder_Count;UNKNOWN;SOFT;2;COMMAND LINE SYNTAX ERROR: Invalid Grid specified
[1381791417] SERVICE ALERT: nycnn-ms2app3;GridA_Render_Folder_Count;UNKNOWN;SOFT;3;COMMAND LINE SYNTAX ERROR: Invalid Grid specified
[1381791489] EXTERNAL COMMAND: DISABLE_SVC_NOTIFICATIONS;nycnn-ms2app3;GridA_Render_Folder_Count
[1381791537] SERVICE ALERT: nycnn-ms2app3;GridA_Render_Folder_Count;UNKNOWN;HARD;4;COMMAND LINE SYNTAX ERROR: Invalid Grid specified
[1381793937] SERVICE ALERT: nycnn-ipvx31;PING;CRITICAL;SOFT;1;PING CRITICAL - Packet loss = 100%
[1381793937] SERVICE ALERT: nycnn-ipvx31e1;PING;CRITICAL;SOFT;1;CRITICAL - Plugin timed out after 10 seconds
[1381793957] HOST ALERT: nycnn-ipvx31;DOWN;SOFT;1;(Host Check Timed Out)
[1381793957] HOST ALERT: nycnn-ipvx31e1;DOWN;SOFT;1;(Host Check Timed Out)
[1381793997] SERVICE ALERT: nycnn-ipvx31;PING;CRITICAL;HARD;2;PING CRITICAL - Packet loss = 100%
[1381793997] SERVICE ALERT: nycnn-ipvx31e1;PING;CRITICAL;HARD;2;PING CRITICAL - Packet loss = 100%
[1381794057] HOST ALERT: nycnn-ipvx31;DOWN;SOFT;2;(Host Check Timed Out)
[1381794057] HOST ALERT: nycnn-ipvx31e1;DOWN;SOFT;2;(Host Check Timed Out)
[1381794147] HOST ALERT: nycnn-ipvx31;DOWN;SOFT;3;(Host Check Timed Out)
[1381794157] HOST ALERT: nycnn-ipvx31e1;DOWN;SOFT;3;(Host Check Timed Out)
[1381794247] HOST ALERT: nycnn-ipvx31;DOWN;SOFT;4;(Host Check Timed Out)
[1381794257] HOST ALERT: nycnn-ipvx31e1;DOWN;SOFT;4;(Host Check Timed Out)
[1381794337] HOST ALERT: nycnn-ipvx31;DOWN;SOFT;5;(Host Check Timed Out)
[1381794357] HOST ALERT: nycnn-ipvx31e1;DOWN;SOFT;5;(Host Check Timed Out)
[1381794437] HOST ALERT: nycnn-ipvx31;DOWN;SOFT;6;(Host Check Timed Out)
[1381794457] HOST ALERT: nycnn-ipvx31e1;DOWN;SOFT;6;(Host Check Timed Out)
[1381794527] HOST ALERT: nycnn-ipvx31;DOWN;SOFT;7;(Host Check Timed Out)
[1381794537] Auto-save of retention data completed successfully.
[1381794547] HOST ALERT: nycnn-ipvx31e1;DOWN;SOFT;7;(Host Check Timed Out)
[1381794627] HOST ALERT: nycnn-ipvx31;DOWN;SOFT;8;(Host Check Timed Out)
[1381794627] HOST ALERT: nycnn-ipvx31e1;UP;SOFT;8;PING OK - Packet loss = 73%, RTA = 0.23 ms
[1381794647] SERVICE ALERT: nycnn-ipvx31;PING;OK;HARD;2;PING OK - Packet loss = 0%, RTA = 0.29 ms
[1381794647] SERVICE ALERT: nycnn-ipvx31e1;PING;OK;HARD;2;PING OK - Packet loss = 0%, RTA = 0.23 ms
[1381794657] HOST ALERT: nycnn-ipvx31;UP;SOFT;9;PING OK - Packet loss = 0%, RTA = 0.30 ms
[1381798137] Auto-save of retention data completed successfully.
[1381798367] SERVICE ALERT: nycnn-adbeame5;AME Job status;CRITICAL;SOFT;1;Job 09621260 remains in a queued state
[1381798427] SERVICE ALERT: nycnn-adbeame5;AME Job status;OK;SOFT;2;Job 09621260 progress is  76.81 :
[1381801737] Auto-save of retention data completed successfully.
[1381805337] Auto-save of retention data completed successfully.
[1381808937] Auto-save of retention data completed successfully.
