[1381896000] LOG ROTATION: DAILY
[1381896000] LOG VERSION: 2.0
[1381896000] CURRENT HOST STATE: deimos;UP;HARD;1;PING OK - Packet loss = 0%, RTA = 0.22 ms
[1381896000] CURRENT HOST STATE: localhost;UP;HARD;1;PING OK - Packet loss = 0%, RTA = 0.02 ms
[1381896000] CURRENT HOST STATE: msny;UP;HARD;1;PING OK - Packet loss = 0%, RTA = 0.23 ms
[1381896000] CURRENT HOST STATE: nyarxlator1;UP;HARD;1;PING OK - Packet loss = 0%, RTA = 0.24 ms
[1381896000] CURRENT HOST STATE: nyarxlator2;UP;HARD;1;PING OK - Packet loss = 0%, RTA = 0.33 ms
[1381896000] CURRENT HOST STATE: nyarxlator3;UP;HARD;1;PING OK - Packet loss = 0%, RTA = 0.28 ms
[1381896000] CURRENT HOST STATE: nyarxlator4;UP;HARD;1;PING OK - Packet loss = 0%, RTA = 0.25 ms
[1381896000] CURRENT HOST STATE: nycnn-adbeame1;UP;HARD;1;PING OK - Packet loss = 0%, RTA = 0.29 ms
[1381896000] CURRENT HOST STATE: nycnn-adbeame10;UP;HARD;1;PING OK - Packet loss = 0%, RTA = 0.34 ms
[1381896000] CURRENT HOST STATE: nycnn-adbeame2;UP;HARD;1;PING OK - Packet loss = 0%, RTA = 0.33 ms
[1381896000] CURRENT HOST STATE: nycnn-adbeame3;UP;HARD;1;PING OK - Packet loss = 0%, RTA = 0.33 ms
[1381896000] CURRENT HOST STATE: nycnn-adbeame4;UP;HARD;1;PING OK - Packet loss = 0%, RTA = 0.32 ms
[1381896000] CURRENT HOST STATE: nycnn-adbeame5;UP;HARD;1;PING OK - Packet loss = 0%, RTA = 0.27 ms
[1381896000] CURRENT HOST STATE: nycnn-adbeame6;UP;HARD;1;PING OK - Packet loss = 0%, RTA = 0.36 ms
[1381896000] CURRENT HOST STATE: nycnn-adbeame7;UP;HARD;1;PING OK - Packet loss = 0%, RTA = 0.34 ms
[1381896000] CURRENT HOST STATE: nycnn-adbeame8;UP;HARD;1;PING OK - Packet loss = 0%, RTA = 0.35 ms
[1381896000] CURRENT HOST STATE: nycnn-adbeame9;UP;HARD;1;PING OK - Packet loss = 0%, RTA = 0.31 ms
[1381896000] CURRENT HOST STATE: nycnn-adbectrl1;UP;HARD;1;PING OK - Packet loss = 0%, RTA = 0.30 ms
[1381896000] CURRENT HOST STATE: nycnn-adbectrl2;UP;HARD;1;PING OK - Packet loss = 0%, RTA = 0.27 ms
[1381896000] CURRENT HOST STATE: nycnn-arapp1;UP;HARD;1;PING OK - Packet loss = 0%, RTA = 0.48 ms
[1381896000] CURRENT HOST STATE: nycnn-arapp2;UP;HARD;1;PING OK - Packet loss = 0%, RTA = 0.27 ms
[1381896000] CURRENT HOST STATE: nycnn-ardb1;UP;HARD;1;PING OK - Packet loss = 0%, RTA = 0.76 ms
[1381896000] CURRENT HOST STATE: nycnn-ardb2;UP;HARD;1;PING OK - Packet loss = 0%, RTA = 0.30 ms
[1381896000] CURRENT HOST STATE: nycnn-arvtrmops;UP;HARD;1;PING OK - Packet loss = 0%, RTA = 0.30 ms
[1381896000] CURRENT HOST STATE: nycnn-arvtrtape;UP;HARD;1;PING OK - Packet loss = 0%, RTA = 0.33 ms
[1381896000] CURRENT HOST STATE: nycnn-arxlator1;UP;HARD;1;PING OK - Packet loss = 0%, RTA = 0.28 ms
[1381896000] CURRENT HOST STATE: nycnn-arxlator2;UP;HARD;1;PING OK - Packet loss = 0%, RTA = 0.31 ms
[1381896000] CURRENT HOST STATE: nycnn-arxlator3;UP;HARD;1;PING OK - Packet loss = 0%, RTA = 0.28 ms
[1381896000] CURRENT HOST STATE: nycnn-arxlator4;UP;HARD;1;PING OK - Packet loss = 0%, RTA = 0.29 ms
[1381896000] CURRENT HOST STATE: nycnn-editxfer-switch;UP;HARD;1;PING OK - Packet loss = 0%, RTA = 0.26 ms
[1381896000] CURRENT HOST STATE: nycnn-editxfer3;UP;HARD;1;PING OK - Packet loss = 0%, RTA = 0.13 ms
[1381896000] CURRENT HOST STATE: nycnn-editxfer4;UP;HARD;1;PING OK - Packet loss = 0%, RTA = 0.14 ms
[1381896000] CURRENT HOST STATE: nycnn-gridpushpull1;UP;HARD;1;PING OK - Packet loss = 0%, RTA = 0.24 ms
[1381896000] CURRENT HOST STATE: nycnn-gridpushpull2;UP;HARD;1;PING OK - Packet loss = 0%, RTA = 0.27 ms
[1381896000] CURRENT HOST STATE: nycnn-ipvapilic;UP;HARD;1;PING OK - Packet loss = 0%, RTA = 0.17 ms
[1381896000] CURRENT HOST STATE: nycnn-ipvproxy1;UP;HARD;1;PING OK - Packet loss = 0%, RTA = 0.25 ms
[1381896000] CURRENT HOST STATE: nycnn-ipvproxy2;UP;HARD;1;PING OK - Packet loss = 0%, RTA = 0.24 ms
[1381896000] CURRENT HOST STATE: nycnn-ipvsphn1;UP;HARD;1;PING OK - Packet loss = 0%, RTA = 0.23 ms
[1381896000] CURRENT HOST STATE: nycnn-ipvsphn2;UP;HARD;1;PING OK - Packet loss = 0%, RTA = 0.21 ms
[1381896000] CURRENT HOST STATE: nycnn-ipvsphn3;UP;HARD;1;PING OK - Packet loss = 0%, RTA = 0.22 ms
[1381896000] CURRENT HOST STATE: nycnn-ipvsphn4;UP;HARD;1;PING OK - Packet loss = 0%, RTA = 0.19 ms
[1381896000] CURRENT HOST STATE: nycnn-ipvsphn5;UP;HARD;1;PING OK - Packet loss = 0%, RTA = 0.19 ms
[1381896000] CURRENT HOST STATE: nycnn-ipvstrm1;UP;HARD;1;PING OK - Packet loss = 0%, RTA = 0.26 ms
[1381896000] CURRENT HOST STATE: nycnn-ipvstrm2;UP;HARD;1;PING OK - Packet loss = 0%, RTA = 0.22 ms
[1381896000] CURRENT HOST STATE: nycnn-ipvstrm3;UP;HARD;1;PING OK - Packet loss = 0%, RTA = 0.20 ms
[1381896000] CURRENT HOST STATE: nycnn-ipvstrm4;UP;HARD;1;PING OK - Packet loss = 0%, RTA = 0.26 ms
[1381896000] CURRENT HOST STATE: nycnn-ipvx1;UP;HARD;1;PING OK - Packet loss = 0%, RTA = 0.20 ms
[1381896000] CURRENT HOST STATE: nycnn-ipvx10;UP;HARD;1;PING OK - Packet loss = 0%, RTA = 0.20 ms
[1381896000] CURRENT HOST STATE: nycnn-ipvx10e1;UP;HARD;1;PING OK - Packet loss = 0%, RTA = 0.19 ms
[1381896000] CURRENT HOST STATE: nycnn-ipvx11;UP;HARD;1;PING OK - Packet loss = 0%, RTA = 0.22 ms
[1381896000] CURRENT HOST STATE: nycnn-ipvx11e1;UP;HARD;1;PING OK - Packet loss = 0%, RTA = 0.20 ms
[1381896000] CURRENT HOST STATE: nycnn-ipvx12;UP;HARD;1;PING OK - Packet loss = 0%, RTA = 0.22 ms
[1381896000] CURRENT HOST STATE: nycnn-ipvx12e1;UP;HARD;1;PING OK - Packet loss = 0%, RTA = 0.21 ms
[1381896000] CURRENT HOST STATE: nycnn-ipvx13;UP;HARD;1;PING OK - Packet loss = 0%, RTA = 0.20 ms
[1381896000] CURRENT HOST STATE: nycnn-ipvx13e1;UP;HARD;1;PING OK - Packet loss = 0%, RTA = 0.21 ms
[1381896000] CURRENT HOST STATE: nycnn-ipvx14;UP;HARD;1;PING OK - Packet loss = 0%, RTA = 0.19 ms
[1381896000] CURRENT HOST STATE: nycnn-ipvx14e1;UP;HARD;1;PING OK - Packet loss = 0%, RTA = 0.19 ms
[1381896000] CURRENT HOST STATE: nycnn-ipvx15;UP;HARD;1;PING OK - Packet loss = 0%, RTA = 0.20 ms
[1381896000] CURRENT HOST STATE: nycnn-ipvx15e1;UP;HARD;1;PING OK - Packet loss = 0%, RTA = 0.22 ms
[1381896000] CURRENT HOST STATE: nycnn-ipvx16;UP;HARD;1;PING OK - Packet loss = 0%, RTA = 0.19 ms
[1381896000] CURRENT HOST STATE: nycnn-ipvx16e1;UP;HARD;1;PING OK - Packet loss = 0%, RTA = 0.24 ms
[1381896000] CURRENT HOST STATE: nycnn-ipvx17;UP;HARD;1;PING OK - Packet loss = 0%, RTA = 0.20 ms
[1381896000] CURRENT HOST STATE: nycnn-ipvx17e1;UP;HARD;1;PING OK - Packet loss = 0%, RTA = 0.25 ms
[1381896000] CURRENT HOST STATE: nycnn-ipvx18;UP;HARD;1;PING OK - Packet loss = 0%, RTA = 0.18 ms
[1381896000] CURRENT HOST STATE: nycnn-ipvx18e1;UP;HARD;1;PING OK - Packet loss = 0%, RTA = 0.21 ms
[1381896000] CURRENT HOST STATE: nycnn-ipvx19;UP;HARD;1;PING OK - Packet loss = 0%, RTA = 0.19 ms
[1381896000] CURRENT HOST STATE: nycnn-ipvx19e1;UP;HARD;1;PING OK - Packet loss = 0%, RTA = 0.20 ms
[1381896000] CURRENT HOST STATE: nycnn-ipvx1e1;UP;HARD;1;PING OK - Packet loss = 0%, RTA = 0.19 ms
[1381896000] CURRENT HOST STATE: nycnn-ipvx2;UP;HARD;1;PING OK - Packet loss = 0%, RTA = 0.21 ms
[1381896000] CURRENT HOST STATE: nycnn-ipvx20;UP;HARD;1;PING OK - Packet loss = 0%, RTA = 0.20 ms
[1381896000] CURRENT HOST STATE: nycnn-ipvx20e1;UP;HARD;1;PING OK - Packet loss = 0%, RTA = 0.20 ms
[1381896000] CURRENT HOST STATE: nycnn-ipvx21;UP;HARD;1;PING OK - Packet loss = 0%, RTA = 0.19 ms
[1381896000] CURRENT HOST STATE: nycnn-ipvx21e1;UP;HARD;1;PING OK - Packet loss = 0%, RTA = 0.19 ms
[1381896000] CURRENT HOST STATE: nycnn-ipvx22;UP;HARD;1;PING OK - Packet loss = 0%, RTA = 0.25 ms
[1381896000] CURRENT HOST STATE: nycnn-ipvx22e1;UP;HARD;1;PING OK - Packet loss = 0%, RTA = 0.18 ms
[1381896000] CURRENT HOST STATE: nycnn-ipvx23;UP;HARD;1;PING OK - Packet loss = 0%, RTA = 0.19 ms
[1381896000] CURRENT HOST STATE: nycnn-ipvx23e1;UP;HARD;1;PING OK - Packet loss = 0%, RTA = 0.22 ms
[1381896000] CURRENT HOST STATE: nycnn-ipvx24;UP;HARD;1;PING OK - Packet loss = 0%, RTA = 0.23 ms
[1381896000] CURRENT HOST STATE: nycnn-ipvx24e1;UP;HARD;1;PING OK - Packet loss = 0%, RTA = 0.20 ms
[1381896000] CURRENT HOST STATE: nycnn-ipvx25;UP;HARD;1;PING OK - Packet loss = 0%, RTA = 0.22 ms
[1381896000] CURRENT HOST STATE: nycnn-ipvx25e1;UP;HARD;1;PING OK - Packet loss = 0%, RTA = 0.19 ms
[1381896000] CURRENT HOST STATE: nycnn-ipvx26;UP;HARD;1;PING OK - Packet loss = 0%, RTA = 0.23 ms
[1381896000] CURRENT HOST STATE: nycnn-ipvx26e1;UP;HARD;1;PING OK - Packet loss = 0%, RTA = 0.23 ms
[1381896000] CURRENT HOST STATE: nycnn-ipvx27;UP;HARD;1;PING OK - Packet loss = 0%, RTA = 0.17 ms
[1381896000] CURRENT HOST STATE: nycnn-ipvx27e1;UP;HARD;1;PING OK - Packet loss = 0%, RTA = 0.22 ms
[1381896000] CURRENT HOST STATE: nycnn-ipvx28;UP;HARD;1;PING OK - Packet loss = 0%, RTA = 0.23 ms
[1381896000] CURRENT HOST STATE: nycnn-ipvx28e1;UP;HARD;1;PING OK - Packet loss = 0%, RTA = 0.22 ms
[1381896000] CURRENT HOST STATE: nycnn-ipvx29;UP;HARD;1;PING OK - Packet loss = 0%, RTA = 0.19 ms
[1381896000] CURRENT HOST STATE: nycnn-ipvx29e1;UP;HARD;1;PING OK - Packet loss = 0%, RTA = 0.19 ms
[1381896000] CURRENT HOST STATE: nycnn-ipvx2e1;UP;HARD;1;PING OK - Packet loss = 0%, RTA = 0.20 ms
[1381896000] CURRENT HOST STATE: nycnn-ipvx3;UP;HARD;1;PING OK - Packet loss = 0%, RTA = 0.17 ms
[1381896000] CURRENT HOST STATE: nycnn-ipvx30;UP;HARD;1;PING OK - Packet loss = 0%, RTA = 0.22 ms
[1381896000] CURRENT HOST STATE: nycnn-ipvx30e1;UP;HARD;1;PING OK - Packet loss = 0%, RTA = 0.19 ms
[1381896000] CURRENT HOST STATE: nycnn-ipvx31;UP;HARD;1;PING OK - Packet loss = 0%, RTA = 0.19 ms
[1381896000] CURRENT HOST STATE: nycnn-ipvx31e1;UP;HARD;1;PING OK - Packet loss = 0%, RTA = 0.23 ms
[1381896000] CURRENT HOST STATE: nycnn-ipvx32;UP;HARD;1;PING OK - Packet loss = 0%, RTA = 0.17 ms
[1381896000] CURRENT HOST STATE: nycnn-ipvx32e1;UP;HARD;1;PING OK - Packet loss = 0%, RTA = 0.17 ms
[1381896000] CURRENT HOST STATE: nycnn-ipvx33;UP;HARD;1;PING OK - Packet loss = 0%, RTA = 0.18 ms
[1381896000] CURRENT HOST STATE: nycnn-ipvx33e1;UP;HARD;1;PING OK - Packet loss = 0%, RTA = 0.20 ms
[1381896000] CURRENT HOST STATE: nycnn-ipvx34;UP;HARD;1;PING OK - Packet loss = 0%, RTA = 0.24 ms
[1381896000] CURRENT HOST STATE: nycnn-ipvx34e1;UP;HARD;1;PING OK - Packet loss = 0%, RTA = 0.18 ms
[1381896000] CURRENT HOST STATE: nycnn-ipvx35;UP;HARD;1;PING OK - Packet loss = 0%, RTA = 0.22 ms
[1381896000] CURRENT HOST STATE: nycnn-ipvx35e1;UP;HARD;1;PING OK - Packet loss = 0%, RTA = 0.18 ms
[1381896000] CURRENT HOST STATE: nycnn-ipvx3e1;UP;HARD;1;PING OK - Packet loss = 0%, RTA = 0.21 ms
[1381896000] CURRENT HOST STATE: nycnn-ipvx4;UP;HARD;1;PING OK - Packet loss = 0%, RTA = 0.19 ms
[1381896000] CURRENT HOST STATE: nycnn-ipvx4e1;UP;HARD;1;PING OK - Packet loss = 0%, RTA = 0.22 ms
[1381896000] CURRENT HOST STATE: nycnn-ipvx5;UP;HARD;1;PING OK - Packet loss = 0%, RTA = 0.21 ms
[1381896000] CURRENT HOST STATE: nycnn-ipvx5e1;UP;HARD;1;PING OK - Packet loss = 0%, RTA = 0.21 ms
[1381896000] CURRENT HOST STATE: nycnn-ipvx6;UP;HARD;1;PING OK - Packet loss = 0%, RTA = 0.16 ms
[1381896000] CURRENT HOST STATE: nycnn-ipvx6e1;UP;HARD;1;PING OK - Packet loss = 0%, RTA = 0.25 ms
[1381896000] CURRENT HOST STATE: nycnn-ipvx7;UP;HARD;1;PING OK - Packet loss = 0%, RTA = 0.19 ms
[1381896000] CURRENT HOST STATE: nycnn-ipvx7e1;UP;HARD;1;PING OK - Packet loss = 0%, RTA = 0.21 ms
[1381896000] CURRENT HOST STATE: nycnn-ipvx8;UP;HARD;1;PING OK - Packet loss = 0%, RTA = 0.20 ms
[1381896000] CURRENT HOST STATE: nycnn-ipvx8e1;UP;HARD;1;PING OK - Packet loss = 0%, RTA = 0.34 ms
[1381896000] CURRENT HOST STATE: nycnn-ipvx9;UP;HARD;1;PING OK - Packet loss = 0%, RTA = 0.19 ms
[1381896000] CURRENT HOST STATE: nycnn-ipvx9e1;UP;HARD;1;PING OK - Packet loss = 0%, RTA = 0.19 ms
[1381896000] CURRENT HOST STATE: nycnn-kickstart;UP;HARD;1;PING OK - Packet loss = 0%, RTA = 0.25 ms
[1381896000] CURRENT HOST STATE: nycnn-mamdb1;UP;HARD;1;PING OK - Packet loss = 0%, RTA = 0.21 ms
[1381896000] CURRENT HOST STATE: nycnn-mamdb2;UP;HARD;1;PING OK - Packet loss = 0%, RTA = 0.24 ms
[1381896000] CURRENT HOST STATE: nycnn-mamfog;UP;HARD;1;PING OK - Packet loss = 0%, RTA = 0.14 ms
[1381896000] CURRENT HOST STATE: nycnn-mamkey1;UP;HARD;1;PING OK - Packet loss = 0%, RTA = 0.24 ms
[1381896000] CURRENT HOST STATE: nycnn-mamkey2;UP;HARD;1;PING OK - Packet loss = 0%, RTA = 0.32 ms
[1381896000] CURRENT HOST STATE: nycnn-mammq1;UP;HARD;1;PING OK - Packet loss = 0%, RTA = 0.27 ms
[1381896000] CURRENT HOST STATE: nycnn-mammq2;UP;HARD;1;PING OK - Packet loss = 0%, RTA = 0.23 ms
[1381896000] CURRENT HOST STATE: nycnn-ms2app3;UP;HARD;1;PING OK - Packet loss = 0%, RTA = 0.25 ms
[1381896000] CURRENT HOST STATE: nycnn-ms2app4;UP;HARD;1;PING OK - Packet loss = 0%, RTA = 0.28 ms
[1381896000] CURRENT HOST STATE: nycnn-ms2db1;UP;HARD;1;PING OK - Packet loss = 0%, RTA = 0.26 ms
[1381896000] CURRENT HOST STATE: nycnn-ms2db2;UP;HARD;1;PING OK - Packet loss = 0%, RTA = 0.26 ms
[1381896000] CURRENT HOST STATE: nycnn-ms2db3;UP;HARD;1;PING OK - Packet loss = 0%, RTA = 0.23 ms
[1381896000] CURRENT HOST STATE: nycnn-ms2fsd;UP;HARD;1;PING OK - Packet loss = 0%, RTA = 0.25 ms
[1381896000] CURRENT HOST STATE: nycnn-ms2fsd1;UP;HARD;1;PING OK - Packet loss = 0%, RTA = 0.25 ms
[1381896000] CURRENT HOST STATE: nycnn-ms2fsd2;UP;HARD;1;PING OK - Packet loss = 0%, RTA = 0.14 ms
[1381896000] CURRENT HOST STATE: nycnn-ms2stills1;UP;HARD;1;PING OK - Packet loss = 0%, RTA = 0.40 ms
[1381896000] CURRENT HOST STATE: nycnn-ms2stills2;UP;HARD;1;PING OK - Packet loss = 0%, RTA = 0.48 ms
[1381896000] CURRENT HOST STATE: nycnn-nag1;UP;HARD;1;PING OK - Packet loss = 0%, RTA = 0.26 ms
[1381896000] CURRENT HOST STATE: nycnn-nag2;UP;HARD;1;PING OK - Packet loss = 0%, RTA = 0.17 ms
[1381896000] CURRENT HOST STATE: nycnn-nag4;UP;HARD;1;PING OK - Packet loss = 0%, RTA = 0.21 ms
[1381896000] CURRENT HOST STATE: nycnn-splunk;UP;HARD;1;PING OK - Packet loss = 0%, RTA = 0.27 ms
[1381896000] CURRENT HOST STATE: nyhdscheduler;UP;HARD;1;PING OK - Packet loss = 0%, RTA = 0.28 ms
[1381896000] CURRENT HOST STATE: nymamkey;UP;HARD;1;PING OK - Packet loss = 0%, RTA = 0.25 ms
[1381896000] CURRENT HOST STATE: nymq;UP;HARD;1;PING OK - Packet loss = 0%, RTA = 0.26 ms
[1381896000] CURRENT HOST STATE: nyproxygenhd;UP;HARD;1;PING OK - Packet loss = 0%, RTA = 0.26 ms
[1381896000] CURRENT HOST STATE: nyvideodrop;UP;HARD;1;PING OK - Packet loss = 0%, RTA = 0.26 ms
[1381896000] CURRENT HOST STATE: omnclda01-ny;UP;HARD;1;PING OK - Packet loss = 0%, RTA = 0.31 ms
[1381896000] CURRENT HOST STATE: omnclda01e1-ny;UP;HARD;1;PING OK - Packet loss = 0%, RTA = 0.25 ms
[1381896000] CURRENT HOST STATE: omnclda02-ny;UP;HARD;1;PING OK - Packet loss = 0%, RTA = 0.30 ms
[1381896000] CURRENT HOST STATE: omnclda02e1-ny;UP;HARD;1;PING OK - Packet loss = 0%, RTA = 0.25 ms
[1381896000] CURRENT HOST STATE: omnclda03-ny;UP;HARD;1;PING OK - Packet loss = 0%, RTA = 0.26 ms
[1381896000] CURRENT HOST STATE: omnclda03e1-ny;UP;HARD;1;PING OK - Packet loss = 0%, RTA = 0.22 ms
[1381896000] CURRENT HOST STATE: omnhbcba01-ny;UP;HARD;1;PING OK - Packet loss = 0%, RTA = 0.26 ms
[1381896000] CURRENT HOST STATE: omnhbcba02-ny;UP;HARD;1;PING OK - Packet loss = 0%, RTA = 0.27 ms
[1381896000] CURRENT HOST STATE: omnhbcba03-ny;UP;HARD;1;PING OK - Packet loss = 0%, RTA = 0.25 ms
[1381896000] CURRENT HOST STATE: omnhbcba04-ny;UP;HARD;1;PING OK - Packet loss = 0%, RTA = 0.25 ms
[1381896000] CURRENT HOST STATE: omnhbcba05-ny;UP;HARD;1;PING OK - Packet loss = 0%, RTA = 0.26 ms
[1381896000] CURRENT HOST STATE: omnhbcba06-ny;UP;HARD;1;PING OK - Packet loss = 0%, RTA = 0.31 ms
[1381896000] CURRENT HOST STATE: omnhbcba07-ny;UP;HARD;1;PING OK - Packet loss = 0%, RTA = 0.21 ms
[1381896000] CURRENT HOST STATE: omnhbcba08-ny;UP;HARD;1;PING OK - Packet loss = 0%, RTA = 0.28 ms
[1381896000] CURRENT HOST STATE: omnhbcba09-ny;UP;HARD;1;PING OK - Packet loss = 0%, RTA = 0.27 ms
[1381896000] CURRENT HOST STATE: omnhbcba10-ny;UP;HARD;1;PING OK - Packet loss = 0%, RTA = 0.19 ms
[1381896000] CURRENT HOST STATE: omnhbcba11-ny;UP;HARD;1;PING OK - Packet loss = 0%, RTA = 0.20 ms
[1381896000] CURRENT HOST STATE: omnhbcba12-ny;UP;HARD;1;PING OK - Packet loss = 0%, RTA = 0.28 ms
[1381896000] CURRENT HOST STATE: omnldap1-ny;UP;HARD;1;PING OK - Packet loss = 0%, RTA = 0.27 ms
[1381896000] CURRENT HOST STATE: omnldap2-ny;UP;HARD;1;PING OK - Packet loss = 0%, RTA = 0.27 ms
[1381896000] CURRENT HOST STATE: omnmas1app-ny;UP;HARD;1;PING OK - Packet loss = 0%, RTA = 0.25 ms
[1381896000] CURRENT HOST STATE: omnmas1app1-ny;UP;HARD;1;PING OK - Packet loss = 0%, RTA = 0.21 ms
[1381896000] CURRENT HOST STATE: omnmas1app2-ny;UP;HARD;1;PING OK - Packet loss = 0%, RTA = 0.21 ms
[1381896000] CURRENT HOST STATE: omnmas1db-ny;UP;HARD;1;PING OK - Packet loss = 0%, RTA = 0.22 ms
[1381896000] CURRENT HOST STATE: omnmas1db1-ny;UP;HARD;1;PING OK - Packet loss = 0%, RTA = 0.25 ms
[1381896000] CURRENT HOST STATE: omnmas1db2-ny;UP;HARD;1;PING OK - Packet loss = 0%, RTA = 0.25 ms
[1381896000] CURRENT HOST STATE: omnmas2app-ny;DOWN;HARD;10;(Host Check Timed Out)
[1381896000] CURRENT HOST STATE: omnmas2app1-ny;UP;HARD;1;PING OK - Packet loss = 0%, RTA = 0.26 ms
[1381896000] CURRENT HOST STATE: omnmas2app2-ny;UP;HARD;1;PING OK - Packet loss = 0%, RTA = 0.31 ms
[1381896000] CURRENT HOST STATE: omnmas2db-ny;UP;HARD;1;PING OK - Packet loss = 0%, RTA = 0.29 ms
[1381896000] CURRENT HOST STATE: omnmas2db1-ny;UP;HARD;1;PING OK - Packet loss = 0%, RTA = 0.21 ms
[1381896000] CURRENT HOST STATE: omnmas2db2-ny;UP;HARD;1;PING OK - Packet loss = 0%, RTA = 0.29 ms
[1381896000] CURRENT HOST STATE: omnmdir01-ny;UP;HARD;1;PING OK - Packet loss = 0%, RTA = 0.20 ms
[1381896000] CURRENT HOST STATE: omnmdir01e1-ny;UP;HARD;1;PING OK - Packet loss = 0%, RTA = 0.21 ms
[1381896000] CURRENT HOST STATE: omnmdir02-ny;UP;HARD;1;PING OK - Packet loss = 0%, RTA = 0.20 ms
[1381896000] CURRENT HOST STATE: omnmdir02e1-ny;UP;HARD;1;PING OK - Packet loss = 0%, RTA = 0.22 ms
[1381896000] CURRENT HOST STATE: omnmdir03-ny;UP;HARD;1;PING OK - Packet loss = 0%, RTA = 0.21 ms
[1381896000] CURRENT HOST STATE: omnmdir03e1-ny;UP;HARD;1;PING OK - Packet loss = 0%, RTA = 0.19 ms
[1381896000] CURRENT HOST STATE: omnmdir04-ny;UP;HARD;1;PING OK - Packet loss = 0%, RTA = 0.23 ms
[1381896000] CURRENT HOST STATE: omnmdir04e1-ny;UP;HARD;1;PING OK - Packet loss = 0%, RTA = 0.20 ms
[1381896000] CURRENT HOST STATE: omnmdk01-ny;UP;HARD;1;PING OK - Packet loss = 0%, RTA = 0.45 ms
[1381896000] CURRENT HOST STATE: omnmdk01h0-ny;UP;HARD;1;PING OK - Packet loss = 0%, RTA = 0.46 ms
[1381896000] CURRENT HOST STATE: omnmdk02-ny;UP;HARD;1;PING OK - Packet loss = 0%, RTA = 0.42 ms
[1381896000] CURRENT HOST STATE: omnmdk02h0-ny;UP;HARD;1;PING OK - Packet loss = 0%, RTA = 0.51 ms
[1381896000] CURRENT HOST STATE: omnmdk03-ny;UP;HARD;1;PING OK - Packet loss = 0%, RTA = 0.45 ms
[1381896000] CURRENT HOST STATE: omnmdk03h0-ny;UP;HARD;1;PING OK - Packet loss = 0%, RTA = 0.51 ms
[1381896000] CURRENT HOST STATE: omnmdk04-ny;UP;HARD;1;PING OK - Packet loss = 0%, RTA = 0.44 ms
[1381896000] CURRENT HOST STATE: omnmdk04h0-ny;UP;HARD;1;PING OK - Packet loss = 0%, RTA = 0.43 ms
[1381896000] CURRENT HOST STATE: omnmdk05-ny;UP;HARD;1;PING OK - Packet loss = 0%, RTA = 0.46 ms
[1381896000] CURRENT HOST STATE: omnmdk05h0-ny;UP;HARD;1;PING OK - Packet loss = 0%, RTA = 0.55 ms
[1381896000] CURRENT HOST STATE: omnmdk06-ny;UP;HARD;1;PING OK - Packet loss = 0%, RTA = 0.46 ms
[1381896000] CURRENT HOST STATE: omnmdk06h0-ny;UP;HARD;1;PING OK - Packet loss = 0%, RTA = 0.47 ms
[1381896000] CURRENT HOST STATE: omnmdk07-ny;UP;HARD;1;PING OK - Packet loss = 0%, RTA = 0.41 ms
[1381896000] CURRENT HOST STATE: omnmdk07h0-ny;UP;HARD;1;PING OK - Packet loss = 0%, RTA = 0.47 ms
[1381896000] CURRENT HOST STATE: omnmdk08-ny;UP;HARD;1;PING OK - Packet loss = 0%, RTA = 0.45 ms
[1381896000] CURRENT HOST STATE: omnmdk08h0-ny;UP;HARD;1;PING OK - Packet loss = 0%, RTA = 0.49 ms
[1381896000] CURRENT HOST STATE: omnmdk09-ny;UP;HARD;1;PING OK - Packet loss = 0%, RTA = 0.41 ms
[1381896000] CURRENT HOST STATE: omnmdk09h0-ny;UP;HARD;1;PING OK - Packet loss = 0%, RTA = 0.52 ms
[1381896000] CURRENT HOST STATE: omnmdk10-ny;UP;HARD;1;PING OK - Packet loss = 0%, RTA = 0.49 ms
[1381896000] CURRENT HOST STATE: omnmdk10h0-ny;UP;HARD;1;PING OK - Packet loss = 0%, RTA = 0.53 ms
[1381896000] CURRENT HOST STATE: omnmdk11-ny;UP;HARD;1;PING OK - Packet loss = 0%, RTA = 0.49 ms
[1381896000] CURRENT HOST STATE: omnmdk11h0-ny;UP;HARD;1;PING OK - Packet loss = 0%, RTA = 0.49 ms
[1381896000] CURRENT HOST STATE: omnmdk12-ny;UP;HARD;1;PING OK - Packet loss = 0%, RTA = 0.46 ms
[1381896000] CURRENT HOST STATE: omnmdk12h0-ny;UP;HARD;1;PING OK - Packet loss = 0%, RTA = 0.45 ms
[1381896000] CURRENT HOST STATE: omnmdk13-ny;UP;HARD;1;PING OK - Packet loss = 0%, RTA = 0.48 ms
[1381896000] CURRENT HOST STATE: omnmdk13h0-ny;UP;HARD;1;PING OK - Packet loss = 0%, RTA = 0.49 ms
[1381896000] CURRENT HOST STATE: omnmdk14-ny;UP;HARD;1;PING OK - Packet loss = 0%, RTA = 0.46 ms
[1381896000] CURRENT HOST STATE: omnmdk14h0-ny;UP;HARD;1;PING OK - Packet loss = 0%, RTA = 0.51 ms
[1381896000] CURRENT HOST STATE: omnmdk15-ny;UP;HARD;1;PING OK - Packet loss = 0%, RTA = 0.48 ms
[1381896000] CURRENT HOST STATE: omnmdk15h0-ny;UP;HARD;1;PING OK - Packet loss = 0%, RTA = 0.49 ms
[1381896000] CURRENT HOST STATE: omnmdk16-ny;UP;HARD;1;PING OK - Packet loss = 0%, RTA = 0.49 ms
[1381896000] CURRENT HOST STATE: omnmdk16h0-ny;UP;HARD;1;PING OK - Packet loss = 0%, RTA = 0.44 ms
[1381896000] CURRENT HOST STATE: omnmdk17-ny;UP;HARD;1;PING OK - Packet loss = 0%, RTA = 0.50 ms
[1381896000] CURRENT HOST STATE: omnmdk17h0-ny;UP;HARD;1;PING OK - Packet loss = 0%, RTA = 0.47 ms
[1381896000] CURRENT HOST STATE: omnmdk18-ny;UP;HARD;1;PING OK - Packet loss = 0%, RTA = 0.44 ms
[1381896000] CURRENT HOST STATE: omnmdk18h0-ny;UP;HARD;1;PING OK - Packet loss = 0%, RTA = 0.47 ms
[1381896000] CURRENT HOST STATE: omnmdk19-ny;UP;HARD;1;PING OK - Packet loss = 0%, RTA = 0.51 ms
[1381896000] CURRENT HOST STATE: omnmdk19h0-ny;UP;HARD;1;PING OK - Packet loss = 0%, RTA = 0.46 ms
[1381896000] CURRENT HOST STATE: omnmgsm-ny;UP;HARD;1;PING OK - Packet loss = 0%, RTA = 0.20 ms
[1381896000] CURRENT HOST STATE: omnspsm-ny;UP;HARD;1;PING OK - Packet loss = 0%, RTA = 0.18 ms
[1381896000] CURRENT HOST STATE: rt-nycc3750tgr-ilo;UP;HARD;1;PING OK - Packet loss = 0%, RTA = 1.24 ms
[1381896000] CURRENT HOST STATE: rt-nycc3750tgr-ms2;UP;HARD;1;PING OK - Packet loss = 0%, RTA = 0.94 ms
[1381896000] CURRENT HOST STATE: rt-nyccfcp-1;UP;HARD;1;PING OK - Packet loss = 0%, RTA = 1.33 ms
[1381896000] CURRENT HOST STATE: rt-nyccfcp-2;UP;HARD;1;PING OK - Packet loss = 0%, RTA = 0.75 ms
[1381896000] CURRENT HOST STATE: rt-nycchdagg-a;UP;HARD;1;PING OK - Packet loss = 0%, RTA = 3.09 ms
[1381896000] CURRENT HOST STATE: rt-nycchdagg-b;UP;HARD;1;PING OK - Packet loss = 0%, RTA = 1.85 ms
[1381896000] CURRENT HOST STATE: rt-nyccmediagrid;UP;HARD;1;PING OK - Packet loss = 0%, RTA = 0.44 ms
[1381896000] CURRENT HOST STATE: rt-nyccspectrum;UP;HARD;1;PING OK - Packet loss = 0%, RTA = 0.57 ms
[1381896000] CURRENT HOST STATE: spider;UP;HARD;1;PING OK - Packet loss = 0%, RTA = 0.22 ms
[1381896000] CURRENT HOST STATE: wdchd001;UP;HARD;1;PING OK - Packet loss = 0%, RTA = 6.55 ms
[1381896000] CURRENT HOST STATE: wdchd002;UP;HARD;1;PING OK - Packet loss = 0%, RTA = 6.47 ms
[1381896000] CURRENT HOST STATE: wdchd003;UP;HARD;1;PING OK - Packet loss = 0%, RTA = 6.53 ms
[1381896000] CURRENT HOST STATE: wdchd004;UP;HARD;1;PING OK - Packet loss = 0%, RTA = 6.60 ms
[1381896000] CURRENT HOST STATE: wdchd005;UP;HARD;1;PING OK - Packet loss = 0%, RTA = 6.51 ms
[1381896000] CURRENT HOST STATE: wdchd006;UP;HARD;1;PING OK - Packet loss = 0%, RTA = 6.65 ms
[1381896000] CURRENT HOST STATE: wdchd007;UP;HARD;1;PING OK - Packet loss = 0%, RTA = 6.65 ms
[1381896000] CURRENT HOST STATE: wdchd008;UP;HARD;1;PING OK - Packet loss = 0%, RTA = 6.62 ms
[1381896000] CURRENT HOST STATE: wdchd009;UP;HARD;1;PING OK - Packet loss = 0%, RTA = 6.60 ms
[1381896000] CURRENT HOST STATE: wdchd010;UP;HARD;1;PING OK - Packet loss = 0%, RTA = 6.52 ms
[1381896000] CURRENT HOST STATE: wdchd011;UP;HARD;1;PING OK - Packet loss = 0%, RTA = 6.69 ms
[1381896000] CURRENT HOST STATE: wdchd012;UP;HARD;1;PING OK - Packet loss = 0%, RTA = 6.56 ms
[1381896000] CURRENT HOST STATE: wdchd013;UP;HARD;1;PING OK - Packet loss = 0%, RTA = 6.57 ms
[1381896000] CURRENT HOST STATE: wdchd014;UP;HARD;1;PING OK - Packet loss = 0%, RTA = 6.69 ms
[1381896000] CURRENT HOST STATE: wdchd015;UP;HARD;1;PING OK - Packet loss = 0%, RTA = 6.53 ms
[1381896000] CURRENT HOST STATE: wdchd016;UP;HARD;1;PING OK - Packet loss = 0%, RTA = 6.49 ms
[1381896000] CURRENT HOST STATE: wdchd017;DOWN;HARD;1;(Host Check Timed Out)
[1381896000] CURRENT HOST STATE: wdchd018;DOWN;HARD;1;(Host Check Timed Out)
[1381896000] CURRENT HOST STATE: wdchd019;UP;HARD;1;PING OK - Packet loss = 0%, RTA = 6.59 ms
[1381896000] CURRENT HOST STATE: wdchd020;UP;HARD;1;PING OK - Packet loss = 0%, RTA = 6.63 ms
[1381896000] CURRENT HOST STATE: wdchd021;UP;HARD;1;PING OK - Packet loss = 0%, RTA = 6.62 ms
[1381896000] CURRENT HOST STATE: wdchd022;UP;HARD;1;PING OK - Packet loss = 0%, RTA = 6.53 ms
[1381896000] CURRENT HOST STATE: wdchd023;UP;HARD;1;PING OK - Packet loss = 0%, RTA = 6.48 ms
[1381896000] CURRENT HOST STATE: wdchd024;UP;HARD;1;PING OK - Packet loss = 0%, RTA = 6.58 ms
[1381896000] CURRENT HOST STATE: wdchd025;UP;HARD;1;PING OK - Packet loss = 0%, RTA = 6.72 ms
[1381896000] CURRENT HOST STATE: wdchd026;UP;HARD;1;PING OK - Packet loss = 0%, RTA = 6.61 ms
[1381896000] CURRENT HOST STATE: wdchd027;UP;HARD;1;PING OK - Packet loss = 0%, RTA = 6.60 ms
[1381896000] CURRENT HOST STATE: wdchd028;UP;HARD;1;PING OK - Packet loss = 0%, RTA = 6.68 ms
[1381896000] CURRENT HOST STATE: wdchd029;UP;HARD;1;PING OK - Packet loss = 0%, RTA = 6.69 ms
[1381896000] CURRENT HOST STATE: wdchd030;UP;HARD;1;PING OK - Packet loss = 0%, RTA = 6.56 ms
[1381896000] CURRENT HOST STATE: wdchd031;UP;HARD;1;PING OK - Packet loss = 0%, RTA = 6.69 ms
[1381896000] CURRENT HOST STATE: wdcmd001;UP;HARD;1;PING OK - Packet loss = 0%, RTA = 6.65 ms
[1381896000] CURRENT HOST STATE: wdcmd002;DOWN;HARD;10;(Host Check Timed Out)
[1381896000] CURRENT HOST STATE: wdcms001;UP;HARD;1;PING OK - Packet loss = 0%, RTA = 6.67 ms
[1381896000] CURRENT HOST STATE: wdcms002;UP;HARD;1;PING OK - Packet loss = 0%, RTA = 6.75 ms
[1381896000] CURRENT HOST STATE: wdcms003;UP;HARD;1;PING OK - Packet loss = 0%, RTA = 6.65 ms
[1381896000] CURRENT HOST STATE: wdcod001;UP;HARD;1;PING OK - Packet loss = 0%, RTA = 6.45 ms
[1381896000] CURRENT HOST STATE: wdcod002;UP;HARD;1;PING OK - Packet loss = 0%, RTA = 6.70 ms
[1381896000] CURRENT HOST STATE: wdcod01;UP;HARD;1;PING OK - Packet loss = 0%, RTA = 6.48 ms
[1381896000] CURRENT HOST STATE: wdcod02;UP;HARD;1;PING OK - Packet loss = 0%, RTA = 6.47 ms
[1381896000] CURRENT HOST STATE: wdcpf001;UP;HARD;1;PING OK - Packet loss = 0%, RTA = 6.48 ms
[1381896000] CURRENT HOST STATE: wdcpf002;UP;HARD;1;PING OK - Packet loss = 0%, RTA = 6.62 ms
[1381896000] CURRENT HOST STATE: wdcpf03;UP;HARD;1;PING OK - Packet loss = 0%, RTA = 6.35 ms
[1381896000] CURRENT HOST STATE: wdcps001;UP;HARD;1;PING OK - Packet loss = 0%, RTA = 6.57 ms
[1381896000] CURRENT HOST STATE: wdcps002;UP;HARD;1;PING OK - Packet loss = 0%, RTA = 6.49 ms
[1381896000] CURRENT HOST STATE: wdcps003;UP;HARD;1;PING OK - Packet loss = 0%, RTA = 6.58 ms
[1381896000] CURRENT HOST STATE: wdcps004;UP;HARD;1;PING OK - Packet loss = 0%, RTA = 6.56 ms
[1381896000] CURRENT SERVICE STATE: deimos;PING;OK;HARD;1;PING OK - Packet loss = 0%, RTA = 0.25 ms
[1381896000] CURRENT SERVICE STATE: localhost;Current Load;OK;HARD;1;OK - load average: 0.57, 0.48, 0.45
[1381896000] CURRENT SERVICE STATE: localhost;Current Users;OK;HARD;1;USERS OK - 0 users currently logged in
[1381896000] CURRENT SERVICE STATE: localhost;HTTP;OK;HARD;1;HTTP OK: HTTP/1.1 200 OK - 265 bytes in 0.001 second response time
[1381896000] CURRENT SERVICE STATE: localhost;PING;OK;HARD;1;PING OK - Packet loss = 0%, RTA = 0.11 ms
[1381896000] CURRENT SERVICE STATE: localhost;Root Partition;OK;HARD;1;DISK OK - free space: / 1564 MB (83% inode=98%):
[1381896000] CURRENT SERVICE STATE: localhost;SSH;OK;HARD;1;SSH OK - OpenSSH_4.3 (protocol 2.0)
[1381896000] CURRENT SERVICE STATE: localhost;Swap Usage;OK;HARD;1;SWAP OK - 100% free (2047 MB out of 2047 MB)
[1381896000] CURRENT SERVICE STATE: localhost;Total Processes;OK;HARD;1;PROCS OK: 23 processes with STATE = RSZDT
[1381896000] CURRENT SERVICE STATE: msny;Current Load;OK;HARD;1;OK - load average: 1.24, 0.65, 0.51
[1381896000] CURRENT SERVICE STATE: msny;HTTP;OK;HARD;1;HTTP OK: HTTP/1.1 200 OK - 5504 bytes in 0.002 second response time
[1381896000] CURRENT SERVICE STATE: msny;IMQ Depth Check - Internal GF Queues;OK;HARD;1;OK: all MS2_EVENT queues have depth 0 or less, all MS2_EVENT queues in RUNNING state
[1381896000] CURRENT SERVICE STATE: msny;MS2 - Grid A Mount;OK;HARD;1;OK - File /Volumes/GridA/Temp/.gridamounted seems fine.
[1381896000] CURRENT SERVICE STATE: msny;MS2 - Grid B Mount;OK;HARD;1;OK - File /Volumes/GridB/Temp/.gridbmounted seems fine.
[1381896000] CURRENT SERVICE STATE: msny;PING;OK;HARD;1;PING OK - Packet loss = 0%, RTA = 0.31 ms
[1381896000] CURRENT SERVICE STATE: msny;Root Partition;OK;HARD;1;DISK OK - free space: / 1564 MB (83% inode=98%):
[1381896000] CURRENT SERVICE STATE: msny;Swap Usage;OK;HARD;1;SWAP OK - 100% free (2047 MB out of 2047 MB)
[1381896000] CURRENT SERVICE STATE: nyarxlator1;PING;OK;HARD;1;PING OK - Packet loss = 0%, RTA = 0.33 ms
[1381896000] CURRENT SERVICE STATE: nyarxlator2;PING;OK;HARD;1;PING OK - Packet loss = 0%, RTA = 0.33 ms
[1381896000] CURRENT SERVICE STATE: nyarxlator3;PING;OK;HARD;1;PING OK - Packet loss = 0%, RTA = 0.33 ms
[1381896000] CURRENT SERVICE STATE: nyarxlator4;PING;OK;HARD;1;PING OK - Packet loss = 0%, RTA = 0.38 ms
[1381896000] CURRENT SERVICE STATE: nycnn-adbeame1;AME Job status;OK;HARD;1;AME is idle:
[1381896000] CURRENT SERVICE STATE: nycnn-adbeame1;PING;OK;HARD;1;PING OK - Packet loss = 0%, RTA = 0.38 ms
[1381896000] CURRENT SERVICE STATE: nycnn-adbeame10;AME Job status;OK;HARD;1;Job 09616489 progress is  47.4 :
[1381896000] CURRENT SERVICE STATE: nycnn-adbeame10;PING;OK;HARD;1;PING OK - Packet loss = 0%, RTA = 0.41 ms
[1381896000] CURRENT SERVICE STATE: nycnn-adbeame2;AME Job status;OK;HARD;1;AME is idle:
[1381896000] CURRENT SERVICE STATE: nycnn-adbeame2;PING;OK;HARD;1;PING OK - Packet loss = 0%, RTA = 0.49 ms
[1381896000] CURRENT SERVICE STATE: nycnn-adbeame3;AME Job status;OK;HARD;1;AME is idle:
[1381896000] CURRENT SERVICE STATE: nycnn-adbeame3;PING;OK;HARD;1;PING OK - Packet loss = 0%, RTA = 0.35 ms
[1381896000] CURRENT SERVICE STATE: nycnn-adbeame4;AME Job status;OK;HARD;1;AME is idle:
[1381896000] CURRENT SERVICE STATE: nycnn-adbeame4;PING;OK;HARD;1;PING OK - Packet loss = 0%, RTA = 0.45 ms
[1381896000] CURRENT SERVICE STATE: nycnn-adbeame5;AME Job status;OK;HARD;1;AME is idle:
[1381896000] CURRENT SERVICE STATE: nycnn-adbeame5;PING;OK;HARD;1;PING OK - Packet loss = 0%, RTA = 0.44 ms
[1381896000] CURRENT SERVICE STATE: nycnn-adbeame6;AME Job status;OK;HARD;1;AME is idle:
[1381896000] CURRENT SERVICE STATE: nycnn-adbeame6;PING;OK;HARD;1;PING OK - Packet loss = 0%, RTA = 0.40 ms
[1381896000] CURRENT SERVICE STATE: nycnn-adbeame7;AME Job status;OK;HARD;1;AME is idle:
[1381896000] CURRENT SERVICE STATE: nycnn-adbeame7;PING;OK;HARD;1;PING OK - Packet loss = 0%, RTA = 0.34 ms
[1381896000] CURRENT SERVICE STATE: nycnn-adbeame8;AME Job status;OK;HARD;1;AME is idle:
[1381896000] CURRENT SERVICE STATE: nycnn-adbeame8;PING;OK;HARD;1;PING OK - Packet loss = 0%, RTA = 0.38 ms
[1381896000] CURRENT SERVICE STATE: nycnn-adbeame9;AME Job status;OK;HARD;1;AME is idle:
[1381896000] CURRENT SERVICE STATE: nycnn-adbeame9;PING;OK;HARD;1;PING OK - Packet loss = 0%, RTA = 0.32 ms
[1381896000] CURRENT SERVICE STATE: nycnn-adbectrl1;PING;OK;HARD;1;PING OK - Packet loss = 0%, RTA = 0.31 ms
[1381896000] CURRENT SERVICE STATE: nycnn-adbectrl2;PING;OK;HARD;1;PING OK - Packet loss = 0%, RTA = 0.29 ms
[1381896000] CURRENT SERVICE STATE: nycnn-arapp1;PING;OK;HARD;1;PING OK - Packet loss = 0%, RTA = 0.34 ms
[1381896000] CURRENT SERVICE STATE: nycnn-arapp1;SSH;OK;HARD;1;SSH OK - OpenSSH_4.3 (protocol 2.0)
[1381896000] CURRENT SERVICE STATE: nycnn-arvtrtape;PING;OK;HARD;1;PING OK - Packet loss = 0%, RTA = 0.30 ms
[1381896000] CURRENT SERVICE STATE: nycnn-arvtrtape;SSH;OK;HARD;1;SSH OK - OpenSSH_4.3 (protocol 2.0)
[1381896000] CURRENT SERVICE STATE: nycnn-arxlator1;PING;OK;HARD;1;PING OK - Packet loss = 0%, RTA = 0.29 ms
[1381896000] CURRENT SERVICE STATE: nycnn-arxlator1;SSH;OK;HARD;1;SSH OK - OpenSSH_4.3 (protocol 2.0)
[1381896000] CURRENT SERVICE STATE: nycnn-editxfer-switch;PING;OK;HARD;1;PING OK - Packet loss = 0%, RTA = 0.27 ms
[1381896000] CURRENT SERVICE STATE: nycnn-editxfer3;PING;OK;HARD;1;PING OK - Packet loss = 0%, RTA = 0.17 ms
[1381896000] CURRENT SERVICE STATE: nycnn-editxfer4;PING;OK;HARD;1;PING OK - Packet loss = 0%, RTA = 0.19 ms
[1381896000] CURRENT SERVICE STATE: nycnn-gridpushpull1;PING;OK;HARD;1;PING OK - Packet loss = 0%, RTA = 0.31 ms
[1381896000] CURRENT SERVICE STATE: nycnn-gridpushpull2;PING;OK;HARD;1;PING OK - Packet loss = 0%, RTA = 0.32 ms
[1381896000] CURRENT SERVICE STATE: nycnn-ipvapilic;PING;OK;HARD;1;PING OK - Packet loss = 0%, RTA = 0.23 ms
[1381896000] CURRENT SERVICE STATE: nycnn-ipvproxy1;PING;OK;HARD;1;PING OK - Packet loss = 0%, RTA = 0.33 ms
[1381896000] CURRENT SERVICE STATE: nycnn-ipvproxy2;PING;OK;HARD;1;PING OK - Packet loss = 0%, RTA = 0.32 ms
[1381896000] CURRENT SERVICE STATE: nycnn-ipvsphn1;PING;OK;HARD;1;PING OK - Packet loss = 0%, RTA = 0.28 ms
[1381896000] CURRENT SERVICE STATE: nycnn-ipvsphn2;PING;OK;HARD;1;PING OK - Packet loss = 0%, RTA = 0.28 ms
[1381896000] CURRENT SERVICE STATE: nycnn-ipvsphn3;PING;OK;HARD;1;PING OK - Packet loss = 0%, RTA = 0.27 ms
[1381896000] CURRENT SERVICE STATE: nycnn-ipvsphn4;PING;OK;HARD;1;PING OK - Packet loss = 0%, RTA = 0.23 ms
[1381896000] CURRENT SERVICE STATE: nycnn-ipvsphn5;PING;OK;HARD;1;PING OK - Packet loss = 0%, RTA = 0.25 ms
[1381896000] CURRENT SERVICE STATE: nycnn-ipvstrm1;PING;OK;HARD;1;PING OK - Packet loss = 0%, RTA = 0.63 ms
[1381896000] CURRENT SERVICE STATE: nycnn-ipvstrm2;PING;OK;HARD;1;PING OK - Packet loss = 0%, RTA = 0.31 ms
[1381896000] CURRENT SERVICE STATE: nycnn-ipvstrm3;PING;OK;HARD;1;PING OK - Packet loss = 0%, RTA = 0.32 ms
[1381896000] CURRENT SERVICE STATE: nycnn-ipvstrm4;PING;OK;HARD;1;PING OK - Packet loss = 0%, RTA = 0.36 ms
[1381896000] CURRENT SERVICE STATE: nycnn-ipvx1;PING;OK;HARD;1;PING OK - Packet loss = 0%, RTA = 0.22 ms
[1381896000] CURRENT SERVICE STATE: nycnn-ipvx10;PING;OK;HARD;1;PING OK - Packet loss = 0%, RTA = 0.26 ms
[1381896000] CURRENT SERVICE STATE: nycnn-ipvx10e1;PING;OK;HARD;1;PING OK - Packet loss = 0%, RTA = 0.29 ms
[1381896000] CURRENT SERVICE STATE: nycnn-ipvx11;PING;OK;HARD;1;PING OK - Packet loss = 0%, RTA = 0.31 ms
[1381896000] CURRENT SERVICE STATE: nycnn-ipvx11e1;PING;OK;HARD;1;PING OK - Packet loss = 0%, RTA = 0.23 ms
[1381896000] CURRENT SERVICE STATE: nycnn-ipvx12;PING;OK;HARD;1;PING OK - Packet loss = 0%, RTA = 0.24 ms
[1381896000] CURRENT SERVICE STATE: nycnn-ipvx12e1;PING;OK;HARD;1;PING OK - Packet loss = 0%, RTA = 0.23 ms
[1381896000] CURRENT SERVICE STATE: nycnn-ipvx13;PING;OK;HARD;1;PING OK - Packet loss = 0%, RTA = 0.26 ms
[1381896000] CURRENT SERVICE STATE: nycnn-ipvx13e1;PING;OK;HARD;1;PING OK - Packet loss = 0%, RTA = 0.30 ms
[1381896000] CURRENT SERVICE STATE: nycnn-ipvx14;PING;OK;HARD;1;PING OK - Packet loss = 0%, RTA = 0.23 ms
[1381896000] CURRENT SERVICE STATE: nycnn-ipvx14e1;PING;OK;HARD;1;PING OK - Packet loss = 0%, RTA = 0.25 ms
[1381896000] CURRENT SERVICE STATE: nycnn-ipvx15;PING;OK;HARD;1;PING OK - Packet loss = 0%, RTA = 0.25 ms
[1381896000] CURRENT SERVICE STATE: nycnn-ipvx15e1;PING;OK;HARD;1;PING OK - Packet loss = 0%, RTA = 0.27 ms
[1381896000] CURRENT SERVICE STATE: nycnn-ipvx16;PING;OK;HARD;1;PING OK - Packet loss = 0%, RTA = 0.27 ms
[1381896000] CURRENT SERVICE STATE: nycnn-ipvx16e1;PING;OK;HARD;1;PING OK - Packet loss = 0%, RTA = 0.44 ms
[1381896000] CURRENT SERVICE STATE: nycnn-ipvx17;PING;OK;HARD;1;PING OK - Packet loss = 0%, RTA = 0.31 ms
[1381896000] CURRENT SERVICE STATE: nycnn-ipvx17e1;PING;OK;HARD;1;PING OK - Packet loss = 0%, RTA = 0.25 ms
[1381896000] CURRENT SERVICE STATE: nycnn-ipvx18;PING;OK;HARD;1;PING OK - Packet loss = 0%, RTA = 0.25 ms
[1381896000] CURRENT SERVICE STATE: nycnn-ipvx18e1;PING;OK;HARD;1;PING OK - Packet loss = 0%, RTA = 0.26 ms
[1381896000] CURRENT SERVICE STATE: nycnn-ipvx19;PING;OK;HARD;1;PING OK - Packet loss = 0%, RTA = 0.37 ms
[1381896000] CURRENT SERVICE STATE: nycnn-ipvx19e1;PING;OK;HARD;1;PING OK - Packet loss = 0%, RTA = 0.29 ms
[1381896000] CURRENT SERVICE STATE: nycnn-ipvx1e1;PING;OK;HARD;1;PING OK - Packet loss = 0%, RTA = 0.31 ms
[1381896000] CURRENT SERVICE STATE: nycnn-ipvx2;PING;OK;HARD;1;PING OK - Packet loss = 0%, RTA = 0.26 ms
[1381896000] CURRENT SERVICE STATE: nycnn-ipvx20;PING;OK;HARD;1;PING OK - Packet loss = 0%, RTA = 0.25 ms
[1381896000] CURRENT SERVICE STATE: nycnn-ipvx20e1;PING;OK;HARD;1;PING OK - Packet loss = 0%, RTA = 0.30 ms
[1381896000] CURRENT SERVICE STATE: nycnn-ipvx21;PING;OK;HARD;1;PING OK - Packet loss = 0%, RTA = 0.24 ms
[1381896000] CURRENT SERVICE STATE: nycnn-ipvx21e1;PING;OK;HARD;1;PING OK - Packet loss = 0%, RTA = 0.25 ms
[1381896000] CURRENT SERVICE STATE: nycnn-ipvx22;PING;OK;HARD;1;PING OK - Packet loss = 0%, RTA = 0.23 ms
[1381896000] CURRENT SERVICE STATE: nycnn-ipvx22e1;PING;OK;HARD;1;PING OK - Packet loss = 0%, RTA = 0.22 ms
[1381896000] CURRENT SERVICE STATE: nycnn-ipvx23;PING;OK;HARD;1;PING OK - Packet loss = 0%, RTA = 0.20 ms
[1381896000] CURRENT SERVICE STATE: nycnn-ipvx23e1;PING;OK;HARD;1;PING OK - Packet loss = 0%, RTA = 0.26 ms
[1381896000] CURRENT SERVICE STATE: nycnn-ipvx24;PING;OK;HARD;1;PING OK - Packet loss = 0%, RTA = 0.23 ms
[1381896000] CURRENT SERVICE STATE: nycnn-ipvx24e1;PING;OK;HARD;1;PING OK - Packet loss = 0%, RTA = 0.25 ms
[1381896000] CURRENT SERVICE STATE: nycnn-ipvx25;PING;OK;HARD;1;PING OK - Packet loss = 0%, RTA = 0.25 ms
[1381896000] CURRENT SERVICE STATE: nycnn-ipvx25e1;PING;OK;HARD;1;PING OK - Packet loss = 0%, RTA = 0.25 ms
[1381896000] CURRENT SERVICE STATE: nycnn-ipvx26;PING;OK;HARD;1;PING OK - Packet loss = 0%, RTA = 0.23 ms
[1381896000] CURRENT SERVICE STATE: nycnn-ipvx26e1;PING;OK;HARD;1;PING OK - Packet loss = 0%, RTA = 0.21 ms
[1381896000] CURRENT SERVICE STATE: nycnn-ipvx27;PING;OK;HARD;1;PING OK - Packet loss = 0%, RTA = 0.21 ms
[1381896000] CURRENT SERVICE STATE: nycnn-ipvx27e1;PING;OK;HARD;1;PING OK - Packet loss = 0%, RTA = 0.26 ms
[1381896000] CURRENT SERVICE STATE: nycnn-ipvx28;PING;OK;HARD;1;PING OK - Packet loss = 0%, RTA = 0.29 ms
[1381896000] CURRENT SERVICE STATE: nycnn-ipvx28e1;PING;OK;HARD;1;PING OK - Packet loss = 0%, RTA = 0.19 ms
[1381896000] CURRENT SERVICE STATE: nycnn-ipvx29;PING;OK;HARD;1;PING OK - Packet loss = 0%, RTA = 0.25 ms
[1381896000] CURRENT SERVICE STATE: nycnn-ipvx29e1;PING;OK;HARD;1;PING OK - Packet loss = 0%, RTA = 0.25 ms
[1381896000] CURRENT SERVICE STATE: nycnn-ipvx2e1;PING;OK;HARD;1;PING OK - Packet loss = 0%, RTA = 0.24 ms
[1381896000] CURRENT SERVICE STATE: nycnn-ipvx3;PING;OK;HARD;1;PING OK - Packet loss = 0%, RTA = 0.23 ms
[1381896000] CURRENT SERVICE STATE: nycnn-ipvx30;PING;OK;HARD;1;PING OK - Packet loss = 0%, RTA = 0.21 ms
[1381896000] CURRENT SERVICE STATE: nycnn-ipvx30e1;PING;OK;HARD;1;PING OK - Packet loss = 0%, RTA = 0.26 ms
[1381896000] CURRENT SERVICE STATE: nycnn-ipvx31;PING;OK;HARD;1;PING OK - Packet loss = 0%, RTA = 0.38 ms
[1381896000] CURRENT SERVICE STATE: nycnn-ipvx31e1;PING;OK;HARD;1;PING OK - Packet loss = 0%, RTA = 0.23 ms
[1381896000] CURRENT SERVICE STATE: nycnn-ipvx32;PING;OK;HARD;1;PING OK - Packet loss = 0%, RTA = 0.24 ms
[1381896000] CURRENT SERVICE STATE: nycnn-ipvx32e1;PING;OK;HARD;1;PING OK - Packet loss = 0%, RTA = 0.24 ms
[1381896000] CURRENT SERVICE STATE: nycnn-ipvx33;PING;OK;HARD;1;PING OK - Packet loss = 0%, RTA = 0.28 ms
[1381896000] CURRENT SERVICE STATE: nycnn-ipvx33e1;PING;OK;HARD;1;PING OK - Packet loss = 0%, RTA = 0.26 ms
[1381896000] CURRENT SERVICE STATE: nycnn-ipvx34;PING;OK;HARD;1;PING OK - Packet loss = 0%, RTA = 0.27 ms
[1381896000] CURRENT SERVICE STATE: nycnn-ipvx34e1;PING;OK;HARD;1;PING OK - Packet loss = 0%, RTA = 0.26 ms
[1381896000] CURRENT SERVICE STATE: nycnn-ipvx35;PING;OK;HARD;1;PING OK - Packet loss = 0%, RTA = 0.26 ms
[1381896000] CURRENT SERVICE STATE: nycnn-ipvx35e1;PING;OK;HARD;1;PING OK - Packet loss = 0%, RTA = 0.26 ms
[1381896000] CURRENT SERVICE STATE: nycnn-ipvx3e1;PING;OK;HARD;1;PING OK - Packet loss = 0%, RTA = 0.25 ms
[1381896000] CURRENT SERVICE STATE: nycnn-ipvx4;PING;OK;HARD;1;PING OK - Packet loss = 0%, RTA = 0.24 ms
[1381896000] CURRENT SERVICE STATE: nycnn-ipvx4e1;PING;OK;HARD;1;PING OK - Packet loss = 0%, RTA = 0.25 ms
[1381896000] CURRENT SERVICE STATE: nycnn-ipvx5;PING;OK;HARD;1;PING OK - Packet loss = 0%, RTA = 0.24 ms
[1381896000] CURRENT SERVICE STATE: nycnn-ipvx5e1;PING;OK;HARD;1;PING OK - Packet loss = 0%, RTA = 0.22 ms
[1381896000] CURRENT SERVICE STATE: nycnn-ipvx6;PING;OK;HARD;1;PING OK - Packet loss = 0%, RTA = 0.25 ms
[1381896000] CURRENT SERVICE STATE: nycnn-ipvx6e1;PING;OK;HARD;1;PING OK - Packet loss = 0%, RTA = 0.21 ms
[1381896000] CURRENT SERVICE STATE: nycnn-ipvx7;PING;OK;HARD;1;PING OK - Packet loss = 0%, RTA = 0.26 ms
[1381896000] CURRENT SERVICE STATE: nycnn-ipvx7e1;PING;OK;HARD;1;PING OK - Packet loss = 0%, RTA = 0.23 ms
[1381896000] CURRENT SERVICE STATE: nycnn-ipvx8;PING;OK;HARD;1;PING OK - Packet loss = 0%, RTA = 0.22 ms
[1381896000] CURRENT SERVICE STATE: nycnn-ipvx8e1;PING;OK;HARD;1;PING OK - Packet loss = 0%, RTA = 0.24 ms
[1381896000] CURRENT SERVICE STATE: nycnn-ipvx9;PING;OK;HARD;1;PING OK - Packet loss = 0%, RTA = 0.23 ms
[1381896000] CURRENT SERVICE STATE: nycnn-ipvx9e1;PING;OK;HARD;1;PING OK - Packet loss = 0%, RTA = 0.24 ms
[1381896000] CURRENT SERVICE STATE: nycnn-kickstart;PING;OK;HARD;1;PING OK - Packet loss = 0%, RTA = 0.28 ms
[1381896000] CURRENT SERVICE STATE: nycnn-mamdb1;PING;OK;HARD;1;PING OK - Packet loss = 0%, RTA = 0.29 ms
[1381896000] CURRENT SERVICE STATE: nycnn-mamdb2;PING;OK;HARD;1;PING OK - Packet loss = 0%, RTA = 0.29 ms
[1381896000] CURRENT SERVICE STATE: nycnn-mamfog;PING;OK;HARD;1;PING OK - Packet loss = 0%, RTA = 0.19 ms
[1381896000] CURRENT SERVICE STATE: nycnn-mamkey1;PING;OK;HARD;1;PING OK - Packet loss = 0%, RTA = 0.28 ms
[1381896000] CURRENT SERVICE STATE: nycnn-mamkey2;PING;OK;HARD;1;PING OK - Packet loss = 0%, RTA = 0.27 ms
[1381896000] CURRENT SERVICE STATE: nycnn-mammq1;PING;OK;HARD;1;PING OK - Packet loss = 0%, RTA = 0.26 ms
[1381896000] CURRENT SERVICE STATE: nycnn-mammq2;PING;OK;HARD;1;PING OK - Packet loss = 0%, RTA = 0.27 ms
[1381896000] CURRENT SERVICE STATE: nycnn-ms2app3;Current Load;OK;HARD;1;OK - load average: 0.46, 0.52, 0.47
[1381896000] CURRENT SERVICE STATE: nycnn-ms2app3;GridA_Render_Folder_Count;UNKNOWN;HARD;4;Grid A UNKNOWN: Cannot determine value
[1381896000] CURRENT SERVICE STATE: nycnn-ms2app3;PING;OK;HARD;1;PING OK - Packet loss = 0%, RTA = 0.27 ms
[1381896000] CURRENT SERVICE STATE: nycnn-ms2app3;Root Partition;OK;HARD;1;DISK OK - free space: / 1564 MB (83% inode=98%):
[1381896000] CURRENT SERVICE STATE: nycnn-ms2app3;Swap Usage;OK;HARD;1;SWAP OK - 100% free (2047 MB out of 2047 MB)
[1381896000] CURRENT SERVICE STATE: nycnn-ms2app4;Current Load;OK;HARD;1;OK - load average: 0.42, 0.51, 0.47
[1381896000] CURRENT SERVICE STATE: nycnn-ms2app4;GridA_Render_Folder_Count;OK;HARD;1;Grid A OK: 0  subdirectories in editor/Render Files
[1381896000] CURRENT SERVICE STATE: nycnn-ms2app4;PING;OK;HARD;1;PING OK - Packet loss = 0%, RTA = 0.27 ms
[1381896000] CURRENT SERVICE STATE: nycnn-ms2app4;Root Partition;OK;HARD;1;DISK OK - free space: / 1564 MB (83% inode=98%):
[1381896000] CURRENT SERVICE STATE: nycnn-ms2app4;Swap Usage;OK;HARD;1;SWAP OK - 100% free (2047 MB out of 2047 MB)
[1381896000] CURRENT SERVICE STATE: nycnn-ms2db1;Disk Space on /oracle;OK;HARD;1;DISK OK - free space: /oracle 904026 MB (92% inode=99%):
[1381896000] CURRENT SERVICE STATE: nycnn-ms2db1;PING;OK;HARD;1;PING OK - Packet loss = 0%, RTA = 0.25 ms
[1381896000] CURRENT SERVICE STATE: nycnn-ms2db2;Disk Space on /oracle;OK;HARD;1;DISK OK - free space: /oracle 802707 MB (82% inode=99%):
[1381896000] CURRENT SERVICE STATE: nycnn-ms2db2;PING;OK;HARD;1;PING OK - Packet loss = 0%, RTA = 0.27 ms
[1381896000] CURRENT SERVICE STATE: nycnn-ms2db3;Disk Space on /oracle;OK;HARD;1;DISK OK - free space: /oracle 865340 MB (88% inode=99%):
[1381896000] CURRENT SERVICE STATE: nycnn-ms2db3;PING;OK;HARD;1;PING OK - Packet loss = 0%, RTA = 0.28 ms
[1381896000] CURRENT SERVICE STATE: nycnn-ms2fsd;PING;OK;HARD;1;PING OK - Packet loss = 0%, RTA = 0.25 ms
[1381896000] CURRENT SERVICE STATE: nycnn-ms2fsd1;PING;OK;HARD;1;PING OK - Packet loss = 0%, RTA = 0.27 ms
[1381896000] CURRENT SERVICE STATE: nycnn-ms2fsd2;PING;OK;HARD;1;PING OK - Packet loss = 0%, RTA = 0.19 ms
[1381896000] CURRENT SERVICE STATE: nycnn-ms2stills1;PING;OK;HARD;1;PING OK - Packet loss = 0%, RTA = 0.46 ms
[1381896000] CURRENT SERVICE STATE: nycnn-ms2stills2;PING;OK;HARD;1;PING OK - Packet loss = 0%, RTA = 0.50 ms
[1381896000] CURRENT SERVICE STATE: nycnn-nag1;PING;OK;HARD;1;PING OK - Packet loss = 0%, RTA = 0.32 ms
[1381896000] CURRENT SERVICE STATE: nycnn-nag2;PING;OK;HARD;1;PING OK - Packet loss = 0%, RTA = 0.27 ms
[1381896000] CURRENT SERVICE STATE: nycnn-nag4;PING;OK;HARD;1;PING OK - Packet loss = 0%, RTA = 0.26 ms
[1381896000] CURRENT SERVICE STATE: nycnn-splunk;Disk Space on /opt;UNKNOWN;HARD;4;Remote command execution failed: Permission denied, please try again.
[1381896000] CURRENT SERVICE STATE: nycnn-splunk;PING;OK;HARD;1;PING OK - Packet loss = 0%, RTA = 0.29 ms
[1381896000] CURRENT SERVICE STATE: nyhdscheduler;HTTP;OK;HARD;1;HTTP OK: HTTP/1.1 200 OK - 598 bytes in 0.001 second response time
[1381896000] CURRENT SERVICE STATE: nyhdscheduler;PING;OK;HARD;1;PING OK - Packet loss = 0%, RTA = 0.29 ms
[1381896000] CURRENT SERVICE STATE: nymamkey;PING;OK;HARD;1;PING OK - Packet loss = 0%, RTA = 0.29 ms
[1381896000] CURRENT SERVICE STATE: nymq;PING;OK;HARD;1;PING OK - Packet loss = 0%, RTA = 0.32 ms
[1381896000] CURRENT SERVICE STATE: nyproxygenhd;PING;OK;HARD;1;PING OK - Packet loss = 0%, RTA = 0.28 ms
[1381896000] CURRENT SERVICE STATE: nyvideodrop;PING;OK;HARD;1;PING OK - Packet loss = 0%, RTA = 0.29 ms
[1381896000] CURRENT SERVICE STATE: omnclda01-ny;PING;OK;HARD;1;PING OK - Packet loss = 0%, RTA = 0.34 ms
[1381896000] CURRENT SERVICE STATE: omnclda01e1-ny;PING;OK;HARD;1;PING OK - Packet loss = 0%, RTA = 0.34 ms
[1381896000] CURRENT SERVICE STATE: omnclda02-ny;PING;OK;HARD;1;PING OK - Packet loss = 0%, RTA = 0.31 ms
[1381896000] CURRENT SERVICE STATE: omnclda02e1-ny;PING;OK;HARD;1;PING OK - Packet loss = 0%, RTA = 0.28 ms
[1381896000] CURRENT SERVICE STATE: omnclda03-ny;PING;OK;HARD;1;PING OK - Packet loss = 0%, RTA = 0.31 ms
[1381896000] CURRENT SERVICE STATE: omnclda03e1-ny;PING;OK;HARD;1;PING OK - Packet loss = 0%, RTA = 0.31 ms
[1381896000] CURRENT SERVICE STATE: omnhbcba01-ny;PING;OK;HARD;1;PING OK - Packet loss = 0%, RTA = 0.28 ms
[1381896000] CURRENT SERVICE STATE: omnhbcba02-ny;PING;OK;HARD;1;PING OK - Packet loss = 0%, RTA = 0.28 ms
[1381896000] CURRENT SERVICE STATE: omnhbcba03-ny;PING;OK;HARD;1;PING OK - Packet loss = 0%, RTA = 0.31 ms
[1381896000] CURRENT SERVICE STATE: omnhbcba04-ny;PING;OK;HARD;1;PING OK - Packet loss = 0%, RTA = 0.31 ms
[1381896000] CURRENT SERVICE STATE: omnhbcba05-ny;PING;OK;HARD;1;PING OK - Packet loss = 0%, RTA = 0.31 ms
[1381896000] CURRENT SERVICE STATE: omnhbcba06-ny;PING;OK;HARD;1;PING OK - Packet loss = 0%, RTA = 0.32 ms
[1381896000] CURRENT SERVICE STATE: omnhbcba07-ny;PING;OK;HARD;1;PING OK - Packet loss = 0%, RTA = 0.31 ms
[1381896000] CURRENT SERVICE STATE: omnhbcba08-ny;PING;OK;HARD;1;PING OK - Packet loss = 0%, RTA = 0.31 ms
[1381896000] CURRENT SERVICE STATE: omnhbcba09-ny;PING;OK;HARD;1;PING OK - Packet loss = 0%, RTA = 0.31 ms
[1381896000] CURRENT SERVICE STATE: omnhbcba10-ny;PING;OK;HARD;1;PING OK - Packet loss = 0%, RTA = 0.24 ms
[1381896000] CURRENT SERVICE STATE: omnhbcba11-ny;PING;OK;HARD;1;PING OK - Packet loss = 0%, RTA = 0.33 ms
[1381896000] CURRENT SERVICE STATE: omnhbcba12-ny;PING;OK;HARD;1;PING OK - Packet loss = 0%, RTA = 0.29 ms
[1381896000] CURRENT SERVICE STATE: omnldap1-ny;LDAP;OK;HARD;1;LDAP OK - 0.002 seconds response time
[1381896000] CURRENT SERVICE STATE: omnldap2-ny;LDAP;OK;HARD;1;LDAP OK - 0.002 seconds response time
[1381896000] CURRENT SERVICE STATE: omnmas1app-ny;PING;OK;HARD;1;PING OK - Packet loss = 0%, RTA = 0.26 ms
[1381896000] CURRENT SERVICE STATE: omnmas1app1-ny;PING;OK;HARD;1;PING OK - Packet loss = 0%, RTA = 0.30 ms
[1381896000] CURRENT SERVICE STATE: omnmas1app2-ny;PING;OK;HARD;1;PING OK - Packet loss = 0%, RTA = 0.38 ms
[1381896000] CURRENT SERVICE STATE: omnmas1db-ny;PING;OK;HARD;1;PING OK - Packet loss = 0%, RTA = 0.32 ms
[1381896000] CURRENT SERVICE STATE: omnmas1db1-ny;PING;OK;HARD;1;PING OK - Packet loss = 0%, RTA = 0.37 ms
[1381896000] CURRENT SERVICE STATE: omnmas1db2-ny;PING;OK;HARD;1;PING OK - Packet loss = 0%, RTA = 0.30 ms
[1381896000] CURRENT SERVICE STATE: omnmas2app-ny;PING;CRITICAL;HARD;3;PING CRITICAL - Packet loss = 100%
[1381896000] CURRENT SERVICE STATE: omnmas2app1-ny;PING;OK;HARD;1;PING OK - Packet loss = 0%, RTA = 0.37 ms
[1381896000] CURRENT SERVICE STATE: omnmas2app2-ny;PING;OK;HARD;1;PING OK - Packet loss = 0%, RTA = 0.31 ms
[1381896000] CURRENT SERVICE STATE: omnmas2db-ny;PING;OK;HARD;1;PING OK - Packet loss = 0%, RTA = 0.29 ms
[1381896000] CURRENT SERVICE STATE: omnmas2db1-ny;PING;OK;HARD;1;PING OK - Packet loss = 0%, RTA = 0.26 ms
[1381896000] CURRENT SERVICE STATE: omnmas2db2-ny;PING;OK;HARD;1;PING OK - Packet loss = 0%, RTA = 0.30 ms
[1381896000] CURRENT SERVICE STATE: omnmdir01-ny;PING;OK;HARD;1;PING OK - Packet loss = 0%, RTA = 0.23 ms
[1381896000] CURRENT SERVICE STATE: omnmdir01e1-ny;PING;OK;HARD;1;PING OK - Packet loss = 0%, RTA = 0.26 ms
[1381896000] CURRENT SERVICE STATE: omnmdir02-ny;PING;OK;HARD;1;PING OK - Packet loss = 0%, RTA = 0.23 ms
[1381896000] CURRENT SERVICE STATE: omnmdir02e1-ny;PING;OK;HARD;1;PING OK - Packet loss = 0%, RTA = 0.22 ms
[1381896000] CURRENT SERVICE STATE: omnmdir03-ny;PING;OK;HARD;1;PING OK - Packet loss = 0%, RTA = 0.23 ms
[1381896000] CURRENT SERVICE STATE: omnmdir03e1-ny;PING;OK;HARD;1;PING OK - Packet loss = 0%, RTA = 0.24 ms
[1381896000] CURRENT SERVICE STATE: omnmdir04-ny;PING;OK;HARD;1;PING OK - Packet loss = 0%, RTA = 0.23 ms
[1381896000] CURRENT SERVICE STATE: omnmdir04e1-ny;PING;OK;HARD;1;PING OK - Packet loss = 0%, RTA = 0.25 ms
[1381896000] CURRENT SERVICE STATE: omnmdk01-ny;PING;OK;HARD;1;PING OK - Packet loss = 0%, RTA = 0.47 ms
[1381896000] CURRENT SERVICE STATE: omnmdk01h0-ny;PING;OK;HARD;1;PING OK - Packet loss = 0%, RTA = 0.51 ms
[1381896000] CURRENT SERVICE STATE: omnmdk02-ny;PING;OK;HARD;1;PING OK - Packet loss = 0%, RTA = 0.50 ms
[1381896000] CURRENT SERVICE STATE: omnmdk02h0-ny;PING;OK;HARD;1;PING OK - Packet loss = 0%, RTA = 0.51 ms
[1381896000] CURRENT SERVICE STATE: omnmdk03-ny;PING;OK;HARD;1;PING OK - Packet loss = 0%, RTA = 0.49 ms
[1381896000] CURRENT SERVICE STATE: omnmdk03h0-ny;PING;OK;HARD;1;PING OK - Packet loss = 0%, RTA = 0.51 ms
[1381896000] CURRENT SERVICE STATE: omnmdk04-ny;PING;OK;HARD;1;PING OK - Packet loss = 0%, RTA = 0.47 ms
[1381896000] CURRENT SERVICE STATE: omnmdk04h0-ny;PING;OK;HARD;1;PING OK - Packet loss = 0%, RTA = 0.50 ms
[1381896000] CURRENT SERVICE STATE: omnmdk05-ny;PING;OK;HARD;1;PING OK - Packet loss = 0%, RTA = 0.49 ms
[1381896000] CURRENT SERVICE STATE: omnmdk05h0-ny;PING;OK;HARD;1;PING OK - Packet loss = 0%, RTA = 0.47 ms
[1381896000] CURRENT SERVICE STATE: omnmdk06-ny;PING;OK;HARD;1;PING OK - Packet loss = 0%, RTA = 0.57 ms
[1381896000] CURRENT SERVICE STATE: omnmdk06h0-ny;PING;OK;HARD;1;PING OK - Packet loss = 0%, RTA = 0.53 ms
[1381896000] CURRENT SERVICE STATE: omnmdk07-ny;PING;OK;HARD;1;PING OK - Packet loss = 0%, RTA = 0.53 ms
[1381896000] CURRENT SERVICE STATE: omnmdk07h0-ny;PING;OK;HARD;1;PING OK - Packet loss = 0%, RTA = 0.52 ms
[1381896000] CURRENT SERVICE STATE: omnmdk08-ny;PING;OK;HARD;1;PING OK - Packet loss = 0%, RTA = 0.51 ms
[1381896000] CURRENT SERVICE STATE: omnmdk08h0-ny;PING;OK;HARD;1;PING OK - Packet loss = 0%, RTA = 0.50 ms
[1381896000] CURRENT SERVICE STATE: omnmdk09-ny;PING;OK;HARD;1;PING OK - Packet loss = 0%, RTA = 0.45 ms
[1381896000] CURRENT SERVICE STATE: omnmdk09h0-ny;PING;OK;HARD;1;PING OK - Packet loss = 0%, RTA = 0.48 ms
[1381896000] CURRENT SERVICE STATE: omnmdk10-ny;PING;OK;HARD;1;PING OK - Packet loss = 0%, RTA = 0.47 ms
[1381896000] CURRENT SERVICE STATE: omnmdk10h0-ny;PING;OK;HARD;1;PING OK - Packet loss = 0%, RTA = 0.50 ms
[1381896000] CURRENT SERVICE STATE: omnmdk11-ny;PING;OK;HARD;1;PING OK - Packet loss = 0%, RTA = 0.49 ms
[1381896000] CURRENT SERVICE STATE: omnmdk11h0-ny;PING;OK;HARD;1;PING OK - Packet loss = 0%, RTA = 0.50 ms
[1381896000] CURRENT SERVICE STATE: omnmdk12-ny;PING;OK;HARD;1;PING OK - Packet loss = 0%, RTA = 0.49 ms
[1381896000] CURRENT SERVICE STATE: omnmdk12h0-ny;PING;OK;HARD;1;PING OK - Packet loss = 0%, RTA = 0.50 ms
[1381896000] CURRENT SERVICE STATE: omnmdk13-ny;PING;OK;HARD;1;PING OK - Packet loss = 0%, RTA = 0.53 ms
[1381896000] CURRENT SERVICE STATE: omnmdk13h0-ny;PING;OK;HARD;1;PING OK - Packet loss = 0%, RTA = 0.54 ms
[1381896000] CURRENT SERVICE STATE: omnmdk14-ny;PING;OK;HARD;1;PING OK - Packet loss = 0%, RTA = 0.47 ms
[1381896000] CURRENT SERVICE STATE: omnmdk14h0-ny;PING;OK;HARD;1;PING OK - Packet loss = 0%, RTA = 0.54 ms
[1381896000] CURRENT SERVICE STATE: omnmdk15-ny;PING;OK;HARD;1;PING OK - Packet loss = 0%, RTA = 0.46 ms
[1381896000] CURRENT SERVICE STATE: omnmdk15h0-ny;PING;OK;HARD;1;PING OK - Packet loss = 0%, RTA = 0.46 ms
[1381896000] CURRENT SERVICE STATE: omnmdk16-ny;PING;OK;HARD;1;PING OK - Packet loss = 0%, RTA = 0.52 ms
[1381896000] CURRENT SERVICE STATE: omnmdk16h0-ny;PING;OK;HARD;1;PING OK - Packet loss = 0%, RTA = 0.50 ms
[1381896000] CURRENT SERVICE STATE: omnmdk17-ny;PING;OK;HARD;1;PING OK - Packet loss = 0%, RTA = 0.48 ms
[1381896000] CURRENT SERVICE STATE: omnmdk17h0-ny;PING;OK;HARD;1;PING OK - Packet loss = 0%, RTA = 0.54 ms
[1381896000] CURRENT SERVICE STATE: omnmdk18-ny;PING;OK;HARD;1;PING OK - Packet loss = 0%, RTA = 0.47 ms
[1381896000] CURRENT SERVICE STATE: omnmdk18h0-ny;PING;OK;HARD;1;PING OK - Packet loss = 0%, RTA = 0.53 ms
[1381896000] CURRENT SERVICE STATE: omnmdk19-ny;PING;OK;HARD;1;PING OK - Packet loss = 0%, RTA = 0.51 ms
[1381896000] CURRENT SERVICE STATE: omnmdk19h0-ny;PING;OK;HARD;1;PING OK - Packet loss = 0%, RTA = 0.49 ms
[1381896000] CURRENT SERVICE STATE: omnmgsm-ny;PING;OK;HARD;1;PING OK - Packet loss = 0%, RTA = 0.21 ms
[1381896000] CURRENT SERVICE STATE: omnspsm-ny;PING;OK;HARD;1;PING OK - Packet loss = 0%, RTA = 0.21 ms
[1381896000] CURRENT SERVICE STATE: rt-nycc3750tgr-ilo;PING;OK;HARD;1;PING OK - Packet loss = 0%, RTA = 0.95 ms
[1381896000] CURRENT SERVICE STATE: rt-nycc3750tgr-ms2;PING;OK;HARD;1;PING OK - Packet loss = 0%, RTA = 1.11 ms
[1381896000] CURRENT SERVICE STATE: rt-nyccfcp-1;PING;OK;HARD;1;PING OK - Packet loss = 0%, RTA = 0.67 ms
[1381896000] CURRENT SERVICE STATE: rt-nyccfcp-2;PING;OK;HARD;1;PING OK - Packet loss = 0%, RTA = 0.64 ms
[1381896000] CURRENT SERVICE STATE: rt-nycchdagg-a;PING;OK;HARD;1;PING OK - Packet loss = 0%, RTA = 1.08 ms
[1381896000] CURRENT SERVICE STATE: rt-nycchdagg-b;PING;OK;HARD;1;PING OK - Packet loss = 0%, RTA = 1.22 ms
[1381896000] CURRENT SERVICE STATE: rt-nyccmediagrid;PING;OK;HARD;1;PING OK - Packet loss = 0%, RTA = 0.47 ms
[1381896000] CURRENT SERVICE STATE: rt-nyccspectrum;PING;OK;HARD;1;PING OK - Packet loss = 0%, RTA = 0.53 ms
[1381896000] CURRENT SERVICE STATE: spider;PING;OK;HARD;1;PING OK - Packet loss = 0%, RTA = 0.28 ms
[1381896000] CURRENT SERVICE STATE: wdchd001;PING;CRITICAL;HARD;3;PING CRITICAL - Packet loss = 100%
[1381896000] CURRENT SERVICE STATE: wdchd002;PING;CRITICAL;HARD;3;PING CRITICAL - Packet loss = 100%
[1381896000] CURRENT SERVICE STATE: wdchd003;PING;OK;HARD;1;PING OK - Packet loss = 0%, RTA = 6.53 ms
[1381896000] CURRENT SERVICE STATE: wdchd004;PING;OK;HARD;1;PING OK - Packet loss = 0%, RTA = 6.57 ms
[1381896000] CURRENT SERVICE STATE: wdchd005;PING;CRITICAL;HARD;3;PING CRITICAL - Packet loss = 100%
[1381896000] CURRENT SERVICE STATE: wdchd006;PING;CRITICAL;HARD;3;PING CRITICAL - Packet loss = 100%
[1381896000] CURRENT SERVICE STATE: wdchd007;PING;CRITICAL;HARD;3;PING CRITICAL - Packet loss = 100%
[1381896000] CURRENT SERVICE STATE: wdchd008;PING;OK;HARD;1;PING OK - Packet loss = 0%, RTA = 6.68 ms
[1381896000] CURRENT SERVICE STATE: wdchd009;PING;CRITICAL;HARD;3;PING CRITICAL - Packet loss = 100%
[1381896000] CURRENT SERVICE STATE: wdchd010;PING;CRITICAL;HARD;3;PING CRITICAL - Packet loss = 100%
[1381896000] CURRENT SERVICE STATE: wdchd011;PING;CRITICAL;HARD;3;PING CRITICAL - Packet loss = 100%
[1381896000] CURRENT SERVICE STATE: wdchd012;PING;CRITICAL;HARD;3;PING CRITICAL - Packet loss = 100%
[1381896000] CURRENT SERVICE STATE: wdchd013;PING;CRITICAL;HARD;3;PING CRITICAL - Packet loss = 100%
[1381896000] CURRENT SERVICE STATE: wdchd014;PING;CRITICAL;HARD;3;PING CRITICAL - Packet loss = 100%
[1381896000] CURRENT SERVICE STATE: wdchd015;PING;CRITICAL;HARD;3;PING CRITICAL - Packet loss = 100%
[1381896000] CURRENT SERVICE STATE: wdchd016;PING;OK;HARD;1;PING OK - Packet loss = 0%, RTA = 6.52 ms
[1381896000] CURRENT SERVICE STATE: wdchd017;PING;CRITICAL;HARD;3;PING CRITICAL - Packet loss = 100%
[1381896000] CURRENT SERVICE STATE: wdchd018;PING;CRITICAL;HARD;3;PING CRITICAL - Packet loss = 100%
[1381896000] CURRENT SERVICE STATE: wdchd019;PING;CRITICAL;HARD;3;PING CRITICAL - Packet loss = 100%
[1381896000] CURRENT SERVICE STATE: wdchd020;PING;CRITICAL;HARD;3;PING CRITICAL - Packet loss = 100%
[1381896000] CURRENT SERVICE STATE: wdchd021;PING;CRITICAL;HARD;3;PING CRITICAL - Packet loss = 100%
[1381896000] CURRENT SERVICE STATE: wdchd022;PING;CRITICAL;HARD;3;PING CRITICAL - Packet loss = 100%
[1381896000] CURRENT SERVICE STATE: wdchd023;PING;CRITICAL;HARD;3;PING CRITICAL - Packet loss = 100%
[1381896000] CURRENT SERVICE STATE: wdchd024;PING;OK;HARD;1;PING OK - Packet loss = 0%, RTA = 6.59 ms
[1381896000] CURRENT SERVICE STATE: wdchd025;PING;OK;HARD;1;PING OK - Packet loss = 0%, RTA = 6.80 ms
[1381896000] CURRENT SERVICE STATE: wdchd026;PING;CRITICAL;HARD;3;PING CRITICAL - Packet loss = 100%
[1381896000] CURRENT SERVICE STATE: wdchd027;PING;OK;HARD;1;PING OK - Packet loss = 0%, RTA = 6.62 ms
[1381896000] CURRENT SERVICE STATE: wdchd028;PING;CRITICAL;HARD;3;PING CRITICAL - Packet loss = 100%
[1381896000] CURRENT SERVICE STATE: wdchd029;PING;OK;HARD;1;PING OK - Packet loss = 0%, RTA = 6.58 ms
[1381896000] CURRENT SERVICE STATE: wdchd030;PING;OK;HARD;1;PING OK - Packet loss = 0%, RTA = 6.64 ms
[1381896000] CURRENT SERVICE STATE: wdchd031;PING;OK;HARD;1;PING OK - Packet loss = 0%, RTA = 6.68 ms
[1381896000] CURRENT SERVICE STATE: wdcmd001;PING;OK;HARD;1;PING OK - Packet loss = 0%, RTA = 6.60 ms
[1381896000] CURRENT SERVICE STATE: wdcmd002;PING;OK;HARD;1;PING OK - Packet loss = 0%, RTA = 6.64 ms
[1381896000] CURRENT SERVICE STATE: wdcms001;PING;OK;HARD;1;PING OK - Packet loss = 0%, RTA = 6.63 ms
[1381896000] CURRENT SERVICE STATE: wdcms002;PING;OK;HARD;1;PING OK - Packet loss = 0%, RTA = 6.72 ms
[1381896000] CURRENT SERVICE STATE: wdcms003;PING;OK;HARD;1;PING OK - Packet loss = 0%, RTA = 6.60 ms
[1381896000] CURRENT SERVICE STATE: wdcod001;PING;OK;HARD;1;PING OK - Packet loss = 0%, RTA = 6.52 ms
[1381896000] CURRENT SERVICE STATE: wdcod002;PING;OK;HARD;1;PING OK - Packet loss = 0%, RTA = 6.66 ms
[1381896000] CURRENT SERVICE STATE: wdcod01;PING;OK;HARD;1;PING OK - Packet loss = 0%, RTA = 6.46 ms
[1381896000] CURRENT SERVICE STATE: wdcod02;PING;OK;HARD;1;PING OK - Packet loss = 0%, RTA = 6.50 ms
[1381896000] CURRENT SERVICE STATE: wdcpf001;PING;OK;HARD;1;PING OK - Packet loss = 0%, RTA = 6.61 ms
[1381896000] CURRENT SERVICE STATE: wdcpf002;PING;OK;HARD;1;PING OK - Packet loss = 0%, RTA = 6.61 ms
[1381896000] CURRENT SERVICE STATE: wdcpf03;PING;OK;HARD;1;PING OK - Packet loss = 0%, RTA = 6.36 ms
[1381896000] CURRENT SERVICE STATE: wdcps001;PING;OK;HARD;1;PING OK - Packet loss = 0%, RTA = 6.56 ms
[1381896000] CURRENT SERVICE STATE: wdcps002;PING;OK;HARD;1;PING OK - Packet loss = 0%, RTA = 6.50 ms
[1381896000] CURRENT SERVICE STATE: wdcps003;PING;OK;HARD;1;PING OK - Packet loss = 0%, RTA = 6.53 ms
[1381896000] CURRENT SERVICE STATE: wdcps004;PING;OK;HARD;1;PING OK - Packet loss = 0%, RTA = 6.59 ms
[1381899118] Auto-save of retention data completed successfully.
[1381902718] Auto-save of retention data completed successfully.
[1381904778] SERVICE ALERT: nycnn-adbeame7;AME Job status;CRITICAL;SOFT;1;Job 09624611 remains in a queued state
[1381904838] SERVICE ALERT: nycnn-adbeame7;AME Job status;OK;SOFT;2;AME is idle:
[1381906318] Auto-save of retention data completed successfully.
[1381909918] Auto-save of retention data completed successfully.
[1381913518] Auto-save of retention data completed successfully.
[1381917118] Auto-save of retention data completed successfully.
[1381920718] Auto-save of retention data completed successfully.
[1381924318] Auto-save of retention data completed successfully.
[1381927918] Auto-save of retention data completed successfully.
[1381931518] Auto-save of retention data completed successfully.
[1381935118] Auto-save of retention data completed successfully.
[1381937614] Caught SIGHUP, restarting...
[1381937614] Nagios 3.3.1 starting... (PID=5157)
[1381937614] Local time is Wed Oct 16 11:33:34 EDT 2013
[1381937614] LOG VERSION: 2.0
[1381937615] Warning: Host 'nycnn-arapp2' has no services associated with it!
[1381937615] Warning: Host 'nycnn-ardb1' has no services associated with it!
[1381937615] Warning: Host 'nycnn-ardb2' has no services associated with it!
[1381937615] Warning: Host 'nycnn-arvtrmops' has no services associated with it!
[1381937615] Warning: Host 'nycnn-arxlator2' has no services associated with it!
[1381937615] Warning: Host 'nycnn-arxlator3' has no services associated with it!
[1381937615] Warning: Host 'nycnn-arxlator4' has no services associated with it!
[1381938047] Caught SIGHUP, restarting...
[1381938047] Nagios 3.3.1 starting... (PID=5157)
[1381938047] Local time is Wed Oct 16 11:40:47 EDT 2013
[1381938047] LOG VERSION: 2.0
[1381938047] Warning: Host 'nycnn-arapp2' has no services associated with it!
[1381938047] Warning: Host 'nycnn-ardb1' has no services associated with it!
[1381938047] Warning: Host 'nycnn-ardb2' has no services associated with it!
[1381938047] Warning: Host 'nycnn-arvtrmops' has no services associated with it!
[1381938047] Warning: Host 'nycnn-arxlator2' has no services associated with it!
[1381938047] Warning: Host 'nycnn-arxlator3' has no services associated with it!
[1381938047] Warning: Host 'nycnn-arxlator4' has no services associated with it!
[1381938060] EXTERNAL COMMAND: DISABLE_SVC_NOTIFICATIONS;nycnn-ms2app4;Memory Usage
[1381938070] EXTERNAL COMMAND: DISABLE_SVC_NOTIFICATIONS;nycnn-ms2app3;Memory Usage
[1381938081] EXTERNAL COMMAND: DISABLE_SVC_NOTIFICATIONS;msny;Memory Usage
[1381938197] SERVICE ALERT: msny;Memory Usage;CRITICAL;SOFT;1;Connection refused
[1381938257] SERVICE ALERT: nycnn-ms2app3;Memory Usage;CRITICAL;SOFT;1;Connection refused
[1381938257] SERVICE ALERT: msny;Memory Usage;CRITICAL;SOFT;2;Connection refused
[1381938317] SERVICE ALERT: nycnn-ms2app3;Memory Usage;CRITICAL;SOFT;2;Connection refused
[1381938317] SERVICE ALERT: msny;Memory Usage;CRITICAL;HARD;3;Connection refused
[1381938377] SERVICE ALERT: nycnn-ms2app3;Memory Usage;CRITICAL;HARD;3;Connection refused
[1381938407] SERVICE ALERT: nycnn-ms2app4;Memory Usage;CRITICAL;SOFT;1;Connection refused
[1381938467] SERVICE ALERT: nycnn-ms2app4;Memory Usage;CRITICAL;SOFT;2;Connection refused
[1381938527] SERVICE ALERT: nycnn-ms2app4;Memory Usage;CRITICAL;HARD;3;Connection refused
[1381940977] Caught SIGHUP, restarting...
[1381940977] Nagios 3.3.1 starting... (PID=5157)
[1381940977] Local time is Wed Oct 16 12:29:37 EDT 2013
[1381940977] LOG VERSION: 2.0
[1381940977] Warning: Host 'nycnn-arapp2' has no services associated with it!
[1381940977] Warning: Host 'nycnn-ardb1' has no services associated with it!
[1381940977] Warning: Host 'nycnn-ardb2' has no services associated with it!
[1381940977] Warning: Host 'nycnn-arvtrmops' has no services associated with it!
[1381940977] Warning: Host 'nycnn-arxlator2' has no services associated with it!
[1381940977] Warning: Host 'nycnn-arxlator3' has no services associated with it!
[1381940977] Warning: Host 'nycnn-arxlator4' has no services associated with it!
[1381944260] Caught SIGHUP, restarting...
[1381944260] Nagios 3.3.1 starting... (PID=5157)
[1381944260] Local time is Wed Oct 16 13:24:20 EDT 2013
[1381944260] LOG VERSION: 2.0
[1381944260] Warning: Host 'nycnn-arapp2' has no services associated with it!
[1381944260] Warning: Host 'nycnn-ardb1' has no services associated with it!
[1381944260] Warning: Host 'nycnn-ardb2' has no services associated with it!
[1381944260] Warning: Host 'nycnn-arvtrmops' has no services associated with it!
[1381944260] Warning: Host 'nycnn-arxlator2' has no services associated with it!
[1381944260] Warning: Host 'nycnn-arxlator3' has no services associated with it!
[1381944260] Warning: Host 'nycnn-arxlator4' has no services associated with it!
[1381947860] Auto-save of retention data completed successfully.
[1381949845] Caught SIGHUP, restarting...
[1381949845] Nagios 3.3.1 starting... (PID=5157)
[1381949845] Local time is Wed Oct 16 14:57:25 EDT 2013
[1381949845] LOG VERSION: 2.0
[1381949845] Warning: Host 'nycnn-arapp2' has no services associated with it!
[1381949845] Warning: Host 'nycnn-ardb1' has no services associated with it!
[1381949845] Warning: Host 'nycnn-ardb2' has no services associated with it!
[1381949845] Warning: Host 'nycnn-arvtrmops' has no services associated with it!
[1381949845] Warning: Host 'nycnn-arxlator2' has no services associated with it!
[1381949845] Warning: Host 'nycnn-arxlator3' has no services associated with it!
[1381949845] Warning: Host 'nycnn-arxlator4' has no services associated with it!
[1381951014] Caught SIGHUP, restarting...
[1381951014] Nagios 3.3.1 starting... (PID=5157)
[1381951014] Local time is Wed Oct 16 15:16:54 EDT 2013
[1381951014] LOG VERSION: 2.0
[1381951014] Warning: Host 'nycnn-arapp2' has no services associated with it!
[1381951014] Warning: Host 'nycnn-ardb1' has no services associated with it!
[1381951014] Warning: Host 'nycnn-ardb2' has no services associated with it!
[1381951014] Warning: Host 'nycnn-arvtrmops' has no services associated with it!
[1381951014] Warning: Host 'nycnn-arxlator2' has no services associated with it!
[1381951014] Warning: Host 'nycnn-arxlator3' has no services associated with it!
[1381951014] Warning: Host 'nycnn-arxlator4' has no services associated with it!
[1381952202] Caught SIGHUP, restarting...
[1381952202] Nagios 3.3.1 starting... (PID=5157)
[1381952202] Local time is Wed Oct 16 15:36:42 EDT 2013
[1381952202] LOG VERSION: 2.0
[1381952202] Warning: Host 'nycnn-arapp2' has no services associated with it!
[1381952202] Warning: Host 'nycnn-ardb1' has no services associated with it!
[1381952202] Warning: Host 'nycnn-ardb2' has no services associated with it!
[1381952202] Warning: Host 'nycnn-arvtrmops' has no services associated with it!
[1381952202] Warning: Host 'nycnn-arxlator2' has no services associated with it!
[1381952202] Warning: Host 'nycnn-arxlator3' has no services associated with it!
[1381952202] Warning: Host 'nycnn-arxlator4' has no services associated with it!
[1381952716] Caught SIGHUP, restarting...
[1381952716] Nagios 3.3.1 starting... (PID=5157)
[1381952716] Local time is Wed Oct 16 15:45:16 EDT 2013
[1381952716] LOG VERSION: 2.0
[1381952716] Warning: Host 'nycnn-arapp2' has no services associated with it!
[1381952716] Warning: Host 'nycnn-ardb1' has no services associated with it!
[1381952716] Warning: Host 'nycnn-ardb2' has no services associated with it!
[1381952716] Warning: Host 'nycnn-arvtrmops' has no services associated with it!
[1381952716] Warning: Host 'nycnn-arxlator2' has no services associated with it!
[1381952716] Warning: Host 'nycnn-arxlator3' has no services associated with it!
[1381952716] Warning: Host 'nycnn-arxlator4' has no services associated with it!
[1381953245] Caught SIGHUP, restarting...
[1381953245] Nagios 3.3.1 starting... (PID=5157)
[1381953245] Local time is Wed Oct 16 15:54:05 EDT 2013
[1381953245] LOG VERSION: 2.0
[1381953245] Warning: Host 'nycnn-arapp2' has no services associated with it!
[1381953245] Warning: Host 'nycnn-ardb1' has no services associated with it!
[1381953245] Warning: Host 'nycnn-ardb2' has no services associated with it!
[1381953245] Warning: Host 'nycnn-arvtrmops' has no services associated with it!
[1381953245] Warning: Host 'nycnn-arxlator2' has no services associated with it!
[1381953245] Warning: Host 'nycnn-arxlator3' has no services associated with it!
[1381953245] Warning: Host 'nycnn-arxlator4' has no services associated with it!
[1381953341] Caught SIGHUP, restarting...
[1381953341] Nagios 3.3.1 starting... (PID=5157)
[1381953341] Local time is Wed Oct 16 15:55:41 EDT 2013
[1381953341] LOG VERSION: 2.0
[1381953341] Warning: Host 'nycnn-arapp2' has no services associated with it!
[1381953341] Warning: Host 'nycnn-ardb1' has no services associated with it!
[1381953341] Warning: Host 'nycnn-ardb2' has no services associated with it!
[1381953341] Warning: Host 'nycnn-arvtrmops' has no services associated with it!
[1381953341] Warning: Host 'nycnn-arxlator2' has no services associated with it!
[1381953341] Warning: Host 'nycnn-arxlator3' has no services associated with it!
[1381953341] Warning: Host 'nycnn-arxlator4' has no services associated with it!
[1381953493] Caught SIGHUP, restarting...
[1381953493] Nagios 3.3.1 starting... (PID=5157)
[1381953493] Local time is Wed Oct 16 15:58:13 EDT 2013
[1381953493] LOG VERSION: 2.0
[1381953493] Warning: Host 'nycnn-arapp2' has no services associated with it!
[1381953493] Warning: Host 'nycnn-ardb1' has no services associated with it!
[1381953493] Warning: Host 'nycnn-ardb2' has no services associated with it!
[1381953493] Warning: Host 'nycnn-arvtrmops' has no services associated with it!
[1381953493] Warning: Host 'nycnn-arxlator2' has no services associated with it!
[1381953493] Warning: Host 'nycnn-arxlator3' has no services associated with it!
[1381953493] Warning: Host 'nycnn-arxlator4' has no services associated with it!
[1381953692] Caught SIGHUP, restarting...
[1381953692] Nagios 3.3.1 starting... (PID=5157)
[1381953692] Local time is Wed Oct 16 16:01:32 EDT 2013
[1381953692] LOG VERSION: 2.0
[1381953692] Warning: Host 'nycnn-arapp2' has no services associated with it!
[1381953692] Warning: Host 'nycnn-ardb1' has no services associated with it!
[1381953692] Warning: Host 'nycnn-ardb2' has no services associated with it!
[1381953692] Warning: Host 'nycnn-arvtrmops' has no services associated with it!
[1381953692] Warning: Host 'nycnn-arxlator2' has no services associated with it!
[1381953692] Warning: Host 'nycnn-arxlator3' has no services associated with it!
[1381953692] Warning: Host 'nycnn-arxlator4' has no services associated with it!
[1381953822] SERVICE ALERT: nycnn-adbeame4;AME Job status;CRITICAL;SOFT;1;Job 09626603 remains in a queued state
[1381953882] SERVICE ALERT: nycnn-adbeame4;AME Job status;OK;SOFT;2;Job 09626603 progress is  HASH(0x1eb9fdb0) :
[1381953901] Caught SIGHUP, restarting...
[1381953901] Nagios 3.3.1 starting... (PID=5157)
[1381953901] Local time is Wed Oct 16 16:05:01 EDT 2013
[1381953901] LOG VERSION: 2.0
[1381953901] Warning: Duplicate definition found for service 'GridA_Render_Folder_Count' on host 'nycnn-ms2app3' (config file '/usr/local/nagios/etc/linux/services/ms-render-count.cfg', starting on line 1)
[1381953901] Warning: Duplicate definition found for service 'GridA_Render_Folder_Count' on host 'nycnn-ms2app3' (config file '/usr/local/nagios/etc/linux/services/ms-resource-count.cfg', starting on line 1)
[1381953901] Warning: Duplicate definition found for service 'GridA_Render_Folder_Count' on host 'nycnn-ms2app4' (config file '/usr/local/nagios/etc/linux/services/ms-render-count.cfg', starting on line 1)
[1381953901] Warning: Duplicate definition found for service 'GridA_Render_Folder_Count' on host 'nycnn-ms2app4' (config file '/usr/local/nagios/etc/linux/services/ms-projects-count.cfg', starting on line 1)
[1381953901] Warning: Host 'nycnn-arapp2' has no services associated with it!
[1381953901] Warning: Host 'nycnn-ardb1' has no services associated with it!
[1381953901] Warning: Host 'nycnn-ardb2' has no services associated with it!
[1381953901] Warning: Host 'nycnn-arvtrmops' has no services associated with it!
[1381953901] Warning: Host 'nycnn-arxlator2' has no services associated with it!
[1381953901] Warning: Host 'nycnn-arxlator3' has no services associated with it!
[1381953901] Warning: Host 'nycnn-arxlator4' has no services associated with it!
[1381954150] Caught SIGHUP, restarting...
[1381954150] Nagios 3.3.1 starting... (PID=5157)
[1381954150] Local time is Wed Oct 16 16:09:10 EDT 2013
[1381954150] LOG VERSION: 2.0
[1381954150] Warning: Duplicate definition found for service 'GridA_Render_Folder_Count' on host 'nycnn-ms2app3' (config file '/usr/local/nagios/etc/linux/services/ms-render-count.cfg', starting on line 1)
[1381954150] Warning: Duplicate definition found for service 'GridA_Render_Folder_Count' on host 'nycnn-ms2app3' (config file '/usr/local/nagios/etc/linux/services/ms-resource-count.cfg', starting on line 1)
[1381954150] Warning: Duplicate definition found for service 'GridA_Render_Folder_Count' on host 'nycnn-ms2app4' (config file '/usr/local/nagios/etc/linux/services/ms-render-count.cfg', starting on line 1)
[1381954150] Warning: Duplicate definition found for service 'GridA_Render_Folder_Count' on host 'nycnn-ms2app4' (config file '/usr/local/nagios/etc/linux/services/ms-projects-count.cfg', starting on line 1)
[1381954150] Warning: Host 'nycnn-arapp2' has no services associated with it!
[1381954150] Warning: Host 'nycnn-ardb1' has no services associated with it!
[1381954150] Warning: Host 'nycnn-ardb2' has no services associated with it!
[1381954150] Warning: Host 'nycnn-arvtrmops' has no services associated with it!
[1381954150] Warning: Host 'nycnn-arxlator2' has no services associated with it!
[1381954150] Warning: Host 'nycnn-arxlator3' has no services associated with it!
[1381954150] Warning: Host 'nycnn-arxlator4' has no services associated with it!
[1381954216] Caught SIGHUP, restarting...
[1381954216] Nagios 3.3.1 starting... (PID=5157)
[1381954216] Local time is Wed Oct 16 16:10:16 EDT 2013
[1381954216] LOG VERSION: 2.0
[1381954216] Warning: Duplicate definition found for service 'GridA_Render_Folder_Count' on host 'nycnn-ms2app3' (config file '/usr/local/nagios/etc/ms/services/ms-render-count.cfg', starting on line 1)
[1381954216] Warning: Duplicate definition found for service 'GridA_Render_Folder_Count' on host 'nycnn-ms2app3' (config file '/usr/local/nagios/etc/ms/services/ms-resource-count.cfg', starting on line 1)
[1381954216] Warning: Duplicate definition found for service 'GridA_Render_Folder_Count' on host 'nycnn-ms2app4' (config file '/usr/local/nagios/etc/ms/services/ms-render-count.cfg', starting on line 1)
[1381954216] Warning: Duplicate definition found for service 'GridA_Render_Folder_Count' on host 'nycnn-ms2app4' (config file '/usr/local/nagios/etc/ms/services/ms-projects-count.cfg', starting on line 1)
[1381954216] Warning: Host 'nycnn-arapp2' has no services associated with it!
[1381954216] Warning: Host 'nycnn-ardb1' has no services associated with it!
[1381954216] Warning: Host 'nycnn-ardb2' has no services associated with it!
[1381954216] Warning: Host 'nycnn-arvtrmops' has no services associated with it!
[1381954216] Warning: Host 'nycnn-arxlator2' has no services associated with it!
[1381954216] Warning: Host 'nycnn-arxlator3' has no services associated with it!
[1381954216] Warning: Host 'nycnn-arxlator4' has no services associated with it!
[1381954298] Caught SIGHUP, restarting...
[1381954298] Nagios 3.3.1 starting... (PID=5157)
[1381954298] Local time is Wed Oct 16 16:11:38 EDT 2013
[1381954298] LOG VERSION: 2.0
[1381954298] Warning: Duplicate definition found for service 'GridA_Render_Folder_Count' on host 'nycnn-ms2app3' (config file '/usr/local/nagios/etc/ms/services/ms-render-count.cfg', starting on line 1)
[1381954298] Warning: Duplicate definition found for service 'GridA_Render_Folder_Count' on host 'nycnn-ms2app3' (config file '/usr/local/nagios/etc/ms/services/ms-resource-count.cfg', starting on line 1)
[1381954298] Warning: Duplicate definition found for service 'GridA_Render_Folder_Count' on host 'nycnn-ms2app4' (config file '/usr/local/nagios/etc/ms/services/ms-render-count.cfg', starting on line 1)
[1381954298] Warning: Duplicate definition found for service 'GridA_Render_Folder_Count' on host 'nycnn-ms2app4' (config file '/usr/local/nagios/etc/ms/services/ms-projects-count.cfg', starting on line 1)
[1381954298] Warning: Host 'nycnn-arapp2' has no services associated with it!
[1381954298] Warning: Host 'nycnn-ardb1' has no services associated with it!
[1381954298] Warning: Host 'nycnn-ardb2' has no services associated with it!
[1381954298] Warning: Host 'nycnn-arvtrmops' has no services associated with it!
[1381954298] Warning: Host 'nycnn-arxlator2' has no services associated with it!
[1381954298] Warning: Host 'nycnn-arxlator3' has no services associated with it!
[1381954298] Warning: Host 'nycnn-arxlator4' has no services associated with it!
[1381954577] Caught SIGHUP, restarting...
[1381954577] Nagios 3.3.1 starting... (PID=5157)
[1381954577] Local time is Wed Oct 16 16:16:17 EDT 2013
[1381954577] LOG VERSION: 2.0
[1381954577] Warning: Host 'nycnn-arapp2' has no services associated with it!
[1381954577] Warning: Host 'nycnn-ardb1' has no services associated with it!
[1381954577] Warning: Host 'nycnn-ardb2' has no services associated with it!
[1381954577] Warning: Host 'nycnn-arvtrmops' has no services associated with it!
[1381954577] Warning: Host 'nycnn-arxlator2' has no services associated with it!
[1381954577] Warning: Host 'nycnn-arxlator3' has no services associated with it!
[1381954577] Warning: Host 'nycnn-arxlator4' has no services associated with it!
[1381955006] Caught SIGHUP, restarting...
[1381955006] Nagios 3.3.1 starting... (PID=5157)
[1381955006] Local time is Wed Oct 16 16:23:26 EDT 2013
[1381955006] LOG VERSION: 2.0
[1381955006] Warning: Host 'nycnn-arapp2' has no services associated with it!
[1381955006] Warning: Host 'nycnn-ardb1' has no services associated with it!
[1381955006] Warning: Host 'nycnn-ardb2' has no services associated with it!
[1381955006] Warning: Host 'nycnn-arvtrmops' has no services associated with it!
[1381955006] Warning: Host 'nycnn-arxlator2' has no services associated with it!
[1381955006] Warning: Host 'nycnn-arxlator3' has no services associated with it!
[1381955006] Warning: Host 'nycnn-arxlator4' has no services associated with it!
[1381955145] Caught SIGHUP, restarting...
[1381955145] Nagios 3.3.1 starting... (PID=5157)
[1381955145] Local time is Wed Oct 16 16:25:45 EDT 2013
[1381955145] LOG VERSION: 2.0
[1381955145] Warning: Host 'nycnn-arapp2' has no services associated with it!
[1381955145] Warning: Host 'nycnn-ardb1' has no services associated with it!
[1381955145] Warning: Host 'nycnn-ardb2' has no services associated with it!
[1381955145] Warning: Host 'nycnn-arvtrmops' has no services associated with it!
[1381955145] Warning: Host 'nycnn-arxlator2' has no services associated with it!
[1381955145] Warning: Host 'nycnn-arxlator3' has no services associated with it!
[1381955145] Warning: Host 'nycnn-arxlator4' has no services associated with it!
[1381955356] Caught SIGHUP, restarting...
[1381955356] Nagios 3.3.1 starting... (PID=5157)
[1381955356] Local time is Wed Oct 16 16:29:16 EDT 2013
[1381955356] LOG VERSION: 2.0
[1381955356] Warning: Host 'nycnn-arapp2' has no services associated with it!
[1381955356] Warning: Host 'nycnn-ardb1' has no services associated with it!
[1381955356] Warning: Host 'nycnn-ardb2' has no services associated with it!
[1381955356] Warning: Host 'nycnn-arvtrmops' has no services associated with it!
[1381955356] Warning: Host 'nycnn-arxlator2' has no services associated with it!
[1381955356] Warning: Host 'nycnn-arxlator3' has no services associated with it!
[1381955356] Warning: Host 'nycnn-arxlator4' has no services associated with it!
[1381955556] Warning: Return code of 126 for check of service 'GridA_Render_Folder_Count' on host 'nycnn-ms2app4' was out of bounds.Make sure the plugin you're trying to run is executable.
[1381955556] SERVICE ALERT: nycnn-ms2app4;GridA_Render_Folder_Count;CRITICAL;SOFT;1;(Return code of 126 is out of bounds - plugin may not be executable)
[1381955676] Warning: Return code of 126 for check of service 'GridA_Render_Folder_Count' on host 'nycnn-ms2app4' was out of bounds.Make sure the plugin you're trying to run is executable.
[1381955676] SERVICE ALERT: nycnn-ms2app4;GridA_Render_Folder_Count;CRITICAL;SOFT;2;(Return code of 126 is out of bounds - plugin may not be executable)
[1381955796] Warning: Return code of 126 for check of service 'GridA_Render_Folder_Count' on host 'nycnn-ms2app4' was out of bounds.Make sure the plugin you're trying to run is executable.
[1381955796] SERVICE ALERT: nycnn-ms2app4;GridA_Render_Folder_Count;CRITICAL;SOFT;3;(Return code of 126 is out of bounds - plugin may not be executable)
[1381955916] Warning: Return code of 126 for check of service 'GridA_Render_Folder_Count' on host 'nycnn-ms2app4' was out of bounds.Make sure the plugin you're trying to run is executable.
[1381955916] SERVICE ALERT: nycnn-ms2app4;GridA_Render_Folder_Count;CRITICAL;HARD;4;(Return code of 126 is out of bounds - plugin may not be executable)
[1381955916] SERVICE NOTIFICATION: winadmin;nycnn-ms2app4;GridA_Render_Folder_Count;CRITICAL;notify-service-by-email;(Return code of 126 is out of bounds - plugin may not be executable)
[1381955916] SERVICE NOTIFICATION: feedsadmin;nycnn-ms2app4;GridA_Render_Folder_Count;CRITICAL;notify-service-by-email;(Return code of 126 is out of bounds - plugin may not be executable)
[1381955916] SERVICE NOTIFICATION: unixadmin;nycnn-ms2app4;GridA_Render_Folder_Count;CRITICAL;notify-service-by-email;(Return code of 126 is out of bounds - plugin may not be executable)
[1381956110] EXTERNAL COMMAND: DISABLE_SVC_NOTIFICATIONS;nycnn-ms2app4;GridA_Render_Folder_Count
[1381956166] SERVICE ALERT: nycnn-adbeame1;AME Job status;CRITICAL;SOFT;1;Job 09626641 remains in a queued state
[1381956185] Caught SIGHUP, restarting...
[1381956185] Nagios 3.3.1 starting... (PID=5157)
[1381956185] Local time is Wed Oct 16 16:43:05 EDT 2013
[1381956185] LOG VERSION: 2.0
[1381956185] Warning: Host 'nycnn-arapp2' has no services associated with it!
[1381956185] Warning: Host 'nycnn-ardb1' has no services associated with it!
[1381956185] Warning: Host 'nycnn-ardb2' has no services associated with it!
[1381956185] Warning: Host 'nycnn-arvtrmops' has no services associated with it!
[1381956185] Warning: Host 'nycnn-arxlator2' has no services associated with it!
[1381956185] Warning: Host 'nycnn-arxlator3' has no services associated with it!
[1381956185] Warning: Host 'nycnn-arxlator4' has no services associated with it!
[1381956225] SERVICE ALERT: nycnn-adbeame1;AME Job status;OK;SOFT;2;AME is idle:
[1381956699] Caught SIGHUP, restarting...
[1381956699] Nagios 3.3.1 starting... (PID=5157)
[1381956699] Local time is Wed Oct 16 16:51:39 EDT 2013
[1381956699] LOG VERSION: 2.0
[1381956699] Warning: Host 'nycnn-arapp2' has no services associated with it!
[1381956699] Warning: Host 'nycnn-ardb1' has no services associated with it!
[1381956699] Warning: Host 'nycnn-ardb2' has no services associated with it!
[1381956699] Warning: Host 'nycnn-arvtrmops' has no services associated with it!
[1381956699] Warning: Host 'nycnn-arxlator2' has no services associated with it!
[1381956699] Warning: Host 'nycnn-arxlator3' has no services associated with it!
[1381956699] Warning: Host 'nycnn-arxlator4' has no services associated with it!
[1381959342] Caught SIGHUP, restarting...
[1381959342] Nagios 3.3.1 starting... (PID=5157)
[1381959342] Local time is Wed Oct 16 17:35:42 EDT 2013
[1381959342] LOG VERSION: 2.0
[1381959342] Warning: Host 'nycnn-arapp2' has no services associated with it!
[1381959342] Warning: Host 'nycnn-ardb1' has no services associated with it!
[1381959342] Warning: Host 'nycnn-ardb2' has no services associated with it!
[1381959342] Warning: Host 'nycnn-arvtrmops' has no services associated with it!
[1381959342] Warning: Host 'nycnn-arxlator2' has no services associated with it!
[1381959342] Warning: Host 'nycnn-arxlator3' has no services associated with it!
[1381959342] Warning: Host 'nycnn-arxlator4' has no services associated with it!
[1381959653] Caught SIGHUP, restarting...
[1381959653] Nagios 3.3.1 starting... (PID=5157)
[1381959653] Local time is Wed Oct 16 17:40:53 EDT 2013
[1381959653] LOG VERSION: 2.0
[1381959653] Warning: Host 'nycnn-arapp2' has no services associated with it!
[1381959653] Warning: Host 'nycnn-ardb1' has no services associated with it!
[1381959653] Warning: Host 'nycnn-ardb2' has no services associated with it!
[1381959653] Warning: Host 'nycnn-arvtrmops' has no services associated with it!
[1381959653] Warning: Host 'nycnn-arxlator2' has no services associated with it!
[1381959653] Warning: Host 'nycnn-arxlator3' has no services associated with it!
[1381959653] Warning: Host 'nycnn-arxlator4' has no services associated with it!
[1381959857] Caught SIGHUP, restarting...
[1381959857] Nagios 3.3.1 starting... (PID=5157)
[1381959857] Local time is Wed Oct 16 17:44:17 EDT 2013
[1381959857] LOG VERSION: 2.0
[1381959857] Warning: Host 'nycnn-arapp2' has no services associated with it!
[1381959857] Warning: Host 'nycnn-ardb1' has no services associated with it!
[1381959857] Warning: Host 'nycnn-ardb2' has no services associated with it!
[1381959857] Warning: Host 'nycnn-arvtrmops' has no services associated with it!
[1381959857] Warning: Host 'nycnn-arxlator2' has no services associated with it!
[1381959857] Warning: Host 'nycnn-arxlator3' has no services associated with it!
[1381959857] Warning: Host 'nycnn-arxlator4' has no services associated with it!
[1381959885] Caught SIGHUP, restarting...
[1381959885] Nagios 3.3.1 starting... (PID=5157)
[1381959885] Local time is Wed Oct 16 17:44:45 EDT 2013
[1381959885] LOG VERSION: 2.0
[1381959885] Warning: Host 'nycnn-arapp2' has no services associated with it!
[1381959885] Warning: Host 'nycnn-ardb1' has no services associated with it!
[1381959885] Warning: Host 'nycnn-ardb2' has no services associated with it!
[1381959885] Warning: Host 'nycnn-arvtrmops' has no services associated with it!
[1381959885] Warning: Host 'nycnn-arxlator2' has no services associated with it!
[1381959885] Warning: Host 'nycnn-arxlator3' has no services associated with it!
[1381959885] Warning: Host 'nycnn-arxlator4' has no services associated with it!
[1381959894] EXTERNAL COMMAND: DISABLE_SVC_NOTIFICATIONS;nycnn-ms2app4;GridA_Render_Folder_Count
[1381960281] Caught SIGHUP, restarting...
[1381960281] Nagios 3.3.1 starting... (PID=5157)
[1381960281] Local time is Wed Oct 16 17:51:21 EDT 2013
[1381960281] LOG VERSION: 2.0
[1381960281] Warning: Host 'nycnn-arapp2' has no services associated with it!
[1381960281] Warning: Host 'nycnn-ardb1' has no services associated with it!
[1381960281] Warning: Host 'nycnn-ardb2' has no services associated with it!
[1381960281] Warning: Host 'nycnn-arvtrmops' has no services associated with it!
[1381960281] Warning: Host 'nycnn-arxlator2' has no services associated with it!
[1381960281] Warning: Host 'nycnn-arxlator3' has no services associated with it!
[1381960281] Warning: Host 'nycnn-arxlator4' has no services associated with it!
[1381960381] Caught SIGHUP, restarting...
[1381960381] Nagios 3.3.1 starting... (PID=5157)
[1381960381] Local time is Wed Oct 16 17:53:01 EDT 2013
[1381960381] LOG VERSION: 2.0
[1381960381] Warning: Host 'nycnn-arapp2' has no services associated with it!
[1381960381] Warning: Host 'nycnn-ardb1' has no services associated with it!
[1381960381] Warning: Host 'nycnn-ardb2' has no services associated with it!
[1381960381] Warning: Host 'nycnn-arvtrmops' has no services associated with it!
[1381960381] Warning: Host 'nycnn-arxlator2' has no services associated with it!
[1381960381] Warning: Host 'nycnn-arxlator3' has no services associated with it!
[1381960381] Warning: Host 'nycnn-arxlator4' has no services associated with it!
[1381960402] Caught SIGHUP, restarting...
[1381960402] Nagios 3.3.1 starting... (PID=5157)
[1381960402] Local time is Wed Oct 16 17:53:22 EDT 2013
[1381960402] LOG VERSION: 2.0
[1381960402] Warning: Host 'nycnn-arapp2' has no services associated with it!
[1381960402] Warning: Host 'nycnn-ardb1' has no services associated with it!
[1381960402] Warning: Host 'nycnn-ardb2' has no services associated with it!
[1381960402] Warning: Host 'nycnn-arvtrmops' has no services associated with it!
[1381960402] Warning: Host 'nycnn-arxlator2' has no services associated with it!
[1381960402] Warning: Host 'nycnn-arxlator3' has no services associated with it!
[1381960402] Warning: Host 'nycnn-arxlator4' has no services associated with it!
[1381960437] Caught SIGHUP, restarting...
[1381960437] Nagios 3.3.1 starting... (PID=5157)
[1381960437] Local time is Wed Oct 16 17:53:57 EDT 2013
[1381960437] LOG VERSION: 2.0
[1381960437] Warning: Host 'nycnn-arapp2' has no services associated with it!
[1381960437] Warning: Host 'nycnn-ardb1' has no services associated with it!
[1381960437] Warning: Host 'nycnn-ardb2' has no services associated with it!
[1381960437] Warning: Host 'nycnn-arvtrmops' has no services associated with it!
[1381960437] Warning: Host 'nycnn-arxlator2' has no services associated with it!
[1381960437] Warning: Host 'nycnn-arxlator3' has no services associated with it!
[1381960437] Warning: Host 'nycnn-arxlator4' has no services associated with it!
[1381960447] EXTERNAL COMMAND: DISABLE_SVC_NOTIFICATIONS;nycnn-ms2app4;GridA_Resource_Count
[1381961155] Caught SIGHUP, restarting...
[1381961155] Nagios 3.3.1 starting... (PID=5157)
[1381961155] Local time is Wed Oct 16 18:05:55 EDT 2013
[1381961155] LOG VERSION: 2.0
[1381961155] Warning: Host 'nycnn-arapp2' has no services associated with it!
[1381961155] Warning: Host 'nycnn-ardb1' has no services associated with it!
[1381961155] Warning: Host 'nycnn-ardb2' has no services associated with it!
[1381961155] Warning: Host 'nycnn-arvtrmops' has no services associated with it!
[1381961155] Warning: Host 'nycnn-arxlator2' has no services associated with it!
[1381961155] Warning: Host 'nycnn-arxlator3' has no services associated with it!
[1381961155] Warning: Host 'nycnn-arxlator4' has no services associated with it!
[1381961554] Caught SIGHUP, restarting...
[1381961554] Nagios 3.3.1 starting... (PID=5157)
[1381961554] Local time is Wed Oct 16 18:12:34 EDT 2013
[1381961554] LOG VERSION: 2.0
[1381961554] Warning: Host 'nycnn-arapp2' has no services associated with it!
[1381961554] Warning: Host 'nycnn-ardb1' has no services associated with it!
[1381961554] Warning: Host 'nycnn-ardb2' has no services associated with it!
[1381961554] Warning: Host 'nycnn-arvtrmops' has no services associated with it!
[1381961554] Warning: Host 'nycnn-arxlator2' has no services associated with it!
[1381961554] Warning: Host 'nycnn-arxlator3' has no services associated with it!
[1381961554] Warning: Host 'nycnn-arxlator4' has no services associated with it!
[1381961578] Caught SIGHUP, restarting...
[1381961578] Nagios 3.3.1 starting... (PID=5157)
[1381961578] Local time is Wed Oct 16 18:12:58 EDT 2013
[1381961578] LOG VERSION: 2.0
[1381961578] Warning: Host 'nycnn-arapp2' has no services associated with it!
[1381961578] Warning: Host 'nycnn-ardb1' has no services associated with it!
[1381961578] Warning: Host 'nycnn-ardb2' has no services associated with it!
[1381961578] Warning: Host 'nycnn-arvtrmops' has no services associated with it!
[1381961578] Warning: Host 'nycnn-arxlator2' has no services associated with it!
[1381961578] Warning: Host 'nycnn-arxlator3' has no services associated with it!
[1381961578] Warning: Host 'nycnn-arxlator4' has no services associated with it!
[1381961625] Caught SIGHUP, restarting...
[1381961625] Nagios 3.3.1 starting... (PID=5157)
[1381961625] Local time is Wed Oct 16 18:13:45 EDT 2013
[1381961625] LOG VERSION: 2.0
[1381961625] Warning: Host 'nycnn-arapp2' has no services associated with it!
[1381961625] Warning: Host 'nycnn-ardb1' has no services associated with it!
[1381961625] Warning: Host 'nycnn-ardb2' has no services associated with it!
[1381961625] Warning: Host 'nycnn-arvtrmops' has no services associated with it!
[1381961625] Warning: Host 'nycnn-arxlator2' has no services associated with it!
[1381961625] Warning: Host 'nycnn-arxlator3' has no services associated with it!
[1381961625] Warning: Host 'nycnn-arxlator4' has no services associated with it!
[1381961633] EXTERNAL COMMAND: DISABLE_SVC_NOTIFICATIONS;nycnn-ms2app4;GridA_Render_Folder_Count
[1381962349] Caught SIGHUP, restarting...
[1381962349] Nagios 3.3.1 starting... (PID=5157)
[1381962349] Local time is Wed Oct 16 18:25:49 EDT 2013
[1381962349] LOG VERSION: 2.0
[1381962349] Warning: Host 'nycnn-arapp2' has no services associated with it!
[1381962349] Warning: Host 'nycnn-ardb1' has no services associated with it!
[1381962349] Warning: Host 'nycnn-ardb2' has no services associated with it!
[1381962349] Warning: Host 'nycnn-arvtrmops' has no services associated with it!
[1381962349] Warning: Host 'nycnn-arxlator2' has no services associated with it!
[1381962349] Warning: Host 'nycnn-arxlator3' has no services associated with it!
[1381962349] Warning: Host 'nycnn-arxlator4' has no services associated with it!
[1381962382] Caught SIGHUP, restarting...
[1381962382] Nagios 3.3.1 starting... (PID=5157)
[1381962382] Local time is Wed Oct 16 18:26:22 EDT 2013
[1381962382] LOG VERSION: 2.0
[1381962382] Warning: Host 'nycnn-arapp2' has no services associated with it!
[1381962382] Warning: Host 'nycnn-ardb1' has no services associated with it!
[1381962382] Warning: Host 'nycnn-ardb2' has no services associated with it!
[1381962382] Warning: Host 'nycnn-arvtrmops' has no services associated with it!
[1381962382] Warning: Host 'nycnn-arxlator2' has no services associated with it!
[1381962382] Warning: Host 'nycnn-arxlator3' has no services associated with it!
[1381962382] Warning: Host 'nycnn-arxlator4' has no services associated with it!
[1381962436] Caught SIGHUP, restarting...
[1381962436] Nagios 3.3.1 starting... (PID=5157)
[1381962436] Local time is Wed Oct 16 18:27:16 EDT 2013
[1381962436] LOG VERSION: 2.0
[1381962436] Warning: Host 'nycnn-arapp2' has no services associated with it!
[1381962436] Warning: Host 'nycnn-ardb1' has no services associated with it!
[1381962436] Warning: Host 'nycnn-ardb2' has no services associated with it!
[1381962436] Warning: Host 'nycnn-arvtrmops' has no services associated with it!
[1381962436] Warning: Host 'nycnn-arxlator2' has no services associated with it!
[1381962436] Warning: Host 'nycnn-arxlator3' has no services associated with it!
[1381962436] Warning: Host 'nycnn-arxlator4' has no services associated with it!
[1381962445] EXTERNAL COMMAND: DISABLE_SVC_NOTIFICATIONS;nycnn-ms2app4;GridA_Render_Folder_Count
[1381963030] Caught SIGHUP, restarting...
[1381963030] Nagios 3.3.1 starting... (PID=5157)
[1381963030] Local time is Wed Oct 16 18:37:10 EDT 2013
[1381963030] LOG VERSION: 2.0
[1381963030] Warning: Host 'nycnn-arapp2' has no services associated with it!
[1381963030] Warning: Host 'nycnn-ardb1' has no services associated with it!
[1381963030] Warning: Host 'nycnn-ardb2' has no services associated with it!
[1381963030] Warning: Host 'nycnn-arvtrmops' has no services associated with it!
[1381963030] Warning: Host 'nycnn-arxlator2' has no services associated with it!
[1381963030] Warning: Host 'nycnn-arxlator3' has no services associated with it!
[1381963030] Warning: Host 'nycnn-arxlator4' has no services associated with it!
[1381963575] Caught SIGHUP, restarting...
[1381963575] Nagios 3.3.1 starting... (PID=5157)
[1381963575] Local time is Wed Oct 16 18:46:15 EDT 2013
[1381963575] LOG VERSION: 2.0
[1381963575] Warning: Host 'nycnn-arapp2' has no services associated with it!
[1381963575] Warning: Host 'nycnn-ardb1' has no services associated with it!
[1381963575] Warning: Host 'nycnn-ardb2' has no services associated with it!
[1381963575] Warning: Host 'nycnn-arvtrmops' has no services associated with it!
[1381963575] Warning: Host 'nycnn-arxlator2' has no services associated with it!
[1381963575] Warning: Host 'nycnn-arxlator3' has no services associated with it!
[1381963575] Warning: Host 'nycnn-arxlator4' has no services associated with it!
[1381963638] Caught SIGHUP, restarting...
[1381963638] Nagios 3.3.1 starting... (PID=5157)
[1381963638] Local time is Wed Oct 16 18:47:18 EDT 2013
[1381963638] LOG VERSION: 2.0
[1381963638] Warning: Host 'nycnn-arapp2' has no services associated with it!
[1381963638] Warning: Host 'nycnn-ardb1' has no services associated with it!
[1381963638] Warning: Host 'nycnn-ardb2' has no services associated with it!
[1381963638] Warning: Host 'nycnn-arvtrmops' has no services associated with it!
[1381963638] Warning: Host 'nycnn-arxlator2' has no services associated with it!
[1381963638] Warning: Host 'nycnn-arxlator3' has no services associated with it!
[1381963638] Warning: Host 'nycnn-arxlator4' has no services associated with it!
[1381963645] EXTERNAL COMMAND: DISABLE_SVC_NOTIFICATIONS;nycnn-ms2app4;GridA_Render_Folder_Count
[1381967238] Auto-save of retention data completed successfully.
[1381970838] Auto-save of retention data completed successfully.
[1381971058] SERVICE ALERT: wdcps001;PING;CRITICAL;SOFT;1;PING CRITICAL - Packet loss = 100%
[1381971088] HOST ALERT: wdcps001;DOWN;SOFT;1;(Host Check Timed Out)
[1381971118] SERVICE ALERT: wdcps001;PING;CRITICAL;HARD;2;PING CRITICAL - Packet loss = 100%
[1381971158] HOST ALERT: wdcps001;UP;SOFT;2;PING OK - Packet loss = 0%, RTA = 6.66 ms
[1381971178] SERVICE ALERT: wdcps001;PING;OK;HARD;2;PING OK - Packet loss = 0%, RTA = 6.62 ms
[1381974438] Auto-save of retention data completed successfully.
[1381978038] Auto-save of retention data completed successfully.
[1381981638] Auto-save of retention data completed successfully.
