[1335844800] LOG ROTATION: DAILY
[1335844800] LOG VERSION: 2.0
[1335844800] CURRENT HOST STATE: localhost;UP;HARD;1;PING OK - Packet loss = 0%, RTA = 0.06 ms
[1335844800] CURRENT HOST STATE: msny;UP;HARD;1;PING OK - Packet loss = 0%, RTA = 0.23 ms
[1335844800] CURRENT HOST STATE: nyarxlator1;UP;HARD;1;PING OK - Packet loss = 0%, RTA = 0.22 ms
[1335844800] CURRENT HOST STATE: nyarxlator2;UP;HARD;1;PING OK - Packet loss = 0%, RTA = 0.26 ms
[1335844800] CURRENT HOST STATE: nyarxlator3;UP;HARD;1;PING OK - Packet loss = 0%, RTA = 0.28 ms
[1335844800] CURRENT HOST STATE: nyarxlator4;UP;HARD;1;PING OK - Packet loss = 0%, RTA = 0.27 ms
[1335844800] CURRENT HOST STATE: nycnn-adbeame1;UP;HARD;1;PING OK - Packet loss = 0%, RTA = 0.31 ms
[1335844800] CURRENT HOST STATE: nycnn-adbeame10;UP;HARD;1;PING OK - Packet loss = 0%, RTA = 0.31 ms
[1335844800] CURRENT HOST STATE: nycnn-adbeame2;UP;HARD;1;PING OK - Packet loss = 0%, RTA = 0.28 ms
[1335844800] CURRENT HOST STATE: nycnn-adbeame3;UP;HARD;1;PING OK - Packet loss = 0%, RTA = 0.32 ms
[1335844800] CURRENT HOST STATE: nycnn-adbeame4;UP;HARD;1;PING OK - Packet loss = 0%, RTA = 0.30 ms
[1335844800] CURRENT HOST STATE: nycnn-adbeame5;UP;HARD;1;PING OK - Packet loss = 0%, RTA = 0.27 ms
[1335844800] CURRENT HOST STATE: nycnn-adbeame6;UP;HARD;1;PING OK - Packet loss = 0%, RTA = 0.30 ms
[1335844800] CURRENT HOST STATE: nycnn-adbeame7;UP;HARD;1;PING OK - Packet loss = 0%, RTA = 0.28 ms
[1335844800] CURRENT HOST STATE: nycnn-adbeame8;UP;HARD;1;PING OK - Packet loss = 0%, RTA = 0.32 ms
[1335844800] CURRENT HOST STATE: nycnn-adbeame9;UP;HARD;1;PING OK - Packet loss = 0%, RTA = 0.27 ms
[1335844800] CURRENT HOST STATE: nycnn-adbectrl1;UP;HARD;1;PING OK - Packet loss = 0%, RTA = 0.31 ms
[1335844800] CURRENT HOST STATE: nycnn-adbectrl2;UP;HARD;1;PING OK - Packet loss = 0%, RTA = 0.26 ms
[1335844800] CURRENT HOST STATE: nycnn-arapp1;UP;HARD;1;PING OK - Packet loss = 0%, RTA = 0.24 ms
[1335844800] CURRENT HOST STATE: nycnn-arapp2;UP;HARD;1;PING OK - Packet loss = 0%, RTA = 0.26 ms
[1335844800] CURRENT HOST STATE: nycnn-ardb1;UP;HARD;1;PING OK - Packet loss = 0%, RTA = 0.31 ms
[1335844800] CURRENT HOST STATE: nycnn-ardb2;UP;HARD;1;PING OK - Packet loss = 0%, RTA = 0.28 ms
[1335844800] CURRENT HOST STATE: nycnn-arvtrmops;UP;HARD;1;PING OK - Packet loss = 0%, RTA = 0.29 ms
[1335844800] CURRENT HOST STATE: nycnn-arvtrtape;UP;HARD;1;PING OK - Packet loss = 0%, RTA = 0.31 ms
[1335844800] CURRENT HOST STATE: nycnn-arxlator1;UP;HARD;1;PING OK - Packet loss = 0%, RTA = 0.19 ms
[1335844800] CURRENT HOST STATE: nycnn-arxlator2;UP;HARD;1;PING OK - Packet loss = 0%, RTA = 0.29 ms
[1335844800] CURRENT HOST STATE: nycnn-arxlator3;UP;HARD;1;PING OK - Packet loss = 0%, RTA = 0.21 ms
[1335844800] CURRENT HOST STATE: nycnn-arxlator4;UP;HARD;1;PING OK - Packet loss = 0%, RTA = 0.22 ms
[1335844800] CURRENT HOST STATE: nycnn-ipvapilic;UP;HARD;1;PING OK - Packet loss = 0%, RTA = 0.19 ms
[1335844800] CURRENT HOST STATE: nycnn-ipvproxy1;UP;HARD;1;PING OK - Packet loss = 0%, RTA = 0.30 ms
[1335844800] CURRENT HOST STATE: nycnn-ipvproxy2;UP;HARD;1;PING OK - Packet loss = 0%, RTA = 0.28 ms
[1335844800] CURRENT HOST STATE: nycnn-ipvsphn1;UP;HARD;1;PING OK - Packet loss = 0%, RTA = 0.21 ms
[1335844800] CURRENT HOST STATE: nycnn-ipvsphn2;UP;HARD;1;PING OK - Packet loss = 0%, RTA = 0.21 ms
[1335844800] CURRENT HOST STATE: nycnn-ipvsphn3;UP;HARD;1;PING OK - Packet loss = 0%, RTA = 0.20 ms
[1335844800] CURRENT HOST STATE: nycnn-ipvsphn4;UP;HARD;1;PING OK - Packet loss = 0%, RTA = 0.20 ms
[1335844800] CURRENT HOST STATE: nycnn-ipvsphn5;UP;HARD;1;PING OK - Packet loss = 0%, RTA = 0.20 ms
[1335844800] CURRENT HOST STATE: nycnn-ipvstrm1;UP;HARD;1;PING OK - Packet loss = 0%, RTA = 0.21 ms
[1335844800] CURRENT HOST STATE: nycnn-ipvstrm2;UP;HARD;1;PING OK - Packet loss = 0%, RTA = 0.22 ms
[1335844800] CURRENT HOST STATE: nycnn-ipvstrm3;UP;HARD;1;PING OK - Packet loss = 0%, RTA = 0.22 ms
[1335844800] CURRENT HOST STATE: nycnn-ipvstrm4;UP;HARD;1;PING OK - Packet loss = 0%, RTA = 0.26 ms
[1335844800] CURRENT HOST STATE: nycnn-ipvx1;UP;HARD;1;PING OK - Packet loss = 0%, RTA = 0.28 ms
[1335844800] CURRENT HOST STATE: nycnn-ipvx10;UP;HARD;1;PING OK - Packet loss = 0%, RTA = 0.26 ms
[1335844800] CURRENT HOST STATE: nycnn-ipvx10e1;UP;HARD;1;PING OK - Packet loss = 0%, RTA = 0.19 ms
[1335844800] CURRENT HOST STATE: nycnn-ipvx11;UP;HARD;1;PING OK - Packet loss = 0%, RTA = 0.25 ms
[1335844800] CURRENT HOST STATE: nycnn-ipvx11e1;UP;HARD;1;PING OK - Packet loss = 0%, RTA = 0.16 ms
[1335844800] CURRENT HOST STATE: nycnn-ipvx12;UP;HARD;1;PING OK - Packet loss = 0%, RTA = 0.21 ms
[1335844800] CURRENT HOST STATE: nycnn-ipvx12e1;UP;HARD;1;PING OK - Packet loss = 0%, RTA = 0.22 ms
[1335844800] CURRENT HOST STATE: nycnn-ipvx13;UP;HARD;1;PING OK - Packet loss = 0%, RTA = 0.21 ms
[1335844800] CURRENT HOST STATE: nycnn-ipvx13e1;UP;HARD;1;PING OK - Packet loss = 0%, RTA = 0.24 ms
[1335844800] CURRENT HOST STATE: nycnn-ipvx14;UP;HARD;1;PING OK - Packet loss = 0%, RTA = 0.20 ms
[1335844800] CURRENT HOST STATE: nycnn-ipvx14e1;UP;HARD;1;PING OK - Packet loss = 0%, RTA = 0.22 ms
[1335844800] CURRENT HOST STATE: nycnn-ipvx15;UP;HARD;1;PING OK - Packet loss = 0%, RTA = 0.20 ms
[1335844800] CURRENT HOST STATE: nycnn-ipvx15e1;UP;HARD;1;PING OK - Packet loss = 0%, RTA = 0.20 ms
[1335844800] CURRENT HOST STATE: nycnn-ipvx16;UP;HARD;1;PING OK - Packet loss = 0%, RTA = 0.19 ms
[1335844800] CURRENT HOST STATE: nycnn-ipvx16e1;UP;HARD;1;PING OK - Packet loss = 0%, RTA = 0.19 ms
[1335844800] CURRENT HOST STATE: nycnn-ipvx17;UP;HARD;1;PING OK - Packet loss = 0%, RTA = 0.20 ms
[1335844800] CURRENT HOST STATE: nycnn-ipvx17e1;UP;HARD;1;PING OK - Packet loss = 0%, RTA = 0.22 ms
[1335844800] CURRENT HOST STATE: nycnn-ipvx18;UP;HARD;1;PING OK - Packet loss = 0%, RTA = 0.24 ms
[1335844800] CURRENT HOST STATE: nycnn-ipvx18e1;UP;HARD;1;PING OK - Packet loss = 0%, RTA = 0.23 ms
[1335844800] CURRENT HOST STATE: nycnn-ipvx19;UP;HARD;1;PING OK - Packet loss = 0%, RTA = 0.18 ms
[1335844800] CURRENT HOST STATE: nycnn-ipvx19e1;UP;HARD;1;PING OK - Packet loss = 0%, RTA = 0.20 ms
[1335844800] CURRENT HOST STATE: nycnn-ipvx1e1;UP;HARD;1;PING OK - Packet loss = 0%, RTA = 0.28 ms
[1335844800] CURRENT HOST STATE: nycnn-ipvx2;UP;HARD;1;PING OK - Packet loss = 0%, RTA = 0.21 ms
[1335844800] CURRENT HOST STATE: nycnn-ipvx20;UP;HARD;1;PING OK - Packet loss = 0%, RTA = 0.20 ms
[1335844800] CURRENT HOST STATE: nycnn-ipvx20e1;UP;HARD;1;PING OK - Packet loss = 0%, RTA = 0.25 ms
[1335844800] CURRENT HOST STATE: nycnn-ipvx21;UP;HARD;1;PING OK - Packet loss = 0%, RTA = 0.23 ms
[1335844800] CURRENT HOST STATE: nycnn-ipvx21e1;UP;HARD;1;PING OK - Packet loss = 0%, RTA = 0.22 ms
[1335844800] CURRENT HOST STATE: nycnn-ipvx22;UP;HARD;1;PING OK - Packet loss = 0%, RTA = 0.22 ms
[1335844800] CURRENT HOST STATE: nycnn-ipvx22e1;UP;HARD;1;PING OK - Packet loss = 0%, RTA = 0.22 ms
[1335844800] CURRENT HOST STATE: nycnn-ipvx23;UP;HARD;1;PING OK - Packet loss = 0%, RTA = 0.23 ms
[1335844800] CURRENT HOST STATE: nycnn-ipvx23e1;UP;HARD;1;PING OK - Packet loss = 0%, RTA = 0.19 ms
[1335844800] CURRENT HOST STATE: nycnn-ipvx24;UP;HARD;1;PING OK - Packet loss = 0%, RTA = 0.25 ms
[1335844800] CURRENT HOST STATE: nycnn-ipvx24e1;UP;HARD;1;PING OK - Packet loss = 0%, RTA = 0.22 ms
[1335844800] CURRENT HOST STATE: nycnn-ipvx25;UP;HARD;1;PING OK - Packet loss = 0%, RTA = 0.22 ms
[1335844800] CURRENT HOST STATE: nycnn-ipvx25e1;UP;HARD;1;PING OK - Packet loss = 0%, RTA = 0.20 ms
[1335844800] CURRENT HOST STATE: nycnn-ipvx26;UP;HARD;1;PING OK - Packet loss = 0%, RTA = 0.21 ms
[1335844800] CURRENT HOST STATE: nycnn-ipvx26e1;UP;HARD;1;PING OK - Packet loss = 0%, RTA = 0.17 ms
[1335844800] CURRENT HOST STATE: nycnn-ipvx27;UP;HARD;1;PING OK - Packet loss = 0%, RTA = 0.22 ms
[1335844800] CURRENT HOST STATE: nycnn-ipvx27e1;UP;HARD;1;PING OK - Packet loss = 0%, RTA = 0.18 ms
[1335844800] CURRENT HOST STATE: nycnn-ipvx28;UP;HARD;1;PING OK - Packet loss = 0%, RTA = 0.23 ms
[1335844800] CURRENT HOST STATE: nycnn-ipvx28e1;UP;HARD;1;PING OK - Packet loss = 0%, RTA = 0.21 ms
[1335844800] CURRENT HOST STATE: nycnn-ipvx29;UP;HARD;1;PING OK - Packet loss = 0%, RTA = 0.18 ms
[1335844800] CURRENT HOST STATE: nycnn-ipvx29e1;UP;HARD;1;PING OK - Packet loss = 0%, RTA = 0.24 ms
[1335844800] CURRENT HOST STATE: nycnn-ipvx2e1;UP;HARD;1;PING OK - Packet loss = 0%, RTA = 0.20 ms
[1335844800] CURRENT HOST STATE: nycnn-ipvx3;UP;HARD;1;PING OK - Packet loss = 0%, RTA = 0.21 ms
[1335844800] CURRENT HOST STATE: nycnn-ipvx30;UP;HARD;1;PING OK - Packet loss = 0%, RTA = 0.20 ms
[1335844800] CURRENT HOST STATE: nycnn-ipvx30e1;UP;HARD;1;PING OK - Packet loss = 0%, RTA = 0.18 ms
[1335844800] CURRENT HOST STATE: nycnn-ipvx31;UP;HARD;1;PING OK - Packet loss = 0%, RTA = 0.19 ms
[1335844800] CURRENT HOST STATE: nycnn-ipvx31e1;UP;HARD;1;PING OK - Packet loss = 0%, RTA = 0.27 ms
[1335844800] CURRENT HOST STATE: nycnn-ipvx32;UP;HARD;1;PING OK - Packet loss = 0%, RTA = 0.20 ms
[1335844800] CURRENT HOST STATE: nycnn-ipvx32e1;UP;HARD;1;PING OK - Packet loss = 0%, RTA = 0.19 ms
[1335844800] CURRENT HOST STATE: nycnn-ipvx33;UP;HARD;1;PING OK - Packet loss = 0%, RTA = 0.20 ms
[1335844800] CURRENT HOST STATE: nycnn-ipvx33e1;UP;HARD;1;PING OK - Packet loss = 0%, RTA = 0.22 ms
[1335844800] CURRENT HOST STATE: nycnn-ipvx34;UP;HARD;1;PING OK - Packet loss = 0%, RTA = 0.22 ms
[1335844800] CURRENT HOST STATE: nycnn-ipvx34e1;UP;HARD;1;PING OK - Packet loss = 0%, RTA = 0.36 ms
[1335844800] CURRENT HOST STATE: nycnn-ipvx35;UP;HARD;1;PING OK - Packet loss = 0%, RTA = 0.23 ms
[1335844800] CURRENT HOST STATE: nycnn-ipvx35e1;UP;HARD;1;PING OK - Packet loss = 0%, RTA = 0.19 ms
[1335844800] CURRENT HOST STATE: nycnn-ipvx3e1;UP;HARD;1;PING OK - Packet loss = 0%, RTA = 0.24 ms
[1335844800] CURRENT HOST STATE: nycnn-ipvx4;UP;HARD;1;PING OK - Packet loss = 0%, RTA = 0.24 ms
[1335844800] CURRENT HOST STATE: nycnn-ipvx4e1;UP;HARD;1;PING OK - Packet loss = 0%, RTA = 0.26 ms
[1335844800] CURRENT HOST STATE: nycnn-ipvx5;UP;HARD;1;PING OK - Packet loss = 0%, RTA = 0.22 ms
[1335844800] CURRENT HOST STATE: nycnn-ipvx5e1;UP;HARD;1;PING OK - Packet loss = 0%, RTA = 0.18 ms
[1335844800] CURRENT HOST STATE: nycnn-ipvx6;UP;HARD;1;PING OK - Packet loss = 0%, RTA = 0.18 ms
[1335844800] CURRENT HOST STATE: nycnn-ipvx6e1;UP;HARD;1;PING OK - Packet loss = 0%, RTA = 0.22 ms
[1335844800] CURRENT HOST STATE: nycnn-ipvx7;UP;HARD;1;PING OK - Packet loss = 0%, RTA = 0.24 ms
[1335844800] CURRENT HOST STATE: nycnn-ipvx7e1;UP;HARD;1;PING OK - Packet loss = 0%, RTA = 0.22 ms
[1335844800] CURRENT HOST STATE: nycnn-ipvx8;UP;HARD;1;PING OK - Packet loss = 0%, RTA = 0.27 ms
[1335844800] CURRENT HOST STATE: nycnn-ipvx8e1;UP;HARD;1;PING OK - Packet loss = 0%, RTA = 0.20 ms
[1335844800] CURRENT HOST STATE: nycnn-ipvx9;UP;HARD;1;PING OK - Packet loss = 0%, RTA = 0.19 ms
[1335844800] CURRENT HOST STATE: nycnn-ipvx9e1;UP;HARD;1;PING OK - Packet loss = 0%, RTA = 0.21 ms
[1335844800] CURRENT HOST STATE: nycnn-kickstart;UP;HARD;1;PING OK - Packet loss = 0%, RTA = 0.24 ms
[1335844800] CURRENT HOST STATE: nycnn-mamdb1;UP;HARD;1;PING OK - Packet loss = 0%, RTA = 0.22 ms
[1335844800] CURRENT HOST STATE: nycnn-mamdb2;UP;HARD;1;PING OK - Packet loss = 0%, RTA = 0.20 ms
[1335844800] CURRENT HOST STATE: nycnn-mamfog;UP;HARD;1;PING OK - Packet loss = 0%, RTA = 0.16 ms
[1335844800] CURRENT HOST STATE: nycnn-mamkey1;UP;HARD;1;PING OK - Packet loss = 0%, RTA = 0.28 ms
[1335844800] CURRENT HOST STATE: nycnn-mamkey2;UP;HARD;1;PING OK - Packet loss = 0%, RTA = 0.27 ms
[1335844800] CURRENT HOST STATE: nycnn-mammq1;UP;HARD;1;PING OK - Packet loss = 0%, RTA = 0.22 ms
[1335844800] CURRENT HOST STATE: nycnn-mammq2;UP;HARD;1;PING OK - Packet loss = 0%, RTA = 0.20 ms
[1335844800] CURRENT HOST STATE: nycnn-ms2app1;UP;HARD;1;PING OK - Packet loss = 0%, RTA = 0.43 ms
[1335844800] CURRENT HOST STATE: nycnn-ms2app2;UP;HARD;1;PING OK - Packet loss = 0%, RTA = 0.41 ms
[1335844800] CURRENT HOST STATE: nycnn-ms2app3;UP;HARD;1;PING OK - Packet loss = 0%, RTA = 0.17 ms
[1335844800] CURRENT HOST STATE: nycnn-ms2app4;UP;HARD;1;PING OK - Packet loss = 0%, RTA = 0.23 ms
[1335844800] CURRENT HOST STATE: nycnn-ms2db1;UP;HARD;1;PING OK - Packet loss = 0%, RTA = 0.22 ms
[1335844800] CURRENT HOST STATE: nycnn-ms2db2;UP;HARD;1;PING OK - Packet loss = 0%, RTA = 0.23 ms
[1335844800] CURRENT HOST STATE: nycnn-ms2db3;UP;HARD;1;PING OK - Packet loss = 0%, RTA = 0.27 ms
[1335844800] CURRENT HOST STATE: nycnn-pushpull1;UP;HARD;1;PING OK - Packet loss = 0%, RTA = 0.22 ms
[1335844800] CURRENT HOST STATE: nycnn-splunk;UP;HARD;1;PING OK - Packet loss = 0%, RTA = 0.28 ms
[1335844800] CURRENT HOST STATE: nyhdscheduler;UP;HARD;1;PING OK - Packet loss = 0%, RTA = 0.17 ms
[1335844800] CURRENT HOST STATE: nymamkey;UP;HARD;1;PING OK - Packet loss = 0%, RTA = 0.29 ms
[1335844800] CURRENT HOST STATE: nymq;UP;HARD;1;PING OK - Packet loss = 0%, RTA = 0.19 ms
[1335844800] CURRENT HOST STATE: nyproxygenhd;UP;HARD;1;PING OK - Packet loss = 0%, RTA = 0.26 ms
[1335844800] CURRENT HOST STATE: omnclda01-ny;UP;HARD;1;PING OK - Packet loss = 0%, RTA = 0.29 ms
[1335844800] CURRENT HOST STATE: omnclda01e1-ny;UP;HARD;1;PING OK - Packet loss = 0%, RTA = 0.26 ms
[1335844800] CURRENT HOST STATE: omnclda02-ny;UP;HARD;1;PING OK - Packet loss = 0%, RTA = 0.25 ms
[1335844800] CURRENT HOST STATE: omnclda02e1-ny;UP;HARD;1;PING OK - Packet loss = 0%, RTA = 0.26 ms
[1335844800] CURRENT HOST STATE: omnclda03-ny;UP;HARD;1;PING OK - Packet loss = 0%, RTA = 0.26 ms
[1335844800] CURRENT HOST STATE: omnclda03e1-ny;UP;HARD;1;PING OK - Packet loss = 0%, RTA = 0.25 ms
[1335844800] CURRENT HOST STATE: omnhbcba01-ny;UP;HARD;1;PING OK - Packet loss = 0%, RTA = 0.22 ms
[1335844800] CURRENT HOST STATE: omnhbcba02-ny;UP;HARD;1;PING OK - Packet loss = 0%, RTA = 0.23 ms
[1335844800] CURRENT HOST STATE: omnhbcba03-ny;UP;HARD;1;PING OK - Packet loss = 0%, RTA = 0.22 ms
[1335844800] CURRENT HOST STATE: omnhbcba04-ny;UP;HARD;1;PING OK - Packet loss = 0%, RTA = 0.25 ms
[1335844800] CURRENT HOST STATE: omnhbcba05-ny;UP;HARD;1;PING OK - Packet loss = 0%, RTA = 0.25 ms
[1335844800] CURRENT HOST STATE: omnhbcba06-ny;UP;HARD;1;PING OK - Packet loss = 0%, RTA = 0.24 ms
[1335844800] CURRENT HOST STATE: omnhbcba07-ny;UP;HARD;1;PING OK - Packet loss = 0%, RTA = 0.22 ms
[1335844800] CURRENT HOST STATE: omnhbcba08-ny;UP;HARD;1;PING OK - Packet loss = 0%, RTA = 0.22 ms
[1335844800] CURRENT HOST STATE: omnhbcba09-ny;UP;HARD;1;PING OK - Packet loss = 0%, RTA = 0.29 ms
[1335844800] CURRENT HOST STATE: omnhbcba10-ny;UP;HARD;1;PING OK - Packet loss = 0%, RTA = 0.23 ms
[1335844800] CURRENT HOST STATE: omnhbcba11-ny;UP;HARD;1;PING OK - Packet loss = 0%, RTA = 0.22 ms
[1335844800] CURRENT HOST STATE: omnhbcba12-ny;UP;HARD;1;PING OK - Packet loss = 0%, RTA = 0.25 ms
[1335844800] CURRENT HOST STATE: omnldap1-ny;UP;HARD;1;PING OK - Packet loss = 0%, RTA = 0.23 ms
[1335844800] CURRENT HOST STATE: omnldap2-ny;UP;HARD;1;PING OK - Packet loss = 0%, RTA = 0.25 ms
[1335844800] CURRENT HOST STATE: omnmas1app-ny;UP;HARD;1;PING OK - Packet loss = 0%, RTA = 0.23 ms
[1335844800] CURRENT HOST STATE: omnmas1app1-ny;UP;HARD;1;PING OK - Packet loss = 0%, RTA = 0.20 ms
[1335844800] CURRENT HOST STATE: omnmas1app2-ny;UP;HARD;1;PING OK - Packet loss = 0%, RTA = 0.21 ms
[1335844800] CURRENT HOST STATE: omnmas1db-ny;UP;HARD;1;PING OK - Packet loss = 0%, RTA = 0.29 ms
[1335844800] CURRENT HOST STATE: omnmas1db1-ny;UP;HARD;1;PING OK - Packet loss = 0%, RTA = 0.20 ms
[1335844800] CURRENT HOST STATE: omnmas1db2-ny;UP;HARD;1;PING OK - Packet loss = 0%, RTA = 0.27 ms
[1335844800] CURRENT HOST STATE: omnmas2app-ny;DOWN;HARD;1;(Host Check Timed Out)
[1335844800] CURRENT HOST STATE: omnmas2app1-ny;UP;HARD;1;PING OK - Packet loss = 0%, RTA = 0.22 ms
[1335844800] CURRENT HOST STATE: omnmas2app2-ny;UP;HARD;1;PING OK - Packet loss = 0%, RTA = 0.31 ms
[1335844800] CURRENT HOST STATE: omnmas2db-ny;UP;HARD;1;PING OK - Packet loss = 0%, RTA = 0.33 ms
[1335844800] CURRENT HOST STATE: omnmas2db1-ny;UP;HARD;1;PING OK - Packet loss = 0%, RTA = 0.28 ms
[1335844800] CURRENT HOST STATE: omnmas2db2-ny;UP;HARD;1;PING OK - Packet loss = 0%, RTA = 0.31 ms
[1335844800] CURRENT HOST STATE: omnmdir01-ny;UP;HARD;1;PING OK - Packet loss = 0%, RTA = 0.17 ms
[1335844800] CURRENT HOST STATE: omnmdir01e1-ny;UP;HARD;1;PING OK - Packet loss = 0%, RTA = 0.17 ms
[1335844800] CURRENT HOST STATE: omnmdir02-ny;UP;HARD;1;PING OK - Packet loss = 0%, RTA = 0.21 ms
[1335844800] CURRENT HOST STATE: omnmdir02e1-ny;UP;HARD;1;PING OK - Packet loss = 0%, RTA = 0.22 ms
[1335844800] CURRENT HOST STATE: omnmdir03-ny;UP;HARD;1;PING OK - Packet loss = 0%, RTA = 0.40 ms
[1335844800] CURRENT HOST STATE: omnmdir03e1-ny;UP;HARD;1;PING OK - Packet loss = 0%, RTA = 0.18 ms
[1335844800] CURRENT HOST STATE: omnmdir04-ny;UP;HARD;1;PING OK - Packet loss = 0%, RTA = 0.18 ms
[1335844800] CURRENT HOST STATE: omnmdir04e1-ny;UP;HARD;1;PING OK - Packet loss = 0%, RTA = 0.17 ms
[1335844800] CURRENT HOST STATE: omnmdk01-ny;UP;HARD;1;PING OK - Packet loss = 0%, RTA = 0.47 ms
[1335844800] CURRENT HOST STATE: omnmdk01h0-ny;UP;HARD;1;PING OK - Packet loss = 0%, RTA = 0.51 ms
[1335844800] CURRENT HOST STATE: omnmdk02-ny;UP;HARD;1;PING OK - Packet loss = 0%, RTA = 0.48 ms
[1335844800] CURRENT HOST STATE: omnmdk02h0-ny;UP;HARD;1;PING OK - Packet loss = 0%, RTA = 0.48 ms
[1335844800] CURRENT HOST STATE: omnmdk03-ny;UP;HARD;1;PING OK - Packet loss = 0%, RTA = 0.48 ms
[1335844800] CURRENT HOST STATE: omnmdk03h0-ny;UP;HARD;1;PING OK - Packet loss = 0%, RTA = 0.46 ms
[1335844800] CURRENT HOST STATE: omnmdk04-ny;UP;HARD;1;PING OK - Packet loss = 0%, RTA = 0.45 ms
[1335844800] CURRENT HOST STATE: omnmdk04h0-ny;UP;HARD;1;PING OK - Packet loss = 0%, RTA = 0.50 ms
[1335844800] CURRENT HOST STATE: omnmdk05-ny;UP;HARD;1;PING OK - Packet loss = 0%, RTA = 0.45 ms
[1335844800] CURRENT HOST STATE: omnmdk05h0-ny;UP;HARD;1;PING OK - Packet loss = 0%, RTA = 0.42 ms
[1335844800] CURRENT HOST STATE: omnmdk06-ny;UP;HARD;1;PING OK - Packet loss = 0%, RTA = 0.51 ms
[1335844800] CURRENT HOST STATE: omnmdk06h0-ny;UP;HARD;1;PING OK - Packet loss = 0%, RTA = 0.52 ms
[1335844800] CURRENT HOST STATE: omnmdk07-ny;UP;HARD;1;PING OK - Packet loss = 0%, RTA = 0.48 ms
[1335844800] CURRENT HOST STATE: omnmdk07h0-ny;UP;HARD;1;PING OK - Packet loss = 0%, RTA = 0.45 ms
[1335844800] CURRENT HOST STATE: omnmdk08-ny;UP;HARD;1;PING OK - Packet loss = 0%, RTA = 0.46 ms
[1335844800] CURRENT HOST STATE: omnmdk08h0-ny;UP;HARD;1;PING OK - Packet loss = 0%, RTA = 0.44 ms
[1335844800] CURRENT HOST STATE: omnmdk09-ny;UP;HARD;1;PING OK - Packet loss = 0%, RTA = 0.44 ms
[1335844800] CURRENT HOST STATE: omnmdk09h0-ny;UP;HARD;1;PING OK - Packet loss = 0%, RTA = 0.46 ms
[1335844800] CURRENT HOST STATE: omnmdk10-ny;UP;HARD;1;PING OK - Packet loss = 0%, RTA = 0.48 ms
[1335844800] CURRENT HOST STATE: omnmdk10h0-ny;UP;HARD;1;PING OK - Packet loss = 0%, RTA = 0.47 ms
[1335844800] CURRENT HOST STATE: omnmdk11-ny;UP;HARD;1;PING OK - Packet loss = 0%, RTA = 0.46 ms
[1335844800] CURRENT HOST STATE: omnmdk11h0-ny;UP;HARD;1;PING OK - Packet loss = 0%, RTA = 0.46 ms
[1335844800] CURRENT HOST STATE: omnmdk12-ny;UP;HARD;1;PING OK - Packet loss = 0%, RTA = 0.42 ms
[1335844800] CURRENT HOST STATE: omnmdk12h0-ny;UP;HARD;1;PING OK - Packet loss = 0%, RTA = 0.50 ms
[1335844800] CURRENT HOST STATE: omnmdk13-ny;UP;HARD;1;PING OK - Packet loss = 0%, RTA = 0.50 ms
[1335844800] CURRENT HOST STATE: omnmdk13h0-ny;UP;HARD;1;PING OK - Packet loss = 0%, RTA = 0.46 ms
[1335844800] CURRENT HOST STATE: omnmdk14-ny;UP;HARD;1;PING OK - Packet loss = 0%, RTA = 0.48 ms
[1335844800] CURRENT HOST STATE: omnmdk14h0-ny;UP;HARD;1;PING OK - Packet loss = 0%, RTA = 0.51 ms
[1335844800] CURRENT HOST STATE: omnmdk15-ny;UP;HARD;1;PING OK - Packet loss = 0%, RTA = 0.50 ms
[1335844800] CURRENT HOST STATE: omnmdk15h0-ny;UP;HARD;1;PING OK - Packet loss = 0%, RTA = 0.48 ms
[1335844800] CURRENT HOST STATE: omnmdk16-ny;UP;HARD;1;PING OK - Packet loss = 0%, RTA = 0.45 ms
[1335844800] CURRENT HOST STATE: omnmdk16h0-ny;UP;HARD;1;PING OK - Packet loss = 0%, RTA = 0.45 ms
[1335844800] CURRENT HOST STATE: omnmdk17-ny;UP;HARD;1;PING OK - Packet loss = 0%, RTA = 0.50 ms
[1335844800] CURRENT HOST STATE: omnmdk17h0-ny;UP;HARD;1;PING OK - Packet loss = 0%, RTA = 1.50 ms
[1335844800] CURRENT HOST STATE: omnmdk18-ny;UP;HARD;1;PING OK - Packet loss = 0%, RTA = 0.40 ms
[1335844800] CURRENT HOST STATE: omnmdk18h0-ny;UP;HARD;1;PING OK - Packet loss = 0%, RTA = 0.50 ms
[1335844800] CURRENT HOST STATE: omnmdk19-ny;UP;HARD;1;PING OK - Packet loss = 0%, RTA = 0.41 ms
[1335844800] CURRENT HOST STATE: omnmdk19h0-ny;UP;HARD;1;PING OK - Packet loss = 0%, RTA = 0.47 ms
[1335844800] CURRENT HOST STATE: omnmgsm-ny;UP;HARD;1;PING OK - Packet loss = 0%, RTA = 0.19 ms
[1335844800] CURRENT HOST STATE: omnprox01-ny;UP;HARD;1;PING OK - Packet loss = 0%, RTA = 0.19 ms
[1335844800] CURRENT HOST STATE: omnprox01e1-ny;UP;HARD;1;PING OK - Packet loss = 0%, RTA = 0.23 ms
[1335844800] CURRENT HOST STATE: omnprox02-ny;UP;HARD;1;PING OK - Packet loss = 0%, RTA = 0.22 ms
[1335844800] CURRENT HOST STATE: omnprox02e1-ny;UP;HARD;1;PING OK - Packet loss = 0%, RTA = 0.18 ms
[1335844800] CURRENT HOST STATE: omnprox03-ny;UP;HARD;1;PING OK - Packet loss = 0%, RTA = 0.19 ms
[1335844800] CURRENT HOST STATE: omnprox03e1-ny;UP;HARD;1;PING OK - Packet loss = 0%, RTA = 0.17 ms
[1335844800] CURRENT HOST STATE: omnprox04-ny;UP;HARD;1;PING OK - Packet loss = 0%, RTA = 0.18 ms
[1335844800] CURRENT HOST STATE: omnprox04e1-ny;UP;HARD;1;PING OK - Packet loss = 0%, RTA = 0.19 ms
[1335844800] CURRENT HOST STATE: omnprox05-ny;UP;HARD;1;PING OK - Packet loss = 0%, RTA = 0.19 ms
[1335844800] CURRENT HOST STATE: omnprox05e1-ny;UP;HARD;1;PING OK - Packet loss = 0%, RTA = 0.21 ms
[1335844800] CURRENT HOST STATE: omnspsm-ny;UP;HARD;1;PING OK - Packet loss = 0%, RTA = 0.29 ms
[1335844800] CURRENT HOST STATE: rt-nycc3750tgr-ilo;UP;HARD;1;PING OK - Packet loss = 0%, RTA = 0.58 ms
[1335844800] CURRENT HOST STATE: rt-nycc3750tgr-ms2;UP;HARD;1;PING OK - Packet loss = 0%, RTA = 2.54 ms
[1335844800] CURRENT HOST STATE: rt-nyccfcp-1;UP;HARD;1;PING OK - Packet loss = 0%, RTA = 0.85 ms
[1335844800] CURRENT HOST STATE: rt-nyccfcp-2;UP;HARD;1;PING OK - Packet loss = 0%, RTA = 0.59 ms
[1335844800] CURRENT HOST STATE: rt-nycchdagg-a;UP;HARD;1;PING OK - Packet loss = 0%, RTA = 2.09 ms
[1335844800] CURRENT HOST STATE: rt-nycchdagg-b;UP;HARD;1;PING OK - Packet loss = 0%, RTA = 1.47 ms
[1335844800] CURRENT HOST STATE: rt-nyccmediagrid;UP;HARD;1;PING OK - Packet loss = 0%, RTA = 0.54 ms
[1335844800] CURRENT HOST STATE: rt-nyccspectrum;UP;HARD;1;PING OK - Packet loss = 0%, RTA = 0.72 ms
[1335844800] CURRENT HOST STATE: wdchd001;DOWN;HARD;1;(Host Check Timed Out)
[1335844800] CURRENT HOST STATE: wdchd002;DOWN;HARD;1;(Host Check Timed Out)
[1335844800] CURRENT HOST STATE: wdchd003;DOWN;HARD;1;(Host Check Timed Out)
[1335844800] CURRENT HOST STATE: wdchd004;DOWN;HARD;1;(Host Check Timed Out)
[1335844800] CURRENT HOST STATE: wdchd005;DOWN;HARD;1;(Host Check Timed Out)
[1335844800] CURRENT HOST STATE: wdchd006;DOWN;HARD;1;(Host Check Timed Out)
[1335844800] CURRENT HOST STATE: wdchd007;DOWN;HARD;1;(Host Check Timed Out)
[1335844800] CURRENT HOST STATE: wdchd008;DOWN;HARD;1;(Host Check Timed Out)
[1335844800] CURRENT HOST STATE: wdchd009;DOWN;HARD;1;(Host Check Timed Out)
[1335844800] CURRENT HOST STATE: wdchd010;DOWN;HARD;1;(Host Check Timed Out)
[1335844800] CURRENT HOST STATE: wdchd011;DOWN;HARD;1;(Host Check Timed Out)
[1335844800] CURRENT HOST STATE: wdchd012;DOWN;HARD;1;(Host Check Timed Out)
[1335844800] CURRENT HOST STATE: wdchd013;DOWN;HARD;1;(Host Check Timed Out)
[1335844800] CURRENT HOST STATE: wdchd014;DOWN;HARD;1;(Host Check Timed Out)
[1335844800] CURRENT HOST STATE: wdchd015;DOWN;HARD;1;(Host Check Timed Out)
[1335844800] CURRENT HOST STATE: wdchd016;DOWN;HARD;1;(Host Check Timed Out)
[1335844800] CURRENT HOST STATE: wdchd017;DOWN;HARD;1;(Host Check Timed Out)
[1335844800] CURRENT HOST STATE: wdchd018;DOWN;HARD;1;(Host Check Timed Out)
[1335844800] CURRENT HOST STATE: wdchd019;DOWN;HARD;1;(Host Check Timed Out)
[1335844800] CURRENT HOST STATE: wdchd020;DOWN;HARD;1;(Host Check Timed Out)
[1335844800] CURRENT HOST STATE: wdchd021;DOWN;HARD;1;(Host Check Timed Out)
[1335844800] CURRENT HOST STATE: wdchd022;DOWN;HARD;1;(Host Check Timed Out)
[1335844800] CURRENT HOST STATE: wdchd023;DOWN;HARD;1;(Host Check Timed Out)
[1335844800] CURRENT HOST STATE: wdchd024;DOWN;HARD;1;(Host Check Timed Out)
[1335844800] CURRENT HOST STATE: wdchd025;DOWN;HARD;1;(Host Check Timed Out)
[1335844800] CURRENT HOST STATE: wdchd026;DOWN;HARD;1;(Host Check Timed Out)
[1335844800] CURRENT HOST STATE: wdchd027;DOWN;HARD;1;(Host Check Timed Out)
[1335844800] CURRENT HOST STATE: wdchd028;DOWN;HARD;1;(Host Check Timed Out)
[1335844800] CURRENT HOST STATE: wdchd029;DOWN;HARD;1;(Host Check Timed Out)
[1335844800] CURRENT HOST STATE: wdchd030;DOWN;HARD;1;(Host Check Timed Out)
[1335844800] CURRENT HOST STATE: wdchd031;DOWN;HARD;1;(Host Check Timed Out)
[1335844800] CURRENT HOST STATE: wdcmd001;DOWN;HARD;1;(Host Check Timed Out)
[1335844800] CURRENT HOST STATE: wdcmd002;DOWN;HARD;1;(Host Check Timed Out)
[1335844800] CURRENT HOST STATE: wdcms001;DOWN;HARD;1;(Host Check Timed Out)
[1335844800] CURRENT HOST STATE: wdcms002;DOWN;HARD;1;(Host Check Timed Out)
[1335844800] CURRENT HOST STATE: wdcms003;DOWN;HARD;1;(Host Check Timed Out)
[1335844800] CURRENT HOST STATE: wdcod001;DOWN;HARD;1;(Host Check Timed Out)
[1335844800] CURRENT HOST STATE: wdcod002;DOWN;HARD;1;(Host Check Timed Out)
[1335844800] CURRENT HOST STATE: wdcod01;UP;HARD;1;PING OK - Packet loss = 0%, RTA = 6.47 ms
[1335844800] CURRENT HOST STATE: wdcod02;UP;HARD;1;PING OK - Packet loss = 0%, RTA = 6.46 ms
[1335844800] CURRENT HOST STATE: wdcpf001;DOWN;HARD;1;(Host Check Timed Out)
[1335844800] CURRENT HOST STATE: wdcpf002;DOWN;HARD;1;(Host Check Timed Out)
[1335844800] CURRENT HOST STATE: wdcpf03;DOWN;HARD;1;(Host Check Timed Out)
[1335844800] CURRENT HOST STATE: wdcps001;DOWN;HARD;1;(Host Check Timed Out)
[1335844800] CURRENT HOST STATE: wdcps002;DOWN;HARD;1;(Host Check Timed Out)
[1335844800] CURRENT HOST STATE: wdcps003;DOWN;HARD;1;(Host Check Timed Out)
[1335844800] CURRENT HOST STATE: wdcps004;DOWN;HARD;1;(Host Check Timed Out)
[1335844800] CURRENT SERVICE STATE: localhost;Current Load;OK;HARD;1;OK - load average: 0.00, 0.00, 0.00
[1335844800] CURRENT SERVICE STATE: localhost;Current Users;OK;HARD;1;USERS OK - 3 users currently logged in
[1335844800] CURRENT SERVICE STATE: localhost;HTTP;WARNING;HARD;4;HTTP WARNING: HTTP/1.1 403 Forbidden - 5240 bytes in 0.001 second response time
[1335844800] CURRENT SERVICE STATE: localhost;PING;OK;HARD;1;PING OK - Packet loss = 0%, RTA = 0.04 ms
[1335844800] CURRENT SERVICE STATE: localhost;Root Partition;OK;HARD;1;DISK OK - free space: / 1557 MB (82% inode=98%):
[1335844800] CURRENT SERVICE STATE: localhost;SSH;OK;HARD;1;SSH OK - OpenSSH_4.3 (protocol 2.0)
[1335844800] CURRENT SERVICE STATE: localhost;Swap Usage;OK;HARD;1;SWAP OK - 100% free (2047 MB out of 2047 MB)
[1335844800] CURRENT SERVICE STATE: localhost;Total Processes;OK;HARD;1;PROCS OK: 88 processes with STATE = RSZDT
[1335844800] CURRENT SERVICE STATE: msny;HTTP;OK;HARD;1;HTTP OK: HTTP/1.1 200 OK - 5504 bytes in 0.002 second response time
[1335844800] CURRENT SERVICE STATE: msny;IMQ Depth Check - Internal GF Queues;OK;HARD;1;OK: all MS2_EVENT queues have depth 0 or less, all MS2_EVENT queues in RUNNING state
[1335844800] CURRENT SERVICE STATE: msny;PING;OK;HARD;1;PING OK - Packet loss = 0%, RTA = 0.25 ms
[1335844800] CURRENT SERVICE STATE: nyarxlator1;PING;OK;HARD;1;PING OK - Packet loss = 0%, RTA = 0.21 ms
[1335844800] CURRENT SERVICE STATE: nyarxlator2;PING;OK;HARD;1;PING OK - Packet loss = 0%, RTA = 0.38 ms
[1335844800] CURRENT SERVICE STATE: nyarxlator3;PING;OK;HARD;1;PING OK - Packet loss = 0%, RTA = 0.28 ms
[1335844800] CURRENT SERVICE STATE: nyarxlator4;PING;OK;HARD;1;PING OK - Packet loss = 0%, RTA = 0.26 ms
[1335844800] CURRENT SERVICE STATE: nycnn-adbeame1;PING;OK;HARD;1;PING OK - Packet loss = 0%, RTA = 0.29 ms
[1335844800] CURRENT SERVICE STATE: nycnn-adbeame10;PING;OK;HARD;1;PING OK - Packet loss = 0%, RTA = 0.32 ms
[1335844800] CURRENT SERVICE STATE: nycnn-adbeame2;PING;OK;HARD;1;PING OK - Packet loss = 0%, RTA = 0.32 ms
[1335844800] CURRENT SERVICE STATE: nycnn-adbeame3;PING;OK;HARD;1;PING OK - Packet loss = 0%, RTA = 0.32 ms
[1335844800] CURRENT SERVICE STATE: nycnn-adbeame4;PING;OK;HARD;1;PING OK - Packet loss = 0%, RTA = 0.31 ms
[1335844800] CURRENT SERVICE STATE: nycnn-adbeame5;PING;OK;HARD;1;PING OK - Packet loss = 0%, RTA = 0.31 ms
[1335844800] CURRENT SERVICE STATE: nycnn-adbeame6;PING;OK;HARD;1;PING OK - Packet loss = 0%, RTA = 0.31 ms
[1335844800] CURRENT SERVICE STATE: nycnn-adbeame7;PING;OK;HARD;1;PING OK - Packet loss = 0%, RTA = 0.30 ms
[1335844800] CURRENT SERVICE STATE: nycnn-adbeame8;PING;OK;HARD;1;PING OK - Packet loss = 0%, RTA = 0.31 ms
[1335844800] CURRENT SERVICE STATE: nycnn-adbeame9;PING;OK;HARD;1;PING OK - Packet loss = 0%, RTA = 0.33 ms
[1335844800] CURRENT SERVICE STATE: nycnn-adbectrl1;PING;OK;HARD;1;PING OK - Packet loss = 0%, RTA = 0.32 ms
[1335844800] CURRENT SERVICE STATE: nycnn-adbectrl2;PING;OK;HARD;1;PING OK - Packet loss = 0%, RTA = 0.31 ms
[1335844800] CURRENT SERVICE STATE: nycnn-arapp1;PING;OK;HARD;1;PING OK - Packet loss = 0%, RTA = 0.23 ms
[1335844800] CURRENT SERVICE STATE: nycnn-arapp1;SSH;OK;HARD;1;SSH OK - OpenSSH_4.3 (protocol 2.0)
[1335844800] CURRENT SERVICE STATE: nycnn-arvtrtape;PING;OK;HARD;1;PING OK - Packet loss = 0%, RTA = 0.31 ms
[1335844800] CURRENT SERVICE STATE: nycnn-arvtrtape;SSH;OK;HARD;1;SSH OK - OpenSSH_4.3 (protocol 2.0)
[1335844800] CURRENT SERVICE STATE: nycnn-arxlator1;PING;OK;HARD;1;PING OK - Packet loss = 0%, RTA = 0.26 ms
[1335844800] CURRENT SERVICE STATE: nycnn-arxlator1;SSH;OK;HARD;1;SSH OK - OpenSSH_4.3 (protocol 2.0)
[1335844800] CURRENT SERVICE STATE: nycnn-ipvapilic;PING;OK;HARD;1;PING OK - Packet loss = 0%, RTA = 0.19 ms
[1335844800] CURRENT SERVICE STATE: nycnn-ipvproxy1;PING;OK;HARD;1;PING OK - Packet loss = 0%, RTA = 0.30 ms
[1335844800] CURRENT SERVICE STATE: nycnn-ipvproxy2;PING;OK;HARD;1;PING OK - Packet loss = 0%, RTA = 0.25 ms
[1335844800] CURRENT SERVICE STATE: nycnn-ipvsphn1;PING;OK;HARD;1;PING OK - Packet loss = 0%, RTA = 0.20 ms
[1335844800] CURRENT SERVICE STATE: nycnn-ipvsphn2;PING;OK;HARD;1;PING OK - Packet loss = 0%, RTA = 0.23 ms
[1335844800] CURRENT SERVICE STATE: nycnn-ipvsphn3;PING;OK;HARD;1;PING OK - Packet loss = 0%, RTA = 0.23 ms
[1335844800] CURRENT SERVICE STATE: nycnn-ipvsphn4;PING;OK;HARD;1;PING OK - Packet loss = 0%, RTA = 0.26 ms
[1335844800] CURRENT SERVICE STATE: nycnn-ipvsphn5;PING;OK;HARD;1;PING OK - Packet loss = 0%, RTA = 0.27 ms
[1335844800] CURRENT SERVICE STATE: nycnn-ipvstrm1;PING;OK;HARD;1;PING OK - Packet loss = 0%, RTA = 0.23 ms
[1335844800] CURRENT SERVICE STATE: nycnn-ipvstrm2;PING;OK;HARD;1;PING OK - Packet loss = 0%, RTA = 0.24 ms
[1335844800] CURRENT SERVICE STATE: nycnn-ipvstrm3;PING;OK;HARD;1;PING OK - Packet loss = 0%, RTA = 0.23 ms
[1335844800] CURRENT SERVICE STATE: nycnn-ipvstrm4;PING;OK;HARD;1;PING OK - Packet loss = 0%, RTA = 0.28 ms
[1335844800] CURRENT SERVICE STATE: nycnn-ipvx1;PING;OK;HARD;1;PING OK - Packet loss = 0%, RTA = 0.25 ms
[1335844800] CURRENT SERVICE STATE: nycnn-ipvx10;PING;OK;HARD;1;PING OK - Packet loss = 0%, RTA = 0.27 ms
[1335844800] CURRENT SERVICE STATE: nycnn-ipvx10e1;PING;OK;HARD;1;PING OK - Packet loss = 0%, RTA = 0.28 ms
[1335844800] CURRENT SERVICE STATE: nycnn-ipvx11;PING;OK;HARD;1;PING OK - Packet loss = 0%, RTA = 0.26 ms
[1335844800] CURRENT SERVICE STATE: nycnn-ipvx11e1;PING;OK;HARD;1;PING OK - Packet loss = 0%, RTA = 0.25 ms
[1335844800] CURRENT SERVICE STATE: nycnn-ipvx12;PING;OK;HARD;1;PING OK - Packet loss = 0%, RTA = 0.20 ms
[1335844800] CURRENT SERVICE STATE: nycnn-ipvx12e1;PING;OK;HARD;1;PING OK - Packet loss = 0%, RTA = 0.22 ms
[1335844800] CURRENT SERVICE STATE: nycnn-ipvx13;PING;OK;HARD;1;PING OK - Packet loss = 0%, RTA = 0.27 ms
[1335844800] CURRENT SERVICE STATE: nycnn-ipvx13e1;PING;OK;HARD;1;PING OK - Packet loss = 0%, RTA = 0.25 ms
[1335844800] CURRENT SERVICE STATE: nycnn-ipvx14;PING;OK;HARD;1;PING OK - Packet loss = 0%, RTA = 0.22 ms
[1335844800] CURRENT SERVICE STATE: nycnn-ipvx14e1;PING;OK;HARD;1;PING OK - Packet loss = 0%, RTA = 0.24 ms
[1335844800] CURRENT SERVICE STATE: nycnn-ipvx15;PING;OK;HARD;1;PING OK - Packet loss = 0%, RTA = 0.22 ms
[1335844800] CURRENT SERVICE STATE: nycnn-ipvx15e1;PING;OK;HARD;1;PING OK - Packet loss = 0%, RTA = 0.24 ms
[1335844800] CURRENT SERVICE STATE: nycnn-ipvx16;PING;OK;HARD;1;PING OK - Packet loss = 0%, RTA = 0.25 ms
[1335844800] CURRENT SERVICE STATE: nycnn-ipvx16e1;PING;OK;HARD;1;PING OK - Packet loss = 0%, RTA = 0.23 ms
[1335844800] CURRENT SERVICE STATE: nycnn-ipvx17;PING;OK;HARD;1;PING OK - Packet loss = 0%, RTA = 0.27 ms
[1335844800] CURRENT SERVICE STATE: nycnn-ipvx17e1;PING;OK;HARD;1;PING OK - Packet loss = 0%, RTA = 0.25 ms
[1335844800] CURRENT SERVICE STATE: nycnn-ipvx18;PING;OK;HARD;1;PING OK - Packet loss = 0%, RTA = 0.24 ms
[1335844800] CURRENT SERVICE STATE: nycnn-ipvx18e1;PING;OK;HARD;1;PING OK - Packet loss = 0%, RTA = 0.23 ms
[1335844800] CURRENT SERVICE STATE: nycnn-ipvx19;PING;OK;HARD;1;PING OK - Packet loss = 0%, RTA = 0.31 ms
[1335844800] CURRENT SERVICE STATE: nycnn-ipvx19e1;PING;OK;HARD;1;PING OK - Packet loss = 0%, RTA = 0.23 ms
[1335844800] CURRENT SERVICE STATE: nycnn-ipvx1e1;PING;OK;HARD;1;PING OK - Packet loss = 0%, RTA = 0.27 ms
[1335844800] CURRENT SERVICE STATE: nycnn-ipvx2;PING;OK;HARD;1;PING OK - Packet loss = 0%, RTA = 0.25 ms
[1335844800] CURRENT SERVICE STATE: nycnn-ipvx20;PING;OK;HARD;1;PING OK - Packet loss = 0%, RTA = 0.22 ms
[1335844800] CURRENT SERVICE STATE: nycnn-ipvx20e1;PING;OK;HARD;1;PING OK - Packet loss = 0%, RTA = 0.32 ms
[1335844800] CURRENT SERVICE STATE: nycnn-ipvx21;PING;OK;HARD;1;PING OK - Packet loss = 0%, RTA = 0.28 ms
[1335844800] CURRENT SERVICE STATE: nycnn-ipvx21e1;PING;OK;HARD;1;PING OK - Packet loss = 0%, RTA = 0.23 ms
[1335844800] CURRENT SERVICE STATE: nycnn-ipvx22;PING;OK;HARD;1;PING OK - Packet loss = 0%, RTA = 0.23 ms
[1335844800] CURRENT SERVICE STATE: nycnn-ipvx22e1;PING;OK;HARD;1;PING OK - Packet loss = 0%, RTA = 0.30 ms
[1335844800] CURRENT SERVICE STATE: nycnn-ipvx23;PING;OK;HARD;1;PING OK - Packet loss = 0%, RTA = 0.32 ms
[1335844800] CURRENT SERVICE STATE: nycnn-ipvx23e1;PING;OK;HARD;1;PING OK - Packet loss = 0%, RTA = 0.21 ms
[1335844800] CURRENT SERVICE STATE: nycnn-ipvx24;PING;OK;HARD;1;PING OK - Packet loss = 0%, RTA = 0.24 ms
[1335844800] CURRENT SERVICE STATE: nycnn-ipvx24e1;PING;OK;HARD;1;PING OK - Packet loss = 0%, RTA = 0.22 ms
[1335844800] CURRENT SERVICE STATE: nycnn-ipvx25;PING;OK;HARD;1;PING OK - Packet loss = 0%, RTA = 0.19 ms
[1335844800] CURRENT SERVICE STATE: nycnn-ipvx25e1;PING;OK;HARD;1;PING OK - Packet loss = 0%, RTA = 0.24 ms
[1335844800] CURRENT SERVICE STATE: nycnn-ipvx26;PING;OK;HARD;1;PING OK - Packet loss = 0%, RTA = 0.21 ms
[1335844800] CURRENT SERVICE STATE: nycnn-ipvx26e1;PING;OK;HARD;1;PING OK - Packet loss = 0%, RTA = 0.22 ms
[1335844800] CURRENT SERVICE STATE: nycnn-ipvx27;PING;OK;HARD;1;PING OK - Packet loss = 0%, RTA = 0.21 ms
[1335844800] CURRENT SERVICE STATE: nycnn-ipvx27e1;PING;OK;HARD;1;PING OK - Packet loss = 0%, RTA = 0.19 ms
[1335844800] CURRENT SERVICE STATE: nycnn-ipvx28;PING;OK;HARD;1;PING OK - Packet loss = 0%, RTA = 0.19 ms
[1335844800] CURRENT SERVICE STATE: nycnn-ipvx28e1;PING;OK;HARD;1;PING OK - Packet loss = 0%, RTA = 0.26 ms
[1335844800] CURRENT SERVICE STATE: nycnn-ipvx29;PING;OK;HARD;1;PING OK - Packet loss = 0%, RTA = 0.18 ms
[1335844800] CURRENT SERVICE STATE: nycnn-ipvx29e1;PING;OK;HARD;1;PING OK - Packet loss = 0%, RTA = 0.19 ms
[1335844800] CURRENT SERVICE STATE: nycnn-ipvx2e1;PING;OK;HARD;1;PING OK - Packet loss = 0%, RTA = 0.20 ms
[1335844800] CURRENT SERVICE STATE: nycnn-ipvx3;PING;OK;HARD;1;PING OK - Packet loss = 0%, RTA = 0.23 ms
[1335844800] CURRENT SERVICE STATE: nycnn-ipvx30;PING;OK;HARD;1;PING OK - Packet loss = 0%, RTA = 0.21 ms
[1335844800] CURRENT SERVICE STATE: nycnn-ipvx30e1;PING;OK;HARD;1;PING OK - Packet loss = 0%, RTA = 0.23 ms
[1335844800] CURRENT SERVICE STATE: nycnn-ipvx31;PING;OK;HARD;1;PING OK - Packet loss = 0%, RTA = 0.19 ms
[1335844800] CURRENT SERVICE STATE: nycnn-ipvx31e1;PING;OK;HARD;1;PING OK - Packet loss = 0%, RTA = 0.19 ms
[1335844800] CURRENT SERVICE STATE: nycnn-ipvx32;PING;OK;HARD;1;PING OK - Packet loss = 0%, RTA = 0.20 ms
[1335844800] CURRENT SERVICE STATE: nycnn-ipvx32e1;PING;OK;HARD;1;PING OK - Packet loss = 0%, RTA = 0.25 ms
[1335844800] CURRENT SERVICE STATE: nycnn-ipvx33;PING;OK;HARD;1;PING OK - Packet loss = 0%, RTA = 0.21 ms
[1335844800] CURRENT SERVICE STATE: nycnn-ipvx33e1;PING;OK;HARD;1;PING OK - Packet loss = 0%, RTA = 0.16 ms
[1335844800] CURRENT SERVICE STATE: nycnn-ipvx34;PING;OK;HARD;1;PING OK - Packet loss = 0%, RTA = 0.20 ms
[1335844800] CURRENT SERVICE STATE: nycnn-ipvx34e1;PING;OK;HARD;1;PING OK - Packet loss = 0%, RTA = 0.16 ms
[1335844800] CURRENT SERVICE STATE: nycnn-ipvx35;PING;OK;HARD;1;PING OK - Packet loss = 0%, RTA = 0.19 ms
[1335844800] CURRENT SERVICE STATE: nycnn-ipvx35e1;PING;OK;HARD;1;PING OK - Packet loss = 0%, RTA = 0.22 ms
[1335844800] CURRENT SERVICE STATE: nycnn-ipvx3e1;PING;OK;HARD;1;PING OK - Packet loss = 0%, RTA = 0.22 ms
[1335844800] CURRENT SERVICE STATE: nycnn-ipvx4;PING;OK;HARD;1;PING OK - Packet loss = 0%, RTA = 0.29 ms
[1335844800] CURRENT SERVICE STATE: nycnn-ipvx4e1;PING;OK;HARD;1;PING OK - Packet loss = 0%, RTA = 0.23 ms
[1335844800] CURRENT SERVICE STATE: nycnn-ipvx5;PING;OK;HARD;1;PING OK - Packet loss = 0%, RTA = 0.20 ms
[1335844800] CURRENT SERVICE STATE: nycnn-ipvx5e1;PING;OK;HARD;1;PING OK - Packet loss = 0%, RTA = 0.21 ms
[1335844800] CURRENT SERVICE STATE: nycnn-ipvx6;PING;OK;HARD;1;PING OK - Packet loss = 0%, RTA = 0.18 ms
[1335844800] CURRENT SERVICE STATE: nycnn-ipvx6e1;PING;OK;HARD;1;PING OK - Packet loss = 0%, RTA = 0.20 ms
[1335844800] CURRENT SERVICE STATE: nycnn-ipvx7;PING;OK;HARD;1;PING OK - Packet loss = 0%, RTA = 0.20 ms
[1335844800] CURRENT SERVICE STATE: nycnn-ipvx7e1;PING;OK;HARD;1;PING OK - Packet loss = 0%, RTA = 0.20 ms
[1335844800] CURRENT SERVICE STATE: nycnn-ipvx8;PING;OK;HARD;1;PING OK - Packet loss = 0%, RTA = 0.21 ms
[1335844800] CURRENT SERVICE STATE: nycnn-ipvx8e1;PING;OK;HARD;1;PING OK - Packet loss = 0%, RTA = 0.19 ms
[1335844800] CURRENT SERVICE STATE: nycnn-ipvx9;PING;OK;HARD;1;PING OK - Packet loss = 0%, RTA = 0.20 ms
[1335844800] CURRENT SERVICE STATE: nycnn-ipvx9e1;PING;OK;HARD;1;PING OK - Packet loss = 0%, RTA = 0.20 ms
[1335844800] CURRENT SERVICE STATE: nycnn-mamdb1;PING;OK;HARD;1;PING OK - Packet loss = 0%, RTA = 0.27 ms
[1335844800] CURRENT SERVICE STATE: nycnn-mamdb2;PING;OK;HARD;1;PING OK - Packet loss = 0%, RTA = 0.23 ms
[1335844800] CURRENT SERVICE STATE: nycnn-mamkey1;PING;OK;HARD;1;PING OK - Packet loss = 0%, RTA = 0.25 ms
[1335844800] CURRENT SERVICE STATE: nycnn-mamkey2;PING;OK;HARD;1;PING OK - Packet loss = 0%, RTA = 0.24 ms
[1335844800] CURRENT SERVICE STATE: nycnn-ms2app1;PING;OK;HARD;1;PING OK - Packet loss = 0%, RTA = 0.44 ms
[1335844800] CURRENT SERVICE STATE: nycnn-ms2app2;PING;OK;HARD;1;PING OK - Packet loss = 0%, RTA = 0.42 ms
[1335844800] CURRENT SERVICE STATE: nycnn-ms2app3;PING;OK;HARD;1;PING OK - Packet loss = 0%, RTA = 0.23 ms
[1335844800] CURRENT SERVICE STATE: nycnn-ms2app4;PING;OK;HARD;1;PING OK - Packet loss = 0%, RTA = 0.28 ms
[1335844800] CURRENT SERVICE STATE: nycnn-ms2db1;PING;OK;HARD;1;PING OK - Packet loss = 0%, RTA = 0.21 ms
[1335844800] CURRENT SERVICE STATE: nycnn-ms2db2;PING;OK;HARD;1;PING OK - Packet loss = 0%, RTA = 0.25 ms
[1335844800] CURRENT SERVICE STATE: nycnn-ms2db3;PING;OK;HARD;1;PING OK - Packet loss = 0%, RTA = 0.23 ms
[1335844800] CURRENT SERVICE STATE: nyhdscheduler;HTTP;WARNING;HARD;3;HTTP WARNING: HTTP/1.1 400 Bad Request - 480 bytes in 0.001 second response time
[1335844800] CURRENT SERVICE STATE: nyhdscheduler;PING;OK;HARD;1;PING OK - Packet loss = 0%, RTA = 0.18 ms
[1335844800] CURRENT SERVICE STATE: nymamkey;PING;OK;HARD;1;PING OK - Packet loss = 0%, RTA = 0.21 ms
[1335844800] CURRENT SERVICE STATE: nyproxygenhd;PING;OK;HARD;1;PING OK - Packet loss = 0%, RTA = 0.24 ms
[1335844800] CURRENT SERVICE STATE: omnclda01-ny;PING;OK;HARD;1;PING OK - Packet loss = 0%, RTA = 0.26 ms
[1335844800] CURRENT SERVICE STATE: omnclda01e1-ny;PING;OK;HARD;1;PING OK - Packet loss = 0%, RTA = 0.25 ms
[1335844800] CURRENT SERVICE STATE: omnclda02-ny;PING;OK;HARD;1;PING OK - Packet loss = 0%, RTA = 0.24 ms
[1335844800] CURRENT SERVICE STATE: omnclda02e1-ny;PING;OK;HARD;1;PING OK - Packet loss = 0%, RTA = 0.26 ms
[1335844800] CURRENT SERVICE STATE: omnclda03-ny;PING;OK;HARD;1;PING OK - Packet loss = 0%, RTA = 0.18 ms
[1335844800] CURRENT SERVICE STATE: omnclda03e1-ny;PING;OK;HARD;1;PING OK - Packet loss = 0%, RTA = 0.26 ms
[1335844800] CURRENT SERVICE STATE: omnhbcba01-ny;PING;OK;HARD;1;PING OK - Packet loss = 0%, RTA = 0.25 ms
[1335844800] CURRENT SERVICE STATE: omnhbcba02-ny;PING;OK;HARD;1;PING OK - Packet loss = 0%, RTA = 0.29 ms
[1335844800] CURRENT SERVICE STATE: omnhbcba03-ny;PING;OK;HARD;1;PING OK - Packet loss = 0%, RTA = 0.26 ms
[1335844800] CURRENT SERVICE STATE: omnhbcba04-ny;PING;OK;HARD;1;PING OK - Packet loss = 0%, RTA = 0.23 ms
[1335844800] CURRENT SERVICE STATE: omnhbcba05-ny;PING;OK;HARD;1;PING OK - Packet loss = 0%, RTA = 0.25 ms
[1335844800] CURRENT SERVICE STATE: omnhbcba06-ny;PING;OK;HARD;1;PING OK - Packet loss = 0%, RTA = 0.26 ms
[1335844800] CURRENT SERVICE STATE: omnhbcba07-ny;PING;OK;HARD;1;PING OK - Packet loss = 0%, RTA = 0.25 ms
[1335844800] CURRENT SERVICE STATE: omnhbcba08-ny;PING;OK;HARD;1;PING OK - Packet loss = 0%, RTA = 0.27 ms
[1335844800] CURRENT SERVICE STATE: omnhbcba09-ny;PING;OK;HARD;1;PING OK - Packet loss = 0%, RTA = 0.24 ms
[1335844800] CURRENT SERVICE STATE: omnhbcba10-ny;PING;OK;HARD;1;PING OK - Packet loss = 0%, RTA = 0.27 ms
[1335844800] CURRENT SERVICE STATE: omnhbcba11-ny;PING;OK;HARD;1;PING OK - Packet loss = 0%, RTA = 0.30 ms
[1335844800] CURRENT SERVICE STATE: omnhbcba12-ny;PING;OK;HARD;1;PING OK - Packet loss = 0%, RTA = 0.26 ms
[1335844800] CURRENT SERVICE STATE: omnldap1-ny;LDAP;OK;HARD;1;LDAP OK - 0.002 seconds response time
[1335844800] CURRENT SERVICE STATE: omnldap2-ny;LDAP;OK;HARD;1;LDAP OK - 0.002 seconds response time
[1335844800] CURRENT SERVICE STATE: omnmas1app-ny;PING;OK;HARD;1;PING OK - Packet loss = 0%, RTA = 0.19 ms
[1335844800] CURRENT SERVICE STATE: omnmas1app1-ny;PING;OK;HARD;1;PING OK - Packet loss = 0%, RTA = 0.22 ms
[1335844800] CURRENT SERVICE STATE: omnmas1app2-ny;PING;OK;HARD;1;PING OK - Packet loss = 0%, RTA = 0.24 ms
[1335844800] CURRENT SERVICE STATE: omnmas1db-ny;PING;OK;HARD;1;PING OK - Packet loss = 0%, RTA = 0.25 ms
[1335844800] CURRENT SERVICE STATE: omnmas1db1-ny;PING;OK;HARD;1;PING OK - Packet loss = 0%, RTA = 0.28 ms
[1335844800] CURRENT SERVICE STATE: omnmas1db2-ny;PING;OK;HARD;1;PING OK - Packet loss = 0%, RTA = 0.31 ms
[1335844800] CURRENT SERVICE STATE: omnmas2app-ny;PING;CRITICAL;HARD;3;PING CRITICAL - Packet loss = 100%
[1335844800] CURRENT SERVICE STATE: omnmas2app1-ny;PING;OK;HARD;1;PING OK - Packet loss = 0%, RTA = 0.31 ms
[1335844800] CURRENT SERVICE STATE: omnmas2app2-ny;PING;OK;HARD;1;PING OK - Packet loss = 0%, RTA = 0.31 ms
[1335844800] CURRENT SERVICE STATE: omnmas2db-ny;PING;OK;HARD;1;PING OK - Packet loss = 0%, RTA = 0.29 ms
[1335844800] CURRENT SERVICE STATE: omnmas2db1-ny;PING;OK;HARD;1;PING OK - Packet loss = 0%, RTA = 0.23 ms
[1335844800] CURRENT SERVICE STATE: omnmas2db2-ny;PING;OK;HARD;1;PING OK - Packet loss = 0%, RTA = 0.27 ms
[1335844800] CURRENT SERVICE STATE: omnmdir01-ny;PING;OK;HARD;1;PING OK - Packet loss = 0%, RTA = 0.17 ms
[1335844800] CURRENT SERVICE STATE: omnmdir01e1-ny;PING;OK;HARD;1;PING OK - Packet loss = 0%, RTA = 0.18 ms
[1335844800] CURRENT SERVICE STATE: omnmdir02-ny;PING;OK;HARD;1;PING OK - Packet loss = 0%, RTA = 0.20 ms
[1335844800] CURRENT SERVICE STATE: omnmdir02e1-ny;PING;OK;HARD;1;PING OK - Packet loss = 0%, RTA = 0.19 ms
[1335844800] CURRENT SERVICE STATE: omnmdir03-ny;PING;OK;HARD;1;PING OK - Packet loss = 0%, RTA = 0.19 ms
[1335844800] CURRENT SERVICE STATE: omnmdir03e1-ny;PING;OK;HARD;1;PING OK - Packet loss = 0%, RTA = 0.17 ms
[1335844800] CURRENT SERVICE STATE: omnmdir04-ny;PING;OK;HARD;1;PING OK - Packet loss = 0%, RTA = 0.15 ms
[1335844800] CURRENT SERVICE STATE: omnmdir04e1-ny;PING;OK;HARD;1;PING OK - Packet loss = 0%, RTA = 0.17 ms
[1335844800] CURRENT SERVICE STATE: omnmdk01-ny;PING;OK;HARD;1;PING OK - Packet loss = 0%, RTA = 0.48 ms
[1335844800] CURRENT SERVICE STATE: omnmdk01h0-ny;PING;OK;HARD;1;PING OK - Packet loss = 0%, RTA = 0.46 ms
[1335844800] CURRENT SERVICE STATE: omnmdk02-ny;PING;OK;HARD;1;PING OK - Packet loss = 0%, RTA = 0.46 ms
[1335844800] CURRENT SERVICE STATE: omnmdk02h0-ny;PING;OK;HARD;1;PING OK - Packet loss = 0%, RTA = 1.01 ms
[1335844800] CURRENT SERVICE STATE: omnmdk03-ny;PING;OK;HARD;1;PING OK - Packet loss = 0%, RTA = 0.46 ms
[1335844800] CURRENT SERVICE STATE: omnmdk03h0-ny;PING;OK;HARD;1;PING OK - Packet loss = 0%, RTA = 0.47 ms
[1335844800] CURRENT SERVICE STATE: omnmdk04-ny;PING;OK;HARD;1;PING OK - Packet loss = 0%, RTA = 0.67 ms
[1335844800] CURRENT SERVICE STATE: omnmdk04h0-ny;PING;OK;HARD;1;PING OK - Packet loss = 0%, RTA = 0.51 ms
[1335844800] CURRENT SERVICE STATE: omnmdk05-ny;PING;OK;HARD;1;PING OK - Packet loss = 0%, RTA = 0.47 ms
[1335844800] CURRENT SERVICE STATE: omnmdk05h0-ny;PING;OK;HARD;1;PING OK - Packet loss = 0%, RTA = 0.48 ms
[1335844800] CURRENT SERVICE STATE: omnmdk06-ny;PING;OK;HARD;1;PING OK - Packet loss = 0%, RTA = 0.45 ms
[1335844800] CURRENT SERVICE STATE: omnmdk06h0-ny;PING;OK;HARD;1;PING OK - Packet loss = 0%, RTA = 0.50 ms
[1335844800] CURRENT SERVICE STATE: omnmdk07-ny;PING;OK;HARD;1;PING OK - Packet loss = 0%, RTA = 0.48 ms
[1335844800] CURRENT SERVICE STATE: omnmdk07h0-ny;PING;OK;HARD;1;PING OK - Packet loss = 0%, RTA = 0.49 ms
[1335844800] CURRENT SERVICE STATE: omnmdk08-ny;PING;OK;HARD;1;PING OK - Packet loss = 0%, RTA = 0.53 ms
[1335844800] CURRENT SERVICE STATE: omnmdk08h0-ny;PING;OK;HARD;1;PING OK - Packet loss = 0%, RTA = 0.44 ms
[1335844800] CURRENT SERVICE STATE: omnmdk09-ny;PING;OK;HARD;1;PING OK - Packet loss = 0%, RTA = 0.49 ms
[1335844800] CURRENT SERVICE STATE: omnmdk09h0-ny;PING;OK;HARD;1;PING OK - Packet loss = 0%, RTA = 0.49 ms
[1335844800] CURRENT SERVICE STATE: omnmdk10-ny;PING;OK;HARD;1;PING OK - Packet loss = 0%, RTA = 0.46 ms
[1335844800] CURRENT SERVICE STATE: omnmdk10h0-ny;PING;OK;HARD;1;PING OK - Packet loss = 0%, RTA = 0.57 ms
[1335844800] CURRENT SERVICE STATE: omnmdk11-ny;PING;OK;HARD;1;PING OK - Packet loss = 0%, RTA = 0.50 ms
[1335844800] CURRENT SERVICE STATE: omnmdk11h0-ny;PING;OK;HARD;1;PING OK - Packet loss = 0%, RTA = 0.53 ms
[1335844800] CURRENT SERVICE STATE: omnmdk12-ny;PING;OK;HARD;1;PING OK - Packet loss = 0%, RTA = 0.49 ms
[1335844800] CURRENT SERVICE STATE: omnmdk12h0-ny;PING;OK;HARD;1;PING OK - Packet loss = 0%, RTA = 0.51 ms
[1335844800] CURRENT SERVICE STATE: omnmdk13-ny;PING;OK;HARD;1;PING OK - Packet loss = 0%, RTA = 0.43 ms
[1335844800] CURRENT SERVICE STATE: omnmdk13h0-ny;PING;OK;HARD;1;PING OK - Packet loss = 0%, RTA = 0.50 ms
[1335844800] CURRENT SERVICE STATE: omnmdk14-ny;PING;OK;HARD;1;PING OK - Packet loss = 0%, RTA = 0.49 ms
[1335844800] CURRENT SERVICE STATE: omnmdk14h0-ny;PING;OK;HARD;1;PING OK - Packet loss = 0%, RTA = 0.51 ms
[1335844800] CURRENT SERVICE STATE: omnmdk15-ny;PING;OK;HARD;1;PING OK - Packet loss = 0%, RTA = 0.68 ms
[1335844800] CURRENT SERVICE STATE: omnmdk15h0-ny;PING;OK;HARD;1;PING OK - Packet loss = 0%, RTA = 0.83 ms
[1335844800] CURRENT SERVICE STATE: omnmdk16-ny;PING;OK;HARD;1;PING OK - Packet loss = 0%, RTA = 0.49 ms
[1335844800] CURRENT SERVICE STATE: omnmdk16h0-ny;PING;OK;HARD;1;PING OK - Packet loss = 0%, RTA = 0.54 ms
[1335844800] CURRENT SERVICE STATE: omnmdk17-ny;PING;OK;HARD;1;PING OK - Packet loss = 0%, RTA = 0.47 ms
[1335844800] CURRENT SERVICE STATE: omnmdk17h0-ny;PING;OK;HARD;1;PING OK - Packet loss = 0%, RTA = 0.48 ms
[1335844800] CURRENT SERVICE STATE: omnmdk18-ny;PING;OK;HARD;1;PING OK - Packet loss = 0%, RTA = 0.52 ms
[1335844800] CURRENT SERVICE STATE: omnmdk18h0-ny;PING;OK;HARD;1;PING OK - Packet loss = 0%, RTA = 0.45 ms
[1335844800] CURRENT SERVICE STATE: omnmdk19-ny;PING;OK;HARD;1;PING OK - Packet loss = 0%, RTA = 0.47 ms
[1335844800] CURRENT SERVICE STATE: omnmdk19h0-ny;PING;OK;HARD;1;PING OK - Packet loss = 0%, RTA = 0.46 ms
[1335844800] CURRENT SERVICE STATE: omnmgsm-ny;PING;OK;HARD;1;PING OK - Packet loss = 0%, RTA = 0.20 ms
[1335844800] CURRENT SERVICE STATE: omnprox01-ny;PING;OK;HARD;1;PING OK - Packet loss = 0%, RTA = 0.22 ms
[1335844800] CURRENT SERVICE STATE: omnprox01e1-ny;PING;OK;HARD;1;PING OK - Packet loss = 0%, RTA = 0.21 ms
[1335844800] CURRENT SERVICE STATE: omnprox02-ny;PING;OK;HARD;1;PING OK - Packet loss = 0%, RTA = 0.21 ms
[1335844800] CURRENT SERVICE STATE: omnprox02e1-ny;PING;OK;HARD;1;PING OK - Packet loss = 0%, RTA = 0.21 ms
[1335844800] CURRENT SERVICE STATE: omnprox03-ny;PING;OK;HARD;1;PING OK - Packet loss = 0%, RTA = 0.20 ms
[1335844800] CURRENT SERVICE STATE: omnprox03e1-ny;PING;OK;HARD;1;PING OK - Packet loss = 0%, RTA = 0.21 ms
[1335844800] CURRENT SERVICE STATE: omnprox04-ny;PING;OK;HARD;1;PING OK - Packet loss = 0%, RTA = 0.22 ms
[1335844800] CURRENT SERVICE STATE: omnprox04e1-ny;PING;OK;HARD;1;PING OK - Packet loss = 0%, RTA = 0.19 ms
[1335844800] CURRENT SERVICE STATE: omnprox05-ny;PING;OK;HARD;1;PING OK - Packet loss = 0%, RTA = 0.21 ms
[1335844800] CURRENT SERVICE STATE: omnprox05e1-ny;PING;OK;HARD;1;PING OK - Packet loss = 0%, RTA = 0.24 ms
[1335844800] CURRENT SERVICE STATE: omnspsm-ny;PING;OK;HARD;1;PING OK - Packet loss = 0%, RTA = 0.23 ms
[1335844800] CURRENT SERVICE STATE: wdchd001;PING;CRITICAL;HARD;2;PING CRITICAL - Packet loss = 100%
[1335844800] CURRENT SERVICE STATE: wdchd002;PING;CRITICAL;HARD;2;PING CRITICAL - Packet loss = 100%
[1335844800] CURRENT SERVICE STATE: wdchd003;PING;CRITICAL;HARD;2;PING CRITICAL - Packet loss = 100%
[1335844800] CURRENT SERVICE STATE: wdchd004;PING;CRITICAL;HARD;2;PING CRITICAL - Packet loss = 100%
[1335844800] CURRENT SERVICE STATE: wdchd005;PING;CRITICAL;HARD;2;PING CRITICAL - Packet loss = 100%
[1335844800] CURRENT SERVICE STATE: wdchd006;PING;CRITICAL;HARD;2;PING CRITICAL - Packet loss = 100%
[1335844800] CURRENT SERVICE STATE: wdchd007;PING;CRITICAL;HARD;2;PING CRITICAL - Packet loss = 100%
[1335844800] CURRENT SERVICE STATE: wdchd008;PING;CRITICAL;HARD;2;PING CRITICAL - Packet loss = 100%
[1335844800] CURRENT SERVICE STATE: wdchd009;PING;CRITICAL;HARD;2;PING CRITICAL - Packet loss = 100%
[1335844800] CURRENT SERVICE STATE: wdchd010;PING;CRITICAL;HARD;2;PING CRITICAL - Packet loss = 100%
[1335844800] CURRENT SERVICE STATE: wdchd011;PING;CRITICAL;HARD;2;PING CRITICAL - Packet loss = 100%
[1335844800] CURRENT SERVICE STATE: wdchd012;PING;CRITICAL;HARD;2;PING CRITICAL - Packet loss = 100%
[1335844800] CURRENT SERVICE STATE: wdchd013;PING;CRITICAL;HARD;2;PING CRITICAL - Packet loss = 100%
[1335844800] CURRENT SERVICE STATE: wdchd014;PING;CRITICAL;HARD;2;PING CRITICAL - Packet loss = 100%
[1335844800] CURRENT SERVICE STATE: wdchd015;PING;CRITICAL;HARD;2;PING CRITICAL - Packet loss = 100%
[1335844800] CURRENT SERVICE STATE: wdchd016;PING;CRITICAL;HARD;1;PING CRITICAL - Packet loss = 100%
[1335844800] CURRENT SERVICE STATE: wdchd017;PING;CRITICAL;HARD;2;PING CRITICAL - Packet loss = 100%
[1335844800] CURRENT SERVICE STATE: wdchd018;PING;CRITICAL;HARD;2;PING CRITICAL - Packet loss = 100%
[1335844800] CURRENT SERVICE STATE: wdchd019;PING;CRITICAL;HARD;2;PING CRITICAL - Packet loss = 100%
[1335844800] CURRENT SERVICE STATE: wdchd020;PING;CRITICAL;HARD;2;PING CRITICAL - Packet loss = 100%
[1335844800] CURRENT SERVICE STATE: wdchd021;PING;CRITICAL;HARD;2;PING CRITICAL - Packet loss = 100%
[1335844800] CURRENT SERVICE STATE: wdchd022;PING;CRITICAL;HARD;2;PING CRITICAL - Packet loss = 100%
[1335844800] CURRENT SERVICE STATE: wdchd023;PING;CRITICAL;HARD;2;PING CRITICAL - Packet loss = 100%
[1335844800] CURRENT SERVICE STATE: wdchd024;PING;CRITICAL;HARD;2;PING CRITICAL - Packet loss = 100%
[1335844800] CURRENT SERVICE STATE: wdchd025;PING;CRITICAL;HARD;2;PING CRITICAL - Packet loss = 100%
[1335844800] CURRENT SERVICE STATE: wdchd026;PING;CRITICAL;HARD;2;PING CRITICAL - Packet loss = 100%
[1335844800] CURRENT SERVICE STATE: wdchd027;PING;CRITICAL;HARD;2;PING CRITICAL - Packet loss = 100%
[1335844800] CURRENT SERVICE STATE: wdchd028;PING;CRITICAL;HARD;2;PING CRITICAL - Packet loss = 100%
[1335844800] CURRENT SERVICE STATE: wdchd029;PING;CRITICAL;HARD;2;PING CRITICAL - Packet loss = 100%
[1335844800] CURRENT SERVICE STATE: wdchd030;PING;CRITICAL;HARD;2;PING CRITICAL - Packet loss = 100%
[1335844800] CURRENT SERVICE STATE: wdchd031;PING;CRITICAL;HARD;2;PING CRITICAL - Packet loss = 100%
[1335844800] CURRENT SERVICE STATE: wdcmd001;PING;CRITICAL;HARD;2;PING CRITICAL - Packet loss = 100%
[1335844800] CURRENT SERVICE STATE: wdcmd002;PING;CRITICAL;HARD;2;PING CRITICAL - Packet loss = 100%
[1335844800] CURRENT SERVICE STATE: wdcms001;PING;CRITICAL;HARD;2;PING CRITICAL - Packet loss = 100%
[1335844800] CURRENT SERVICE STATE: wdcms002;PING;CRITICAL;HARD;1;CRITICAL - Plugin timed out after 10 seconds
[1335844800] CURRENT SERVICE STATE: wdcms003;PING;CRITICAL;HARD;2;PING CRITICAL - Packet loss = 100%
[1335844800] CURRENT SERVICE STATE: wdcod001;PING;CRITICAL;HARD;2;PING CRITICAL - Packet loss = 100%
[1335844800] CURRENT SERVICE STATE: wdcod002;PING;CRITICAL;HARD;2;PING CRITICAL - Packet loss = 100%
[1335844800] CURRENT SERVICE STATE: wdcod01;PING;OK;HARD;1;PING OK - Packet loss = 0%, RTA = 6.47 ms
[1335844800] CURRENT SERVICE STATE: wdcod02;PING;OK;HARD;1;PING OK - Packet loss = 0%, RTA = 6.49 ms
[1335844800] CURRENT SERVICE STATE: wdcpf001;PING;CRITICAL;HARD;2;PING CRITICAL - Packet loss = 100%
[1335844800] CURRENT SERVICE STATE: wdcpf002;PING;CRITICAL;HARD;2;PING CRITICAL - Packet loss = 100%
[1335844800] CURRENT SERVICE STATE: wdcpf03;PING;CRITICAL;HARD;2;PING CRITICAL - Packet loss = 100%
[1335844800] CURRENT SERVICE STATE: wdcps001;PING;CRITICAL;HARD;2;PING CRITICAL - Packet loss = 100%
[1335844800] CURRENT SERVICE STATE: wdcps002;PING;CRITICAL;HARD;2;PING CRITICAL - Packet loss = 100%
[1335844800] CURRENT SERVICE STATE: wdcps003;PING;CRITICAL;HARD;2;PING CRITICAL - Packet loss = 100%
[1335844800] CURRENT SERVICE STATE: wdcps004;PING;CRITICAL;HARD;2;PING CRITICAL - Packet loss = 100%
[1335844812] HOST NOTIFICATION: dcadmin;wdchd029;DOWN;notify-host-by-email;(Host Check Timed Out)
[1335844812] HOST NOTIFICATION: dcadmin;wdchd028;DOWN;notify-host-by-email;(Host Check Timed Out)
[1335845112] HOST NOTIFICATION: dcadmin;wdcpf002;DOWN;notify-host-by-email;(Host Check Timed Out)
[1335845412] HOST NOTIFICATION: dcadmin;wdchd016;DOWN;notify-host-by-email;(Host Check Timed Out)
[1335845532] HOST NOTIFICATION: dcadmin;wdchd001;DOWN;notify-host-by-email;(Host Check Timed Out)
[1335845532] HOST NOTIFICATION: dcadmin;wdchd002;DOWN;notify-host-by-email;(Host Check Timed Out)
[1335845532] HOST NOTIFICATION: dcadmin;wdchd009;DOWN;notify-host-by-email;(Host Check Timed Out)
[1335845532] HOST NOTIFICATION: dcadmin;wdchd018;DOWN;notify-host-by-email;(Host Check Timed Out)
[1335845592] HOST NOTIFICATION: dcadmin;wdchd003;DOWN;notify-host-by-email;(Host Check Timed Out)
[1335845592] HOST NOTIFICATION: dcadmin;wdchd013;DOWN;notify-host-by-email;(Host Check Timed Out)
[1335845592] HOST NOTIFICATION: dcadmin;wdchd010;DOWN;notify-host-by-email;(Host Check Timed Out)
[1335845592] HOST NOTIFICATION: dcadmin;wdchd011;DOWN;notify-host-by-email;(Host Check Timed Out)
[1335845652] HOST NOTIFICATION: dcadmin;wdchd007;DOWN;notify-host-by-email;(Host Check Timed Out)
[1335845652] HOST NOTIFICATION: dcadmin;wdchd005;DOWN;notify-host-by-email;(Host Check Timed Out)
[1335845652] HOST NOTIFICATION: dcadmin;wdchd006;DOWN;notify-host-by-email;(Host Check Timed Out)
[1335845652] HOST NOTIFICATION: dcadmin;wdchd019;DOWN;notify-host-by-email;(Host Check Timed Out)
[1335845652] HOST NOTIFICATION: dcadmin;wdchd021;DOWN;notify-host-by-email;(Host Check Timed Out)
[1335845653] HOST NOTIFICATION: dcadmin;wdchd020;DOWN;notify-host-by-email;(Host Check Timed Out)
[1335845653] HOST NOTIFICATION: dcadmin;wdchd024;DOWN;notify-host-by-email;(Host Check Timed Out)
[1335845712] HOST NOTIFICATION: dcadmin;wdchd012;DOWN;notify-host-by-email;(Host Check Timed Out)
[1335845712] HOST NOTIFICATION: dcadmin;wdchd022;DOWN;notify-host-by-email;(Host Check Timed Out)
[1335845712] HOST NOTIFICATION: dcadmin;wdchd014;DOWN;notify-host-by-email;(Host Check Timed Out)
[1335845712] HOST NOTIFICATION: dcadmin;wdchd025;DOWN;notify-host-by-email;(Host Check Timed Out)
[1335845712] HOST NOTIFICATION: dcadmin;wdchd017;DOWN;notify-host-by-email;(Host Check Timed Out)
[1335845713] HOST NOTIFICATION: dcadmin;wdchd023;DOWN;notify-host-by-email;(Host Check Timed Out)
[1335845713] HOST NOTIFICATION: dcadmin;wdcmd001;DOWN;notify-host-by-email;(Host Check Timed Out)
[1335845772] HOST NOTIFICATION: dcadmin;wdchd026;DOWN;notify-host-by-email;(Host Check Timed Out)
[1335845772] HOST NOTIFICATION: dcadmin;wdchd027;DOWN;notify-host-by-email;(Host Check Timed Out)
[1335845772] HOST NOTIFICATION: dcadmin;wdchd015;DOWN;notify-host-by-email;(Host Check Timed Out)
[1335845772] HOST NOTIFICATION: dcadmin;wdcmd002;DOWN;notify-host-by-email;(Host Check Timed Out)
[1335845832] HOST NOTIFICATION: dcadmin;wdchd030;DOWN;notify-host-by-email;(Host Check Timed Out)
[1335845892] HOST NOTIFICATION: dcadmin;wdchd031;DOWN;notify-host-by-email;(Host Check Timed Out)
[1335846012] HOST NOTIFICATION: dcadmin;wdchd004;DOWN;notify-host-by-email;(Host Check Timed Out)
[1335846012] HOST NOTIFICATION: dcadmin;wdchd008;DOWN;notify-host-by-email;(Host Check Timed Out)
[1335846012] HOST NOTIFICATION: dcadmin;wdcms001;DOWN;notify-host-by-email;(Host Check Timed Out)
[1335846192] HOST NOTIFICATION: dcadmin;wdcod001;DOWN;notify-host-by-email;(Host Check Timed Out)
[1335846192] HOST NOTIFICATION: dcadmin;wdcod002;DOWN;notify-host-by-email;(Host Check Timed Out)
[1335846252] HOST NOTIFICATION: dcadmin;wdcps001;DOWN;notify-host-by-email;(Host Check Timed Out)
[1335846312] HOST NOTIFICATION: dcadmin;wdcps002;DOWN;notify-host-by-email;(Host Check Timed Out)
[1335846372] HOST NOTIFICATION: dcadmin;wdcms003;DOWN;notify-host-by-email;(Host Check Timed Out)
[1335846372] HOST NOTIFICATION: dcadmin;wdcms002;DOWN;notify-host-by-email;(Host Check Timed Out)
[1335846432] HOST NOTIFICATION: dcadmin;wdcps003;DOWN;notify-host-by-email;(Host Check Timed Out)
[1335846492] HOST NOTIFICATION: dcadmin;wdcps004;DOWN;notify-host-by-email;(Host Check Timed Out)
[1335846492] HOST NOTIFICATION: dcadmin;wdcpf03;DOWN;notify-host-by-email;(Host Check Timed Out)
[1335846552] HOST NOTIFICATION: dcadmin;wdcpf001;DOWN;notify-host-by-email;(Host Check Timed Out)
[1335846612] HOST NOTIFICATION: dcadmin;wdchd028;DOWN;notify-host-by-email;(Host Check Timed Out)
[1335846612] HOST NOTIFICATION: dcadmin;wdchd029;DOWN;notify-host-by-email;(Host Check Timed Out)
[1335846662] SERVICE ALERT: wdcmd002;PING;OK;HARD;2;PING OK - Packet loss = 0%, RTA = 6.62 ms
[1335846662] SERVICE ALERT: wdcmd001;PING;OK;HARD;2;PING OK - Packet loss = 0%, RTA = 6.52 ms
[1335846672] HOST ALERT: wdcmd002;UP;HARD;1;PING OK - Packet loss = 0%, RTA = 6.62 ms
[1335846672] HOST NOTIFICATION: dcadmin;wdcmd002;UP;notify-host-by-email;PING OK - Packet loss = 0%, RTA = 6.62 ms
[1335846672] HOST ALERT: wdcmd001;UP;HARD;1;PING OK - Packet loss = 0%, RTA = 6.55 ms
[1335846672] HOST NOTIFICATION: dcadmin;wdcmd001;UP;notify-host-by-email;PING OK - Packet loss = 0%, RTA = 6.55 ms
[1335846912] HOST NOTIFICATION: dcadmin;wdcpf002;DOWN;notify-host-by-email;(Host Check Timed Out)
[1335847123] Auto-save of retention data completed successfully.
[1335847212] HOST NOTIFICATION: dcadmin;wdchd016;DOWN;notify-host-by-email;(Host Check Timed Out)
[1335847332] HOST NOTIFICATION: dcadmin;wdchd001;DOWN;notify-host-by-email;(Host Check Timed Out)
[1335847332] HOST NOTIFICATION: dcadmin;wdchd002;DOWN;notify-host-by-email;(Host Check Timed Out)
[1335847332] HOST NOTIFICATION: dcadmin;wdchd009;DOWN;notify-host-by-email;(Host Check Timed Out)
[1335847332] HOST NOTIFICATION: dcadmin;wdchd018;DOWN;notify-host-by-email;(Host Check Timed Out)
[1335847392] HOST NOTIFICATION: dcadmin;wdchd003;DOWN;notify-host-by-email;(Host Check Timed Out)
[1335847392] HOST NOTIFICATION: dcadmin;wdchd013;DOWN;notify-host-by-email;(Host Check Timed Out)
[1335847392] HOST NOTIFICATION: dcadmin;wdchd010;DOWN;notify-host-by-email;(Host Check Timed Out)
[1335847392] HOST NOTIFICATION: dcadmin;wdchd011;DOWN;notify-host-by-email;(Host Check Timed Out)
[1335847452] HOST NOTIFICATION: dcadmin;wdchd007;DOWN;notify-host-by-email;(Host Check Timed Out)
[1335847452] HOST NOTIFICATION: dcadmin;wdchd005;DOWN;notify-host-by-email;(Host Check Timed Out)
[1335847452] HOST NOTIFICATION: dcadmin;wdchd006;DOWN;notify-host-by-email;(Host Check Timed Out)
[1335847452] HOST NOTIFICATION: dcadmin;wdchd021;DOWN;notify-host-by-email;(Host Check Timed Out)
[1335847452] HOST NOTIFICATION: dcadmin;wdchd019;DOWN;notify-host-by-email;(Host Check Timed Out)
[1335847512] HOST NOTIFICATION: dcadmin;wdchd022;DOWN;notify-host-by-email;(Host Check Timed Out)
[1335847512] HOST NOTIFICATION: dcadmin;wdchd020;DOWN;notify-host-by-email;(Host Check Timed Out)
[1335847512] HOST NOTIFICATION: dcadmin;wdchd025;DOWN;notify-host-by-email;(Host Check Timed Out)
[1335847512] HOST NOTIFICATION: dcadmin;wdchd017;DOWN;notify-host-by-email;(Host Check Timed Out)
[1335847512] HOST NOTIFICATION: dcadmin;wdchd024;DOWN;notify-host-by-email;(Host Check Timed Out)
[1335847513] HOST NOTIFICATION: dcadmin;wdchd014;DOWN;notify-host-by-email;(Host Check Timed Out)
[1335847513] HOST NOTIFICATION: dcadmin;wdchd012;DOWN;notify-host-by-email;(Host Check Timed Out)
[1335847513] HOST NOTIFICATION: dcadmin;wdchd023;DOWN;notify-host-by-email;(Host Check Timed Out)
[1335847572] HOST NOTIFICATION: dcadmin;wdchd026;DOWN;notify-host-by-email;(Host Check Timed Out)
[1335847572] HOST NOTIFICATION: dcadmin;wdchd027;DOWN;notify-host-by-email;(Host Check Timed Out)
[1335847572] HOST NOTIFICATION: dcadmin;wdchd015;DOWN;notify-host-by-email;(Host Check Timed Out)
[1335847632] HOST NOTIFICATION: dcadmin;wdchd030;DOWN;notify-host-by-email;(Host Check Timed Out)
[1335847692] HOST NOTIFICATION: dcadmin;wdchd031;DOWN;notify-host-by-email;(Host Check Timed Out)
[1335847812] HOST NOTIFICATION: dcadmin;wdchd004;DOWN;notify-host-by-email;(Host Check Timed Out)
[1335847812] HOST NOTIFICATION: dcadmin;wdchd008;DOWN;notify-host-by-email;(Host Check Timed Out)
[1335847812] HOST NOTIFICATION: dcadmin;wdcms001;DOWN;notify-host-by-email;(Host Check Timed Out)
[1335847992] HOST NOTIFICATION: dcadmin;wdcod001;DOWN;notify-host-by-email;(Host Check Timed Out)
[1335847992] HOST NOTIFICATION: dcadmin;wdcod002;DOWN;notify-host-by-email;(Host Check Timed Out)
[1335848052] HOST NOTIFICATION: dcadmin;wdcps001;DOWN;notify-host-by-email;(Host Check Timed Out)
[1335848112] HOST NOTIFICATION: dcadmin;wdcps002;DOWN;notify-host-by-email;(Host Check Timed Out)
[1335848172] HOST NOTIFICATION: dcadmin;wdcms002;DOWN;notify-host-by-email;(Host Check Timed Out)
[1335848172] HOST NOTIFICATION: dcadmin;wdcms003;DOWN;notify-host-by-email;(Host Check Timed Out)
[1335848232] HOST NOTIFICATION: dcadmin;wdcps003;DOWN;notify-host-by-email;(Host Check Timed Out)
[1335848292] HOST NOTIFICATION: dcadmin;wdcps004;DOWN;notify-host-by-email;(Host Check Timed Out)
[1335848292] HOST NOTIFICATION: dcadmin;wdcpf03;DOWN;notify-host-by-email;(Host Check Timed Out)
[1335848352] HOST NOTIFICATION: dcadmin;wdcpf001;DOWN;notify-host-by-email;(Host Check Timed Out)
[1335848412] HOST NOTIFICATION: dcadmin;wdchd029;DOWN;notify-host-by-email;(Host Check Timed Out)
[1335848412] HOST NOTIFICATION: dcadmin;wdchd028;DOWN;notify-host-by-email;(Host Check Timed Out)
[1335848712] HOST NOTIFICATION: dcadmin;wdcpf002;DOWN;notify-host-by-email;(Host Check Timed Out)
[1335849012] HOST NOTIFICATION: dcadmin;wdchd016;DOWN;notify-host-by-email;(Host Check Timed Out)
[1335849132] HOST NOTIFICATION: dcadmin;wdchd001;DOWN;notify-host-by-email;(Host Check Timed Out)
[1335849132] HOST NOTIFICATION: dcadmin;wdchd002;DOWN;notify-host-by-email;(Host Check Timed Out)
[1335849132] HOST NOTIFICATION: dcadmin;wdchd009;DOWN;notify-host-by-email;(Host Check Timed Out)
[1335849132] HOST NOTIFICATION: dcadmin;wdchd018;DOWN;notify-host-by-email;(Host Check Timed Out)
[1335849192] HOST NOTIFICATION: dcadmin;wdchd011;DOWN;notify-host-by-email;(Host Check Timed Out)
[1335849192] HOST NOTIFICATION: dcadmin;wdchd003;DOWN;notify-host-by-email;(Host Check Timed Out)
[1335849192] HOST NOTIFICATION: dcadmin;wdchd013;DOWN;notify-host-by-email;(Host Check Timed Out)
[1335849192] HOST NOTIFICATION: dcadmin;wdchd010;DOWN;notify-host-by-email;(Host Check Timed Out)
[1335849252] HOST NOTIFICATION: dcadmin;wdchd019;DOWN;notify-host-by-email;(Host Check Timed Out)
[1335849252] HOST NOTIFICATION: dcadmin;wdchd021;DOWN;notify-host-by-email;(Host Check Timed Out)
[1335849252] HOST NOTIFICATION: dcadmin;wdchd007;DOWN;notify-host-by-email;(Host Check Timed Out)
[1335849252] HOST NOTIFICATION: dcadmin;wdchd005;DOWN;notify-host-by-email;(Host Check Timed Out)
[1335849253] HOST NOTIFICATION: dcadmin;wdchd006;DOWN;notify-host-by-email;(Host Check Timed Out)
[1335849312] HOST NOTIFICATION: dcadmin;wdchd022;DOWN;notify-host-by-email;(Host Check Timed Out)
[1335849312] HOST NOTIFICATION: dcadmin;wdchd020;DOWN;notify-host-by-email;(Host Check Timed Out)
[1335849312] HOST NOTIFICATION: dcadmin;wdchd025;DOWN;notify-host-by-email;(Host Check Timed Out)
[1335849312] HOST NOTIFICATION: dcadmin;wdchd024;DOWN;notify-host-by-email;(Host Check Timed Out)
[1335849312] HOST NOTIFICATION: dcadmin;wdchd017;DOWN;notify-host-by-email;(Host Check Timed Out)
[1335849313] HOST NOTIFICATION: dcadmin;wdchd012;DOWN;notify-host-by-email;(Host Check Timed Out)
[1335849372] HOST NOTIFICATION: dcadmin;wdchd014;DOWN;notify-host-by-email;(Host Check Timed Out)
[1335849372] HOST NOTIFICATION: dcadmin;wdchd023;DOWN;notify-host-by-email;(Host Check Timed Out)
[1335849372] HOST NOTIFICATION: dcadmin;wdchd026;DOWN;notify-host-by-email;(Host Check Timed Out)
[1335849372] HOST NOTIFICATION: dcadmin;wdchd027;DOWN;notify-host-by-email;(Host Check Timed Out)
[1335849372] HOST NOTIFICATION: dcadmin;wdchd015;DOWN;notify-host-by-email;(Host Check Timed Out)
[1335849432] HOST NOTIFICATION: dcadmin;wdchd030;DOWN;notify-host-by-email;(Host Check Timed Out)
[1335849492] HOST NOTIFICATION: dcadmin;wdchd031;DOWN;notify-host-by-email;(Host Check Timed Out)
[1335849612] HOST NOTIFICATION: dcadmin;wdchd004;DOWN;notify-host-by-email;(Host Check Timed Out)
[1335849612] HOST NOTIFICATION: dcadmin;wdchd008;DOWN;notify-host-by-email;(Host Check Timed Out)
[1335849612] HOST NOTIFICATION: dcadmin;wdcms001;DOWN;notify-host-by-email;(Host Check Timed Out)
[1335849792] HOST NOTIFICATION: dcadmin;wdcod001;DOWN;notify-host-by-email;(Host Check Timed Out)
[1335849792] HOST NOTIFICATION: dcadmin;wdcod002;DOWN;notify-host-by-email;(Host Check Timed Out)
[1335849852] HOST NOTIFICATION: dcadmin;wdcps001;DOWN;notify-host-by-email;(Host Check Timed Out)
[1335849912] HOST NOTIFICATION: dcadmin;wdcps002;DOWN;notify-host-by-email;(Host Check Timed Out)
[1335849972] HOST NOTIFICATION: dcadmin;wdcms002;DOWN;notify-host-by-email;(Host Check Timed Out)
[1335849972] HOST NOTIFICATION: dcadmin;wdcms003;DOWN;notify-host-by-email;(Host Check Timed Out)
[1335850032] HOST NOTIFICATION: dcadmin;wdcps003;DOWN;notify-host-by-email;(Host Check Timed Out)
[1335850092] HOST NOTIFICATION: dcadmin;wdcps004;DOWN;notify-host-by-email;(Host Check Timed Out)
[1335850092] HOST NOTIFICATION: dcadmin;wdcpf03;DOWN;notify-host-by-email;(Host Check Timed Out)
[1335850152] HOST NOTIFICATION: dcadmin;wdcpf001;DOWN;notify-host-by-email;(Host Check Timed Out)
[1335850212] HOST NOTIFICATION: dcadmin;wdchd028;DOWN;notify-host-by-email;(Host Check Timed Out)
[1335850212] HOST NOTIFICATION: dcadmin;wdchd029;DOWN;notify-host-by-email;(Host Check Timed Out)
[1335850512] HOST NOTIFICATION: dcadmin;wdcpf002;DOWN;notify-host-by-email;(Host Check Timed Out)
[1335850723] Auto-save of retention data completed successfully.
[1335850812] HOST NOTIFICATION: dcadmin;wdchd016;DOWN;notify-host-by-email;(Host Check Timed Out)
[1335850932] HOST NOTIFICATION: dcadmin;wdchd001;DOWN;notify-host-by-email;(Host Check Timed Out)
[1335850932] HOST NOTIFICATION: dcadmin;wdchd002;DOWN;notify-host-by-email;(Host Check Timed Out)
[1335850932] HOST NOTIFICATION: dcadmin;wdchd009;DOWN;notify-host-by-email;(Host Check Timed Out)
[1335850932] HOST NOTIFICATION: dcadmin;wdchd018;DOWN;notify-host-by-email;(Host Check Timed Out)
[1335850992] HOST NOTIFICATION: dcadmin;wdchd003;DOWN;notify-host-by-email;(Host Check Timed Out)
[1335850992] HOST NOTIFICATION: dcadmin;wdchd013;DOWN;notify-host-by-email;(Host Check Timed Out)
[1335850992] HOST NOTIFICATION: dcadmin;wdchd010;DOWN;notify-host-by-email;(Host Check Timed Out)
[1335850992] HOST NOTIFICATION: dcadmin;wdchd011;DOWN;notify-host-by-email;(Host Check Timed Out)
[1335851052] HOST NOTIFICATION: dcadmin;wdchd007;DOWN;notify-host-by-email;(Host Check Timed Out)
[1335851052] HOST NOTIFICATION: dcadmin;wdchd005;DOWN;notify-host-by-email;(Host Check Timed Out)
[1335851052] HOST NOTIFICATION: dcadmin;wdchd021;DOWN;notify-host-by-email;(Host Check Timed Out)
[1335851052] HOST NOTIFICATION: dcadmin;wdchd019;DOWN;notify-host-by-email;(Host Check Timed Out)
[1335851112] HOST NOTIFICATION: dcadmin;wdchd006;DOWN;notify-host-by-email;(Host Check Timed Out)
[1335851112] HOST NOTIFICATION: dcadmin;wdchd022;DOWN;notify-host-by-email;(Host Check Timed Out)
[1335851112] HOST NOTIFICATION: dcadmin;wdchd024;DOWN;notify-host-by-email;(Host Check Timed Out)
[1335851112] HOST NOTIFICATION: dcadmin;wdchd017;DOWN;notify-host-by-email;(Host Check Timed Out)
[1335851112] HOST NOTIFICATION: dcadmin;wdchd025;DOWN;notify-host-by-email;(Host Check Timed Out)
[1335851113] HOST NOTIFICATION: dcadmin;wdchd020;DOWN;notify-host-by-email;(Host Check Timed Out)
[1335851172] HOST NOTIFICATION: dcadmin;wdchd014;DOWN;notify-host-by-email;(Host Check Timed Out)
[1335851172] HOST NOTIFICATION: dcadmin;wdchd012;DOWN;notify-host-by-email;(Host Check Timed Out)
[1335851172] HOST NOTIFICATION: dcadmin;wdchd023;DOWN;notify-host-by-email;(Host Check Timed Out)
[1335851172] HOST NOTIFICATION: dcadmin;wdchd027;DOWN;notify-host-by-email;(Host Check Timed Out)
[1335851173] HOST NOTIFICATION: dcadmin;wdchd026;DOWN;notify-host-by-email;(Host Check Timed Out)
[1335851173] HOST NOTIFICATION: dcadmin;wdchd015;DOWN;notify-host-by-email;(Host Check Timed Out)
[1335851232] HOST NOTIFICATION: dcadmin;wdchd030;DOWN;notify-host-by-email;(Host Check Timed Out)
[1335851292] HOST NOTIFICATION: dcadmin;wdchd031;DOWN;notify-host-by-email;(Host Check Timed Out)
[1335851402] SERVICE ALERT: wdcod001;PING;OK;HARD;2;PING OK - Packet loss = 0%, RTA = 6.62 ms
[1335851402] SERVICE ALERT: wdcod002;PING;OK;HARD;2;PING OK - Packet loss = 0%, RTA = 6.60 ms
[1335851412] HOST NOTIFICATION: dcadmin;wdchd004;DOWN;notify-host-by-email;(Host Check Timed Out)
[1335851412] HOST NOTIFICATION: dcadmin;wdchd008;DOWN;notify-host-by-email;(Host Check Timed Out)
[1335851412] HOST ALERT: wdcod001;UP;HARD;1;PING OK - Packet loss = 0%, RTA = 6.69 ms
[1335851412] HOST NOTIFICATION: dcadmin;wdcod001;UP;notify-host-by-email;PING OK - Packet loss = 0%, RTA = 6.69 ms
[1335851412] HOST ALERT: wdcod002;UP;HARD;1;PING OK - Packet loss = 0%, RTA = 6.68 ms
[1335851412] HOST NOTIFICATION: dcadmin;wdcod002;UP;notify-host-by-email;PING OK - Packet loss = 0%, RTA = 6.68 ms
[1335851413] HOST NOTIFICATION: dcadmin;wdcms001;DOWN;notify-host-by-email;(Host Check Timed Out)
[1335851592] SERVICE ALERT: wdcps001;PING;OK;HARD;2;PING OK - Packet loss = 0%, RTA = 6.67 ms
[1335851602] HOST ALERT: wdcps001;UP;HARD;1;PING OK - Packet loss = 0%, RTA = 6.64 ms
[1335851602] HOST NOTIFICATION: dcadmin;wdcps001;UP;notify-host-by-email;PING OK - Packet loss = 0%, RTA = 6.64 ms
[1335851702] HOST ALERT: wdcps004;UP;HARD;1;PING OK - Packet loss = 78%, RTA = 6.56 ms
[1335851702] HOST NOTIFICATION: dcadmin;wdcps004;UP;notify-host-by-email;PING OK - Packet loss = 78%, RTA = 6.56 ms
[1335851702] SERVICE ALERT: wdcps004;PING;OK;HARD;2;PING OK - Packet loss = 0%, RTA = 6.69 ms
[1335851702] SERVICE ALERT: wdcps003;PING;OK;HARD;2;PING OK - Packet loss = 0%, RTA = 6.65 ms
[1335851702] SERVICE ALERT: wdcps002;PING;OK;HARD;2;PING OK - Packet loss = 0%, RTA = 6.58 ms
[1335851712] HOST ALERT: wdcps003;UP;HARD;1;PING OK - Packet loss = 0%, RTA = 6.62 ms
[1335851712] HOST NOTIFICATION: dcadmin;wdcps003;UP;notify-host-by-email;PING OK - Packet loss = 0%, RTA = 6.62 ms
[1335851712] HOST ALERT: wdcps002;UP;HARD;1;PING OK - Packet loss = 0%, RTA = 6.60 ms
[1335851712] HOST NOTIFICATION: dcadmin;wdcps002;UP;notify-host-by-email;PING OK - Packet loss = 0%, RTA = 6.60 ms
[1335851772] HOST NOTIFICATION: dcadmin;wdcms002;DOWN;notify-host-by-email;(Host Check Timed Out)
[1335851772] HOST NOTIFICATION: dcadmin;wdcms003;DOWN;notify-host-by-email;(Host Check Timed Out)
[1335851892] HOST NOTIFICATION: dcadmin;wdcpf03;DOWN;notify-host-by-email;(Host Check Timed Out)
[1335851952] HOST NOTIFICATION: dcadmin;wdcpf001;DOWN;notify-host-by-email;(Host Check Timed Out)
[1335852012] HOST NOTIFICATION: dcadmin;wdchd029;DOWN;notify-host-by-email;(Host Check Timed Out)
[1335852012] HOST NOTIFICATION: dcadmin;wdchd028;DOWN;notify-host-by-email;(Host Check Timed Out)
[1335852072] SERVICE ALERT: wdcmd002;PING;CRITICAL;SOFT;1;PING CRITICAL - Packet loss = 60%, RTA = 6.67 ms
[1335852102] HOST ALERT: wdcmd002;DOWN;SOFT;1;(Host Check Timed Out)
[1335852132] SERVICE ALERT: wdcmd002;PING;CRITICAL;HARD;2;PING CRITICAL - Packet loss = 100%
[1335852172] HOST ALERT: wdcmd002;UP;SOFT;2;PING OK - Packet loss = 0%, RTA = 6.59 ms
[1335852182] SERVICE ALERT: wdcmd002;PING;OK;HARD;2;PING OK - Packet loss = 0%, RTA = 6.64 ms
[1335852312] HOST NOTIFICATION: dcadmin;wdcpf002;DOWN;notify-host-by-email;(Host Check Timed Out)
[1335852612] HOST NOTIFICATION: dcadmin;wdchd016;DOWN;notify-host-by-email;(Host Check Timed Out)
[1335852732] HOST NOTIFICATION: dcadmin;wdchd001;DOWN;notify-host-by-email;(Host Check Timed Out)
[1335852732] HOST NOTIFICATION: dcadmin;wdchd002;DOWN;notify-host-by-email;(Host Check Timed Out)
[1335852732] HOST NOTIFICATION: dcadmin;wdchd009;DOWN;notify-host-by-email;(Host Check Timed Out)
[1335852732] HOST NOTIFICATION: dcadmin;wdchd018;DOWN;notify-host-by-email;(Host Check Timed Out)
[1335852792] HOST NOTIFICATION: dcadmin;wdchd003;DOWN;notify-host-by-email;(Host Check Timed Out)
[1335852792] HOST NOTIFICATION: dcadmin;wdchd013;DOWN;notify-host-by-email;(Host Check Timed Out)
[1335852792] HOST NOTIFICATION: dcadmin;wdchd010;DOWN;notify-host-by-email;(Host Check Timed Out)
[1335852792] HOST NOTIFICATION: dcadmin;wdchd011;DOWN;notify-host-by-email;(Host Check Timed Out)
[1335852852] HOST NOTIFICATION: dcadmin;wdchd007;DOWN;notify-host-by-email;(Host Check Timed Out)
[1335852852] HOST NOTIFICATION: dcadmin;wdchd005;DOWN;notify-host-by-email;(Host Check Timed Out)
[1335852852] HOST NOTIFICATION: dcadmin;wdchd019;DOWN;notify-host-by-email;(Host Check Timed Out)
[1335852852] HOST NOTIFICATION: dcadmin;wdchd021;DOWN;notify-host-by-email;(Host Check Timed Out)
[1335852912] HOST NOTIFICATION: dcadmin;wdchd006;DOWN;notify-host-by-email;(Host Check Timed Out)
[1335852912] HOST NOTIFICATION: dcadmin;wdchd017;DOWN;notify-host-by-email;(Host Check Timed Out)
[1335852912] HOST NOTIFICATION: dcadmin;wdchd024;DOWN;notify-host-by-email;(Host Check Timed Out)
[1335852912] HOST NOTIFICATION: dcadmin;wdchd022;DOWN;notify-host-by-email;(Host Check Timed Out)
[1335852912] HOST NOTIFICATION: dcadmin;wdchd025;DOWN;notify-host-by-email;(Host Check Timed Out)
[1335852952] HOST NOTIFICATION: dcadmin;wdchd020;DOWN;notify-host-by-email;(Host Check Timed Out)
[1335852972] HOST NOTIFICATION: dcadmin;wdchd014;DOWN;notify-host-by-email;(Host Check Timed Out)
[1335852972] HOST NOTIFICATION: dcadmin;wdchd012;DOWN;notify-host-by-email;(Host Check Timed Out)
[1335852972] HOST NOTIFICATION: dcadmin;wdchd023;DOWN;notify-host-by-email;(Host Check Timed Out)
[1335852972] HOST NOTIFICATION: dcadmin;wdchd027;DOWN;notify-host-by-email;(Host Check Timed Out)
[1335852992] HOST NOTIFICATION: dcadmin;wdchd015;DOWN;notify-host-by-email;(Host Check Timed Out)
[1335853032] SERVICE ALERT: wdchd019;PING;WARNING;HARD;2;PING WARNING - Packet loss = 44%, RTA = 6.51 ms
[1335853032] SERVICE ALERT: wdchd029;PING;WARNING;HARD;2;PING WARNING - Packet loss = 37%, RTA = 6.60 ms
[1335853032] SERVICE ALERT: wdchd018;PING;WARNING;HARD;2;PING WARNING - Packet loss = 50%, RTA = 6.57 ms
[1335853032] HOST NOTIFICATION: dcadmin;wdchd026;DOWN;notify-host-by-email;(Host Check Timed Out)
[1335853032] HOST NOTIFICATION: dcadmin;wdchd030;DOWN;notify-host-by-email;(Host Check Timed Out)
[1335853052] HOST ALERT: wdchd026;UP;HARD;1;PING OK - Packet loss = 72%, RTA = 6.62 ms
[1335853052] HOST NOTIFICATION: dcadmin;wdchd026;UP;notify-host-by-email;PING OK - Packet loss = 72%, RTA = 6.62 ms
[1335853062] HOST ALERT: wdchd017;UP;HARD;1;PING OK - Packet loss = 79%, RTA = 66.29 ms
[1335853062] HOST NOTIFICATION: dcadmin;wdchd017;UP;notify-host-by-email;PING OK - Packet loss = 79%, RTA = 66.29 ms
[1335853082] SERVICE ALERT: wdchd008;PING;OK;HARD;2;PING OK - Packet loss = 0%, RTA = 6.65 ms
[1335853082] SERVICE ALERT: wdchd007;PING;OK;HARD;2;PING OK - Packet loss = 0%, RTA = 6.63 ms
[1335853082] SERVICE ALERT: wdchd005;PING;OK;HARD;2;PING OK - Packet loss = 0%, RTA = 6.60 ms
[1335853082] SERVICE ALERT: wdchd006;PING;OK;HARD;2;PING OK - Packet loss = 0%, RTA = 6.86 ms
[1335853082] SERVICE ALERT: wdchd001;PING;OK;HARD;2;PING OK - Packet loss = 0%, RTA = 6.57 ms
[1335853082] SERVICE ALERT: wdchd003;PING;OK;HARD;2;PING OK - Packet loss = 0%, RTA = 6.64 ms
[1335853082] SERVICE ALERT: wdchd002;PING;OK;HARD;2;PING OK - Packet loss = 0%, RTA = 6.59 ms
[1335853082] SERVICE ALERT: wdchd013;PING;OK;HARD;2;PING OK - Packet loss = 0%, RTA = 6.62 ms
[1335853082] SERVICE ALERT: wdchd010;PING;OK;HARD;2;PING OK - Packet loss = 0%, RTA = 6.58 ms
[1335853082] SERVICE ALERT: wdchd011;PING;OK;HARD;2;PING OK - Packet loss = 0%, RTA = 6.60 ms
[1335853082] SERVICE ALERT: wdchd009;PING;OK;HARD;2;PING OK - Packet loss = 0%, RTA = 6.63 ms
[1335853082] SERVICE ALERT: wdchd004;PING;OK;HARD;2;PING OK - Packet loss = 0%, RTA = 6.67 ms
[1335853082] SERVICE ALERT: wdchd019;PING;OK;HARD;2;PING OK - Packet loss = 0%, RTA = 6.56 ms
[1335853082] SERVICE ALERT: wdchd018;PING;OK;HARD;2;PING OK - Packet loss = 0%, RTA = 6.61 ms
[1335853082] SERVICE ALERT: wdchd014;PING;OK;HARD;2;PING OK - Packet loss = 0%, RTA = 6.64 ms
[1335853082] SERVICE ALERT: wdchd017;PING;OK;HARD;2;PING OK - Packet loss = 0%, RTA = 6.56 ms
[1335853082] SERVICE ALERT: wdchd012;PING;OK;HARD;2;PING OK - Packet loss = 0%, RTA = 6.66 ms
[1335853082] SERVICE ALERT: wdchd020;PING;OK;HARD;2;PING OK - Packet loss = 0%, RTA = 6.51 ms
[1335853082] SERVICE ALERT: wdchd026;PING;OK;HARD;2;PING OK - Packet loss = 0%, RTA = 6.61 ms
[1335853082] SERVICE ALERT: wdchd015;PING;OK;HARD;2;PING OK - Packet loss = 0%, RTA = 6.58 ms
[1335853082] SERVICE ALERT: wdchd023;PING;OK;HARD;2;PING OK - Packet loss = 0%, RTA = 6.59 ms
[1335853082] SERVICE ALERT: wdchd027;PING;OK;HARD;2;PING OK - Packet loss = 0%, RTA = 6.61 ms
[1335853082] SERVICE ALERT: wdchd022;PING;OK;HARD;2;PING OK - Packet loss = 0%, RTA = 6.66 ms
[1335853082] SERVICE ALERT: wdchd025;PING;OK;HARD;2;PING OK - Packet loss = 0%, RTA = 6.64 ms
[1335853082] SERVICE ALERT: wdchd021;PING;OK;HARD;2;PING OK - Packet loss = 0%, RTA = 6.59 ms
[1335853082] SERVICE ALERT: wdchd029;PING;OK;HARD;2;PING OK - Packet loss = 0%, RTA = 6.57 ms
[1335853082] SERVICE ALERT: wdchd030;PING;OK;HARD;2;PING OK - Packet loss = 0%, RTA = 6.62 ms
[1335853082] SERVICE ALERT: wdchd031;PING;OK;HARD;2;PING OK - Packet loss = 0%, RTA = 6.62 ms
[1335853082] SERVICE ALERT: wdchd028;PING;OK;HARD;2;PING OK - Packet loss = 16%, RTA = 6.62 ms
[1335853082] SERVICE ALERT: wdcms001;PING;OK;HARD;2;PING OK - Packet loss = 0%, RTA = 6.59 ms
[1335853082] SERVICE ALERT: wdcms003;PING;OK;HARD;2;PING OK - Packet loss = 0%, RTA = 6.63 ms
[1335853082] SERVICE ALERT: wdcms002;PING;OK;HARD;1;PING OK - Packet loss = 0%, RTA = 6.55 ms
[1335853092] SERVICE ALERT: wdcpf002;PING;OK;HARD;2;PING OK - Packet loss = 0%, RTA = 6.60 ms
[1335853092] SERVICE ALERT: wdcpf001;PING;OK;HARD;2;PING OK - Packet loss = 0%, RTA = 6.60 ms
[1335853092] HOST ALERT: wdchd008;UP;HARD;1;PING OK - Packet loss = 0%, RTA = 6.68 ms
[1335853092] HOST NOTIFICATION: dcadmin;wdchd008;UP;notify-host-by-email;PING OK - Packet loss = 0%, RTA = 6.68 ms
[1335853092] HOST ALERT: wdchd007;UP;HARD;1;PING OK - Packet loss = 0%, RTA = 6.56 ms
[1335853092] HOST NOTIFICATION: dcadmin;wdchd007;UP;notify-host-by-email;PING OK - Packet loss = 0%, RTA = 6.56 ms
[1335853092] HOST ALERT: wdchd005;UP;HARD;1;PING OK - Packet loss = 0%, RTA = 6.70 ms
[1335853092] HOST NOTIFICATION: dcadmin;wdchd005;UP;notify-host-by-email;PING OK - Packet loss = 0%, RTA = 6.70 ms
[1335853092] HOST ALERT: wdchd006;UP;HARD;1;PING OK - Packet loss = 0%, RTA = 6.65 ms
[1335853092] HOST NOTIFICATION: dcadmin;wdchd006;UP;notify-host-by-email;PING OK - Packet loss = 0%, RTA = 6.65 ms
[1335853092] HOST ALERT: wdchd001;UP;HARD;1;PING OK - Packet loss = 0%, RTA = 6.63 ms
[1335853092] HOST NOTIFICATION: dcadmin;wdchd001;UP;notify-host-by-email;PING OK - Packet loss = 0%, RTA = 6.63 ms
[1335853093] HOST ALERT: wdchd003;UP;HARD;1;PING OK - Packet loss = 0%, RTA = 6.57 ms
[1335853093] HOST NOTIFICATION: dcadmin;wdchd003;UP;notify-host-by-email;PING OK - Packet loss = 0%, RTA = 6.57 ms
[1335853093] HOST ALERT: wdchd002;UP;HARD;1;PING OK - Packet loss = 0%, RTA = 6.62 ms
[1335853093] HOST NOTIFICATION: dcadmin;wdchd002;UP;notify-host-by-email;PING OK - Packet loss = 0%, RTA = 6.62 ms
[1335853093] HOST ALERT: wdchd013;UP;HARD;1;PING OK - Packet loss = 0%, RTA = 6.57 ms
[1335853093] HOST NOTIFICATION: dcadmin;wdchd013;UP;notify-host-by-email;PING OK - Packet loss = 0%, RTA = 6.57 ms
[1335853093] HOST ALERT: wdchd010;UP;HARD;1;PING OK - Packet loss = 0%, RTA = 6.55 ms
[1335853093] HOST NOTIFICATION: dcadmin;wdchd010;UP;notify-host-by-email;PING OK - Packet loss = 0%, RTA = 6.55 ms
[1335853093] HOST ALERT: wdchd011;UP;HARD;1;PING OK - Packet loss = 0%, RTA = 6.58 ms
[1335853093] HOST NOTIFICATION: dcadmin;wdchd011;UP;notify-host-by-email;PING OK - Packet loss = 0%, RTA = 6.58 ms
[1335853094] HOST ALERT: wdchd009;UP;HARD;1;PING OK - Packet loss = 0%, RTA = 6.63 ms
[1335853094] HOST NOTIFICATION: dcadmin;wdchd009;UP;notify-host-by-email;PING OK - Packet loss = 0%, RTA = 6.63 ms
[1335853094] HOST ALERT: wdchd004;UP;HARD;1;PING OK - Packet loss = 0%, RTA = 6.62 ms
[1335853094] HOST NOTIFICATION: dcadmin;wdchd004;UP;notify-host-by-email;PING OK - Packet loss = 0%, RTA = 6.62 ms
[1335853094] HOST ALERT: wdchd019;UP;HARD;1;PING OK - Packet loss = 0%, RTA = 6.66 ms
[1335853094] HOST NOTIFICATION: dcadmin;wdchd019;UP;notify-host-by-email;PING OK - Packet loss = 0%, RTA = 6.66 ms
[1335853094] HOST ALERT: wdchd018;UP;HARD;1;PING OK - Packet loss = 0%, RTA = 6.63 ms
[1335853094] HOST NOTIFICATION: dcadmin;wdchd018;UP;notify-host-by-email;PING OK - Packet loss = 0%, RTA = 6.63 ms
[1335853094] HOST ALERT: wdchd014;UP;HARD;1;PING OK - Packet loss = 0%, RTA = 6.67 ms
[1335853094] HOST NOTIFICATION: dcadmin;wdchd014;UP;notify-host-by-email;PING OK - Packet loss = 0%, RTA = 6.67 ms
[1335853095] HOST ALERT: wdchd012;UP;HARD;1;PING OK - Packet loss = 0%, RTA = 6.72 ms
[1335853095] HOST NOTIFICATION: dcadmin;wdchd012;UP;notify-host-by-email;PING OK - Packet loss = 0%, RTA = 6.72 ms
[1335853095] HOST ALERT: wdchd020;UP;HARD;1;PING OK - Packet loss = 0%, RTA = 6.59 ms
[1335853095] HOST NOTIFICATION: dcadmin;wdchd020;UP;notify-host-by-email;PING OK - Packet loss = 0%, RTA = 6.59 ms
[1335853095] HOST ALERT: wdchd015;UP;HARD;1;PING OK - Packet loss = 0%, RTA = 6.66 ms
[1335853095] HOST NOTIFICATION: dcadmin;wdchd015;UP;notify-host-by-email;PING OK - Packet loss = 0%, RTA = 6.66 ms
[1335853095] HOST ALERT: wdchd023;UP;HARD;1;PING OK - Packet loss = 0%, RTA = 6.65 ms
[1335853095] HOST NOTIFICATION: dcadmin;wdchd023;UP;notify-host-by-email;PING OK - Packet loss = 0%, RTA = 6.65 ms
[1335853095] HOST ALERT: wdchd027;UP;HARD;1;PING OK - Packet loss = 0%, RTA = 6.63 ms
[1335853095] HOST NOTIFICATION: dcadmin;wdchd027;UP;notify-host-by-email;PING OK - Packet loss = 0%, RTA = 6.63 ms
[1335853096] HOST ALERT: wdchd022;UP;HARD;1;PING OK - Packet loss = 0%, RTA = 6.63 ms
[1335853096] HOST NOTIFICATION: dcadmin;wdchd022;UP;notify-host-by-email;PING OK - Packet loss = 0%, RTA = 6.63 ms
[1335853096] HOST ALERT: wdchd025;UP;HARD;1;PING OK - Packet loss = 0%, RTA = 6.58 ms
[1335853096] HOST NOTIFICATION: dcadmin;wdchd025;UP;notify-host-by-email;PING OK - Packet loss = 0%, RTA = 6.58 ms
[1335853096] HOST ALERT: wdchd021;UP;HARD;1;PING OK - Packet loss = 0%, RTA = 6.62 ms
[1335853096] HOST NOTIFICATION: dcadmin;wdchd021;UP;notify-host-by-email;PING OK - Packet loss = 0%, RTA = 6.62 ms
[1335853096] HOST ALERT: wdchd029;UP;HARD;1;PING OK - Packet loss = 0%, RTA = 6.68 ms
[1335853096] HOST NOTIFICATION: dcadmin;wdchd029;UP;notify-host-by-email;PING OK - Packet loss = 0%, RTA = 6.68 ms
[1335853096] HOST ALERT: wdchd030;UP;HARD;1;PING OK - Packet loss = 0%, RTA = 6.65 ms
[1335853096] HOST NOTIFICATION: dcadmin;wdchd030;UP;notify-host-by-email;PING OK - Packet loss = 0%, RTA = 6.65 ms
[1335853097] HOST ALERT: wdchd031;UP;HARD;1;PING OK - Packet loss = 0%, RTA = 6.60 ms
[1335853097] HOST NOTIFICATION: dcadmin;wdchd031;UP;notify-host-by-email;PING OK - Packet loss = 0%, RTA = 6.60 ms
[1335853097] HOST ALERT: wdchd028;UP;HARD;1;PING OK - Packet loss = 0%, RTA = 6.67 ms
[1335853097] HOST NOTIFICATION: dcadmin;wdchd028;UP;notify-host-by-email;PING OK - Packet loss = 0%, RTA = 6.67 ms
[1335853097] HOST ALERT: wdcms001;UP;HARD;1;PING OK - Packet loss = 0%, RTA = 6.65 ms
[1335853097] HOST NOTIFICATION: dcadmin;wdcms001;UP;notify-host-by-email;PING OK - Packet loss = 0%, RTA = 6.65 ms
[1335853097] HOST ALERT: wdcms003;UP;HARD;1;PING OK - Packet loss = 0%, RTA = 6.63 ms
[1335853097] HOST NOTIFICATION: dcadmin;wdcms003;UP;notify-host-by-email;PING OK - Packet loss = 0%, RTA = 6.63 ms
[1335853097] HOST ALERT: wdcms002;UP;HARD;1;PING OK - Packet loss = 0%, RTA = 6.64 ms
[1335853097] HOST NOTIFICATION: dcadmin;wdcms002;UP;notify-host-by-email;PING OK - Packet loss = 0%, RTA = 6.64 ms
[1335853102] HOST ALERT: wdcpf002;UP;HARD;1;PING OK - Packet loss = 0%, RTA = 6.61 ms
[1335853102] HOST NOTIFICATION: dcadmin;wdcpf002;UP;notify-host-by-email;PING OK - Packet loss = 0%, RTA = 6.61 ms
[1335853102] HOST ALERT: wdcpf001;UP;HARD;1;PING OK - Packet loss = 0%, RTA = 6.60 ms
[1335853102] HOST NOTIFICATION: dcadmin;wdcpf001;UP;notify-host-by-email;PING OK - Packet loss = 0%, RTA = 6.60 ms
[1335853112] HOST ALERT: wdchd016;UP;HARD;1;PING OK - Packet loss = 0%, RTA = 6.61 ms
[1335853112] HOST NOTIFICATION: dcadmin;wdchd016;UP;notify-host-by-email;PING OK - Packet loss = 0%, RTA = 6.61 ms
[1335853142] SERVICE ALERT: wdchd016;PING;OK;HARD;1;PING OK - Packet loss = 0%, RTA = 6.59 ms
[1335853692] HOST NOTIFICATION: dcadmin;wdcpf03;DOWN;notify-host-by-email;(Host Check Timed Out)
[1335853872] SERVICE ALERT: wdchd012;PING;CRITICAL;SOFT;1;PING CRITICAL - Packet loss = 100%
[1335853902] HOST ALERT: wdchd012;DOWN;SOFT;1;(Host Check Timed Out)
[1335853932] SERVICE ALERT: wdchd012;PING;CRITICAL;HARD;2;PING CRITICAL - Packet loss = 90%, RTA = 6.45 ms
[1335853942] HOST ALERT: wdchd024;UP;HARD;1;PING OK - Packet loss = 61%, RTA = 6.63 ms
[1335853942] HOST NOTIFICATION: dcadmin;wdchd024;UP;notify-host-by-email;PING OK - Packet loss = 61%, RTA = 6.63 ms
[1335853972] HOST ALERT: wdchd012;UP;SOFT;2;PING OK - Packet loss = 0%, RTA = 6.60 ms
[1335853982] SERVICE ALERT: wdchd012;PING;OK;HARD;2;PING OK - Packet loss = 0%, RTA = 6.59 ms
[1335853982] SERVICE ALERT: wdchd024;PING;OK;HARD;2;PING OK - Packet loss = 0%, RTA = 6.64 ms
[1335854323] Auto-save of retention data completed successfully.
[1335854592] SERVICE ALERT: wdchd012;PING;CRITICAL;SOFT;1;PING CRITICAL - Packet loss = 100%
[1335854622] HOST ALERT: wdchd012;DOWN;SOFT;1;(Host Check Timed Out)
[1335854652] SERVICE ALERT: wdchd012;PING;CRITICAL;HARD;2;PING CRITICAL - Packet loss = 100%
[1335854712] HOST ALERT: wdchd012;DOWN;SOFT;2;(Host Check Timed Out)
[1335854802] HOST ALERT: wdchd012;UP;SOFT;3;PING OK - Packet loss = 78%, RTA = 6.76 ms
[1335854802] HOST FLAPPING ALERT: wdchd012;STARTED; Host appears to have started flapping (20.4% change > 20.0% threshold)
[1335854822] SERVICE ALERT: wdchd012;PING;OK;HARD;2;PING OK - Packet loss = 0%, RTA = 6.64 ms
[1335854822] SERVICE FLAPPING ALERT: wdchd012;PING;STARTED; Service appears to have started flapping (21.1% change >= 20.0% threshold)
[1335855242] SERVICE ALERT: wdcpf03;PING;OK;HARD;2;PING OK - Packet loss = 0%, RTA = 6.34 ms
[1335855252] HOST ALERT: wdcpf03;UP;HARD;1;PING OK - Packet loss = 0%, RTA = 6.34 ms
[1335855252] HOST NOTIFICATION: dcadmin;wdcpf03;UP;notify-host-by-email;PING OK - Packet loss = 0%, RTA = 6.34 ms
[1335855732] HOST FLAPPING ALERT: wdchd012;STOPPED; Host appears to have stopped flapping (4.1% change < 5.0% threshold)
[1335855842] SERVICE FLAPPING ALERT: wdchd012;PING;STOPPED; Service appears to have stopped flapping (4.0% change < 5.0% threshold)
[1335857923] Auto-save of retention data completed successfully.
[1335861523] Auto-save of retention data completed successfully.
[1335865123] Auto-save of retention data completed successfully.
[1335868723] Auto-save of retention data completed successfully.
[1335872323] Auto-save of retention data completed successfully.
[1335875923] Auto-save of retention data completed successfully.
[1335879523] Auto-save of retention data completed successfully.
[1335883123] Auto-save of retention data completed successfully.
[1335886723] Auto-save of retention data completed successfully.
[1335890323] Auto-save of retention data completed successfully.
[1335893923] Auto-save of retention data completed successfully.
[1335896892] SERVICE ALERT: wdcps002;PING;CRITICAL;SOFT;1;PING CRITICAL - Packet loss = 100%
[1335896932] HOST ALERT: wdcps002;DOWN;SOFT;1;(Host Check Timed Out)
[1335896952] SERVICE ALERT: wdcps002;PING;CRITICAL;HARD;2;PING CRITICAL - Packet loss = 100%
[1335897022] HOST ALERT: wdcps002;DOWN;SOFT;2;(Host Check Timed Out)
[1335897112] HOST ALERT: wdcps002;UP;SOFT;3;PING WARNING - Packet loss = 83%, RTA = 6.65 ms
[1335897122] SERVICE ALERT: wdcps002;PING;OK;HARD;2;PING OK - Packet loss = 0%, RTA = 6.71 ms
[1335897523] Auto-save of retention data completed successfully.
[1335901123] Auto-save of retention data completed successfully.
[1335904723] Auto-save of retention data completed successfully.
[1335908323] Auto-save of retention data completed successfully.
[1335911923] Auto-save of retention data completed successfully.
[1335915523] Auto-save of retention data completed successfully.
[1335919123] Auto-save of retention data completed successfully.
[1335922723] Auto-save of retention data completed successfully.
[1335926323] Auto-save of retention data completed successfully.
[1335929923] Auto-save of retention data completed successfully.
