[1364184000] LOG ROTATION: DAILY
[1364184000] LOG VERSION: 2.0
[1364184000] CURRENT HOST STATE: localhost;UP;HARD;1;PING OK - Packet loss = 0%, RTA = 0.05 ms
[1364184000] CURRENT HOST STATE: msny;UP;HARD;1;PING OK - Packet loss = 0%, RTA = 0.29 ms
[1364184000] CURRENT HOST STATE: nyarxlator1;UP;HARD;1;PING OK - Packet loss = 0%, RTA = 0.26 ms
[1364184000] CURRENT HOST STATE: nyarxlator2;UP;HARD;1;PING OK - Packet loss = 0%, RTA = 0.31 ms
[1364184000] CURRENT HOST STATE: nyarxlator3;UP;HARD;1;PING OK - Packet loss = 0%, RTA = 0.21 ms
[1364184000] CURRENT HOST STATE: nyarxlator4;UP;HARD;1;PING OK - Packet loss = 0%, RTA = 0.25 ms
[1364184000] CURRENT HOST STATE: nycnn-adbeame1;UP;HARD;1;PING OK - Packet loss = 0%, RTA = 0.34 ms
[1364184000] CURRENT HOST STATE: nycnn-adbeame10;UP;HARD;1;PING OK - Packet loss = 0%, RTA = 0.34 ms
[1364184000] CURRENT HOST STATE: nycnn-adbeame2;UP;HARD;1;PING OK - Packet loss = 0%, RTA = 0.31 ms
[1364184000] CURRENT HOST STATE: nycnn-adbeame3;UP;HARD;1;PING OK - Packet loss = 0%, RTA = 0.33 ms
[1364184000] CURRENT HOST STATE: nycnn-adbeame4;UP;HARD;1;PING OK - Packet loss = 0%, RTA = 0.27 ms
[1364184000] CURRENT HOST STATE: nycnn-adbeame5;UP;HARD;1;PING OK - Packet loss = 0%, RTA = 0.30 ms
[1364184000] CURRENT HOST STATE: nycnn-adbeame6;UP;HARD;1;PING OK - Packet loss = 0%, RTA = 0.31 ms
[1364184000] CURRENT HOST STATE: nycnn-adbeame7;UP;HARD;1;PING OK - Packet loss = 0%, RTA = 0.33 ms
[1364184000] CURRENT HOST STATE: nycnn-adbeame8;UP;HARD;1;PING OK - Packet loss = 0%, RTA = 0.32 ms
[1364184000] CURRENT HOST STATE: nycnn-adbeame9;UP;HARD;1;PING OK - Packet loss = 0%, RTA = 0.32 ms
[1364184000] CURRENT HOST STATE: nycnn-adbectrl1;UP;HARD;1;PING OK - Packet loss = 0%, RTA = 0.30 ms
[1364184000] CURRENT HOST STATE: nycnn-adbectrl2;UP;HARD;1;PING OK - Packet loss = 0%, RTA = 0.28 ms
[1364184000] CURRENT HOST STATE: nycnn-arapp1;UP;HARD;1;PING OK - Packet loss = 0%, RTA = 0.23 ms
[1364184000] CURRENT HOST STATE: nycnn-arapp2;UP;HARD;1;PING OK - Packet loss = 0%, RTA = 0.62 ms
[1364184000] CURRENT HOST STATE: nycnn-ardb1;UP;HARD;1;PING OK - Packet loss = 0%, RTA = 0.24 ms
[1364184000] CURRENT HOST STATE: nycnn-ardb2;UP;HARD;1;PING OK - Packet loss = 0%, RTA = 0.27 ms
[1364184000] CURRENT HOST STATE: nycnn-arvtrmops;UP;HARD;1;PING OK - Packet loss = 0%, RTA = 0.30 ms
[1364184000] CURRENT HOST STATE: nycnn-arvtrtape;UP;HARD;1;PING OK - Packet loss = 0%, RTA = 0.33 ms
[1364184000] CURRENT HOST STATE: nycnn-arxlator1;UP;HARD;1;PING OK - Packet loss = 0%, RTA = 0.20 ms
[1364184000] CURRENT HOST STATE: nycnn-arxlator2;UP;HARD;1;PING OK - Packet loss = 0%, RTA = 0.23 ms
[1364184000] CURRENT HOST STATE: nycnn-arxlator3;UP;HARD;1;PING OK - Packet loss = 0%, RTA = 0.33 ms
[1364184000] CURRENT HOST STATE: nycnn-arxlator4;UP;HARD;1;PING OK - Packet loss = 0%, RTA = 0.21 ms
[1364184000] CURRENT HOST STATE: nycnn-gridpushpull1;UP;HARD;1;PING OK - Packet loss = 0%, RTA = 0.28 ms
[1364184000] CURRENT HOST STATE: nycnn-gridpushpull2;UP;HARD;1;PING OK - Packet loss = 0%, RTA = 0.24 ms
[1364184000] CURRENT HOST STATE: nycnn-ipvapilic;UP;HARD;1;PING OK - Packet loss = 0%, RTA = 0.23 ms
[1364184000] CURRENT HOST STATE: nycnn-ipvproxy1;UP;HARD;1;PING OK - Packet loss = 0%, RTA = 0.26 ms
[1364184000] CURRENT HOST STATE: nycnn-ipvproxy2;UP;HARD;1;PING OK - Packet loss = 0%, RTA = 0.32 ms
[1364184000] CURRENT HOST STATE: nycnn-ipvsphn1;UP;HARD;1;PING OK - Packet loss = 0%, RTA = 0.26 ms
[1364184000] CURRENT HOST STATE: nycnn-ipvsphn2;UP;HARD;1;PING OK - Packet loss = 0%, RTA = 0.23 ms
[1364184000] CURRENT HOST STATE: nycnn-ipvsphn3;UP;HARD;1;PING OK - Packet loss = 0%, RTA = 0.18 ms
[1364184000] CURRENT HOST STATE: nycnn-ipvsphn4;UP;HARD;1;PING OK - Packet loss = 0%, RTA = 0.22 ms
[1364184000] CURRENT HOST STATE: nycnn-ipvsphn5;UP;HARD;1;PING OK - Packet loss = 0%, RTA = 0.20 ms
[1364184000] CURRENT HOST STATE: nycnn-ipvstrm1;UP;HARD;1;PING OK - Packet loss = 0%, RTA = 0.22 ms
[1364184000] CURRENT HOST STATE: nycnn-ipvstrm2;UP;HARD;1;PING OK - Packet loss = 0%, RTA = 0.24 ms
[1364184000] CURRENT HOST STATE: nycnn-ipvstrm3;UP;HARD;1;PING OK - Packet loss = 0%, RTA = 0.29 ms
[1364184000] CURRENT HOST STATE: nycnn-ipvstrm4;UP;HARD;1;PING OK - Packet loss = 0%, RTA = 0.26 ms
[1364184000] CURRENT HOST STATE: nycnn-ipvx1;UP;HARD;1;PING OK - Packet loss = 0%, RTA = 0.22 ms
[1364184000] CURRENT HOST STATE: nycnn-ipvx10;UP;HARD;1;PING OK - Packet loss = 0%, RTA = 0.24 ms
[1364184000] CURRENT HOST STATE: nycnn-ipvx10e1;UP;HARD;1;PING OK - Packet loss = 0%, RTA = 0.23 ms
[1364184000] CURRENT HOST STATE: nycnn-ipvx11;UP;HARD;1;PING OK - Packet loss = 0%, RTA = 0.18 ms
[1364184000] CURRENT HOST STATE: nycnn-ipvx11e1;UP;HARD;1;PING OK - Packet loss = 0%, RTA = 0.18 ms
[1364184000] CURRENT HOST STATE: nycnn-ipvx12;UP;HARD;1;PING OK - Packet loss = 0%, RTA = 0.25 ms
[1364184000] CURRENT HOST STATE: nycnn-ipvx12e1;UP;HARD;1;PING OK - Packet loss = 0%, RTA = 0.24 ms
[1364184000] CURRENT HOST STATE: nycnn-ipvx13;UP;HARD;1;PING OK - Packet loss = 0%, RTA = 0.22 ms
[1364184000] CURRENT HOST STATE: nycnn-ipvx13e1;UP;HARD;1;PING OK - Packet loss = 0%, RTA = 0.23 ms
[1364184000] CURRENT HOST STATE: nycnn-ipvx14;UP;HARD;1;PING OK - Packet loss = 0%, RTA = 0.18 ms
[1364184000] CURRENT HOST STATE: nycnn-ipvx14e1;UP;HARD;1;PING OK - Packet loss = 0%, RTA = 0.20 ms
[1364184000] CURRENT HOST STATE: nycnn-ipvx15;UP;HARD;1;PING OK - Packet loss = 0%, RTA = 0.19 ms
[1364184000] CURRENT HOST STATE: nycnn-ipvx15e1;UP;HARD;1;PING OK - Packet loss = 0%, RTA = 0.18 ms
[1364184000] CURRENT HOST STATE: nycnn-ipvx16;UP;HARD;1;PING OK - Packet loss = 0%, RTA = 0.22 ms
[1364184000] CURRENT HOST STATE: nycnn-ipvx16e1;UP;HARD;1;PING OK - Packet loss = 0%, RTA = 0.19 ms
[1364184000] CURRENT HOST STATE: nycnn-ipvx17;UP;HARD;1;PING OK - Packet loss = 0%, RTA = 0.28 ms
[1364184000] CURRENT HOST STATE: nycnn-ipvx17e1;UP;HARD;1;PING OK - Packet loss = 0%, RTA = 0.38 ms
[1364184000] CURRENT HOST STATE: nycnn-ipvx18;UP;HARD;1;PING OK - Packet loss = 0%, RTA = 0.22 ms
[1364184000] CURRENT HOST STATE: nycnn-ipvx18e1;UP;HARD;1;PING OK - Packet loss = 0%, RTA = 0.25 ms
[1364184000] CURRENT HOST STATE: nycnn-ipvx19;UP;HARD;1;PING OK - Packet loss = 0%, RTA = 0.18 ms
[1364184000] CURRENT HOST STATE: nycnn-ipvx19e1;UP;HARD;1;PING OK - Packet loss = 0%, RTA = 0.23 ms
[1364184000] CURRENT HOST STATE: nycnn-ipvx1e1;UP;HARD;1;PING OK - Packet loss = 0%, RTA = 0.17 ms
[1364184000] CURRENT HOST STATE: nycnn-ipvx2;UP;HARD;1;PING OK - Packet loss = 0%, RTA = 0.19 ms
[1364184000] CURRENT HOST STATE: nycnn-ipvx20;UP;HARD;1;PING OK - Packet loss = 0%, RTA = 0.20 ms
[1364184000] CURRENT HOST STATE: nycnn-ipvx20e1;UP;HARD;1;PING OK - Packet loss = 0%, RTA = 0.22 ms
[1364184000] CURRENT HOST STATE: nycnn-ipvx21;UP;HARD;1;PING OK - Packet loss = 0%, RTA = 0.22 ms
[1364184000] CURRENT HOST STATE: nycnn-ipvx21e1;UP;HARD;1;PING OK - Packet loss = 0%, RTA = 0.19 ms
[1364184000] CURRENT HOST STATE: nycnn-ipvx22;UP;HARD;1;PING OK - Packet loss = 0%, RTA = 0.21 ms
[1364184000] CURRENT HOST STATE: nycnn-ipvx22e1;UP;HARD;1;PING OK - Packet loss = 0%, RTA = 0.17 ms
[1364184000] CURRENT HOST STATE: nycnn-ipvx23;UP;HARD;1;PING OK - Packet loss = 0%, RTA = 0.28 ms
[1364184000] CURRENT HOST STATE: nycnn-ipvx23e1;UP;HARD;1;PING OK - Packet loss = 0%, RTA = 0.23 ms
[1364184000] CURRENT HOST STATE: nycnn-ipvx24;UP;HARD;1;PING OK - Packet loss = 0%, RTA = 0.18 ms
[1364184000] CURRENT HOST STATE: nycnn-ipvx24e1;UP;HARD;1;PING OK - Packet loss = 0%, RTA = 0.18 ms
[1364184000] CURRENT HOST STATE: nycnn-ipvx25;UP;HARD;1;PING OK - Packet loss = 0%, RTA = 0.26 ms
[1364184000] CURRENT HOST STATE: nycnn-ipvx25e1;UP;HARD;1;PING OK - Packet loss = 0%, RTA = 0.21 ms
[1364184000] CURRENT HOST STATE: nycnn-ipvx26;UP;HARD;1;PING OK - Packet loss = 0%, RTA = 0.16 ms
[1364184000] CURRENT HOST STATE: nycnn-ipvx26e1;UP;HARD;1;PING OK - Packet loss = 0%, RTA = 0.19 ms
[1364184000] CURRENT HOST STATE: nycnn-ipvx27;UP;HARD;1;PING OK - Packet loss = 0%, RTA = 0.21 ms
[1364184000] CURRENT HOST STATE: nycnn-ipvx27e1;UP;HARD;1;PING OK - Packet loss = 0%, RTA = 0.21 ms
[1364184000] CURRENT HOST STATE: nycnn-ipvx28;UP;HARD;1;PING OK - Packet loss = 0%, RTA = 0.20 ms
[1364184000] CURRENT HOST STATE: nycnn-ipvx28e1;UP;HARD;1;PING OK - Packet loss = 0%, RTA = 0.17 ms
[1364184000] CURRENT HOST STATE: nycnn-ipvx29;UP;HARD;1;PING OK - Packet loss = 0%, RTA = 0.19 ms
[1364184000] CURRENT HOST STATE: nycnn-ipvx29e1;UP;HARD;1;PING OK - Packet loss = 0%, RTA = 0.19 ms
[1364184000] CURRENT HOST STATE: nycnn-ipvx2e1;UP;HARD;1;PING OK - Packet loss = 0%, RTA = 0.19 ms
[1364184000] CURRENT HOST STATE: nycnn-ipvx3;UP;HARD;1;PING OK - Packet loss = 0%, RTA = 0.21 ms
[1364184000] CURRENT HOST STATE: nycnn-ipvx30;UP;HARD;1;PING OK - Packet loss = 0%, RTA = 0.18 ms
[1364184000] CURRENT HOST STATE: nycnn-ipvx30e1;UP;HARD;1;PING OK - Packet loss = 0%, RTA = 0.19 ms
[1364184000] CURRENT HOST STATE: nycnn-ipvx31;UP;HARD;1;PING OK - Packet loss = 0%, RTA = 0.19 ms
[1364184000] CURRENT HOST STATE: nycnn-ipvx31e1;UP;HARD;1;PING OK - Packet loss = 0%, RTA = 0.23 ms
[1364184000] CURRENT HOST STATE: nycnn-ipvx32;UP;HARD;1;PING OK - Packet loss = 0%, RTA = 0.19 ms
[1364184000] CURRENT HOST STATE: nycnn-ipvx32e1;UP;HARD;1;PING OK - Packet loss = 0%, RTA = 0.19 ms
[1364184000] CURRENT HOST STATE: nycnn-ipvx33;UP;HARD;1;PING OK - Packet loss = 0%, RTA = 0.19 ms
[1364184000] CURRENT HOST STATE: nycnn-ipvx33e1;UP;HARD;1;PING OK - Packet loss = 0%, RTA = 0.24 ms
[1364184000] CURRENT HOST STATE: nycnn-ipvx34;UP;HARD;1;PING OK - Packet loss = 0%, RTA = 0.24 ms
[1364184000] CURRENT HOST STATE: nycnn-ipvx34e1;UP;HARD;1;PING OK - Packet loss = 0%, RTA = 0.20 ms
[1364184000] CURRENT HOST STATE: nycnn-ipvx35;UP;HARD;1;PING OK - Packet loss = 0%, RTA = 0.21 ms
[1364184000] CURRENT HOST STATE: nycnn-ipvx35e1;UP;HARD;1;PING OK - Packet loss = 0%, RTA = 0.20 ms
[1364184000] CURRENT HOST STATE: nycnn-ipvx3e1;UP;HARD;1;PING OK - Packet loss = 0%, RTA = 0.22 ms
[1364184000] CURRENT HOST STATE: nycnn-ipvx4;UP;HARD;1;PING OK - Packet loss = 0%, RTA = 0.20 ms
[1364184000] CURRENT HOST STATE: nycnn-ipvx4e1;UP;HARD;1;PING OK - Packet loss = 0%, RTA = 0.23 ms
[1364184000] CURRENT HOST STATE: nycnn-ipvx5;UP;HARD;1;PING OK - Packet loss = 0%, RTA = 0.20 ms
[1364184000] CURRENT HOST STATE: nycnn-ipvx5e1;UP;HARD;1;PING OK - Packet loss = 0%, RTA = 0.17 ms
[1364184000] CURRENT HOST STATE: nycnn-ipvx6;UP;HARD;1;PING OK - Packet loss = 0%, RTA = 0.19 ms
[1364184000] CURRENT HOST STATE: nycnn-ipvx6e1;UP;HARD;1;PING OK - Packet loss = 0%, RTA = 0.24 ms
[1364184000] CURRENT HOST STATE: nycnn-ipvx7;UP;HARD;1;PING OK - Packet loss = 0%, RTA = 0.20 ms
[1364184000] CURRENT HOST STATE: nycnn-ipvx7e1;UP;HARD;1;PING OK - Packet loss = 0%, RTA = 0.24 ms
[1364184000] CURRENT HOST STATE: nycnn-ipvx8;UP;HARD;1;PING OK - Packet loss = 0%, RTA = 0.20 ms
[1364184000] CURRENT HOST STATE: nycnn-ipvx8e1;UP;HARD;1;PING OK - Packet loss = 0%, RTA = 0.21 ms
[1364184000] CURRENT HOST STATE: nycnn-ipvx9;UP;HARD;1;PING OK - Packet loss = 0%, RTA = 0.23 ms
[1364184000] CURRENT HOST STATE: nycnn-ipvx9e1;UP;HARD;1;PING OK - Packet loss = 0%, RTA = 0.22 ms
[1364184000] CURRENT HOST STATE: nycnn-kickstart;UP;HARD;1;PING OK - Packet loss = 0%, RTA = 0.31 ms
[1364184000] CURRENT HOST STATE: nycnn-mamdb1;UP;HARD;1;PING OK - Packet loss = 0%, RTA = 0.28 ms
[1364184000] CURRENT HOST STATE: nycnn-mamdb2;UP;HARD;1;PING OK - Packet loss = 0%, RTA = 0.26 ms
[1364184000] CURRENT HOST STATE: nycnn-mamfog;UP;HARD;1;PING OK - Packet loss = 0%, RTA = 0.15 ms
[1364184000] CURRENT HOST STATE: nycnn-mamkey1;UP;HARD;1;PING OK - Packet loss = 0%, RTA = 0.27 ms
[1364184000] CURRENT HOST STATE: nycnn-mamkey2;UP;HARD;1;PING OK - Packet loss = 0%, RTA = 0.27 ms
[1364184000] CURRENT HOST STATE: nycnn-mammq1;UP;HARD;1;PING OK - Packet loss = 0%, RTA = 0.26 ms
[1364184000] CURRENT HOST STATE: nycnn-mammq2;UP;HARD;1;PING OK - Packet loss = 0%, RTA = 0.22 ms
[1364184000] CURRENT HOST STATE: nycnn-ms2app1;UP;HARD;1;PING OK - Packet loss = 0%, RTA = 0.38 ms
[1364184000] CURRENT HOST STATE: nycnn-ms2app2;UP;HARD;1;PING OK - Packet loss = 0%, RTA = 0.43 ms
[1364184000] CURRENT HOST STATE: nycnn-ms2app3;UP;HARD;1;PING OK - Packet loss = 0%, RTA = 0.22 ms
[1364184000] CURRENT HOST STATE: nycnn-ms2app4;UP;HARD;1;PING OK - Packet loss = 0%, RTA = 0.24 ms
[1364184000] CURRENT HOST STATE: nycnn-ms2db1;UP;HARD;1;PING OK - Packet loss = 0%, RTA = 0.29 ms
[1364184000] CURRENT HOST STATE: nycnn-ms2db2;UP;HARD;1;PING OK - Packet loss = 0%, RTA = 0.28 ms
[1364184000] CURRENT HOST STATE: nycnn-ms2db3;UP;HARD;1;PING OK - Packet loss = 0%, RTA = 0.24 ms
[1364184000] CURRENT HOST STATE: nycnn-ms2fsd;UP;HARD;1;PING OK - Packet loss = 0%, RTA = 0.25 ms
[1364184000] CURRENT HOST STATE: nycnn-ms2fsd1;UP;HARD;1;PING OK - Packet loss = 0%, RTA = 0.24 ms
[1364184000] CURRENT HOST STATE: nycnn-ms2fsd2;UP;HARD;1;PING OK - Packet loss = 0%, RTA = 0.15 ms
[1364184000] CURRENT HOST STATE: nycnn-nag1;UP;HARD;1;PING OK - Packet loss = 0%, RTA = 0.22 ms
[1364184000] CURRENT HOST STATE: nycnn-nag2;UP;HARD;1;PING OK - Packet loss = 0%, RTA = 0.25 ms
[1364184000] CURRENT HOST STATE: nycnn-nag4;UP;HARD;1;PING OK - Packet loss = 0%, RTA = 0.24 ms
[1364184000] CURRENT HOST STATE: nycnn-splunk;UP;HARD;1;PING OK - Packet loss = 0%, RTA = 0.24 ms
[1364184000] CURRENT HOST STATE: nyhdscheduler;UP;HARD;1;PING OK - Packet loss = 0%, RTA = 0.29 ms
[1364184000] CURRENT HOST STATE: nymamkey;UP;HARD;1;PING OK - Packet loss = 0%, RTA = 0.23 ms
[1364184000] CURRENT HOST STATE: nymq;UP;HARD;1;PING OK - Packet loss = 0%, RTA = 0.25 ms
[1364184000] CURRENT HOST STATE: nyproxygenhd;UP;HARD;1;PING OK - Packet loss = 0%, RTA = 0.29 ms
[1364184000] CURRENT HOST STATE: nyvideodrop;UP;HARD;1;PING OK - Packet loss = 0%, RTA = 0.20 ms
[1364184000] CURRENT HOST STATE: omnclda01-ny;UP;HARD;1;PING OK - Packet loss = 0%, RTA = 0.23 ms
[1364184000] CURRENT HOST STATE: omnclda01e1-ny;UP;HARD;1;PING OK - Packet loss = 0%, RTA = 0.19 ms
[1364184000] CURRENT HOST STATE: omnclda02-ny;UP;HARD;1;PING OK - Packet loss = 0%, RTA = 0.33 ms
[1364184000] CURRENT HOST STATE: omnclda02e1-ny;UP;HARD;1;PING OK - Packet loss = 0%, RTA = 0.25 ms
[1364184000] CURRENT HOST STATE: omnclda03-ny;UP;HARD;1;PING OK - Packet loss = 0%, RTA = 0.24 ms
[1364184000] CURRENT HOST STATE: omnclda03e1-ny;UP;HARD;1;PING OK - Packet loss = 0%, RTA = 0.30 ms
[1364184000] CURRENT HOST STATE: omnhbcba01-ny;UP;HARD;1;PING OK - Packet loss = 0%, RTA = 0.21 ms
[1364184000] CURRENT HOST STATE: omnhbcba02-ny;UP;HARD;1;PING OK - Packet loss = 0%, RTA = 0.24 ms
[1364184000] CURRENT HOST STATE: omnhbcba03-ny;UP;HARD;1;PING OK - Packet loss = 0%, RTA = 0.23 ms
[1364184000] CURRENT HOST STATE: omnhbcba04-ny;UP;HARD;1;PING OK - Packet loss = 0%, RTA = 0.22 ms
[1364184000] CURRENT HOST STATE: omnhbcba05-ny;UP;HARD;1;PING OK - Packet loss = 0%, RTA = 0.27 ms
[1364184000] CURRENT HOST STATE: omnhbcba06-ny;UP;HARD;1;PING OK - Packet loss = 0%, RTA = 0.28 ms
[1364184000] CURRENT HOST STATE: omnhbcba07-ny;UP;HARD;1;PING OK - Packet loss = 0%, RTA = 0.29 ms
[1364184000] CURRENT HOST STATE: omnhbcba08-ny;UP;HARD;1;PING OK - Packet loss = 0%, RTA = 0.28 ms
[1364184000] CURRENT HOST STATE: omnhbcba09-ny;UP;HARD;1;PING OK - Packet loss = 0%, RTA = 0.29 ms
[1364184000] CURRENT HOST STATE: omnhbcba10-ny;UP;HARD;1;PING OK - Packet loss = 0%, RTA = 0.24 ms
[1364184000] CURRENT HOST STATE: omnhbcba11-ny;UP;HARD;1;PING OK - Packet loss = 0%, RTA = 0.25 ms
[1364184000] CURRENT HOST STATE: omnhbcba12-ny;UP;HARD;1;PING OK - Packet loss = 0%, RTA = 0.28 ms
[1364184000] CURRENT HOST STATE: omnldap1-ny;UP;HARD;1;PING OK - Packet loss = 0%, RTA = 0.24 ms
[1364184000] CURRENT HOST STATE: omnldap2-ny;UP;HARD;1;PING OK - Packet loss = 0%, RTA = 0.28 ms
[1364184000] CURRENT HOST STATE: omnmas1app-ny;UP;HARD;1;PING OK - Packet loss = 0%, RTA = 0.23 ms
[1364184000] CURRENT HOST STATE: omnmas1app1-ny;UP;HARD;1;PING OK - Packet loss = 0%, RTA = 0.22 ms
[1364184000] CURRENT HOST STATE: omnmas1app2-ny;UP;HARD;1;PING OK - Packet loss = 0%, RTA = 0.32 ms
[1364184000] CURRENT HOST STATE: omnmas1db-ny;UP;HARD;1;PING OK - Packet loss = 0%, RTA = 0.31 ms
[1364184000] CURRENT HOST STATE: omnmas1db1-ny;UP;HARD;1;PING OK - Packet loss = 0%, RTA = 0.22 ms
[1364184000] CURRENT HOST STATE: omnmas1db2-ny;UP;HARD;1;PING OK - Packet loss = 0%, RTA = 0.29 ms
[1364184000] CURRENT HOST STATE: omnmas2app-ny;DOWN;HARD;1;(Host Check Timed Out)
[1364184000] CURRENT HOST STATE: omnmas2app1-ny;UP;HARD;1;PING OK - Packet loss = 0%, RTA = 0.31 ms
[1364184000] CURRENT HOST STATE: omnmas2app2-ny;UP;HARD;1;PING OK - Packet loss = 0%, RTA = 0.31 ms
[1364184000] CURRENT HOST STATE: omnmas2db-ny;UP;HARD;1;PING OK - Packet loss = 0%, RTA = 0.26 ms
[1364184000] CURRENT HOST STATE: omnmas2db1-ny;UP;HARD;1;PING OK - Packet loss = 0%, RTA = 0.34 ms
[1364184000] CURRENT HOST STATE: omnmas2db2-ny;UP;HARD;1;PING OK - Packet loss = 0%, RTA = 0.32 ms
[1364184000] CURRENT HOST STATE: omnmdir01-ny;UP;HARD;1;PING OK - Packet loss = 0%, RTA = 0.25 ms
[1364184000] CURRENT HOST STATE: omnmdir01e1-ny;UP;HARD;1;PING OK - Packet loss = 0%, RTA = 0.19 ms
[1364184000] CURRENT HOST STATE: omnmdir02-ny;UP;HARD;1;PING OK - Packet loss = 0%, RTA = 0.25 ms
[1364184000] CURRENT HOST STATE: omnmdir02e1-ny;UP;HARD;1;PING OK - Packet loss = 0%, RTA = 0.20 ms
[1364184000] CURRENT HOST STATE: omnmdir03-ny;UP;HARD;1;PING OK - Packet loss = 0%, RTA = 0.20 ms
[1364184000] CURRENT HOST STATE: omnmdir03e1-ny;UP;HARD;1;PING OK - Packet loss = 0%, RTA = 0.14 ms
[1364184000] CURRENT HOST STATE: omnmdir04-ny;UP;HARD;1;PING OK - Packet loss = 0%, RTA = 0.18 ms
[1364184000] CURRENT HOST STATE: omnmdir04e1-ny;UP;HARD;1;PING OK - Packet loss = 0%, RTA = 0.15 ms
[1364184000] CURRENT HOST STATE: omnmdk01-ny;UP;HARD;1;PING OK - Packet loss = 0%, RTA = 0.50 ms
[1364184000] CURRENT HOST STATE: omnmdk01h0-ny;UP;HARD;1;PING OK - Packet loss = 0%, RTA = 0.48 ms
[1364184000] CURRENT HOST STATE: omnmdk02-ny;UP;HARD;1;PING OK - Packet loss = 0%, RTA = 0.42 ms
[1364184000] CURRENT HOST STATE: omnmdk02h0-ny;UP;HARD;1;PING OK - Packet loss = 0%, RTA = 0.53 ms
[1364184000] CURRENT HOST STATE: omnmdk03-ny;UP;HARD;1;PING OK - Packet loss = 0%, RTA = 0.47 ms
[1364184000] CURRENT HOST STATE: omnmdk03h0-ny;UP;HARD;1;PING OK - Packet loss = 0%, RTA = 0.51 ms
[1364184000] CURRENT HOST STATE: omnmdk04-ny;UP;HARD;1;PING OK - Packet loss = 0%, RTA = 0.44 ms
[1364184000] CURRENT HOST STATE: omnmdk04h0-ny;UP;HARD;1;PING OK - Packet loss = 0%, RTA = 0.49 ms
[1364184000] CURRENT HOST STATE: omnmdk05-ny;UP;HARD;1;PING OK - Packet loss = 0%, RTA = 0.48 ms
[1364184000] CURRENT HOST STATE: omnmdk05h0-ny;UP;HARD;1;PING OK - Packet loss = 0%, RTA = 0.47 ms
[1364184000] CURRENT HOST STATE: omnmdk06-ny;UP;HARD;1;PING OK - Packet loss = 0%, RTA = 0.48 ms
[1364184000] CURRENT HOST STATE: omnmdk06h0-ny;UP;HARD;1;PING OK - Packet loss = 0%, RTA = 0.52 ms
[1364184000] CURRENT HOST STATE: omnmdk07-ny;UP;HARD;1;PING OK - Packet loss = 0%, RTA = 0.44 ms
[1364184000] CURRENT HOST STATE: omnmdk07h0-ny;UP;HARD;1;PING OK - Packet loss = 0%, RTA = 0.43 ms
[1364184000] CURRENT HOST STATE: omnmdk08-ny;UP;HARD;1;PING OK - Packet loss = 0%, RTA = 0.41 ms
[1364184000] CURRENT HOST STATE: omnmdk08h0-ny;UP;HARD;1;PING OK - Packet loss = 0%, RTA = 0.49 ms
[1364184000] CURRENT HOST STATE: omnmdk09-ny;UP;HARD;1;PING OK - Packet loss = 0%, RTA = 0.47 ms
[1364184000] CURRENT HOST STATE: omnmdk09h0-ny;UP;HARD;1;PING OK - Packet loss = 0%, RTA = 0.50 ms
[1364184000] CURRENT HOST STATE: omnmdk10-ny;UP;HARD;1;PING OK - Packet loss = 0%, RTA = 0.47 ms
[1364184000] CURRENT HOST STATE: omnmdk10h0-ny;UP;HARD;1;PING OK - Packet loss = 0%, RTA = 0.55 ms
[1364184000] CURRENT HOST STATE: omnmdk11-ny;UP;HARD;1;PING OK - Packet loss = 0%, RTA = 0.41 ms
[1364184000] CURRENT HOST STATE: omnmdk11h0-ny;UP;HARD;1;PING OK - Packet loss = 0%, RTA = 0.48 ms
[1364184000] CURRENT HOST STATE: omnmdk12-ny;UP;HARD;1;PING OK - Packet loss = 0%, RTA = 0.48 ms
[1364184000] CURRENT HOST STATE: omnmdk12h0-ny;UP;HARD;1;PING OK - Packet loss = 0%, RTA = 0.47 ms
[1364184000] CURRENT HOST STATE: omnmdk13-ny;UP;HARD;1;PING OK - Packet loss = 0%, RTA = 0.48 ms
[1364184000] CURRENT HOST STATE: omnmdk13h0-ny;UP;HARD;1;PING OK - Packet loss = 0%, RTA = 0.45 ms
[1364184000] CURRENT HOST STATE: omnmdk14-ny;UP;HARD;1;PING OK - Packet loss = 0%, RTA = 0.48 ms
[1364184000] CURRENT HOST STATE: omnmdk14h0-ny;UP;HARD;1;PING OK - Packet loss = 0%, RTA = 0.47 ms
[1364184000] CURRENT HOST STATE: omnmdk15-ny;UP;HARD;1;PING OK - Packet loss = 0%, RTA = 0.46 ms
[1364184000] CURRENT HOST STATE: omnmdk15h0-ny;UP;HARD;1;PING OK - Packet loss = 0%, RTA = 0.46 ms
[1364184000] CURRENT HOST STATE: omnmdk16-ny;UP;HARD;1;PING OK - Packet loss = 0%, RTA = 0.47 ms
[1364184000] CURRENT HOST STATE: omnmdk16h0-ny;UP;HARD;1;PING OK - Packet loss = 0%, RTA = 0.47 ms
[1364184000] CURRENT HOST STATE: omnmdk17-ny;UP;HARD;1;PING OK - Packet loss = 0%, RTA = 0.51 ms
[1364184000] CURRENT HOST STATE: omnmdk17h0-ny;UP;HARD;1;PING OK - Packet loss = 0%, RTA = 0.47 ms
[1364184000] CURRENT HOST STATE: omnmdk18-ny;UP;HARD;1;PING OK - Packet loss = 0%, RTA = 0.43 ms
[1364184000] CURRENT HOST STATE: omnmdk18h0-ny;UP;HARD;1;PING OK - Packet loss = 0%, RTA = 0.48 ms
[1364184000] CURRENT HOST STATE: omnmdk19-ny;UP;HARD;1;PING OK - Packet loss = 0%, RTA = 0.82 ms
[1364184000] CURRENT HOST STATE: omnmdk19h0-ny;UP;HARD;1;PING OK - Packet loss = 0%, RTA = 0.50 ms
[1364184000] CURRENT HOST STATE: omnmgsm-ny;UP;HARD;1;PING OK - Packet loss = 0%, RTA = 0.24 ms
[1364184000] CURRENT HOST STATE: omnprox01-ny;UP;HARD;1;PING OK - Packet loss = 0%, RTA = 0.19 ms
[1364184000] CURRENT HOST STATE: omnprox01e1-ny;UP;HARD;1;PING OK - Packet loss = 0%, RTA = 0.20 ms
[1364184000] CURRENT HOST STATE: omnprox02-ny;UP;HARD;1;PING OK - Packet loss = 0%, RTA = 0.20 ms
[1364184000] CURRENT HOST STATE: omnprox02e1-ny;UP;HARD;1;PING OK - Packet loss = 0%, RTA = 0.20 ms
[1364184000] CURRENT HOST STATE: omnprox03-ny;UP;HARD;1;PING OK - Packet loss = 0%, RTA = 0.20 ms
[1364184000] CURRENT HOST STATE: omnprox03e1-ny;UP;HARD;1;PING OK - Packet loss = 0%, RTA = 0.20 ms
[1364184000] CURRENT HOST STATE: omnprox04-ny;UP;HARD;1;PING OK - Packet loss = 0%, RTA = 0.17 ms
[1364184000] CURRENT HOST STATE: omnprox04e1-ny;UP;HARD;1;PING OK - Packet loss = 0%, RTA = 0.20 ms
[1364184000] CURRENT HOST STATE: omnprox05-ny;UP;HARD;1;PING OK - Packet loss = 0%, RTA = 0.21 ms
[1364184000] CURRENT HOST STATE: omnprox05e1-ny;UP;HARD;1;PING OK - Packet loss = 0%, RTA = 0.17 ms
[1364184000] CURRENT HOST STATE: omnspsm-ny;UP;HARD;1;PING OK - Packet loss = 0%, RTA = 0.20 ms
[1364184000] CURRENT HOST STATE: rt-nycc3750tgr-ilo;UP;HARD;1;PING OK - Packet loss = 0%, RTA = 1.47 ms
[1364184000] CURRENT HOST STATE: rt-nycc3750tgr-ms2;UP;HARD;1;PING OK - Packet loss = 0%, RTA = 7.13 ms
[1364184000] CURRENT HOST STATE: rt-nyccfcp-1;UP;HARD;1;PING OK - Packet loss = 0%, RTA = 1.39 ms
[1364184000] CURRENT HOST STATE: rt-nyccfcp-2;UP;HARD;1;PING OK - Packet loss = 0%, RTA = 0.60 ms
[1364184000] CURRENT HOST STATE: rt-nycchdagg-a;UP;HARD;1;PING OK - Packet loss = 0%, RTA = 1.62 ms
[1364184000] CURRENT HOST STATE: rt-nycchdagg-b;UP;HARD;1;PING OK - Packet loss = 0%, RTA = 1.63 ms
[1364184000] CURRENT HOST STATE: rt-nyccmediagrid;UP;HARD;1;PING OK - Packet loss = 0%, RTA = 0.70 ms
[1364184000] CURRENT HOST STATE: rt-nyccspectrum;UP;HARD;1;PING OK - Packet loss = 0%, RTA = 0.64 ms
[1364184000] CURRENT HOST STATE: spider;UP;HARD;1;PING OK - Packet loss = 0%, RTA = 0.28 ms
[1364184000] CURRENT HOST STATE: wdchd001;UP;HARD;1;PING OK - Packet loss = 0%, RTA = 6.72 ms
[1364184000] CURRENT HOST STATE: wdchd002;UP;HARD;1;PING OK - Packet loss = 0%, RTA = 6.56 ms
[1364184000] CURRENT HOST STATE: wdchd003;UP;HARD;1;PING OK - Packet loss = 0%, RTA = 6.51 ms
[1364184000] CURRENT HOST STATE: wdchd004;UP;HARD;1;PING OK - Packet loss = 0%, RTA = 6.60 ms
[1364184000] CURRENT HOST STATE: wdchd005;UP;HARD;1;PING OK - Packet loss = 0%, RTA = 6.60 ms
[1364184000] CURRENT HOST STATE: wdchd006;UP;HARD;1;PING OK - Packet loss = 0%, RTA = 6.72 ms
[1364184000] CURRENT HOST STATE: wdchd007;UP;HARD;1;PING OK - Packet loss = 0%, RTA = 6.62 ms
[1364184000] CURRENT HOST STATE: wdchd008;UP;HARD;1;PING OK - Packet loss = 0%, RTA = 6.50 ms
[1364184000] CURRENT HOST STATE: wdchd009;UP;HARD;1;PING OK - Packet loss = 0%, RTA = 6.73 ms
[1364184000] CURRENT HOST STATE: wdchd010;UP;HARD;1;PING OK - Packet loss = 0%, RTA = 6.61 ms
[1364184000] CURRENT HOST STATE: wdchd011;UP;HARD;1;PING OK - Packet loss = 0%, RTA = 6.66 ms
[1364184000] CURRENT HOST STATE: wdchd012;UP;HARD;1;PING OK - Packet loss = 0%, RTA = 6.58 ms
[1364184000] CURRENT HOST STATE: wdchd013;UP;HARD;1;PING OK - Packet loss = 0%, RTA = 6.61 ms
[1364184000] CURRENT HOST STATE: wdchd014;UP;HARD;1;PING OK - Packet loss = 0%, RTA = 6.56 ms
[1364184000] CURRENT HOST STATE: wdchd015;UP;HARD;1;PING OK - Packet loss = 0%, RTA = 6.60 ms
[1364184000] CURRENT HOST STATE: wdchd016;UP;HARD;1;PING OK - Packet loss = 0%, RTA = 6.51 ms
[1364184000] CURRENT HOST STATE: wdchd017;UP;HARD;1;PING OK - Packet loss = 0%, RTA = 6.63 ms
[1364184000] CURRENT HOST STATE: wdchd018;UP;HARD;1;PING OK - Packet loss = 0%, RTA = 6.61 ms
[1364184000] CURRENT HOST STATE: wdchd019;UP;HARD;1;PING OK - Packet loss = 0%, RTA = 6.60 ms
[1364184000] CURRENT HOST STATE: wdchd020;UP;HARD;1;PING OK - Packet loss = 0%, RTA = 6.46 ms
[1364184000] CURRENT HOST STATE: wdchd021;UP;HARD;1;PING OK - Packet loss = 0%, RTA = 6.67 ms
[1364184000] CURRENT HOST STATE: wdchd022;UP;HARD;1;PING OK - Packet loss = 0%, RTA = 6.69 ms
[1364184000] CURRENT HOST STATE: wdchd023;UP;HARD;1;PING OK - Packet loss = 0%, RTA = 6.57 ms
[1364184000] CURRENT HOST STATE: wdchd024;UP;HARD;1;PING OK - Packet loss = 0%, RTA = 6.68 ms
[1364184000] CURRENT HOST STATE: wdchd025;UP;HARD;1;PING OK - Packet loss = 0%, RTA = 6.53 ms
[1364184000] CURRENT HOST STATE: wdchd026;UP;HARD;1;PING OK - Packet loss = 0%, RTA = 6.41 ms
[1364184000] CURRENT HOST STATE: wdchd027;UP;HARD;1;PING OK - Packet loss = 0%, RTA = 6.48 ms
[1364184000] CURRENT HOST STATE: wdchd028;UP;HARD;1;PING OK - Packet loss = 0%, RTA = 6.69 ms
[1364184000] CURRENT HOST STATE: wdchd029;UP;HARD;1;PING OK - Packet loss = 0%, RTA = 6.60 ms
[1364184000] CURRENT HOST STATE: wdchd030;UP;HARD;1;PING OK - Packet loss = 0%, RTA = 6.60 ms
[1364184000] CURRENT HOST STATE: wdchd031;UP;HARD;1;PING OK - Packet loss = 0%, RTA = 6.61 ms
[1364184000] CURRENT HOST STATE: wdcmd001;UP;HARD;1;PING OK - Packet loss = 0%, RTA = 6.62 ms
[1364184000] CURRENT HOST STATE: wdcmd002;DOWN;HARD;10;(Host Check Timed Out)
[1364184000] CURRENT HOST STATE: wdcms001;UP;HARD;1;PING OK - Packet loss = 0%, RTA = 6.53 ms
[1364184000] CURRENT HOST STATE: wdcms002;UP;HARD;1;PING OK - Packet loss = 0%, RTA = 6.59 ms
[1364184000] CURRENT HOST STATE: wdcms003;UP;HARD;1;PING OK - Packet loss = 0%, RTA = 6.68 ms
[1364184000] CURRENT HOST STATE: wdcod001;UP;HARD;1;PING OK - Packet loss = 0%, RTA = 6.55 ms
[1364184000] CURRENT HOST STATE: wdcod002;UP;HARD;1;PING OK - Packet loss = 0%, RTA = 6.63 ms
[1364184000] CURRENT HOST STATE: wdcod01;UP;HARD;1;PING OK - Packet loss = 0%, RTA = 6.51 ms
[1364184000] CURRENT HOST STATE: wdcod02;UP;HARD;1;PING OK - Packet loss = 0%, RTA = 6.47 ms
[1364184000] CURRENT HOST STATE: wdcpf001;UP;HARD;1;PING OK - Packet loss = 0%, RTA = 6.66 ms
[1364184000] CURRENT HOST STATE: wdcpf002;UP;HARD;1;PING OK - Packet loss = 0%, RTA = 6.64 ms
[1364184000] CURRENT HOST STATE: wdcpf03;UP;HARD;1;PING OK - Packet loss = 0%, RTA = 6.33 ms
[1364184000] CURRENT HOST STATE: wdcps001;UP;HARD;1;PING OK - Packet loss = 0%, RTA = 6.50 ms
[1364184000] CURRENT HOST STATE: wdcps002;UP;HARD;1;PING OK - Packet loss = 0%, RTA = 6.52 ms
[1364184000] CURRENT HOST STATE: wdcps003;UP;HARD;1;PING OK - Packet loss = 0%, RTA = 6.49 ms
[1364184000] CURRENT HOST STATE: wdcps004;UP;HARD;1;PING OK - Packet loss = 0%, RTA = 6.64 ms
[1364184000] CURRENT SERVICE STATE: localhost;Current Load;OK;HARD;1;OK - load average: 0.07, 0.15, 0.16
[1364184000] CURRENT SERVICE STATE: localhost;Current Users;OK;HARD;1;USERS OK - 0 users currently logged in
[1364184000] CURRENT SERVICE STATE: localhost;HTTP;OK;HARD;1;HTTP OK: HTTP/1.1 200 OK - 265 bytes in 0.001 second response time
[1364184000] CURRENT SERVICE STATE: localhost;PING;OK;HARD;1;PING OK - Packet loss = 0%, RTA = 0.05 ms
[1364184000] CURRENT SERVICE STATE: localhost;Root Partition;OK;HARD;1;DISK OK - free space: / 1564 MB (83% inode=98%):
[1364184000] CURRENT SERVICE STATE: localhost;SSH;OK;HARD;1;SSH OK - OpenSSH_4.3 (protocol 2.0)
[1364184000] CURRENT SERVICE STATE: localhost;Swap Usage;OK;HARD;1;SWAP OK - 100% free (2047 MB out of 2047 MB)
[1364184000] CURRENT SERVICE STATE: localhost;Total Processes;OK;HARD;1;PROCS OK: 117 processes with STATE = RSZDT
[1364184000] CURRENT SERVICE STATE: msny;HTTP;OK;HARD;1;HTTP OK: HTTP/1.1 200 OK - 5504 bytes in 0.002 second response time
[1364184000] CURRENT SERVICE STATE: msny;IMQ Depth Check - Internal GF Queues;OK;HARD;1;OK: all MS2_EVENT queues have depth 0 or less, all MS2_EVENT queues in RUNNING state
[1364184000] CURRENT SERVICE STATE: msny;MS2 - Grid A Mount;OK;HARD;1;OK - File /Volumes/GridA/Temp/.gridamounted seems fine.
[1364184000] CURRENT SERVICE STATE: msny;MS2 - Grid B Mount;OK;HARD;1;OK - File /Volumes/GridB/Temp/.gridbmounted seems fine.
[1364184000] CURRENT SERVICE STATE: msny;PING;OK;HARD;1;PING OK - Packet loss = 0%, RTA = 0.15 ms
[1364184000] CURRENT SERVICE STATE: nyarxlator1;PING;OK;HARD;1;PING OK - Packet loss = 0%, RTA = 0.26 ms
[1364184000] CURRENT SERVICE STATE: nyarxlator2;PING;OK;HARD;1;PING OK - Packet loss = 0%, RTA = 0.27 ms
[1364184000] CURRENT SERVICE STATE: nyarxlator3;PING;OK;HARD;1;PING OK - Packet loss = 0%, RTA = 0.25 ms
[1364184000] CURRENT SERVICE STATE: nyarxlator4;PING;OK;HARD;1;PING OK - Packet loss = 0%, RTA = 0.26 ms
[1364184000] CURRENT SERVICE STATE: nycnn-adbeame1;PING;OK;HARD;1;PING OK - Packet loss = 0%, RTA = 0.29 ms
[1364184000] CURRENT SERVICE STATE: nycnn-adbeame10;PING;OK;HARD;1;PING OK - Packet loss = 0%, RTA = 0.30 ms
[1364184000] CURRENT SERVICE STATE: nycnn-adbeame2;PING;OK;HARD;1;PING OK - Packet loss = 0%, RTA = 0.31 ms
[1364184000] CURRENT SERVICE STATE: nycnn-adbeame3;PING;OK;HARD;1;PING OK - Packet loss = 0%, RTA = 0.35 ms
[1364184000] CURRENT SERVICE STATE: nycnn-adbeame4;PING;OK;HARD;1;PING OK - Packet loss = 0%, RTA = 0.26 ms
[1364184000] CURRENT SERVICE STATE: nycnn-adbeame5;PING;OK;HARD;1;PING OK - Packet loss = 0%, RTA = 0.29 ms
[1364184000] CURRENT SERVICE STATE: nycnn-adbeame6;PING;OK;HARD;1;PING OK - Packet loss = 0%, RTA = 0.28 ms
[1364184000] CURRENT SERVICE STATE: nycnn-adbeame7;PING;OK;HARD;1;PING OK - Packet loss = 0%, RTA = 0.28 ms
[1364184000] CURRENT SERVICE STATE: nycnn-adbeame8;PING;OK;HARD;1;PING OK - Packet loss = 0%, RTA = 0.29 ms
[1364184000] CURRENT SERVICE STATE: nycnn-adbeame9;PING;OK;HARD;1;PING OK - Packet loss = 0%, RTA = 0.31 ms
[1364184000] CURRENT SERVICE STATE: nycnn-adbectrl1;PING;OK;HARD;1;PING OK - Packet loss = 0%, RTA = 0.26 ms
[1364184000] CURRENT SERVICE STATE: nycnn-adbectrl2;PING;OK;HARD;1;PING OK - Packet loss = 0%, RTA = 0.31 ms
[1364184000] CURRENT SERVICE STATE: nycnn-arapp1;PING;OK;HARD;1;PING OK - Packet loss = 0%, RTA = 0.29 ms
[1364184000] CURRENT SERVICE STATE: nycnn-arapp1;SSH;OK;HARD;1;SSH OK - OpenSSH_4.3 (protocol 2.0)
[1364184000] CURRENT SERVICE STATE: nycnn-arvtrtape;PING;OK;HARD;1;PING OK - Packet loss = 0%, RTA = 0.34 ms
[1364184000] CURRENT SERVICE STATE: nycnn-arvtrtape;SSH;OK;HARD;1;SSH OK - OpenSSH_4.3 (protocol 2.0)
[1364184000] CURRENT SERVICE STATE: nycnn-arxlator1;PING;OK;HARD;1;PING OK - Packet loss = 0%, RTA = 0.27 ms
[1364184000] CURRENT SERVICE STATE: nycnn-arxlator1;SSH;OK;HARD;1;SSH OK - OpenSSH_4.3 (protocol 2.0)
[1364184000] CURRENT SERVICE STATE: nycnn-gridpushpull1;PING;OK;HARD;1;PING OK - Packet loss = 0%, RTA = 0.31 ms
[1364184000] CURRENT SERVICE STATE: nycnn-gridpushpull2;PING;OK;HARD;1;PING OK - Packet loss = 0%, RTA = 0.22 ms
[1364184000] CURRENT SERVICE STATE: nycnn-ipvapilic;PING;OK;HARD;1;PING OK - Packet loss = 0%, RTA = 0.19 ms
[1364184000] CURRENT SERVICE STATE: nycnn-ipvproxy1;PING;OK;HARD;1;PING OK - Packet loss = 0%, RTA = 0.32 ms
[1364184000] CURRENT SERVICE STATE: nycnn-ipvproxy2;PING;OK;HARD;1;PING OK - Packet loss = 0%, RTA = 0.28 ms
[1364184000] CURRENT SERVICE STATE: nycnn-ipvsphn1;PING;OK;HARD;1;PING OK - Packet loss = 0%, RTA = 0.28 ms
[1364184000] CURRENT SERVICE STATE: nycnn-ipvsphn2;PING;OK;HARD;1;PING OK - Packet loss = 0%, RTA = 0.28 ms
[1364184000] CURRENT SERVICE STATE: nycnn-ipvsphn3;PING;OK;HARD;1;PING OK - Packet loss = 0%, RTA = 0.22 ms
[1364184000] CURRENT SERVICE STATE: nycnn-ipvsphn4;PING;OK;HARD;1;PING OK - Packet loss = 0%, RTA = 0.22 ms
[1364184000] CURRENT SERVICE STATE: nycnn-ipvsphn5;PING;OK;HARD;1;PING OK - Packet loss = 0%, RTA = 0.23 ms
[1364184000] CURRENT SERVICE STATE: nycnn-ipvstrm1;PING;OK;HARD;1;PING OK - Packet loss = 0%, RTA = 0.22 ms
[1364184000] CURRENT SERVICE STATE: nycnn-ipvstrm2;PING;OK;HARD;1;PING OK - Packet loss = 0%, RTA = 0.27 ms
[1364184000] CURRENT SERVICE STATE: nycnn-ipvstrm3;PING;OK;HARD;1;PING OK - Packet loss = 0%, RTA = 0.42 ms
[1364184000] CURRENT SERVICE STATE: nycnn-ipvstrm4;PING;OK;HARD;1;PING OK - Packet loss = 0%, RTA = 0.99 ms
[1364184000] CURRENT SERVICE STATE: nycnn-ipvx1;PING;OK;HARD;1;PING OK - Packet loss = 0%, RTA = 0.22 ms
[1364184000] CURRENT SERVICE STATE: nycnn-ipvx10;PING;OK;HARD;1;PING OK - Packet loss = 0%, RTA = 0.22 ms
[1364184000] CURRENT SERVICE STATE: nycnn-ipvx10e1;PING;OK;HARD;1;PING OK - Packet loss = 0%, RTA = 0.22 ms
[1364184000] CURRENT SERVICE STATE: nycnn-ipvx11;PING;OK;HARD;1;PING OK - Packet loss = 0%, RTA = 0.21 ms
[1364184000] CURRENT SERVICE STATE: nycnn-ipvx11e1;PING;OK;HARD;1;PING OK - Packet loss = 0%, RTA = 0.21 ms
[1364184000] CURRENT SERVICE STATE: nycnn-ipvx12;PING;OK;HARD;1;PING OK - Packet loss = 0%, RTA = 0.22 ms
[1364184000] CURRENT SERVICE STATE: nycnn-ipvx12e1;PING;OK;HARD;1;PING OK - Packet loss = 0%, RTA = 0.25 ms
[1364184000] CURRENT SERVICE STATE: nycnn-ipvx13;PING;OK;HARD;1;PING OK - Packet loss = 0%, RTA = 0.22 ms
[1364184000] CURRENT SERVICE STATE: nycnn-ipvx13e1;PING;OK;HARD;1;PING OK - Packet loss = 0%, RTA = 0.26 ms
[1364184000] CURRENT SERVICE STATE: nycnn-ipvx14;PING;OK;HARD;1;PING OK - Packet loss = 0%, RTA = 0.21 ms
[1364184000] CURRENT SERVICE STATE: nycnn-ipvx14e1;PING;OK;HARD;1;PING OK - Packet loss = 0%, RTA = 0.21 ms
[1364184000] CURRENT SERVICE STATE: nycnn-ipvx15;PING;OK;HARD;1;PING OK - Packet loss = 0%, RTA = 0.20 ms
[1364184000] CURRENT SERVICE STATE: nycnn-ipvx15e1;PING;OK;HARD;1;PING OK - Packet loss = 0%, RTA = 0.20 ms
[1364184000] CURRENT SERVICE STATE: nycnn-ipvx16;PING;OK;HARD;1;PING OK - Packet loss = 0%, RTA = 0.24 ms
[1364184000] CURRENT SERVICE STATE: nycnn-ipvx16e1;PING;OK;HARD;1;PING OK - Packet loss = 0%, RTA = 0.22 ms
[1364184000] CURRENT SERVICE STATE: nycnn-ipvx17;PING;OK;HARD;1;PING OK - Packet loss = 0%, RTA = 0.20 ms
[1364184000] CURRENT SERVICE STATE: nycnn-ipvx17e1;PING;OK;HARD;1;PING OK - Packet loss = 0%, RTA = 0.23 ms
[1364184000] CURRENT SERVICE STATE: nycnn-ipvx18;PING;OK;HARD;1;PING OK - Packet loss = 0%, RTA = 0.21 ms
[1364184000] CURRENT SERVICE STATE: nycnn-ipvx18e1;PING;OK;HARD;1;PING OK - Packet loss = 0%, RTA = 0.23 ms
[1364184000] CURRENT SERVICE STATE: nycnn-ipvx19;PING;OK;HARD;1;PING OK - Packet loss = 0%, RTA = 0.26 ms
[1364184000] CURRENT SERVICE STATE: nycnn-ipvx19e1;PING;OK;HARD;1;PING OK - Packet loss = 0%, RTA = 0.21 ms
[1364184000] CURRENT SERVICE STATE: nycnn-ipvx1e1;PING;OK;HARD;1;PING OK - Packet loss = 0%, RTA = 0.22 ms
[1364184000] CURRENT SERVICE STATE: nycnn-ipvx2;PING;OK;HARD;1;PING OK - Packet loss = 0%, RTA = 0.23 ms
[1364184000] CURRENT SERVICE STATE: nycnn-ipvx20;PING;OK;HARD;1;PING OK - Packet loss = 0%, RTA = 0.21 ms
[1364184000] CURRENT SERVICE STATE: nycnn-ipvx20e1;PING;OK;HARD;1;PING OK - Packet loss = 0%, RTA = 0.29 ms
[1364184000] CURRENT SERVICE STATE: nycnn-ipvx21;PING;OK;HARD;1;PING OK - Packet loss = 0%, RTA = 0.22 ms
[1364184000] CURRENT SERVICE STATE: nycnn-ipvx21e1;PING;OK;HARD;1;PING OK - Packet loss = 0%, RTA = 0.20 ms
[1364184000] CURRENT SERVICE STATE: nycnn-ipvx22;PING;OK;HARD;1;PING OK - Packet loss = 0%, RTA = 0.20 ms
[1364184000] CURRENT SERVICE STATE: nycnn-ipvx22e1;PING;OK;HARD;1;PING OK - Packet loss = 0%, RTA = 0.22 ms
[1364184000] CURRENT SERVICE STATE: nycnn-ipvx23;PING;OK;HARD;1;PING OK - Packet loss = 0%, RTA = 0.22 ms
[1364184000] CURRENT SERVICE STATE: nycnn-ipvx23e1;PING;OK;HARD;1;PING OK - Packet loss = 0%, RTA = 0.21 ms
[1364184000] CURRENT SERVICE STATE: nycnn-ipvx24;PING;OK;HARD;1;PING OK - Packet loss = 0%, RTA = 0.21 ms
[1364184000] CURRENT SERVICE STATE: nycnn-ipvx24e1;PING;OK;HARD;1;PING OK - Packet loss = 0%, RTA = 0.23 ms
[1364184000] CURRENT SERVICE STATE: nycnn-ipvx25;PING;OK;HARD;1;PING OK - Packet loss = 0%, RTA = 0.25 ms
[1364184000] CURRENT SERVICE STATE: nycnn-ipvx25e1;PING;OK;HARD;1;PING OK - Packet loss = 0%, RTA = 0.27 ms
[1364184000] CURRENT SERVICE STATE: nycnn-ipvx26;PING;OK;HARD;1;PING OK - Packet loss = 0%, RTA = 0.22 ms
[1364184000] CURRENT SERVICE STATE: nycnn-ipvx26e1;PING;OK;HARD;1;PING OK - Packet loss = 0%, RTA = 0.22 ms
[1364184000] CURRENT SERVICE STATE: nycnn-ipvx27;PING;OK;HARD;1;PING OK - Packet loss = 0%, RTA = 0.24 ms
[1364184000] CURRENT SERVICE STATE: nycnn-ipvx27e1;PING;OK;HARD;1;PING OK - Packet loss = 0%, RTA = 0.24 ms
[1364184000] CURRENT SERVICE STATE: nycnn-ipvx28;PING;OK;HARD;1;PING OK - Packet loss = 0%, RTA = 0.23 ms
[1364184000] CURRENT SERVICE STATE: nycnn-ipvx28e1;PING;OK;HARD;1;PING OK - Packet loss = 0%, RTA = 0.24 ms
[1364184000] CURRENT SERVICE STATE: nycnn-ipvx29;PING;OK;HARD;1;PING OK - Packet loss = 0%, RTA = 0.26 ms
[1364184000] CURRENT SERVICE STATE: nycnn-ipvx29e1;PING;OK;HARD;1;PING OK - Packet loss = 0%, RTA = 0.21 ms
[1364184000] CURRENT SERVICE STATE: nycnn-ipvx2e1;PING;OK;HARD;1;PING OK - Packet loss = 0%, RTA = 0.23 ms
[1364184000] CURRENT SERVICE STATE: nycnn-ipvx3;PING;OK;HARD;1;PING OK - Packet loss = 0%, RTA = 0.22 ms
[1364184000] CURRENT SERVICE STATE: nycnn-ipvx30;PING;OK;HARD;1;PING OK - Packet loss = 0%, RTA = 0.28 ms
[1364184000] CURRENT SERVICE STATE: nycnn-ipvx30e1;PING;OK;HARD;1;PING OK - Packet loss = 0%, RTA = 0.29 ms
[1364184000] CURRENT SERVICE STATE: nycnn-ipvx31;PING;OK;HARD;1;PING OK - Packet loss = 0%, RTA = 0.23 ms
[1364184000] CURRENT SERVICE STATE: nycnn-ipvx31e1;PING;OK;HARD;1;PING OK - Packet loss = 0%, RTA = 0.39 ms
[1364184000] CURRENT SERVICE STATE: nycnn-ipvx32;PING;OK;HARD;1;PING OK - Packet loss = 0%, RTA = 0.20 ms
[1364184000] CURRENT SERVICE STATE: nycnn-ipvx32e1;PING;OK;HARD;1;PING OK - Packet loss = 0%, RTA = 0.24 ms
[1364184000] CURRENT SERVICE STATE: nycnn-ipvx33;PING;OK;HARD;1;PING OK - Packet loss = 0%, RTA = 0.25 ms
[1364184000] CURRENT SERVICE STATE: nycnn-ipvx33e1;PING;OK;HARD;1;PING OK - Packet loss = 0%, RTA = 0.20 ms
[1364184000] CURRENT SERVICE STATE: nycnn-ipvx34;PING;OK;HARD;1;PING OK - Packet loss = 0%, RTA = 0.23 ms
[1364184000] CURRENT SERVICE STATE: nycnn-ipvx34e1;PING;OK;HARD;1;PING OK - Packet loss = 0%, RTA = 0.24 ms
[1364184000] CURRENT SERVICE STATE: nycnn-ipvx35;PING;OK;HARD;1;PING OK - Packet loss = 0%, RTA = 0.25 ms
[1364184000] CURRENT SERVICE STATE: nycnn-ipvx35e1;PING;OK;HARD;1;PING OK - Packet loss = 0%, RTA = 0.26 ms
[1364184000] CURRENT SERVICE STATE: nycnn-ipvx3e1;PING;OK;HARD;1;PING OK - Packet loss = 0%, RTA = 0.23 ms
[1364184000] CURRENT SERVICE STATE: nycnn-ipvx4;PING;OK;HARD;1;PING OK - Packet loss = 0%, RTA = 0.23 ms
[1364184000] CURRENT SERVICE STATE: nycnn-ipvx4e1;PING;OK;HARD;1;PING OK - Packet loss = 0%, RTA = 0.22 ms
[1364184000] CURRENT SERVICE STATE: nycnn-ipvx5;PING;OK;HARD;1;PING OK - Packet loss = 0%, RTA = 0.24 ms
[1364184000] CURRENT SERVICE STATE: nycnn-ipvx5e1;PING;OK;HARD;1;PING OK - Packet loss = 0%, RTA = 0.27 ms
[1364184000] CURRENT SERVICE STATE: nycnn-ipvx6;PING;OK;HARD;1;PING OK - Packet loss = 0%, RTA = 0.22 ms
[1364184000] CURRENT SERVICE STATE: nycnn-ipvx6e1;PING;OK;HARD;1;PING OK - Packet loss = 0%, RTA = 0.23 ms
[1364184000] CURRENT SERVICE STATE: nycnn-ipvx7;PING;OK;HARD;1;PING OK - Packet loss = 0%, RTA = 0.20 ms
[1364184000] CURRENT SERVICE STATE: nycnn-ipvx7e1;PING;OK;HARD;1;PING OK - Packet loss = 0%, RTA = 0.22 ms
[1364184000] CURRENT SERVICE STATE: nycnn-ipvx8;PING;OK;HARD;1;PING OK - Packet loss = 0%, RTA = 0.23 ms
[1364184000] CURRENT SERVICE STATE: nycnn-ipvx8e1;PING;OK;HARD;1;PING OK - Packet loss = 0%, RTA = 0.25 ms
[1364184000] CURRENT SERVICE STATE: nycnn-ipvx9;PING;OK;HARD;1;PING OK - Packet loss = 0%, RTA = 0.28 ms
[1364184000] CURRENT SERVICE STATE: nycnn-ipvx9e1;PING;OK;HARD;1;PING OK - Packet loss = 0%, RTA = 0.24 ms
[1364184000] CURRENT SERVICE STATE: nycnn-kickstart;PING;OK;HARD;1;PING OK - Packet loss = 0%, RTA = 0.26 ms
[1364184000] CURRENT SERVICE STATE: nycnn-mamdb1;PING;OK;HARD;1;PING OK - Packet loss = 0%, RTA = 0.30 ms
[1364184000] CURRENT SERVICE STATE: nycnn-mamdb2;PING;OK;HARD;1;PING OK - Packet loss = 0%, RTA = 0.26 ms
[1364184000] CURRENT SERVICE STATE: nycnn-mamfog;PING;OK;HARD;1;PING OK - Packet loss = 0%, RTA = 0.19 ms
[1364184000] CURRENT SERVICE STATE: nycnn-mamkey1;PING;OK;HARD;1;PING OK - Packet loss = 0%, RTA = 0.26 ms
[1364184000] CURRENT SERVICE STATE: nycnn-mamkey2;PING;OK;HARD;1;PING OK - Packet loss = 0%, RTA = 0.26 ms
[1364184000] CURRENT SERVICE STATE: nycnn-ms2app1;PING;OK;HARD;1;PING OK - Packet loss = 0%, RTA = 0.43 ms
[1364184000] CURRENT SERVICE STATE: nycnn-ms2app2;PING;OK;HARD;1;PING OK - Packet loss = 0%, RTA = 0.49 ms
[1364184000] CURRENT SERVICE STATE: nycnn-ms2app3;PING;OK;HARD;1;PING OK - Packet loss = 0%, RTA = 0.28 ms
[1364184000] CURRENT SERVICE STATE: nycnn-ms2app4;PING;OK;HARD;1;PING OK - Packet loss = 0%, RTA = 0.26 ms
[1364184000] CURRENT SERVICE STATE: nycnn-ms2db1;Disk Space on /oracle;OK;HARD;1;DISK OK - free space: /oracle 912535 MB (93% inode=99%):
[1364184000] CURRENT SERVICE STATE: nycnn-ms2db1;PING;OK;HARD;1;PING OK - Packet loss = 0%, RTA = 0.29 ms
[1364184000] CURRENT SERVICE STATE: nycnn-ms2db2;Disk Space on /oracle;OK;HARD;1;DISK OK - free space: /oracle 857567 MB (87% inode=99%):
[1364184000] CURRENT SERVICE STATE: nycnn-ms2db2;PING;OK;HARD;1;PING OK - Packet loss = 0%, RTA = 0.34 ms
[1364184000] CURRENT SERVICE STATE: nycnn-ms2db3;Disk Space on /oracle;OK;HARD;1;DISK OK - free space: /oracle 873197 MB (89% inode=99%):
[1364184000] CURRENT SERVICE STATE: nycnn-ms2db3;PING;OK;HARD;1;PING OK - Packet loss = 0%, RTA = 0.26 ms
[1364184000] CURRENT SERVICE STATE: nycnn-ms2fsd;PING;OK;HARD;1;PING OK - Packet loss = 0%, RTA = 0.28 ms
[1364184000] CURRENT SERVICE STATE: nycnn-ms2fsd1;PING;OK;HARD;1;PING OK - Packet loss = 0%, RTA = 0.24 ms
[1364184000] CURRENT SERVICE STATE: nycnn-ms2fsd2;PING;OK;HARD;1;PING OK - Packet loss = 0%, RTA = 0.19 ms
[1364184000] CURRENT SERVICE STATE: nycnn-nag1;PING;OK;HARD;1;PING OK - Packet loss = 0%, RTA = 0.26 ms
[1364184000] CURRENT SERVICE STATE: nycnn-nag2;PING;OK;HARD;1;PING OK - Packet loss = 0%, RTA = 0.26 ms
[1364184000] CURRENT SERVICE STATE: nycnn-nag4;PING;OK;HARD;1;PING OK - Packet loss = 0%, RTA = 0.29 ms
[1364184000] CURRENT SERVICE STATE: nycnn-splunk;PING;OK;HARD;1;PING OK - Packet loss = 0%, RTA = 0.25 ms
[1364184000] CURRENT SERVICE STATE: nyhdscheduler;HTTP;OK;HARD;1;HTTP OK: HTTP/1.1 200 OK - 598 bytes in 0.001 second response time
[1364184000] CURRENT SERVICE STATE: nyhdscheduler;PING;OK;HARD;1;PING OK - Packet loss = 0%, RTA = 0.31 ms
[1364184000] CURRENT SERVICE STATE: nymamkey;PING;OK;HARD;1;PING OK - Packet loss = 0%, RTA = 0.29 ms
[1364184000] CURRENT SERVICE STATE: nyproxygenhd;PING;OK;HARD;1;PING OK - Packet loss = 0%, RTA = 0.29 ms
[1364184000] CURRENT SERVICE STATE: nyvideodrop;PING;OK;HARD;1;PING OK - Packet loss = 0%, RTA = 0.32 ms
[1364184000] CURRENT SERVICE STATE: omnclda01-ny;PING;OK;HARD;1;PING OK - Packet loss = 0%, RTA = 0.30 ms
[1364184000] CURRENT SERVICE STATE: omnclda01e1-ny;PING;OK;HARD;1;PING OK - Packet loss = 0%, RTA = 0.28 ms
[1364184000] CURRENT SERVICE STATE: omnclda02-ny;PING;OK;HARD;1;PING OK - Packet loss = 0%, RTA = 0.30 ms
[1364184000] CURRENT SERVICE STATE: omnclda02e1-ny;PING;OK;HARD;1;PING OK - Packet loss = 0%, RTA = 0.25 ms
[1364184000] CURRENT SERVICE STATE: omnclda03-ny;PING;OK;HARD;1;PING OK - Packet loss = 0%, RTA = 0.32 ms
[1364184000] CURRENT SERVICE STATE: omnclda03e1-ny;PING;OK;HARD;1;PING OK - Packet loss = 0%, RTA = 0.27 ms
[1364184000] CURRENT SERVICE STATE: omnhbcba01-ny;PING;OK;HARD;1;PING OK - Packet loss = 0%, RTA = 0.24 ms
[1364184000] CURRENT SERVICE STATE: omnhbcba02-ny;PING;OK;HARD;1;PING OK - Packet loss = 0%, RTA = 0.30 ms
[1364184000] CURRENT SERVICE STATE: omnhbcba03-ny;PING;OK;HARD;1;PING OK - Packet loss = 0%, RTA = 0.22 ms
[1364184000] CURRENT SERVICE STATE: omnhbcba04-ny;PING;OK;HARD;1;PING OK - Packet loss = 0%, RTA = 0.30 ms
[1364184000] CURRENT SERVICE STATE: omnhbcba05-ny;PING;OK;HARD;1;PING OK - Packet loss = 0%, RTA = 0.25 ms
[1364184000] CURRENT SERVICE STATE: omnhbcba06-ny;PING;OK;HARD;1;PING OK - Packet loss = 0%, RTA = 0.28 ms
[1364184000] CURRENT SERVICE STATE: omnhbcba07-ny;PING;OK;HARD;1;PING OK - Packet loss = 0%, RTA = 0.26 ms
[1364184000] CURRENT SERVICE STATE: omnhbcba08-ny;PING;OK;HARD;1;PING OK - Packet loss = 0%, RTA = 0.29 ms
[1364184000] CURRENT SERVICE STATE: omnhbcba09-ny;PING;OK;HARD;1;PING OK - Packet loss = 0%, RTA = 0.33 ms
[1364184000] CURRENT SERVICE STATE: omnhbcba10-ny;PING;OK;HARD;1;PING OK - Packet loss = 0%, RTA = 0.29 ms
[1364184000] CURRENT SERVICE STATE: omnhbcba11-ny;PING;OK;HARD;1;PING OK - Packet loss = 0%, RTA = 0.27 ms
[1364184000] CURRENT SERVICE STATE: omnhbcba12-ny;PING;OK;HARD;1;PING OK - Packet loss = 0%, RTA = 0.29 ms
[1364184000] CURRENT SERVICE STATE: omnldap1-ny;LDAP;OK;HARD;1;LDAP OK - 0.002 seconds response time
[1364184000] CURRENT SERVICE STATE: omnldap2-ny;LDAP;OK;HARD;1;LDAP OK - 0.002 seconds response time
[1364184000] CURRENT SERVICE STATE: omnmas1app-ny;PING;OK;HARD;1;PING OK - Packet loss = 0%, RTA = 0.23 ms
[1364184000] CURRENT SERVICE STATE: omnmas1app1-ny;PING;OK;HARD;1;PING OK - Packet loss = 0%, RTA = 0.26 ms
[1364184000] CURRENT SERVICE STATE: omnmas1app2-ny;PING;OK;HARD;1;PING OK - Packet loss = 0%, RTA = 0.26 ms
[1364184000] CURRENT SERVICE STATE: omnmas1db-ny;PING;OK;HARD;1;PING OK - Packet loss = 0%, RTA = 0.33 ms
[1364184000] CURRENT SERVICE STATE: omnmas1db1-ny;PING;OK;HARD;1;PING OK - Packet loss = 0%, RTA = 0.30 ms
[1364184000] CURRENT SERVICE STATE: omnmas1db2-ny;PING;OK;HARD;1;PING OK - Packet loss = 0%, RTA = 0.31 ms
[1364184000] CURRENT SERVICE STATE: omnmas2app-ny;PING;CRITICAL;HARD;3;PING CRITICAL - Packet loss = 100%
[1364184000] CURRENT SERVICE STATE: omnmas2app1-ny;PING;OK;HARD;1;PING OK - Packet loss = 0%, RTA = 0.29 ms
[1364184000] CURRENT SERVICE STATE: omnmas2app2-ny;PING;OK;HARD;1;PING OK - Packet loss = 0%, RTA = 0.29 ms
[1364184000] CURRENT SERVICE STATE: omnmas2db-ny;PING;OK;HARD;1;PING OK - Packet loss = 0%, RTA = 0.27 ms
[1364184000] CURRENT SERVICE STATE: omnmas2db1-ny;PING;OK;HARD;1;PING OK - Packet loss = 0%, RTA = 0.21 ms
[1364184000] CURRENT SERVICE STATE: omnmas2db2-ny;PING;OK;HARD;1;PING OK - Packet loss = 0%, RTA = 0.32 ms
[1364184000] CURRENT SERVICE STATE: omnmdir01-ny;PING;OK;HARD;1;PING OK - Packet loss = 0%, RTA = 0.15 ms
[1364184000] CURRENT SERVICE STATE: omnmdir01e1-ny;PING;OK;HARD;1;PING OK - Packet loss = 0%, RTA = 0.20 ms
[1364184000] CURRENT SERVICE STATE: omnmdir02-ny;PING;OK;HARD;1;PING OK - Packet loss = 0%, RTA = 0.15 ms
[1364184000] CURRENT SERVICE STATE: omnmdir02e1-ny;PING;OK;HARD;1;PING OK - Packet loss = 0%, RTA = 0.21 ms
[1364184000] CURRENT SERVICE STATE: omnmdir03-ny;PING;OK;HARD;1;PING OK - Packet loss = 0%, RTA = 0.18 ms
[1364184000] CURRENT SERVICE STATE: omnmdir03e1-ny;PING;OK;HARD;1;PING OK - Packet loss = 0%, RTA = 0.19 ms
[1364184000] CURRENT SERVICE STATE: omnmdir04-ny;PING;OK;HARD;1;PING OK - Packet loss = 0%, RTA = 0.17 ms
[1364184000] CURRENT SERVICE STATE: omnmdir04e1-ny;PING;OK;HARD;1;PING OK - Packet loss = 0%, RTA = 0.18 ms
[1364184000] CURRENT SERVICE STATE: omnmdk01-ny;PING;OK;HARD;1;PING OK - Packet loss = 0%, RTA = 0.44 ms
[1364184000] CURRENT SERVICE STATE: omnmdk01h0-ny;PING;OK;HARD;1;PING OK - Packet loss = 0%, RTA = 0.55 ms
[1364184000] CURRENT SERVICE STATE: omnmdk02-ny;PING;OK;HARD;1;PING OK - Packet loss = 0%, RTA = 0.51 ms
[1364184000] CURRENT SERVICE STATE: omnmdk02h0-ny;PING;OK;HARD;1;PING OK - Packet loss = 0%, RTA = 0.55 ms
[1364184000] CURRENT SERVICE STATE: omnmdk03-ny;PING;OK;HARD;1;PING OK - Packet loss = 0%, RTA = 0.50 ms
[1364184000] CURRENT SERVICE STATE: omnmdk03h0-ny;PING;OK;HARD;1;PING OK - Packet loss = 0%, RTA = 0.58 ms
[1364184000] CURRENT SERVICE STATE: omnmdk04-ny;PING;OK;HARD;1;PING OK - Packet loss = 0%, RTA = 0.47 ms
[1364184000] CURRENT SERVICE STATE: omnmdk04h0-ny;PING;OK;HARD;1;PING OK - Packet loss = 0%, RTA = 0.44 ms
[1364184000] CURRENT SERVICE STATE: omnmdk05-ny;PING;OK;HARD;1;PING OK - Packet loss = 0%, RTA = 0.46 ms
[1364184000] CURRENT SERVICE STATE: omnmdk05h0-ny;PING;OK;HARD;1;PING OK - Packet loss = 0%, RTA = 0.59 ms
[1364184000] CURRENT SERVICE STATE: omnmdk06-ny;PING;OK;HARD;1;PING OK - Packet loss = 0%, RTA = 0.44 ms
[1364184000] CURRENT SERVICE STATE: omnmdk06h0-ny;PING;OK;HARD;1;PING OK - Packet loss = 0%, RTA = 0.55 ms
[1364184000] CURRENT SERVICE STATE: omnmdk07-ny;PING;OK;HARD;1;PING OK - Packet loss = 0%, RTA = 0.44 ms
[1364184000] CURRENT SERVICE STATE: omnmdk07h0-ny;PING;OK;HARD;1;PING OK - Packet loss = 0%, RTA = 0.53 ms
[1364184000] CURRENT SERVICE STATE: omnmdk08-ny;PING;OK;HARD;1;PING OK - Packet loss = 0%, RTA = 0.48 ms
[1364184000] CURRENT SERVICE STATE: omnmdk08h0-ny;PING;OK;HARD;1;PING OK - Packet loss = 0%, RTA = 0.48 ms
[1364184000] CURRENT SERVICE STATE: omnmdk09-ny;PING;OK;HARD;1;PING OK - Packet loss = 0%, RTA = 0.48 ms
[1364184000] CURRENT SERVICE STATE: omnmdk09h0-ny;PING;OK;HARD;1;PING OK - Packet loss = 0%, RTA = 0.52 ms
[1364184000] CURRENT SERVICE STATE: omnmdk10-ny;PING;OK;HARD;1;PING OK - Packet loss = 0%, RTA = 0.50 ms
[1364184000] CURRENT SERVICE STATE: omnmdk10h0-ny;PING;OK;HARD;1;PING OK - Packet loss = 0%, RTA = 0.50 ms
[1364184000] CURRENT SERVICE STATE: omnmdk11-ny;PING;OK;HARD;1;PING OK - Packet loss = 0%, RTA = 0.44 ms
[1364184000] CURRENT SERVICE STATE: omnmdk11h0-ny;PING;OK;HARD;1;PING OK - Packet loss = 0%, RTA = 0.48 ms
[1364184000] CURRENT SERVICE STATE: omnmdk12-ny;PING;OK;HARD;1;PING OK - Packet loss = 0%, RTA = 0.49 ms
[1364184000] CURRENT SERVICE STATE: omnmdk12h0-ny;PING;OK;HARD;1;PING OK - Packet loss = 0%, RTA = 0.46 ms
[1364184000] CURRENT SERVICE STATE: omnmdk13-ny;PING;OK;HARD;1;PING OK - Packet loss = 0%, RTA = 0.48 ms
[1364184000] CURRENT SERVICE STATE: omnmdk13h0-ny;PING;OK;HARD;1;PING OK - Packet loss = 0%, RTA = 0.45 ms
[1364184000] CURRENT SERVICE STATE: omnmdk14-ny;PING;OK;HARD;1;PING OK - Packet loss = 0%, RTA = 0.44 ms
[1364184000] CURRENT SERVICE STATE: omnmdk14h0-ny;PING;OK;HARD;1;PING OK - Packet loss = 0%, RTA = 0.50 ms
[1364184000] CURRENT SERVICE STATE: omnmdk15-ny;PING;OK;HARD;1;PING OK - Packet loss = 0%, RTA = 0.46 ms
[1364184000] CURRENT SERVICE STATE: omnmdk15h0-ny;PING;OK;HARD;1;PING OK - Packet loss = 0%, RTA = 0.58 ms
[1364184000] CURRENT SERVICE STATE: omnmdk16-ny;PING;OK;HARD;1;PING OK - Packet loss = 0%, RTA = 0.43 ms
[1364184000] CURRENT SERVICE STATE: omnmdk16h0-ny;PING;OK;HARD;1;PING OK - Packet loss = 0%, RTA = 0.60 ms
[1364184000] CURRENT SERVICE STATE: omnmdk17-ny;PING;OK;HARD;1;PING OK - Packet loss = 0%, RTA = 0.44 ms
[1364184000] CURRENT SERVICE STATE: omnmdk17h0-ny;PING;OK;HARD;1;PING OK - Packet loss = 0%, RTA = 0.52 ms
[1364184000] CURRENT SERVICE STATE: omnmdk18-ny;PING;OK;HARD;1;PING OK - Packet loss = 0%, RTA = 0.44 ms
[1364184000] CURRENT SERVICE STATE: omnmdk18h0-ny;PING;OK;HARD;1;PING OK - Packet loss = 0%, RTA = 0.52 ms
[1364184000] CURRENT SERVICE STATE: omnmdk19-ny;PING;OK;HARD;1;PING OK - Packet loss = 0%, RTA = 0.44 ms
[1364184000] CURRENT SERVICE STATE: omnmdk19h0-ny;PING;OK;HARD;1;PING OK - Packet loss = 0%, RTA = 1.01 ms
[1364184000] CURRENT SERVICE STATE: omnmgsm-ny;PING;OK;HARD;1;PING OK - Packet loss = 0%, RTA = 0.29 ms
[1364184000] CURRENT SERVICE STATE: omnprox01-ny;PING;OK;HARD;1;PING OK - Packet loss = 0%, RTA = 0.18 ms
[1364184000] CURRENT SERVICE STATE: omnprox01e1-ny;PING;OK;HARD;1;PING OK - Packet loss = 0%, RTA = 0.21 ms
[1364184000] CURRENT SERVICE STATE: omnprox02-ny;PING;OK;HARD;1;PING OK - Packet loss = 0%, RTA = 0.16 ms
[1364184000] CURRENT SERVICE STATE: omnprox02e1-ny;PING;OK;HARD;1;PING OK - Packet loss = 0%, RTA = 0.17 ms
[1364184000] CURRENT SERVICE STATE: omnprox03-ny;PING;OK;HARD;1;PING OK - Packet loss = 0%, RTA = 0.18 ms
[1364184000] CURRENT SERVICE STATE: omnprox03e1-ny;PING;OK;HARD;1;PING OK - Packet loss = 0%, RTA = 0.17 ms
[1364184000] CURRENT SERVICE STATE: omnprox04-ny;PING;OK;HARD;1;PING OK - Packet loss = 0%, RTA = 0.17 ms
[1364184000] CURRENT SERVICE STATE: omnprox04e1-ny;PING;OK;HARD;1;PING OK - Packet loss = 0%, RTA = 0.20 ms
[1364184000] CURRENT SERVICE STATE: omnprox05-ny;PING;OK;HARD;1;PING OK - Packet loss = 0%, RTA = 0.19 ms
[1364184000] CURRENT SERVICE STATE: omnprox05e1-ny;PING;OK;HARD;1;PING OK - Packet loss = 0%, RTA = 0.21 ms
[1364184000] CURRENT SERVICE STATE: omnspsm-ny;PING;OK;HARD;1;PING OK - Packet loss = 0%, RTA = 0.18 ms
[1364184000] CURRENT SERVICE STATE: spider;PING;OK;HARD;1;PING OK - Packet loss = 0%, RTA = 0.25 ms
[1364184000] CURRENT SERVICE STATE: wdchd001;PING;CRITICAL;HARD;3;PING CRITICAL - Packet loss = 100%
[1364184000] CURRENT SERVICE STATE: wdchd002;PING;CRITICAL;HARD;3;PING CRITICAL - Packet loss = 100%
[1364184000] CURRENT SERVICE STATE: wdchd003;PING;OK;HARD;1;PING OK - Packet loss = 0%, RTA = 6.53 ms
[1364184000] CURRENT SERVICE STATE: wdchd004;PING;OK;HARD;1;PING OK - Packet loss = 0%, RTA = 6.57 ms
[1364184000] CURRENT SERVICE STATE: wdchd005;PING;CRITICAL;HARD;3;PING CRITICAL - Packet loss = 100%
[1364184000] CURRENT SERVICE STATE: wdchd006;PING;CRITICAL;HARD;3;PING CRITICAL - Packet loss = 100%
[1364184000] CURRENT SERVICE STATE: wdchd007;PING;CRITICAL;HARD;3;PING CRITICAL - Packet loss = 100%
[1364184000] CURRENT SERVICE STATE: wdchd008;PING;OK;HARD;1;PING OK - Packet loss = 0%, RTA = 6.68 ms
[1364184000] CURRENT SERVICE STATE: wdchd009;PING;CRITICAL;HARD;3;PING CRITICAL - Packet loss = 100%
[1364184000] CURRENT SERVICE STATE: wdchd010;PING;CRITICAL;HARD;3;PING CRITICAL - Packet loss = 100%
[1364184000] CURRENT SERVICE STATE: wdchd011;PING;CRITICAL;HARD;3;PING CRITICAL - Packet loss = 100%
[1364184000] CURRENT SERVICE STATE: wdchd012;PING;CRITICAL;HARD;3;PING CRITICAL - Packet loss = 100%
[1364184000] CURRENT SERVICE STATE: wdchd013;PING;CRITICAL;HARD;3;PING CRITICAL - Packet loss = 100%
[1364184000] CURRENT SERVICE STATE: wdchd014;PING;CRITICAL;HARD;3;PING CRITICAL - Packet loss = 100%
[1364184000] CURRENT SERVICE STATE: wdchd015;PING;CRITICAL;HARD;3;PING CRITICAL - Packet loss = 100%
[1364184000] CURRENT SERVICE STATE: wdchd016;PING;OK;HARD;1;PING OK - Packet loss = 0%, RTA = 6.52 ms
[1364184000] CURRENT SERVICE STATE: wdchd017;PING;CRITICAL;HARD;3;PING CRITICAL - Packet loss = 100%
[1364184000] CURRENT SERVICE STATE: wdchd018;PING;CRITICAL;HARD;3;PING CRITICAL - Packet loss = 100%
[1364184000] CURRENT SERVICE STATE: wdchd019;PING;CRITICAL;HARD;3;PING CRITICAL - Packet loss = 100%
[1364184000] CURRENT SERVICE STATE: wdchd020;PING;CRITICAL;HARD;3;PING CRITICAL - Packet loss = 100%
[1364184000] CURRENT SERVICE STATE: wdchd021;PING;CRITICAL;HARD;3;PING CRITICAL - Packet loss = 100%
[1364184000] CURRENT SERVICE STATE: wdchd022;PING;CRITICAL;HARD;3;PING CRITICAL - Packet loss = 100%
[1364184000] CURRENT SERVICE STATE: wdchd023;PING;CRITICAL;HARD;3;PING CRITICAL - Packet loss = 100%
[1364184000] CURRENT SERVICE STATE: wdchd024;PING;OK;HARD;1;PING OK - Packet loss = 0%, RTA = 6.59 ms
[1364184000] CURRENT SERVICE STATE: wdchd025;PING;OK;HARD;1;PING OK - Packet loss = 0%, RTA = 6.80 ms
[1364184000] CURRENT SERVICE STATE: wdchd026;PING;CRITICAL;HARD;3;PING CRITICAL - Packet loss = 100%
[1364184000] CURRENT SERVICE STATE: wdchd027;PING;OK;HARD;1;PING OK - Packet loss = 0%, RTA = 6.62 ms
[1364184000] CURRENT SERVICE STATE: wdchd028;PING;CRITICAL;HARD;3;PING CRITICAL - Packet loss = 100%
[1364184000] CURRENT SERVICE STATE: wdchd029;PING;OK;HARD;1;PING OK - Packet loss = 0%, RTA = 6.58 ms
[1364184000] CURRENT SERVICE STATE: wdchd030;PING;OK;HARD;1;PING OK - Packet loss = 0%, RTA = 6.64 ms
[1364184000] CURRENT SERVICE STATE: wdchd031;PING;OK;HARD;1;PING OK - Packet loss = 0%, RTA = 6.68 ms
[1364184000] CURRENT SERVICE STATE: wdcmd001;PING;OK;HARD;1;PING OK - Packet loss = 0%, RTA = 6.60 ms
[1364184000] CURRENT SERVICE STATE: wdcmd002;PING;OK;HARD;1;PING OK - Packet loss = 0%, RTA = 6.64 ms
[1364184000] CURRENT SERVICE STATE: wdcms001;PING;OK;HARD;1;PING OK - Packet loss = 0%, RTA = 6.57 ms
[1364184000] CURRENT SERVICE STATE: wdcms002;PING;OK;HARD;1;PING OK - Packet loss = 0%, RTA = 6.68 ms
[1364184000] CURRENT SERVICE STATE: wdcms003;PING;OK;HARD;1;PING OK - Packet loss = 0%, RTA = 6.61 ms
[1364184000] CURRENT SERVICE STATE: wdcod001;PING;OK;HARD;1;PING OK - Packet loss = 0%, RTA = 6.59 ms
[1364184000] CURRENT SERVICE STATE: wdcod002;PING;OK;HARD;1;PING OK - Packet loss = 0%, RTA = 6.67 ms
[1364184000] CURRENT SERVICE STATE: wdcod01;PING;OK;HARD;1;PING OK - Packet loss = 0%, RTA = 6.61 ms
[1364184000] CURRENT SERVICE STATE: wdcod02;PING;OK;HARD;1;PING OK - Packet loss = 0%, RTA = 6.50 ms
[1364184000] CURRENT SERVICE STATE: wdcpf001;PING;OK;HARD;1;PING OK - Packet loss = 0%, RTA = 6.60 ms
[1364184000] CURRENT SERVICE STATE: wdcpf002;PING;OK;HARD;1;PING OK - Packet loss = 0%, RTA = 6.68 ms
[1364184000] CURRENT SERVICE STATE: wdcpf03;PING;OK;HARD;1;PING OK - Packet loss = 0%, RTA = 6.36 ms
[1364184000] CURRENT SERVICE STATE: wdcps001;PING;OK;HARD;1;PING OK - Packet loss = 0%, RTA = 6.62 ms
[1364184000] CURRENT SERVICE STATE: wdcps002;PING;OK;HARD;1;PING OK - Packet loss = 0%, RTA = 6.54 ms
[1364184000] CURRENT SERVICE STATE: wdcps003;PING;OK;HARD;1;PING OK - Packet loss = 0%, RTA = 6.49 ms
[1364184000] CURRENT SERVICE STATE: wdcps004;PING;OK;HARD;1;PING OK - Packet loss = 0%, RTA = 6.62 ms
[1364184904] SERVICE ALERT: localhost;Total Processes;WARNING;SOFT;1;PROCS WARNING: 285 processes with STATE = RSZDT
[1364184964] SERVICE ALERT: localhost;Total Processes;OK;SOFT;2;PROCS OK: 143 processes with STATE = RSZDT
[1364186604] Auto-save of retention data completed successfully.
[1364186764] SERVICE ALERT: localhost;Total Processes;WARNING;SOFT;1;PROCS WARNING: 290 processes with STATE = RSZDT
[1364186824] SERVICE ALERT: localhost;Total Processes;OK;SOFT;2;PROCS OK: 138 processes with STATE = RSZDT
[1364188624] SERVICE ALERT: localhost;Total Processes;WARNING;SOFT;1;PROCS WARNING: 284 processes with STATE = RSZDT
[1364188684] SERVICE ALERT: localhost;Total Processes;OK;SOFT;2;PROCS OK: 137 processes with STATE = RSZDT
[1364190204] Auto-save of retention data completed successfully.
[1364190484] SERVICE ALERT: localhost;Total Processes;WARNING;SOFT;1;PROCS WARNING: 284 processes with STATE = RSZDT
[1364190544] SERVICE ALERT: localhost;Total Processes;OK;SOFT;2;PROCS OK: 137 processes with STATE = RSZDT
[1364192344] SERVICE ALERT: localhost;Total Processes;WARNING;SOFT;1;PROCS WARNING: 284 processes with STATE = RSZDT
[1364192404] SERVICE ALERT: localhost;Total Processes;OK;SOFT;2;PROCS OK: 137 processes with STATE = RSZDT
[1364193804] Auto-save of retention data completed successfully.
[1364194204] SERVICE ALERT: localhost;Total Processes;WARNING;SOFT;1;PROCS WARNING: 284 processes with STATE = RSZDT
[1364194264] SERVICE ALERT: localhost;Total Processes;OK;SOFT;2;PROCS OK: 142 processes with STATE = RSZDT
[1364196064] SERVICE ALERT: localhost;Total Processes;WARNING;SOFT;1;PROCS WARNING: 289 processes with STATE = RSZDT
[1364196124] SERVICE ALERT: localhost;Total Processes;OK;SOFT;2;PROCS OK: 137 processes with STATE = RSZDT
[1364197404] Auto-save of retention data completed successfully.
[1364197924] SERVICE ALERT: localhost;Total Processes;WARNING;SOFT;1;PROCS WARNING: 281 processes with STATE = RSZDT
[1364197984] SERVICE ALERT: localhost;Total Processes;OK;SOFT;2;PROCS OK: 137 processes with STATE = RSZDT
[1364199784] SERVICE ALERT: localhost;Total Processes;WARNING;SOFT;1;PROCS WARNING: 281 processes with STATE = RSZDT
[1364199844] SERVICE ALERT: localhost;Total Processes;OK;SOFT;2;PROCS OK: 137 processes with STATE = RSZDT
[1364201004] Auto-save of retention data completed successfully.
[1364201644] SERVICE ALERT: localhost;Total Processes;WARNING;SOFT;1;PROCS WARNING: 284 processes with STATE = RSZDT
[1364201704] SERVICE ALERT: localhost;Total Processes;OK;SOFT;2;PROCS OK: 137 processes with STATE = RSZDT
[1364203504] SERVICE ALERT: localhost;Total Processes;WARNING;SOFT;1;PROCS WARNING: 281 processes with STATE = RSZDT
[1364203564] SERVICE ALERT: localhost;Total Processes;OK;SOFT;2;PROCS OK: 139 processes with STATE = RSZDT
[1364204604] Auto-save of retention data completed successfully.
[1364205364] SERVICE ALERT: localhost;Total Processes;WARNING;SOFT;1;PROCS WARNING: 289 processes with STATE = RSZDT
[1364205424] SERVICE ALERT: localhost;Total Processes;OK;SOFT;2;PROCS OK: 137 processes with STATE = RSZDT
[1364207224] SERVICE ALERT: localhost;Total Processes;WARNING;SOFT;1;PROCS WARNING: 284 processes with STATE = RSZDT
[1364207284] SERVICE ALERT: localhost;Total Processes;OK;SOFT;2;PROCS OK: 136 processes with STATE = RSZDT
[1364208204] Auto-save of retention data completed successfully.
[1364209084] SERVICE ALERT: localhost;Total Processes;WARNING;SOFT;1;PROCS WARNING: 280 processes with STATE = RSZDT
[1364209144] SERVICE ALERT: localhost;Total Processes;OK;SOFT;2;PROCS OK: 136 processes with STATE = RSZDT
[1364210944] SERVICE ALERT: localhost;Total Processes;WARNING;SOFT;1;PROCS WARNING: 287 processes with STATE = RSZDT
[1364211004] SERVICE ALERT: localhost;Total Processes;OK;SOFT;2;PROCS OK: 137 processes with STATE = RSZDT
[1364211804] Auto-save of retention data completed successfully.
[1364212804] SERVICE ALERT: localhost;Total Processes;WARNING;SOFT;1;PROCS WARNING: 281 processes with STATE = RSZDT
[1364212864] SERVICE ALERT: localhost;Total Processes;OK;SOFT;2;PROCS OK: 139 processes with STATE = RSZDT
[1364214664] SERVICE ALERT: localhost;Total Processes;WARNING;SOFT;1;PROCS WARNING: 289 processes with STATE = RSZDT
[1364214724] SERVICE ALERT: localhost;Total Processes;OK;SOFT;2;PROCS OK: 134 processes with STATE = RSZDT
[1364215404] Auto-save of retention data completed successfully.
[1364216524] SERVICE ALERT: localhost;Total Processes;WARNING;SOFT;1;PROCS WARNING: 286 processes with STATE = RSZDT
[1364216584] SERVICE ALERT: localhost;Total Processes;OK;SOFT;2;PROCS OK: 137 processes with STATE = RSZDT
[1364218384] SERVICE ALERT: localhost;Total Processes;WARNING;SOFT;1;PROCS WARNING: 281 processes with STATE = RSZDT
[1364218444] SERVICE ALERT: localhost;Total Processes;OK;SOFT;2;PROCS OK: 137 processes with STATE = RSZDT
[1364219004] Auto-save of retention data completed successfully.
[1364220004] SERVICE ALERT: omnmdk01h0-ny;PING;CRITICAL;SOFT;1;PING CRITICAL - Packet loss = 100%
[1364220034] HOST ALERT: omnmdk01-ny;DOWN;SOFT;1;(Host Check Timed Out)
[1364220044] HOST ALERT: omnmdk01h0-ny;DOWN;SOFT;1;(Host Check Timed Out)
[1364220044] SERVICE ALERT: omnmdk01-ny;PING;CRITICAL;HARD;1;PING CRITICAL - Packet loss = 100%
[1364220064] SERVICE ALERT: omnmdk01h0-ny;PING;CRITICAL;HARD;2;PING CRITICAL - Packet loss = 100%
[1364220124] HOST ALERT: omnmdk01-ny;DOWN;SOFT;2;(Host Check Timed Out)
[1364220144] HOST ALERT: omnmdk01h0-ny;DOWN;SOFT;2;(Host Check Timed Out)
[1364220224] HOST ALERT: omnmdk01-ny;DOWN;SOFT;3;(Host Check Timed Out)
[1364220234] HOST ALERT: omnmdk01h0-ny;DOWN;SOFT;3;(Host Check Timed Out)
[1364220244] SERVICE ALERT: localhost;Total Processes;WARNING;SOFT;1;PROCS WARNING: 285 processes with STATE = RSZDT
[1364220304] SERVICE ALERT: localhost;Total Processes;OK;SOFT;2;PROCS OK: 144 processes with STATE = RSZDT
[1364220314] HOST ALERT: omnmdk01-ny;DOWN;SOFT;4;(Host Check Timed Out)
[1364220334] HOST ALERT: omnmdk01h0-ny;DOWN;SOFT;4;(Host Check Timed Out)
[1364220414] HOST ALERT: omnmdk01-ny;DOWN;SOFT;5;(Host Check Timed Out)
[1364220424] HOST ALERT: omnmdk01h0-ny;DOWN;SOFT;5;(Host Check Timed Out)
[1364220514] HOST ALERT: omnmdk01-ny;DOWN;SOFT;6;(Host Check Timed Out)
[1364220524] HOST ALERT: omnmdk01h0-ny;DOWN;SOFT;6;(Host Check Timed Out)
[1364220584] SERVICE ALERT: omnmdk01-ny;PING;OK;HARD;1;PING OK - Packet loss = 0%, RTA = 0.41 ms
[1364220584] HOST ALERT: omnmdk01-ny;UP;SOFT;7;PING OK - Packet loss = 0%, RTA = 0.52 ms
[1364220594] HOST ALERT: omnmdk01h0-ny;UP;SOFT;7;PING OK - Packet loss = 0%, RTA = 0.50 ms
[1364220604] SERVICE ALERT: omnmdk01h0-ny;PING;OK;HARD;2;PING OK - Packet loss = 0%, RTA = 0.47 ms
[1364221004] SERVICE ALERT: wdcms001;PING;CRITICAL;SOFT;1;PING CRITICAL - Packet loss = 100%
[1364221004] SERVICE ALERT: wdcms002;PING;CRITICAL;SOFT;1;PING CRITICAL - Packet loss = 72%, RTA = 6.62 ms
[1364221004] SERVICE ALERT: wdcms003;PING;CRITICAL;SOFT;1;PING CRITICAL - Packet loss = 100%
[1364221044] HOST ALERT: wdcms002;DOWN;SOFT;1;(Host Check Timed Out)
[1364221044] HOST ALERT: wdcms003;DOWN;SOFT;1;(Host Check Timed Out)
[1364221064] SERVICE ALERT: wdcms001;PING;OK;SOFT;2;PING OK - Packet loss = 0%, RTA = 6.61 ms
[1364221064] SERVICE ALERT: wdcms002;PING;CRITICAL;HARD;2;PING CRITICAL - Packet loss = 100%
[1364221064] SERVICE ALERT: wdcms003;PING;CRITICAL;HARD;2;PING CRITICAL - Packet loss = 72%, RTA = 6.61 ms
[1364221064] HOST ALERT: wdcms003;UP;SOFT;2;PING OK - Packet loss = 73%, RTA = 6.54 ms
[1364221114] HOST ALERT: wdcms002;UP;SOFT;2;PING OK - Packet loss = 0%, RTA = 6.63 ms
[1364221124] SERVICE ALERT: wdcms002;PING;OK;HARD;2;PING OK - Packet loss = 0%, RTA = 6.70 ms
[1364221124] SERVICE ALERT: wdcms003;PING;OK;HARD;2;PING OK - Packet loss = 0%, RTA = 6.56 ms
[1364222104] SERVICE ALERT: localhost;Total Processes;WARNING;SOFT;1;PROCS WARNING: 282 processes with STATE = RSZDT
[1364222164] SERVICE ALERT: localhost;Total Processes;OK;SOFT;2;PROCS OK: 143 processes with STATE = RSZDT
[1364222604] Auto-save of retention data completed successfully.
[1364223964] SERVICE ALERT: localhost;Total Processes;WARNING;SOFT;1;PROCS WARNING: 286 processes with STATE = RSZDT
[1364224024] SERVICE ALERT: localhost;Total Processes;OK;SOFT;2;PROCS OK: 134 processes with STATE = RSZDT
[1364225824] SERVICE ALERT: localhost;Total Processes;WARNING;SOFT;1;PROCS WARNING: 284 processes with STATE = RSZDT
[1364225884] SERVICE ALERT: localhost;Total Processes;OK;SOFT;2;PROCS OK: 137 processes with STATE = RSZDT
[1364226204] Auto-save of retention data completed successfully.
[1364227684] SERVICE ALERT: localhost;Total Processes;WARNING;SOFT;1;PROCS WARNING: 284 processes with STATE = RSZDT
[1364227744] SERVICE ALERT: localhost;Total Processes;OK;SOFT;2;PROCS OK: 140 processes with STATE = RSZDT
[1364229544] SERVICE ALERT: localhost;Total Processes;WARNING;SOFT;1;PROCS WARNING: 284 processes with STATE = RSZDT
[1364229604] SERVICE ALERT: localhost;Total Processes;OK;SOFT;2;PROCS OK: 137 processes with STATE = RSZDT
[1364229804] Auto-save of retention data completed successfully.
[1364231404] SERVICE ALERT: localhost;Total Processes;WARNING;SOFT;1;PROCS WARNING: 281 processes with STATE = RSZDT
[1364231464] SERVICE ALERT: localhost;Total Processes;OK;SOFT;2;PROCS OK: 142 processes with STATE = RSZDT
[1364233264] SERVICE ALERT: localhost;Total Processes;WARNING;SOFT;1;PROCS WARNING: 290 processes with STATE = RSZDT
[1364233324] SERVICE ALERT: localhost;Total Processes;OK;SOFT;2;PROCS OK: 135 processes with STATE = RSZDT
[1364233404] Auto-save of retention data completed successfully.
[1364235124] SERVICE ALERT: localhost;Total Processes;WARNING;SOFT;1;PROCS WARNING: 282 processes with STATE = RSZDT
[1364235184] SERVICE ALERT: localhost;Total Processes;OK;SOFT;2;PROCS OK: 138 processes with STATE = RSZDT
[1364236984] SERVICE ALERT: localhost;Total Processes;WARNING;SOFT;1;PROCS WARNING: 281 processes with STATE = RSZDT
[1364237004] Auto-save of retention data completed successfully.
[1364237044] SERVICE ALERT: localhost;Total Processes;OK;SOFT;2;PROCS OK: 137 processes with STATE = RSZDT
[1364238844] SERVICE ALERT: localhost;Total Processes;WARNING;SOFT;1;PROCS WARNING: 281 processes with STATE = RSZDT
[1364238904] SERVICE ALERT: localhost;Total Processes;OK;SOFT;2;PROCS OK: 137 processes with STATE = RSZDT
[1364240604] Auto-save of retention data completed successfully.
[1364240704] SERVICE ALERT: localhost;Total Processes;WARNING;SOFT;1;PROCS WARNING: 283 processes with STATE = RSZDT
[1364240764] SERVICE ALERT: localhost;Total Processes;OK;SOFT;2;PROCS OK: 144 processes with STATE = RSZDT
[1364242564] SERVICE ALERT: localhost;Total Processes;WARNING;SOFT;1;PROCS WARNING: 292 processes with STATE = RSZDT
[1364242624] SERVICE ALERT: localhost;Total Processes;OK;SOFT;2;PROCS OK: 142 processes with STATE = RSZDT
[1364244204] Auto-save of retention data completed successfully.
[1364244424] SERVICE ALERT: localhost;Total Processes;WARNING;SOFT;1;PROCS WARNING: 284 processes with STATE = RSZDT
[1364244484] SERVICE ALERT: localhost;Total Processes;OK;SOFT;2;PROCS OK: 140 processes with STATE = RSZDT
[1364246284] SERVICE ALERT: localhost;Total Processes;WARNING;SOFT;1;PROCS WARNING: 284 processes with STATE = RSZDT
[1364246344] SERVICE ALERT: localhost;Total Processes;OK;SOFT;2;PROCS OK: 137 processes with STATE = RSZDT
[1364247804] Auto-save of retention data completed successfully.
[1364248144] SERVICE ALERT: localhost;Total Processes;WARNING;SOFT;1;PROCS WARNING: 284 processes with STATE = RSZDT
[1364248204] SERVICE ALERT: localhost;Total Processes;OK;SOFT;2;PROCS OK: 137 processes with STATE = RSZDT
[1364250004] SERVICE ALERT: localhost;Total Processes;WARNING;SOFT;1;PROCS WARNING: 282 processes with STATE = RSZDT
[1364250064] SERVICE ALERT: localhost;Total Processes;OK;SOFT;2;PROCS OK: 143 processes with STATE = RSZDT
[1364251404] Auto-save of retention data completed successfully.
[1364251864] SERVICE ALERT: localhost;Total Processes;WARNING;SOFT;1;PROCS WARNING: 289 processes with STATE = RSZDT
[1364251924] SERVICE ALERT: localhost;Total Processes;OK;SOFT;2;PROCS OK: 140 processes with STATE = RSZDT
[1364253724] SERVICE ALERT: localhost;Total Processes;WARNING;SOFT;1;PROCS WARNING: 284 processes with STATE = RSZDT
[1364253784] SERVICE ALERT: localhost;Total Processes;OK;SOFT;2;PROCS OK: 137 processes with STATE = RSZDT
[1364255004] Auto-save of retention data completed successfully.
[1364255584] SERVICE ALERT: localhost;Total Processes;WARNING;SOFT;1;PROCS WARNING: 283 processes with STATE = RSZDT
[1364255644] SERVICE ALERT: localhost;Total Processes;OK;SOFT;2;PROCS OK: 136 processes with STATE = RSZDT
[1364257444] SERVICE ALERT: localhost;Total Processes;WARNING;SOFT;1;PROCS WARNING: 283 processes with STATE = RSZDT
[1364257504] SERVICE ALERT: localhost;Total Processes;OK;SOFT;2;PROCS OK: 136 processes with STATE = RSZDT
[1364258604] Auto-save of retention data completed successfully.
[1364259304] SERVICE ALERT: localhost;Total Processes;WARNING;SOFT;1;PROCS WARNING: 282 processes with STATE = RSZDT
[1364259364] SERVICE ALERT: localhost;Total Processes;OK;SOFT;2;PROCS OK: 141 processes with STATE = RSZDT
[1364261164] SERVICE ALERT: localhost;Total Processes;WARNING;SOFT;1;PROCS WARNING: 286 processes with STATE = RSZDT
[1364261224] SERVICE ALERT: localhost;Total Processes;OK;SOFT;2;PROCS OK: 137 processes with STATE = RSZDT
[1364262204] Auto-save of retention data completed successfully.
[1364263024] SERVICE ALERT: localhost;Total Processes;WARNING;SOFT;1;PROCS WARNING: 281 processes with STATE = RSZDT
[1364263084] SERVICE ALERT: localhost;Total Processes;OK;SOFT;2;PROCS OK: 137 processes with STATE = RSZDT
[1364264884] SERVICE ALERT: localhost;Total Processes;WARNING;SOFT;1;PROCS WARNING: 284 processes with STATE = RSZDT
[1364264944] SERVICE ALERT: localhost;Total Processes;OK;SOFT;2;PROCS OK: 137 processes with STATE = RSZDT
[1364265804] Auto-save of retention data completed successfully.
[1364266744] SERVICE ALERT: localhost;Total Processes;WARNING;SOFT;1;PROCS WARNING: 282 processes with STATE = RSZDT
[1364266804] SERVICE ALERT: localhost;Total Processes;OK;SOFT;2;PROCS OK: 138 processes with STATE = RSZDT
[1364268604] SERVICE ALERT: localhost;Total Processes;WARNING;SOFT;1;PROCS WARNING: 281 processes with STATE = RSZDT
[1364268664] SERVICE ALERT: localhost;Total Processes;OK;SOFT;2;PROCS OK: 139 processes with STATE = RSZDT
[1364269404] Auto-save of retention data completed successfully.
