[1375588800] LOG ROTATION: DAILY
[1375588800] LOG VERSION: 2.0
[1375588800] CURRENT HOST STATE: deimos;UP;HARD;1;PING OK - Packet loss = 0%, RTA = 0.19 ms
[1375588800] CURRENT HOST STATE: localhost;UP;HARD;1;PING OK - Packet loss = 0%, RTA = 0.03 ms
[1375588800] CURRENT HOST STATE: msny;UP;HARD;1;PING OK - Packet loss = 0%, RTA = 0.25 ms
[1375588800] CURRENT HOST STATE: nyarxlator1;UP;HARD;1;PING OK - Packet loss = 0%, RTA = 0.28 ms
[1375588800] CURRENT HOST STATE: nyarxlator2;UP;HARD;1;PING OK - Packet loss = 0%, RTA = 0.29 ms
[1375588800] CURRENT HOST STATE: nyarxlator3;UP;HARD;1;PING OK - Packet loss = 0%, RTA = 0.29 ms
[1375588800] CURRENT HOST STATE: nyarxlator4;UP;HARD;1;PING OK - Packet loss = 0%, RTA = 0.27 ms
[1375588800] CURRENT HOST STATE: nycnn-adbeame1;UP;HARD;1;PING OK - Packet loss = 0%, RTA = 0.33 ms
[1375588800] CURRENT HOST STATE: nycnn-adbeame10;UP;HARD;1;PING OK - Packet loss = 0%, RTA = 0.30 ms
[1375588800] CURRENT HOST STATE: nycnn-adbeame2;UP;HARD;1;PING OK - Packet loss = 0%, RTA = 0.30 ms
[1375588800] CURRENT HOST STATE: nycnn-adbeame3;UP;HARD;1;PING OK - Packet loss = 0%, RTA = 0.34 ms
[1375588800] CURRENT HOST STATE: nycnn-adbeame4;UP;HARD;1;PING OK - Packet loss = 0%, RTA = 0.28 ms
[1375588800] CURRENT HOST STATE: nycnn-adbeame5;UP;HARD;1;PING OK - Packet loss = 0%, RTA = 0.28 ms
[1375588800] CURRENT HOST STATE: nycnn-adbeame6;UP;HARD;1;PING OK - Packet loss = 0%, RTA = 0.29 ms
[1375588800] CURRENT HOST STATE: nycnn-adbeame7;UP;HARD;1;PING OK - Packet loss = 0%, RTA = 0.27 ms
[1375588800] CURRENT HOST STATE: nycnn-adbeame8;UP;HARD;1;PING OK - Packet loss = 0%, RTA = 0.35 ms
[1375588800] CURRENT HOST STATE: nycnn-adbeame9;UP;HARD;1;PING OK - Packet loss = 0%, RTA = 0.28 ms
[1375588800] CURRENT HOST STATE: nycnn-adbectrl1;UP;HARD;1;PING OK - Packet loss = 0%, RTA = 0.26 ms
[1375588800] CURRENT HOST STATE: nycnn-adbectrl2;UP;HARD;1;PING OK - Packet loss = 0%, RTA = 0.32 ms
[1375588800] CURRENT HOST STATE: nycnn-arapp1;UP;HARD;1;PING OK - Packet loss = 0%, RTA = 0.30 ms
[1375588800] CURRENT HOST STATE: nycnn-arapp2;UP;HARD;1;PING OK - Packet loss = 0%, RTA = 0.59 ms
[1375588800] CURRENT HOST STATE: nycnn-ardb1;UP;HARD;1;PING OK - Packet loss = 0%, RTA = 0.27 ms
[1375588800] CURRENT HOST STATE: nycnn-ardb2;UP;HARD;1;PING OK - Packet loss = 0%, RTA = 0.24 ms
[1375588800] CURRENT HOST STATE: nycnn-arvtrmops;UP;HARD;1;PING OK - Packet loss = 0%, RTA = 0.29 ms
[1375588800] CURRENT HOST STATE: nycnn-arvtrtape;UP;HARD;1;PING OK - Packet loss = 0%, RTA = 0.31 ms
[1375588800] CURRENT HOST STATE: nycnn-arxlator1;UP;HARD;1;PING OK - Packet loss = 0%, RTA = 0.26 ms
[1375588800] CURRENT HOST STATE: nycnn-arxlator2;UP;HARD;1;PING OK - Packet loss = 0%, RTA = 0.26 ms
[1375588800] CURRENT HOST STATE: nycnn-arxlator3;UP;HARD;1;PING OK - Packet loss = 0%, RTA = 0.31 ms
[1375588800] CURRENT HOST STATE: nycnn-arxlator4;UP;HARD;1;PING OK - Packet loss = 0%, RTA = 0.30 ms
[1375588800] CURRENT HOST STATE: nycnn-editxfer-switch;UP;HARD;1;PING OK - Packet loss = 0%, RTA = 0.27 ms
[1375588800] CURRENT HOST STATE: nycnn-editxfer3;UP;HARD;1;PING OK - Packet loss = 0%, RTA = 0.12 ms
[1375588800] CURRENT HOST STATE: nycnn-editxfer4;UP;HARD;1;PING OK - Packet loss = 0%, RTA = 0.14 ms
[1375588800] CURRENT HOST STATE: nycnn-gridpushpull1;UP;HARD;1;PING OK - Packet loss = 0%, RTA = 0.27 ms
[1375588800] CURRENT HOST STATE: nycnn-gridpushpull2;UP;HARD;1;PING OK - Packet loss = 0%, RTA = 0.27 ms
[1375588800] CURRENT HOST STATE: nycnn-ipvapilic;UP;HARD;1;PING OK - Packet loss = 0%, RTA = 0.19 ms
[1375588800] CURRENT HOST STATE: nycnn-ipvproxy1;UP;HARD;1;PING OK - Packet loss = 0%, RTA = 0.28 ms
[1375588800] CURRENT HOST STATE: nycnn-ipvproxy2;UP;HARD;1;PING OK - Packet loss = 0%, RTA = 0.31 ms
[1375588800] CURRENT HOST STATE: nycnn-ipvsphn1;UP;HARD;1;PING OK - Packet loss = 0%, RTA = 0.21 ms
[1375588800] CURRENT HOST STATE: nycnn-ipvsphn2;UP;HARD;1;PING OK - Packet loss = 0%, RTA = 0.17 ms
[1375588800] CURRENT HOST STATE: nycnn-ipvsphn3;UP;HARD;1;PING OK - Packet loss = 0%, RTA = 0.19 ms
[1375588800] CURRENT HOST STATE: nycnn-ipvsphn4;UP;HARD;1;PING OK - Packet loss = 0%, RTA = 0.17 ms
[1375588800] CURRENT HOST STATE: nycnn-ipvsphn5;UP;HARD;1;PING OK - Packet loss = 0%, RTA = 0.19 ms
[1375588800] CURRENT HOST STATE: nycnn-ipvstrm1;UP;HARD;1;PING OK - Packet loss = 0%, RTA = 0.23 ms
[1375588800] CURRENT HOST STATE: nycnn-ipvstrm2;UP;HARD;1;PING OK - Packet loss = 0%, RTA = 0.24 ms
[1375588800] CURRENT HOST STATE: nycnn-ipvstrm3;UP;HARD;1;PING OK - Packet loss = 0%, RTA = 0.24 ms
[1375588800] CURRENT HOST STATE: nycnn-ipvstrm4;UP;HARD;1;PING OK - Packet loss = 0%, RTA = 0.22 ms
[1375588800] CURRENT HOST STATE: nycnn-ipvx1;UP;HARD;1;PING OK - Packet loss = 0%, RTA = 0.21 ms
[1375588800] CURRENT HOST STATE: nycnn-ipvx10;UP;HARD;1;PING OK - Packet loss = 0%, RTA = 0.18 ms
[1375588800] CURRENT HOST STATE: nycnn-ipvx10e1;UP;HARD;1;PING OK - Packet loss = 0%, RTA = 0.19 ms
[1375588800] CURRENT HOST STATE: nycnn-ipvx11;UP;HARD;1;PING OK - Packet loss = 0%, RTA = 0.19 ms
[1375588800] CURRENT HOST STATE: nycnn-ipvx11e1;UP;HARD;1;PING OK - Packet loss = 0%, RTA = 0.20 ms
[1375588800] CURRENT HOST STATE: nycnn-ipvx12;UP;HARD;1;PING OK - Packet loss = 0%, RTA = 0.21 ms
[1375588800] CURRENT HOST STATE: nycnn-ipvx12e1;UP;HARD;1;PING OK - Packet loss = 0%, RTA = 0.24 ms
[1375588800] CURRENT HOST STATE: nycnn-ipvx13;UP;HARD;1;PING OK - Packet loss = 0%, RTA = 0.21 ms
[1375588800] CURRENT HOST STATE: nycnn-ipvx13e1;UP;HARD;1;PING OK - Packet loss = 0%, RTA = 0.24 ms
[1375588800] CURRENT HOST STATE: nycnn-ipvx14;UP;HARD;1;PING OK - Packet loss = 0%, RTA = 0.18 ms
[1375588800] CURRENT HOST STATE: nycnn-ipvx14e1;UP;HARD;1;PING OK - Packet loss = 0%, RTA = 0.17 ms
[1375588800] CURRENT HOST STATE: nycnn-ipvx15;UP;HARD;1;PING OK - Packet loss = 0%, RTA = 0.19 ms
[1375588800] CURRENT HOST STATE: nycnn-ipvx15e1;UP;HARD;1;PING OK - Packet loss = 0%, RTA = 0.19 ms
[1375588800] CURRENT HOST STATE: nycnn-ipvx16;UP;HARD;1;PING OK - Packet loss = 0%, RTA = 0.19 ms
[1375588800] CURRENT HOST STATE: nycnn-ipvx16e1;UP;HARD;1;PING OK - Packet loss = 0%, RTA = 0.20 ms
[1375588800] CURRENT HOST STATE: nycnn-ipvx17;UP;HARD;1;PING OK - Packet loss = 0%, RTA = 0.21 ms
[1375588800] CURRENT HOST STATE: nycnn-ipvx17e1;UP;HARD;1;PING OK - Packet loss = 0%, RTA = 0.19 ms
[1375588800] CURRENT HOST STATE: nycnn-ipvx18;UP;HARD;1;PING OK - Packet loss = 0%, RTA = 0.18 ms
[1375588800] CURRENT HOST STATE: nycnn-ipvx18e1;UP;HARD;1;PING OK - Packet loss = 0%, RTA = 0.19 ms
[1375588800] CURRENT HOST STATE: nycnn-ipvx19;UP;HARD;1;PING OK - Packet loss = 0%, RTA = 0.17 ms
[1375588800] CURRENT HOST STATE: nycnn-ipvx19e1;UP;HARD;1;PING OK - Packet loss = 0%, RTA = 0.20 ms
[1375588800] CURRENT HOST STATE: nycnn-ipvx1e1;UP;HARD;1;PING OK - Packet loss = 0%, RTA = 0.19 ms
[1375588800] CURRENT HOST STATE: nycnn-ipvx2;UP;HARD;1;PING OK - Packet loss = 0%, RTA = 0.23 ms
[1375588800] CURRENT HOST STATE: nycnn-ipvx20;UP;HARD;1;PING OK - Packet loss = 0%, RTA = 0.21 ms
[1375588800] CURRENT HOST STATE: nycnn-ipvx20e1;UP;HARD;1;PING OK - Packet loss = 0%, RTA = 0.23 ms
[1375588800] CURRENT HOST STATE: nycnn-ipvx21;UP;HARD;1;PING OK - Packet loss = 0%, RTA = 0.16 ms
[1375588800] CURRENT HOST STATE: nycnn-ipvx21e1;UP;HARD;1;PING OK - Packet loss = 0%, RTA = 0.19 ms
[1375588800] CURRENT HOST STATE: nycnn-ipvx22;UP;HARD;1;PING OK - Packet loss = 0%, RTA = 0.19 ms
[1375588800] CURRENT HOST STATE: nycnn-ipvx22e1;UP;HARD;1;PING OK - Packet loss = 0%, RTA = 0.22 ms
[1375588800] CURRENT HOST STATE: nycnn-ipvx23;UP;HARD;1;PING OK - Packet loss = 0%, RTA = 0.22 ms
[1375588800] CURRENT HOST STATE: nycnn-ipvx23e1;UP;HARD;1;PING OK - Packet loss = 0%, RTA = 0.17 ms
[1375588800] CURRENT HOST STATE: nycnn-ipvx24;UP;HARD;1;PING OK - Packet loss = 0%, RTA = 0.21 ms
[1375588800] CURRENT HOST STATE: nycnn-ipvx24e1;UP;HARD;1;PING OK - Packet loss = 0%, RTA = 0.19 ms
[1375588800] CURRENT HOST STATE: nycnn-ipvx25;UP;HARD;1;PING OK - Packet loss = 0%, RTA = 0.19 ms
[1375588800] CURRENT HOST STATE: nycnn-ipvx25e1;UP;HARD;1;PING OK - Packet loss = 0%, RTA = 0.19 ms
[1375588800] CURRENT HOST STATE: nycnn-ipvx26;UP;HARD;1;PING OK - Packet loss = 0%, RTA = 0.40 ms
[1375588800] CURRENT HOST STATE: nycnn-ipvx26e1;UP;HARD;1;PING OK - Packet loss = 0%, RTA = 0.20 ms
[1375588800] CURRENT HOST STATE: nycnn-ipvx27;UP;HARD;1;PING OK - Packet loss = 0%, RTA = 0.19 ms
[1375588800] CURRENT HOST STATE: nycnn-ipvx27e1;UP;HARD;1;PING OK - Packet loss = 0%, RTA = 0.17 ms
[1375588800] CURRENT HOST STATE: nycnn-ipvx28;UP;HARD;1;PING OK - Packet loss = 0%, RTA = 0.19 ms
[1375588800] CURRENT HOST STATE: nycnn-ipvx28e1;UP;HARD;1;PING OK - Packet loss = 0%, RTA = 0.20 ms
[1375588800] CURRENT HOST STATE: nycnn-ipvx29;UP;HARD;1;PING OK - Packet loss = 0%, RTA = 0.21 ms
[1375588800] CURRENT HOST STATE: nycnn-ipvx29e1;UP;HARD;1;PING OK - Packet loss = 0%, RTA = 0.18 ms
[1375588800] CURRENT HOST STATE: nycnn-ipvx2e1;UP;HARD;1;PING OK - Packet loss = 0%, RTA = 0.17 ms
[1375588800] CURRENT HOST STATE: nycnn-ipvx3;UP;HARD;1;PING OK - Packet loss = 0%, RTA = 0.21 ms
[1375588800] CURRENT HOST STATE: nycnn-ipvx30;UP;HARD;1;PING OK - Packet loss = 0%, RTA = 0.24 ms
[1375588800] CURRENT HOST STATE: nycnn-ipvx30e1;UP;HARD;1;PING OK - Packet loss = 0%, RTA = 0.22 ms
[1375588800] CURRENT HOST STATE: nycnn-ipvx31;UP;HARD;1;PING OK - Packet loss = 0%, RTA = 0.24 ms
[1375588800] CURRENT HOST STATE: nycnn-ipvx31e1;UP;HARD;1;PING OK - Packet loss = 0%, RTA = 0.23 ms
[1375588800] CURRENT HOST STATE: nycnn-ipvx32;UP;HARD;1;PING OK - Packet loss = 0%, RTA = 0.22 ms
[1375588800] CURRENT HOST STATE: nycnn-ipvx32e1;UP;HARD;1;PING OK - Packet loss = 0%, RTA = 0.19 ms
[1375588800] CURRENT HOST STATE: nycnn-ipvx33;UP;HARD;1;PING OK - Packet loss = 0%, RTA = 0.19 ms
[1375588800] CURRENT HOST STATE: nycnn-ipvx33e1;UP;HARD;1;PING OK - Packet loss = 0%, RTA = 0.18 ms
[1375588800] CURRENT HOST STATE: nycnn-ipvx34;UP;HARD;1;PING OK - Packet loss = 0%, RTA = 0.33 ms
[1375588800] CURRENT HOST STATE: nycnn-ipvx34e1;UP;HARD;1;PING OK - Packet loss = 0%, RTA = 0.18 ms
[1375588800] CURRENT HOST STATE: nycnn-ipvx35;UP;HARD;1;PING OK - Packet loss = 0%, RTA = 0.19 ms
[1375588800] CURRENT HOST STATE: nycnn-ipvx35e1;UP;HARD;1;PING OK - Packet loss = 0%, RTA = 0.22 ms
[1375588800] CURRENT HOST STATE: nycnn-ipvx3e1;UP;HARD;1;PING OK - Packet loss = 0%, RTA = 0.23 ms
[1375588800] CURRENT HOST STATE: nycnn-ipvx4;UP;HARD;1;PING OK - Packet loss = 0%, RTA = 0.17 ms
[1375588800] CURRENT HOST STATE: nycnn-ipvx4e1;UP;HARD;1;PING OK - Packet loss = 0%, RTA = 0.22 ms
[1375588800] CURRENT HOST STATE: nycnn-ipvx5;UP;HARD;1;PING OK - Packet loss = 0%, RTA = 0.22 ms
[1375588800] CURRENT HOST STATE: nycnn-ipvx5e1;UP;HARD;1;PING OK - Packet loss = 0%, RTA = 0.19 ms
[1375588800] CURRENT HOST STATE: nycnn-ipvx6;UP;HARD;1;PING OK - Packet loss = 0%, RTA = 0.18 ms
[1375588800] CURRENT HOST STATE: nycnn-ipvx6e1;UP;HARD;1;PING OK - Packet loss = 0%, RTA = 0.24 ms
[1375588800] CURRENT HOST STATE: nycnn-ipvx7;UP;HARD;1;PING OK - Packet loss = 0%, RTA = 0.20 ms
[1375588800] CURRENT HOST STATE: nycnn-ipvx7e1;UP;HARD;1;PING OK - Packet loss = 0%, RTA = 0.24 ms
[1375588800] CURRENT HOST STATE: nycnn-ipvx8;UP;HARD;1;PING OK - Packet loss = 0%, RTA = 0.19 ms
[1375588800] CURRENT HOST STATE: nycnn-ipvx8e1;UP;HARD;1;PING OK - Packet loss = 0%, RTA = 0.21 ms
[1375588800] CURRENT HOST STATE: nycnn-ipvx9;UP;HARD;1;PING OK - Packet loss = 0%, RTA = 0.18 ms
[1375588800] CURRENT HOST STATE: nycnn-ipvx9e1;UP;HARD;1;PING OK - Packet loss = 0%, RTA = 0.28 ms
[1375588800] CURRENT HOST STATE: nycnn-kickstart;UP;HARD;1;PING OK - Packet loss = 0%, RTA = 0.24 ms
[1375588800] CURRENT HOST STATE: nycnn-mamdb1;UP;HARD;1;PING OK - Packet loss = 0%, RTA = 0.21 ms
[1375588800] CURRENT HOST STATE: nycnn-mamdb2;UP;HARD;1;PING OK - Packet loss = 0%, RTA = 0.23 ms
[1375588800] CURRENT HOST STATE: nycnn-mamfog;UP;HARD;1;PING OK - Packet loss = 0%, RTA = 0.16 ms
[1375588800] CURRENT HOST STATE: nycnn-mamkey1;UP;HARD;1;PING OK - Packet loss = 0%, RTA = 0.23 ms
[1375588800] CURRENT HOST STATE: nycnn-mamkey2;UP;HARD;1;PING OK - Packet loss = 0%, RTA = 0.25 ms
[1375588800] CURRENT HOST STATE: nycnn-mammq1;UP;HARD;1;PING OK - Packet loss = 0%, RTA = 0.26 ms
[1375588800] CURRENT HOST STATE: nycnn-mammq2;UP;HARD;1;PING OK - Packet loss = 0%, RTA = 0.21 ms
[1375588800] CURRENT HOST STATE: nycnn-ms2app3;UP;HARD;1;PING OK - Packet loss = 0%, RTA = 0.19 ms
[1375588800] CURRENT HOST STATE: nycnn-ms2app4;UP;HARD;1;PING OK - Packet loss = 0%, RTA = 0.25 ms
[1375588800] CURRENT HOST STATE: nycnn-ms2db1;UP;HARD;1;PING OK - Packet loss = 0%, RTA = 0.28 ms
[1375588800] CURRENT HOST STATE: nycnn-ms2db2;UP;HARD;1;PING OK - Packet loss = 0%, RTA = 0.20 ms
[1375588800] CURRENT HOST STATE: nycnn-ms2db3;UP;HARD;1;PING OK - Packet loss = 0%, RTA = 0.24 ms
[1375588800] CURRENT HOST STATE: nycnn-ms2fsd;UP;HARD;1;PING OK - Packet loss = 0%, RTA = 0.29 ms
[1375588800] CURRENT HOST STATE: nycnn-ms2fsd1;UP;HARD;1;PING OK - Packet loss = 0%, RTA = 0.19 ms
[1375588800] CURRENT HOST STATE: nycnn-ms2fsd2;UP;HARD;1;PING OK - Packet loss = 0%, RTA = 0.14 ms
[1375588800] CURRENT HOST STATE: nycnn-ms2stills1;UP;HARD;1;PING OK - Packet loss = 0%, RTA = 0.49 ms
[1375588800] CURRENT HOST STATE: nycnn-ms2stills2;UP;HARD;1;PING OK - Packet loss = 0%, RTA = 0.47 ms
[1375588800] CURRENT HOST STATE: nycnn-nag1;UP;HARD;1;PING OK - Packet loss = 0%, RTA = 0.32 ms
[1375588800] CURRENT HOST STATE: nycnn-nag2;UP;HARD;1;PING OK - Packet loss = 0%, RTA = 0.27 ms
[1375588800] CURRENT HOST STATE: nycnn-nag4;UP;HARD;1;PING OK - Packet loss = 0%, RTA = 0.27 ms
[1375588800] CURRENT HOST STATE: nycnn-splunk;UP;HARD;1;PING OK - Packet loss = 0%, RTA = 0.29 ms
[1375588800] CURRENT HOST STATE: nyhdscheduler;UP;HARD;1;PING OK - Packet loss = 0%, RTA = 0.26 ms
[1375588800] CURRENT HOST STATE: nymamkey;UP;HARD;1;PING OK - Packet loss = 0%, RTA = 0.31 ms
[1375588800] CURRENT HOST STATE: nymq;UP;HARD;1;PING OK - Packet loss = 0%, RTA = 0.25 ms
[1375588800] CURRENT HOST STATE: nyproxygenhd;UP;HARD;1;PING OK - Packet loss = 0%, RTA = 0.27 ms
[1375588800] CURRENT HOST STATE: nyvideodrop;UP;HARD;1;PING OK - Packet loss = 0%, RTA = 0.26 ms
[1375588800] CURRENT HOST STATE: omnclda01-ny;UP;HARD;1;PING OK - Packet loss = 0%, RTA = 0.28 ms
[1375588800] CURRENT HOST STATE: omnclda01e1-ny;UP;HARD;1;PING OK - Packet loss = 0%, RTA = 0.29 ms
[1375588800] CURRENT HOST STATE: omnclda02-ny;UP;HARD;1;PING OK - Packet loss = 0%, RTA = 0.26 ms
[1375588800] CURRENT HOST STATE: omnclda02e1-ny;UP;HARD;1;PING OK - Packet loss = 0%, RTA = 0.30 ms
[1375588800] CURRENT HOST STATE: omnclda03-ny;UP;HARD;1;PING OK - Packet loss = 0%, RTA = 0.27 ms
[1375588800] CURRENT HOST STATE: omnclda03e1-ny;UP;HARD;1;PING OK - Packet loss = 0%, RTA = 0.25 ms
[1375588800] CURRENT HOST STATE: omnhbcba01-ny;UP;HARD;1;PING OK - Packet loss = 0%, RTA = 0.25 ms
[1375588800] CURRENT HOST STATE: omnhbcba02-ny;UP;HARD;1;PING OK - Packet loss = 0%, RTA = 0.23 ms
[1375588800] CURRENT HOST STATE: omnhbcba03-ny;UP;HARD;1;PING OK - Packet loss = 0%, RTA = 0.25 ms
[1375588800] CURRENT HOST STATE: omnhbcba04-ny;UP;HARD;1;PING OK - Packet loss = 0%, RTA = 0.26 ms
[1375588800] CURRENT HOST STATE: omnhbcba05-ny;UP;HARD;1;PING OK - Packet loss = 0%, RTA = 0.24 ms
[1375588800] CURRENT HOST STATE: omnhbcba06-ny;UP;HARD;1;PING OK - Packet loss = 0%, RTA = 0.26 ms
[1375588800] CURRENT HOST STATE: omnhbcba07-ny;UP;HARD;1;PING OK - Packet loss = 0%, RTA = 0.25 ms
[1375588800] CURRENT HOST STATE: omnhbcba08-ny;UP;HARD;1;PING OK - Packet loss = 0%, RTA = 0.28 ms
[1375588800] CURRENT HOST STATE: omnhbcba09-ny;UP;HARD;1;PING OK - Packet loss = 0%, RTA = 0.23 ms
[1375588800] CURRENT HOST STATE: omnhbcba10-ny;UP;HARD;1;PING OK - Packet loss = 0%, RTA = 0.24 ms
[1375588800] CURRENT HOST STATE: omnhbcba11-ny;UP;HARD;1;PING OK - Packet loss = 0%, RTA = 0.25 ms
[1375588800] CURRENT HOST STATE: omnhbcba12-ny;UP;HARD;1;PING OK - Packet loss = 0%, RTA = 0.25 ms
[1375588800] CURRENT HOST STATE: omnldap1-ny;UP;HARD;1;PING OK - Packet loss = 0%, RTA = 0.26 ms
[1375588800] CURRENT HOST STATE: omnldap2-ny;UP;HARD;1;PING OK - Packet loss = 0%, RTA = 0.31 ms
[1375588800] CURRENT HOST STATE: omnmas1app-ny;UP;HARD;1;PING OK - Packet loss = 0%, RTA = 0.23 ms
[1375588800] CURRENT HOST STATE: omnmas1app1-ny;UP;HARD;1;PING OK - Packet loss = 0%, RTA = 0.22 ms
[1375588800] CURRENT HOST STATE: omnmas1app2-ny;UP;HARD;1;PING OK - Packet loss = 0%, RTA = 0.23 ms
[1375588800] CURRENT HOST STATE: omnmas1db-ny;UP;HARD;1;PING OK - Packet loss = 0%, RTA = 0.30 ms
[1375588800] CURRENT HOST STATE: omnmas1db1-ny;UP;HARD;1;PING OK - Packet loss = 0%, RTA = 0.22 ms
[1375588800] CURRENT HOST STATE: omnmas1db2-ny;UP;HARD;1;PING OK - Packet loss = 0%, RTA = 0.28 ms
[1375588800] CURRENT HOST STATE: omnmas2app-ny;DOWN;HARD;1;(Host Check Timed Out)
[1375588800] CURRENT HOST STATE: omnmas2app1-ny;UP;HARD;1;PING OK - Packet loss = 0%, RTA = 0.29 ms
[1375588800] CURRENT HOST STATE: omnmas2app2-ny;UP;HARD;1;PING OK - Packet loss = 0%, RTA = 0.29 ms
[1375588800] CURRENT HOST STATE: omnmas2db-ny;UP;HARD;1;PING OK - Packet loss = 0%, RTA = 0.28 ms
[1375588800] CURRENT HOST STATE: omnmas2db1-ny;UP;HARD;1;PING OK - Packet loss = 0%, RTA = 0.21 ms
[1375588800] CURRENT HOST STATE: omnmas2db2-ny;UP;HARD;1;PING OK - Packet loss = 0%, RTA = 0.30 ms
[1375588800] CURRENT HOST STATE: omnmdir01-ny;UP;HARD;1;PING OK - Packet loss = 0%, RTA = 0.21 ms
[1375588800] CURRENT HOST STATE: omnmdir01e1-ny;UP;HARD;1;PING OK - Packet loss = 0%, RTA = 0.18 ms
[1375588800] CURRENT HOST STATE: omnmdir02-ny;UP;HARD;1;PING OK - Packet loss = 0%, RTA = 0.18 ms
[1375588800] CURRENT HOST STATE: omnmdir02e1-ny;UP;HARD;1;PING OK - Packet loss = 0%, RTA = 0.19 ms
[1375588800] CURRENT HOST STATE: omnmdir03-ny;UP;HARD;1;PING OK - Packet loss = 0%, RTA = 0.17 ms
[1375588800] CURRENT HOST STATE: omnmdir03e1-ny;UP;HARD;1;PING OK - Packet loss = 0%, RTA = 0.19 ms
[1375588800] CURRENT HOST STATE: omnmdir04-ny;UP;HARD;1;PING OK - Packet loss = 0%, RTA = 0.17 ms
[1375588800] CURRENT HOST STATE: omnmdir04e1-ny;UP;HARD;1;PING OK - Packet loss = 0%, RTA = 0.15 ms
[1375588800] CURRENT HOST STATE: omnmdk01-ny;UP;HARD;1;PING OK - Packet loss = 0%, RTA = 0.42 ms
[1375588800] CURRENT HOST STATE: omnmdk01h0-ny;UP;HARD;1;PING OK - Packet loss = 0%, RTA = 0.48 ms
[1375588800] CURRENT HOST STATE: omnmdk02-ny;UP;HARD;1;PING OK - Packet loss = 0%, RTA = 0.43 ms
[1375588800] CURRENT HOST STATE: omnmdk02h0-ny;UP;HARD;1;PING OK - Packet loss = 0%, RTA = 0.49 ms
[1375588800] CURRENT HOST STATE: omnmdk03-ny;UP;HARD;1;PING OK - Packet loss = 0%, RTA = 0.41 ms
[1375588800] CURRENT HOST STATE: omnmdk03h0-ny;UP;HARD;1;PING OK - Packet loss = 0%, RTA = 0.48 ms
[1375588800] CURRENT HOST STATE: omnmdk04-ny;UP;HARD;1;PING OK - Packet loss = 0%, RTA = 0.45 ms
[1375588800] CURRENT HOST STATE: omnmdk04h0-ny;UP;HARD;1;PING OK - Packet loss = 0%, RTA = 0.45 ms
[1375588800] CURRENT HOST STATE: omnmdk05-ny;UP;HARD;1;PING OK - Packet loss = 0%, RTA = 0.44 ms
[1375588800] CURRENT HOST STATE: omnmdk05h0-ny;UP;HARD;1;PING OK - Packet loss = 0%, RTA = 0.46 ms
[1375588800] CURRENT HOST STATE: omnmdk06-ny;UP;HARD;1;PING OK - Packet loss = 0%, RTA = 0.43 ms
[1375588800] CURRENT HOST STATE: omnmdk06h0-ny;UP;HARD;1;PING OK - Packet loss = 0%, RTA = 0.51 ms
[1375588800] CURRENT HOST STATE: omnmdk07-ny;UP;HARD;1;PING OK - Packet loss = 0%, RTA = 0.47 ms
[1375588800] CURRENT HOST STATE: omnmdk07h0-ny;UP;HARD;1;PING OK - Packet loss = 0%, RTA = 0.47 ms
[1375588800] CURRENT HOST STATE: omnmdk08-ny;UP;HARD;1;PING OK - Packet loss = 0%, RTA = 0.41 ms
[1375588800] CURRENT HOST STATE: omnmdk08h0-ny;UP;HARD;1;PING OK - Packet loss = 0%, RTA = 0.46 ms
[1375588800] CURRENT HOST STATE: omnmdk09-ny;UP;HARD;1;PING OK - Packet loss = 0%, RTA = 0.47 ms
[1375588800] CURRENT HOST STATE: omnmdk09h0-ny;UP;HARD;1;PING OK - Packet loss = 0%, RTA = 0.46 ms
[1375588800] CURRENT HOST STATE: omnmdk10-ny;UP;HARD;1;PING OK - Packet loss = 0%, RTA = 0.47 ms
[1375588800] CURRENT HOST STATE: omnmdk10h0-ny;UP;HARD;1;PING OK - Packet loss = 0%, RTA = 0.45 ms
[1375588800] CURRENT HOST STATE: omnmdk11-ny;UP;HARD;1;PING OK - Packet loss = 0%, RTA = 0.59 ms
[1375588800] CURRENT HOST STATE: omnmdk11h0-ny;UP;HARD;1;PING OK - Packet loss = 0%, RTA = 0.51 ms
[1375588800] CURRENT HOST STATE: omnmdk12-ny;UP;HARD;1;PING OK - Packet loss = 0%, RTA = 0.54 ms
[1375588800] CURRENT HOST STATE: omnmdk12h0-ny;UP;HARD;1;PING OK - Packet loss = 0%, RTA = 1.76 ms
[1375588800] CURRENT HOST STATE: omnmdk13-ny;UP;HARD;1;PING OK - Packet loss = 0%, RTA = 0.46 ms
[1375588800] CURRENT HOST STATE: omnmdk13h0-ny;UP;HARD;1;PING OK - Packet loss = 0%, RTA = 0.51 ms
[1375588800] CURRENT HOST STATE: omnmdk14-ny;UP;HARD;1;PING OK - Packet loss = 0%, RTA = 0.44 ms
[1375588800] CURRENT HOST STATE: omnmdk14h0-ny;UP;HARD;1;PING OK - Packet loss = 0%, RTA = 0.52 ms
[1375588800] CURRENT HOST STATE: omnmdk15-ny;UP;HARD;1;PING OK - Packet loss = 0%, RTA = 0.48 ms
[1375588800] CURRENT HOST STATE: omnmdk15h0-ny;UP;HARD;1;PING OK - Packet loss = 0%, RTA = 0.50 ms
[1375588800] CURRENT HOST STATE: omnmdk16-ny;UP;HARD;1;PING OK - Packet loss = 0%, RTA = 0.49 ms
[1375588800] CURRENT HOST STATE: omnmdk16h0-ny;UP;HARD;1;PING OK - Packet loss = 0%, RTA = 0.43 ms
[1375588800] CURRENT HOST STATE: omnmdk17-ny;UP;HARD;1;PING OK - Packet loss = 0%, RTA = 0.50 ms
[1375588800] CURRENT HOST STATE: omnmdk17h0-ny;UP;HARD;1;PING OK - Packet loss = 0%, RTA = 0.45 ms
[1375588800] CURRENT HOST STATE: omnmdk18-ny;UP;HARD;1;PING OK - Packet loss = 0%, RTA = 0.41 ms
[1375588800] CURRENT HOST STATE: omnmdk18h0-ny;UP;HARD;1;PING OK - Packet loss = 0%, RTA = 0.50 ms
[1375588800] CURRENT HOST STATE: omnmdk19-ny;UP;HARD;1;PING OK - Packet loss = 0%, RTA = 0.46 ms
[1375588800] CURRENT HOST STATE: omnmdk19h0-ny;UP;HARD;1;PING OK - Packet loss = 0%, RTA = 0.47 ms
[1375588800] CURRENT HOST STATE: omnmgsm-ny;UP;HARD;1;PING OK - Packet loss = 0%, RTA = 0.17 ms
[1375588800] CURRENT HOST STATE: omnspsm-ny;UP;HARD;1;PING OK - Packet loss = 0%, RTA = 0.20 ms
[1375588800] CURRENT HOST STATE: rt-nycc3750tgr-ilo;UP;HARD;1;PING OK - Packet loss = 0%, RTA = 1.65 ms
[1375588800] CURRENT HOST STATE: rt-nycc3750tgr-ms2;UP;HARD;1;PING OK - Packet loss = 0%, RTA = 1.07 ms
[1375588800] CURRENT HOST STATE: rt-nyccfcp-1;UP;HARD;1;PING OK - Packet loss = 0%, RTA = 0.61 ms
[1375588800] CURRENT HOST STATE: rt-nyccfcp-2;UP;HARD;1;PING OK - Packet loss = 0%, RTA = 0.71 ms
[1375588800] CURRENT HOST STATE: rt-nycchdagg-a;UP;HARD;1;PING OK - Packet loss = 0%, RTA = 59.59 ms
[1375588800] CURRENT HOST STATE: rt-nycchdagg-b;UP;HARD;1;PING OK - Packet loss = 0%, RTA = 63.01 ms
[1375588800] CURRENT HOST STATE: rt-nyccmediagrid;UP;HARD;1;PING OK - Packet loss = 0%, RTA = 0.46 ms
[1375588800] CURRENT HOST STATE: rt-nyccspectrum;UP;HARD;1;PING OK - Packet loss = 0%, RTA = 0.58 ms
[1375588800] CURRENT HOST STATE: spider;UP;HARD;1;PING OK - Packet loss = 0%, RTA = 0.25 ms
[1375588800] CURRENT HOST STATE: wdchd001;UP;HARD;1;PING OK - Packet loss = 0%, RTA = 6.44 ms
[1375588800] CURRENT HOST STATE: wdchd002;UP;HARD;1;PING OK - Packet loss = 0%, RTA = 6.57 ms
[1375588800] CURRENT HOST STATE: wdchd003;UP;HARD;1;PING OK - Packet loss = 0%, RTA = 6.63 ms
[1375588800] CURRENT HOST STATE: wdchd004;UP;HARD;1;PING OK - Packet loss = 0%, RTA = 6.57 ms
[1375588800] CURRENT HOST STATE: wdchd005;UP;HARD;1;PING OK - Packet loss = 0%, RTA = 6.62 ms
[1375588800] CURRENT HOST STATE: wdchd006;UP;HARD;1;PING OK - Packet loss = 0%, RTA = 6.75 ms
[1375588800] CURRENT HOST STATE: wdchd007;UP;HARD;1;PING OK - Packet loss = 0%, RTA = 6.69 ms
[1375588800] CURRENT HOST STATE: wdchd008;UP;HARD;1;PING OK - Packet loss = 0%, RTA = 6.51 ms
[1375588800] CURRENT HOST STATE: wdchd009;UP;HARD;1;PING OK - Packet loss = 0%, RTA = 6.67 ms
[1375588800] CURRENT HOST STATE: wdchd010;UP;HARD;1;PING OK - Packet loss = 0%, RTA = 6.80 ms
[1375588800] CURRENT HOST STATE: wdchd011;UP;HARD;1;PING OK - Packet loss = 0%, RTA = 6.84 ms
[1375588800] CURRENT HOST STATE: wdchd012;UP;HARD;1;PING OK - Packet loss = 0%, RTA = 6.68 ms
[1375588800] CURRENT HOST STATE: wdchd013;UP;HARD;1;PING OK - Packet loss = 0%, RTA = 6.78 ms
[1375588800] CURRENT HOST STATE: wdchd014;UP;HARD;1;PING OK - Packet loss = 0%, RTA = 6.62 ms
[1375588800] CURRENT HOST STATE: wdchd015;UP;HARD;1;PING OK - Packet loss = 0%, RTA = 6.64 ms
[1375588800] CURRENT HOST STATE: wdchd016;UP;HARD;1;PING OK - Packet loss = 0%, RTA = 6.67 ms
[1375588800] CURRENT HOST STATE: wdchd017;UP;HARD;1;PING OK - Packet loss = 0%, RTA = 6.69 ms
[1375588800] CURRENT HOST STATE: wdchd018;UP;HARD;1;PING OK - Packet loss = 0%, RTA = 6.89 ms
[1375588800] CURRENT HOST STATE: wdchd019;UP;HARD;1;PING OK - Packet loss = 0%, RTA = 6.77 ms
[1375588800] CURRENT HOST STATE: wdchd020;UP;HARD;1;PING OK - Packet loss = 0%, RTA = 68.05 ms
[1375588800] CURRENT HOST STATE: wdchd021;UP;HARD;1;PING OK - Packet loss = 0%, RTA = 6.62 ms
[1375588800] CURRENT HOST STATE: wdchd022;UP;HARD;1;PING OK - Packet loss = 0%, RTA = 6.61 ms
[1375588800] CURRENT HOST STATE: wdchd023;UP;HARD;1;PING OK - Packet loss = 0%, RTA = 6.67 ms
[1375588800] CURRENT HOST STATE: wdchd024;UP;HARD;1;PING OK - Packet loss = 0%, RTA = 6.55 ms
[1375588800] CURRENT HOST STATE: wdchd025;UP;HARD;1;PING OK - Packet loss = 0%, RTA = 6.66 ms
[1375588800] CURRENT HOST STATE: wdchd026;UP;HARD;1;PING OK - Packet loss = 0%, RTA = 6.57 ms
[1375588800] CURRENT HOST STATE: wdchd027;UP;HARD;1;PING OK - Packet loss = 0%, RTA = 6.55 ms
[1375588800] CURRENT HOST STATE: wdchd028;UP;HARD;1;PING OK - Packet loss = 0%, RTA = 6.78 ms
[1375588800] CURRENT HOST STATE: wdchd029;UP;HARD;1;PING OK - Packet loss = 0%, RTA = 7.43 ms
[1375588800] CURRENT HOST STATE: wdchd030;UP;HARD;1;PING OK - Packet loss = 0%, RTA = 6.62 ms
[1375588800] CURRENT HOST STATE: wdchd031;UP;HARD;1;PING OK - Packet loss = 0%, RTA = 6.64 ms
[1375588800] CURRENT HOST STATE: wdcmd001;UP;HARD;1;PING OK - Packet loss = 0%, RTA = 6.71 ms
[1375588800] CURRENT HOST STATE: wdcmd002;DOWN;HARD;10;(Host Check Timed Out)
[1375588800] CURRENT HOST STATE: wdcms001;UP;HARD;1;PING OK - Packet loss = 0%, RTA = 6.65 ms
[1375588800] CURRENT HOST STATE: wdcms002;UP;HARD;1;PING OK - Packet loss = 0%, RTA = 6.63 ms
[1375588800] CURRENT HOST STATE: wdcms003;UP;HARD;1;PING OK - Packet loss = 0%, RTA = 6.69 ms
[1375588800] CURRENT HOST STATE: wdcod001;UP;HARD;1;PING OK - Packet loss = 0%, RTA = 6.72 ms
[1375588800] CURRENT HOST STATE: wdcod002;UP;HARD;1;PING OK - Packet loss = 0%, RTA = 6.57 ms
[1375588800] CURRENT HOST STATE: wdcod01;UP;HARD;1;PING OK - Packet loss = 0%, RTA = 6.49 ms
[1375588800] CURRENT HOST STATE: wdcod02;UP;HARD;1;PING OK - Packet loss = 0%, RTA = 6.42 ms
[1375588800] CURRENT HOST STATE: wdcpf001;UP;HARD;1;PING OK - Packet loss = 0%, RTA = 6.67 ms
[1375588800] CURRENT HOST STATE: wdcpf002;UP;HARD;1;PING OK - Packet loss = 0%, RTA = 6.67 ms
[1375588800] CURRENT HOST STATE: wdcpf03;UP;HARD;1;PING OK - Packet loss = 0%, RTA = 6.35 ms
[1375588800] CURRENT HOST STATE: wdcps001;UP;HARD;1;PING OK - Packet loss = 0%, RTA = 6.48 ms
[1375588800] CURRENT HOST STATE: wdcps002;UP;HARD;1;PING OK - Packet loss = 0%, RTA = 6.53 ms
[1375588800] CURRENT HOST STATE: wdcps003;UP;HARD;1;PING OK - Packet loss = 0%, RTA = 6.61 ms
[1375588800] CURRENT HOST STATE: wdcps004;UP;HARD;1;PING OK - Packet loss = 0%, RTA = 6.53 ms
[1375588800] CURRENT SERVICE STATE: deimos;PING;OK;HARD;1;PING OK - Packet loss = 0%, RTA = 0.20 ms
[1375588800] CURRENT SERVICE STATE: localhost;Current Load;OK;HARD;1;OK - load average: 0.27, 0.26, 0.26
[1375588800] CURRENT SERVICE STATE: localhost;Current Users;OK;HARD;1;USERS OK - 0 users currently logged in
[1375588800] CURRENT SERVICE STATE: localhost;HTTP;OK;HARD;1;HTTP OK: HTTP/1.1 200 OK - 265 bytes in 0.001 second response time
[1375588800] CURRENT SERVICE STATE: localhost;PING;OK;HARD;1;PING OK - Packet loss = 0%, RTA = 0.06 ms
[1375588800] CURRENT SERVICE STATE: localhost;Root Partition;OK;HARD;1;DISK OK - free space: / 1564 MB (83% inode=98%):
[1375588800] CURRENT SERVICE STATE: localhost;SSH;OK;HARD;1;SSH OK - OpenSSH_4.3 (protocol 2.0)
[1375588800] CURRENT SERVICE STATE: localhost;Swap Usage;OK;HARD;1;SWAP OK - 100% free (2047 MB out of 2047 MB)
[1375588800] CURRENT SERVICE STATE: localhost;Total Processes;OK;HARD;1;PROCS OK: 52 processes with STATE = RSZDT
[1375588800] CURRENT SERVICE STATE: msny;HTTP;OK;HARD;1;HTTP OK: HTTP/1.1 200 OK - 5504 bytes in 0.002 second response time
[1375588800] CURRENT SERVICE STATE: msny;IMQ Depth Check - Internal GF Queues;OK;HARD;1;OK: all MS2_EVENT queues have depth 0 or less, all MS2_EVENT queues in RUNNING state
[1375588800] CURRENT SERVICE STATE: msny;MS2 - Grid A Mount;OK;HARD;1;OK - File /Volumes/GridA/Temp/.gridamounted seems fine.
[1375588800] CURRENT SERVICE STATE: msny;MS2 - Grid B Mount;OK;HARD;1;OK - File /Volumes/GridB/Temp/.gridbmounted seems fine.
[1375588800] CURRENT SERVICE STATE: msny;PING;OK;HARD;1;PING OK - Packet loss = 0%, RTA = 0.25 ms
[1375588800] CURRENT SERVICE STATE: nyarxlator1;PING;OK;HARD;1;PING OK - Packet loss = 0%, RTA = 0.27 ms
[1375588800] CURRENT SERVICE STATE: nyarxlator2;PING;OK;HARD;1;PING OK - Packet loss = 0%, RTA = 0.26 ms
[1375588800] CURRENT SERVICE STATE: nyarxlator3;PING;OK;HARD;1;PING OK - Packet loss = 0%, RTA = 0.22 ms
[1375588800] CURRENT SERVICE STATE: nyarxlator4;PING;OK;HARD;1;PING OK - Packet loss = 0%, RTA = 0.30 ms
[1375588800] CURRENT SERVICE STATE: nycnn-adbeame1;AME Job status;OK;HARD;1;AME is idle:
[1375588800] CURRENT SERVICE STATE: nycnn-adbeame1;PING;OK;HARD;1;PING OK - Packet loss = 0%, RTA = 0.32 ms
[1375588800] CURRENT SERVICE STATE: nycnn-adbeame10;AME Job status;OK;HARD;1;Job 09446132 progress is  34.5 :
[1375588800] CURRENT SERVICE STATE: nycnn-adbeame10;PING;OK;HARD;1;PING OK - Packet loss = 0%, RTA = 0.34 ms
[1375588800] CURRENT SERVICE STATE: nycnn-adbeame2;AME Job status;OK;HARD;1;AME is idle:
[1375588800] CURRENT SERVICE STATE: nycnn-adbeame2;PING;OK;HARD;1;PING OK - Packet loss = 0%, RTA = 0.35 ms
[1375588800] CURRENT SERVICE STATE: nycnn-adbeame3;AME Job status;OK;HARD;1;AME is idle:
[1375588800] CURRENT SERVICE STATE: nycnn-adbeame3;PING;OK;HARD;1;PING OK - Packet loss = 0%, RTA = 0.34 ms
[1375588800] CURRENT SERVICE STATE: nycnn-adbeame4;AME Job status;OK;HARD;1;AME is idle:
[1375588800] CURRENT SERVICE STATE: nycnn-adbeame4;PING;OK;HARD;1;PING OK - Packet loss = 0%, RTA = 0.44 ms
[1375588800] CURRENT SERVICE STATE: nycnn-adbeame5;AME Job status;OK;HARD;1;AME is idle:
[1375588800] CURRENT SERVICE STATE: nycnn-adbeame5;PING;OK;HARD;1;PING OK - Packet loss = 0%, RTA = 0.27 ms
[1375588800] CURRENT SERVICE STATE: nycnn-adbeame6;AME Job status;OK;HARD;1;AME is idle:
[1375588800] CURRENT SERVICE STATE: nycnn-adbeame6;PING;OK;HARD;1;PING OK - Packet loss = 0%, RTA = 0.33 ms
[1375588800] CURRENT SERVICE STATE: nycnn-adbeame7;AME Job status;OK;HARD;1;AME is idle:
[1375588800] CURRENT SERVICE STATE: nycnn-adbeame7;PING;OK;HARD;1;PING OK - Packet loss = 0%, RTA = 0.32 ms
[1375588800] CURRENT SERVICE STATE: nycnn-adbeame8;AME Job status;OK;HARD;1;AME is idle:
[1375588800] CURRENT SERVICE STATE: nycnn-adbeame8;PING;OK;HARD;1;PING OK - Packet loss = 0%, RTA = 0.32 ms
[1375588800] CURRENT SERVICE STATE: nycnn-adbeame9;AME Job status;OK;HARD;1;AME is idle:
[1375588800] CURRENT SERVICE STATE: nycnn-adbeame9;PING;OK;HARD;1;PING OK - Packet loss = 0%, RTA = 0.31 ms
[1375588800] CURRENT SERVICE STATE: nycnn-adbectrl1;PING;OK;HARD;1;PING OK - Packet loss = 0%, RTA = 0.28 ms
[1375588800] CURRENT SERVICE STATE: nycnn-adbectrl2;PING;OK;HARD;1;PING OK - Packet loss = 0%, RTA = 0.30 ms
[1375588800] CURRENT SERVICE STATE: nycnn-arapp1;PING;OK;HARD;1;PING OK - Packet loss = 0%, RTA = 0.22 ms
[1375588800] CURRENT SERVICE STATE: nycnn-arapp1;SSH;OK;HARD;1;SSH OK - OpenSSH_4.3 (protocol 2.0)
[1375588800] CURRENT SERVICE STATE: nycnn-arvtrtape;PING;OK;HARD;1;PING OK - Packet loss = 0%, RTA = 0.30 ms
[1375588800] CURRENT SERVICE STATE: nycnn-arvtrtape;SSH;OK;HARD;1;SSH OK - OpenSSH_4.3 (protocol 2.0)
[1375588800] CURRENT SERVICE STATE: nycnn-arxlator1;PING;OK;HARD;1;PING OK - Packet loss = 0%, RTA = 0.25 ms
[1375588800] CURRENT SERVICE STATE: nycnn-arxlator1;SSH;OK;HARD;1;SSH OK - OpenSSH_4.3 (protocol 2.0)
[1375588800] CURRENT SERVICE STATE: nycnn-editxfer-switch;PING;OK;HARD;1;PING OK - Packet loss = 0%, RTA = 0.27 ms
[1375588800] CURRENT SERVICE STATE: nycnn-editxfer3;PING;OK;HARD;1;PING OK - Packet loss = 0%, RTA = 0.13 ms
[1375588800] CURRENT SERVICE STATE: nycnn-editxfer4;PING;OK;HARD;1;PING OK - Packet loss = 0%, RTA = 0.12 ms
[1375588800] CURRENT SERVICE STATE: nycnn-gridpushpull1;PING;OK;HARD;1;PING OK - Packet loss = 0%, RTA = 0.27 ms
[1375588800] CURRENT SERVICE STATE: nycnn-gridpushpull2;PING;OK;HARD;1;PING OK - Packet loss = 0%, RTA = 0.25 ms
[1375588800] CURRENT SERVICE STATE: nycnn-ipvapilic;PING;OK;HARD;1;PING OK - Packet loss = 0%, RTA = 0.21 ms
[1375588800] CURRENT SERVICE STATE: nycnn-ipvproxy1;PING;OK;HARD;1;PING OK - Packet loss = 0%, RTA = 0.30 ms
[1375588800] CURRENT SERVICE STATE: nycnn-ipvproxy2;PING;OK;HARD;1;PING OK - Packet loss = 0%, RTA = 0.31 ms
[1375588800] CURRENT SERVICE STATE: nycnn-ipvsphn1;PING;OK;HARD;1;PING OK - Packet loss = 0%, RTA = 0.21 ms
[1375588800] CURRENT SERVICE STATE: nycnn-ipvsphn2;PING;OK;HARD;1;PING OK - Packet loss = 0%, RTA = 0.19 ms
[1375588800] CURRENT SERVICE STATE: nycnn-ipvsphn3;PING;OK;HARD;1;PING OK - Packet loss = 0%, RTA = 0.22 ms
[1375588800] CURRENT SERVICE STATE: nycnn-ipvsphn4;PING;OK;HARD;1;PING OK - Packet loss = 0%, RTA = 0.20 ms
[1375588800] CURRENT SERVICE STATE: nycnn-ipvsphn5;PING;OK;HARD;1;PING OK - Packet loss = 0%, RTA = 0.20 ms
[1375588800] CURRENT SERVICE STATE: nycnn-ipvstrm1;PING;OK;HARD;1;PING OK - Packet loss = 0%, RTA = 0.25 ms
[1375588800] CURRENT SERVICE STATE: nycnn-ipvstrm2;PING;OK;HARD;1;PING OK - Packet loss = 0%, RTA = 0.22 ms
[1375588800] CURRENT SERVICE STATE: nycnn-ipvstrm3;PING;OK;HARD;1;PING OK - Packet loss = 0%, RTA = 0.26 ms
[1375588800] CURRENT SERVICE STATE: nycnn-ipvstrm4;PING;OK;HARD;1;PING OK - Packet loss = 0%, RTA = 0.27 ms
[1375588800] CURRENT SERVICE STATE: nycnn-ipvx1;PING;OK;HARD;1;PING OK - Packet loss = 0%, RTA = 0.20 ms
[1375588800] CURRENT SERVICE STATE: nycnn-ipvx10;PING;OK;HARD;1;PING OK - Packet loss = 0%, RTA = 0.20 ms
[1375588800] CURRENT SERVICE STATE: nycnn-ipvx10e1;PING;OK;HARD;1;PING OK - Packet loss = 0%, RTA = 0.22 ms
[1375588800] CURRENT SERVICE STATE: nycnn-ipvx11;PING;OK;HARD;1;PING OK - Packet loss = 0%, RTA = 0.22 ms
[1375588800] CURRENT SERVICE STATE: nycnn-ipvx11e1;PING;OK;HARD;1;PING OK - Packet loss = 0%, RTA = 0.19 ms
[1375588800] CURRENT SERVICE STATE: nycnn-ipvx12;PING;OK;HARD;1;PING OK - Packet loss = 0%, RTA = 0.21 ms
[1375588800] CURRENT SERVICE STATE: nycnn-ipvx12e1;PING;OK;HARD;1;PING OK - Packet loss = 0%, RTA = 0.22 ms
[1375588800] CURRENT SERVICE STATE: nycnn-ipvx13;PING;OK;HARD;1;PING OK - Packet loss = 0%, RTA = 0.20 ms
[1375588800] CURRENT SERVICE STATE: nycnn-ipvx13e1;PING;OK;HARD;1;PING OK - Packet loss = 0%, RTA = 0.20 ms
[1375588800] CURRENT SERVICE STATE: nycnn-ipvx14;PING;OK;HARD;1;PING OK - Packet loss = 0%, RTA = 0.22 ms
[1375588800] CURRENT SERVICE STATE: nycnn-ipvx14e1;PING;OK;HARD;1;PING OK - Packet loss = 0%, RTA = 0.21 ms
[1375588800] CURRENT SERVICE STATE: nycnn-ipvx15;PING;OK;HARD;1;PING OK - Packet loss = 0%, RTA = 0.19 ms
[1375588800] CURRENT SERVICE STATE: nycnn-ipvx15e1;PING;OK;HARD;1;PING OK - Packet loss = 0%, RTA = 0.20 ms
[1375588800] CURRENT SERVICE STATE: nycnn-ipvx16;PING;OK;HARD;1;PING OK - Packet loss = 0%, RTA = 0.19 ms
[1375588800] CURRENT SERVICE STATE: nycnn-ipvx16e1;PING;OK;HARD;1;PING OK - Packet loss = 0%, RTA = 0.23 ms
[1375588800] CURRENT SERVICE STATE: nycnn-ipvx17;PING;OK;HARD;1;PING OK - Packet loss = 0%, RTA = 0.35 ms
[1375588800] CURRENT SERVICE STATE: nycnn-ipvx17e1;PING;OK;HARD;1;PING OK - Packet loss = 0%, RTA = 0.20 ms
[1375588800] CURRENT SERVICE STATE: nycnn-ipvx18;PING;OK;HARD;1;PING OK - Packet loss = 0%, RTA = 0.21 ms
[1375588800] CURRENT SERVICE STATE: nycnn-ipvx18e1;PING;OK;HARD;1;PING OK - Packet loss = 0%, RTA = 0.21 ms
[1375588800] CURRENT SERVICE STATE: nycnn-ipvx19;PING;OK;HARD;1;PING OK - Packet loss = 0%, RTA = 0.18 ms
[1375588800] CURRENT SERVICE STATE: nycnn-ipvx19e1;PING;OK;HARD;1;PING OK - Packet loss = 0%, RTA = 0.18 ms
[1375588800] CURRENT SERVICE STATE: nycnn-ipvx1e1;PING;OK;HARD;1;PING OK - Packet loss = 0%, RTA = 0.22 ms
[1375588800] CURRENT SERVICE STATE: nycnn-ipvx2;PING;OK;HARD;1;PING OK - Packet loss = 0%, RTA = 0.16 ms
[1375588800] CURRENT SERVICE STATE: nycnn-ipvx20;PING;OK;HARD;1;PING OK - Packet loss = 0%, RTA = 0.19 ms
[1375588800] CURRENT SERVICE STATE: nycnn-ipvx20e1;PING;OK;HARD;1;PING OK - Packet loss = 0%, RTA = 0.22 ms
[1375588800] CURRENT SERVICE STATE: nycnn-ipvx21;PING;OK;HARD;1;PING OK - Packet loss = 0%, RTA = 0.21 ms
[1375588800] CURRENT SERVICE STATE: nycnn-ipvx21e1;PING;OK;HARD;1;PING OK - Packet loss = 0%, RTA = 0.20 ms
[1375588800] CURRENT SERVICE STATE: nycnn-ipvx22;PING;OK;HARD;1;PING OK - Packet loss = 0%, RTA = 0.23 ms
[1375588800] CURRENT SERVICE STATE: nycnn-ipvx22e1;PING;OK;HARD;1;PING OK - Packet loss = 0%, RTA = 0.24 ms
[1375588800] CURRENT SERVICE STATE: nycnn-ipvx23;PING;OK;HARD;1;PING OK - Packet loss = 0%, RTA = 0.22 ms
[1375588800] CURRENT SERVICE STATE: nycnn-ipvx23e1;PING;OK;HARD;1;PING OK - Packet loss = 0%, RTA = 0.19 ms
[1375588800] CURRENT SERVICE STATE: nycnn-ipvx24;PING;OK;HARD;1;PING OK - Packet loss = 0%, RTA = 0.24 ms
[1375588800] CURRENT SERVICE STATE: nycnn-ipvx24e1;PING;OK;HARD;1;PING OK - Packet loss = 0%, RTA = 0.20 ms
[1375588800] CURRENT SERVICE STATE: nycnn-ipvx25;PING;OK;HARD;1;PING OK - Packet loss = 0%, RTA = 0.21 ms
[1375588800] CURRENT SERVICE STATE: nycnn-ipvx25e1;PING;OK;HARD;1;PING OK - Packet loss = 0%, RTA = 0.22 ms
[1375588800] CURRENT SERVICE STATE: nycnn-ipvx26;PING;OK;HARD;1;PING OK - Packet loss = 0%, RTA = 0.19 ms
[1375588800] CURRENT SERVICE STATE: nycnn-ipvx26e1;PING;OK;HARD;1;PING OK - Packet loss = 0%, RTA = 0.21 ms
[1375588800] CURRENT SERVICE STATE: nycnn-ipvx27;PING;OK;HARD;1;PING OK - Packet loss = 0%, RTA = 0.20 ms
[1375588800] CURRENT SERVICE STATE: nycnn-ipvx27e1;PING;OK;HARD;1;PING OK - Packet loss = 0%, RTA = 0.23 ms
[1375588800] CURRENT SERVICE STATE: nycnn-ipvx28;PING;OK;HARD;1;PING OK - Packet loss = 0%, RTA = 0.21 ms
[1375588800] CURRENT SERVICE STATE: nycnn-ipvx28e1;PING;OK;HARD;1;PING OK - Packet loss = 0%, RTA = 0.19 ms
[1375588800] CURRENT SERVICE STATE: nycnn-ipvx29;PING;OK;HARD;1;PING OK - Packet loss = 0%, RTA = 0.19 ms
[1375588800] CURRENT SERVICE STATE: nycnn-ipvx29e1;PING;OK;HARD;1;PING OK - Packet loss = 0%, RTA = 0.20 ms
[1375588800] CURRENT SERVICE STATE: nycnn-ipvx2e1;PING;OK;HARD;1;PING OK - Packet loss = 0%, RTA = 0.17 ms
[1375588800] CURRENT SERVICE STATE: nycnn-ipvx3;PING;OK;HARD;1;PING OK - Packet loss = 0%, RTA = 0.21 ms
[1375588800] CURRENT SERVICE STATE: nycnn-ipvx30;PING;OK;HARD;1;PING OK - Packet loss = 0%, RTA = 0.22 ms
[1375588800] CURRENT SERVICE STATE: nycnn-ipvx30e1;PING;OK;HARD;1;PING OK - Packet loss = 0%, RTA = 0.17 ms
[1375588800] CURRENT SERVICE STATE: nycnn-ipvx31;PING;OK;HARD;1;PING OK - Packet loss = 0%, RTA = 0.20 ms
[1375588800] CURRENT SERVICE STATE: nycnn-ipvx31e1;PING;OK;HARD;1;PING OK - Packet loss = 0%, RTA = 0.24 ms
[1375588800] CURRENT SERVICE STATE: nycnn-ipvx32;PING;OK;HARD;1;PING OK - Packet loss = 0%, RTA = 2.10 ms
[1375588800] CURRENT SERVICE STATE: nycnn-ipvx32e1;PING;OK;HARD;1;PING OK - Packet loss = 0%, RTA = 0.17 ms
[1375588800] CURRENT SERVICE STATE: nycnn-ipvx33;PING;OK;HARD;1;PING OK - Packet loss = 0%, RTA = 0.18 ms
[1375588800] CURRENT SERVICE STATE: nycnn-ipvx33e1;PING;OK;HARD;1;PING OK - Packet loss = 0%, RTA = 0.19 ms
[1375588800] CURRENT SERVICE STATE: nycnn-ipvx34;PING;OK;HARD;1;PING OK - Packet loss = 0%, RTA = 0.21 ms
[1375588800] CURRENT SERVICE STATE: nycnn-ipvx34e1;PING;OK;HARD;1;PING OK - Packet loss = 0%, RTA = 0.21 ms
[1375588800] CURRENT SERVICE STATE: nycnn-ipvx35;PING;OK;HARD;1;PING OK - Packet loss = 0%, RTA = 0.20 ms
[1375588800] CURRENT SERVICE STATE: nycnn-ipvx35e1;PING;OK;HARD;1;PING OK - Packet loss = 0%, RTA = 0.19 ms
[1375588800] CURRENT SERVICE STATE: nycnn-ipvx3e1;PING;OK;HARD;1;PING OK - Packet loss = 0%, RTA = 0.19 ms
[1375588800] CURRENT SERVICE STATE: nycnn-ipvx4;PING;OK;HARD;1;PING OK - Packet loss = 0%, RTA = 0.24 ms
[1375588800] CURRENT SERVICE STATE: nycnn-ipvx4e1;PING;OK;HARD;1;PING OK - Packet loss = 0%, RTA = 0.19 ms
[1375588800] CURRENT SERVICE STATE: nycnn-ipvx5;PING;OK;HARD;1;PING OK - Packet loss = 0%, RTA = 0.24 ms
[1375588800] CURRENT SERVICE STATE: nycnn-ipvx5e1;PING;OK;HARD;1;PING OK - Packet loss = 0%, RTA = 0.23 ms
[1375588800] CURRENT SERVICE STATE: nycnn-ipvx6;PING;OK;HARD;1;PING OK - Packet loss = 0%, RTA = 0.19 ms
[1375588800] CURRENT SERVICE STATE: nycnn-ipvx6e1;PING;OK;HARD;1;PING OK - Packet loss = 0%, RTA = 0.21 ms
[1375588800] CURRENT SERVICE STATE: nycnn-ipvx7;PING;OK;HARD;1;PING OK - Packet loss = 0%, RTA = 0.19 ms
[1375588800] CURRENT SERVICE STATE: nycnn-ipvx7e1;PING;OK;HARD;1;PING OK - Packet loss = 0%, RTA = 0.20 ms
[1375588800] CURRENT SERVICE STATE: nycnn-ipvx8;PING;OK;HARD;1;PING OK - Packet loss = 0%, RTA = 0.21 ms
[1375588800] CURRENT SERVICE STATE: nycnn-ipvx8e1;PING;OK;HARD;1;PING OK - Packet loss = 0%, RTA = 0.18 ms
[1375588800] CURRENT SERVICE STATE: nycnn-ipvx9;PING;OK;HARD;1;PING OK - Packet loss = 0%, RTA = 0.21 ms
[1375588800] CURRENT SERVICE STATE: nycnn-ipvx9e1;PING;OK;HARD;1;PING OK - Packet loss = 0%, RTA = 0.17 ms
[1375588800] CURRENT SERVICE STATE: nycnn-kickstart;PING;OK;HARD;1;PING OK - Packet loss = 0%, RTA = 0.28 ms
[1375588800] CURRENT SERVICE STATE: nycnn-mamdb1;PING;OK;HARD;1;PING OK - Packet loss = 0%, RTA = 0.28 ms
[1375588800] CURRENT SERVICE STATE: nycnn-mamdb2;PING;OK;HARD;1;PING OK - Packet loss = 0%, RTA = 0.25 ms
[1375588800] CURRENT SERVICE STATE: nycnn-mamfog;PING;OK;HARD;1;PING OK - Packet loss = 0%, RTA = 0.16 ms
[1375588800] CURRENT SERVICE STATE: nycnn-mamkey1;PING;OK;HARD;1;PING OK - Packet loss = 0%, RTA = 0.29 ms
[1375588800] CURRENT SERVICE STATE: nycnn-mamkey2;PING;OK;HARD;1;PING OK - Packet loss = 0%, RTA = 0.28 ms
[1375588800] CURRENT SERVICE STATE: nycnn-mammq1;PING;OK;HARD;1;PING OK - Packet loss = 0%, RTA = 0.25 ms
[1375588800] CURRENT SERVICE STATE: nycnn-mammq2;PING;OK;HARD;1;PING OK - Packet loss = 0%, RTA = 0.26 ms
[1375588800] CURRENT SERVICE STATE: nycnn-ms2app3;PING;OK;HARD;1;PING OK - Packet loss = 0%, RTA = 0.24 ms
[1375588800] CURRENT SERVICE STATE: nycnn-ms2app4;PING;OK;HARD;1;PING OK - Packet loss = 0%, RTA = 0.25 ms
[1375588800] CURRENT SERVICE STATE: nycnn-ms2db1;Disk Space on /oracle;OK;HARD;1;DISK OK - free space: /oracle 905502 MB (92% inode=99%):
[1375588800] CURRENT SERVICE STATE: nycnn-ms2db1;PING;OK;HARD;1;PING OK - Packet loss = 0%, RTA = 0.24 ms
[1375588800] CURRENT SERVICE STATE: nycnn-ms2db2;Disk Space on /oracle;OK;HARD;1;DISK OK - free space: /oracle 816036 MB (83% inode=99%):
[1375588800] CURRENT SERVICE STATE: nycnn-ms2db2;PING;OK;HARD;1;PING OK - Packet loss = 0%, RTA = 0.20 ms
[1375588800] CURRENT SERVICE STATE: nycnn-ms2db3;Disk Space on /oracle;OK;HARD;1;DISK OK - free space: /oracle 866621 MB (88% inode=99%):
[1375588800] CURRENT SERVICE STATE: nycnn-ms2db3;PING;OK;HARD;1;PING OK - Packet loss = 0%, RTA = 0.23 ms
[1375588800] CURRENT SERVICE STATE: nycnn-ms2fsd;PING;OK;HARD;1;PING OK - Packet loss = 0%, RTA = 0.25 ms
[1375588800] CURRENT SERVICE STATE: nycnn-ms2fsd1;PING;OK;HARD;1;PING OK - Packet loss = 0%, RTA = 0.25 ms
[1375588800] CURRENT SERVICE STATE: nycnn-ms2fsd2;PING;OK;HARD;1;PING OK - Packet loss = 0%, RTA = 0.18 ms
[1375588800] CURRENT SERVICE STATE: nycnn-ms2stills1;PING;OK;HARD;1;PING OK - Packet loss = 0%, RTA = 0.44 ms
[1375588800] CURRENT SERVICE STATE: nycnn-ms2stills2;PING;OK;HARD;1;PING OK - Packet loss = 0%, RTA = 0.46 ms
[1375588800] CURRENT SERVICE STATE: nycnn-nag1;PING;OK;HARD;1;PING OK - Packet loss = 0%, RTA = 0.32 ms
[1375588800] CURRENT SERVICE STATE: nycnn-nag2;PING;OK;HARD;1;PING OK - Packet loss = 0%, RTA = 0.23 ms
[1375588800] CURRENT SERVICE STATE: nycnn-nag4;PING;OK;HARD;1;PING OK - Packet loss = 0%, RTA = 0.27 ms
[1375588800] CURRENT SERVICE STATE: nycnn-splunk;Disk Space on /opt;UNKNOWN;HARD;4;Remote command execution failed: Permission denied, please try again.
[1375588800] CURRENT SERVICE STATE: nycnn-splunk;PING;OK;HARD;1;PING OK - Packet loss = 0%, RTA = 0.37 ms
[1375588800] CURRENT SERVICE STATE: nyhdscheduler;HTTP;OK;HARD;1;HTTP OK: HTTP/1.1 200 OK - 598 bytes in 0.001 second response time
[1375588800] CURRENT SERVICE STATE: nyhdscheduler;PING;OK;HARD;1;PING OK - Packet loss = 0%, RTA = 0.31 ms
[1375588800] CURRENT SERVICE STATE: nymamkey;PING;OK;HARD;1;PING OK - Packet loss = 0%, RTA = 0.27 ms
[1375588800] CURRENT SERVICE STATE: nymq;PING;OK;HARD;1;PING OK - Packet loss = 0%, RTA = 0.25 ms
[1375588800] CURRENT SERVICE STATE: nyproxygenhd;PING;OK;HARD;1;PING OK - Packet loss = 0%, RTA = 0.31 ms
[1375588800] CURRENT SERVICE STATE: nyvideodrop;PING;OK;HARD;1;PING OK - Packet loss = 0%, RTA = 0.27 ms
[1375588800] CURRENT SERVICE STATE: omnclda01-ny;PING;OK;HARD;1;PING OK - Packet loss = 0%, RTA = 0.30 ms
[1375588800] CURRENT SERVICE STATE: omnclda01e1-ny;PING;OK;HARD;1;PING OK - Packet loss = 0%, RTA = 0.25 ms
[1375588800] CURRENT SERVICE STATE: omnclda02-ny;PING;OK;HARD;1;PING OK - Packet loss = 0%, RTA = 0.25 ms
[1375588800] CURRENT SERVICE STATE: omnclda02e1-ny;PING;OK;HARD;1;PING OK - Packet loss = 0%, RTA = 0.23 ms
[1375588800] CURRENT SERVICE STATE: omnclda03-ny;PING;OK;HARD;1;PING OK - Packet loss = 0%, RTA = 0.20 ms
[1375588800] CURRENT SERVICE STATE: omnclda03e1-ny;PING;OK;HARD;1;PING OK - Packet loss = 0%, RTA = 0.32 ms
[1375588800] CURRENT SERVICE STATE: omnhbcba01-ny;PING;OK;HARD;1;PING OK - Packet loss = 0%, RTA = 0.21 ms
[1375588800] CURRENT SERVICE STATE: omnhbcba02-ny;PING;OK;HARD;1;PING OK - Packet loss = 0%, RTA = 0.30 ms
[1375588800] CURRENT SERVICE STATE: omnhbcba03-ny;PING;OK;HARD;1;PING OK - Packet loss = 0%, RTA = 0.26 ms
[1375588800] CURRENT SERVICE STATE: omnhbcba04-ny;PING;OK;HARD;1;PING OK - Packet loss = 0%, RTA = 0.31 ms
[1375588800] CURRENT SERVICE STATE: omnhbcba05-ny;PING;OK;HARD;1;PING OK - Packet loss = 0%, RTA = 0.27 ms
[1375588800] CURRENT SERVICE STATE: omnhbcba06-ny;PING;OK;HARD;1;PING OK - Packet loss = 0%, RTA = 0.33 ms
[1375588800] CURRENT SERVICE STATE: omnhbcba07-ny;PING;OK;HARD;1;PING OK - Packet loss = 0%, RTA = 0.25 ms
[1375588800] CURRENT SERVICE STATE: omnhbcba08-ny;PING;OK;HARD;1;PING OK - Packet loss = 0%, RTA = 0.32 ms
[1375588800] CURRENT SERVICE STATE: omnhbcba09-ny;PING;OK;HARD;1;PING OK - Packet loss = 0%, RTA = 0.26 ms
[1375588800] CURRENT SERVICE STATE: omnhbcba10-ny;PING;OK;HARD;1;PING OK - Packet loss = 0%, RTA = 0.22 ms
[1375588800] CURRENT SERVICE STATE: omnhbcba11-ny;PING;OK;HARD;1;PING OK - Packet loss = 0%, RTA = 0.24 ms
[1375588800] CURRENT SERVICE STATE: omnhbcba12-ny;PING;OK;HARD;1;PING OK - Packet loss = 0%, RTA = 0.25 ms
[1375588800] CURRENT SERVICE STATE: omnldap1-ny;LDAP;OK;HARD;1;LDAP OK - 0.002 seconds response time
[1375588800] CURRENT SERVICE STATE: omnldap2-ny;LDAP;OK;HARD;1;LDAP OK - 0.002 seconds response time
[1375588800] CURRENT SERVICE STATE: omnmas1app-ny;PING;OK;HARD;1;PING OK - Packet loss = 0%, RTA = 0.18 ms
[1375588800] CURRENT SERVICE STATE: omnmas1app1-ny;PING;OK;HARD;1;PING OK - Packet loss = 0%, RTA = 0.21 ms
[1375588800] CURRENT SERVICE STATE: omnmas1app2-ny;PING;OK;HARD;1;PING OK - Packet loss = 0%, RTA = 0.20 ms
[1375588800] CURRENT SERVICE STATE: omnmas1db-ny;PING;OK;HARD;1;PING OK - Packet loss = 0%, RTA = 0.23 ms
[1375588800] CURRENT SERVICE STATE: omnmas1db1-ny;PING;OK;HARD;1;PING OK - Packet loss = 0%, RTA = 0.24 ms
[1375588800] CURRENT SERVICE STATE: omnmas1db2-ny;PING;OK;HARD;1;PING OK - Packet loss = 0%, RTA = 0.24 ms
[1375588800] CURRENT SERVICE STATE: omnmas2app-ny;PING;CRITICAL;HARD;3;PING CRITICAL - Packet loss = 100%
[1375588800] CURRENT SERVICE STATE: omnmas2app1-ny;PING;OK;HARD;1;PING OK - Packet loss = 0%, RTA = 0.29 ms
[1375588800] CURRENT SERVICE STATE: omnmas2app2-ny;PING;OK;HARD;1;PING OK - Packet loss = 0%, RTA = 0.28 ms
[1375588800] CURRENT SERVICE STATE: omnmas2db-ny;PING;OK;HARD;1;PING OK - Packet loss = 0%, RTA = 0.21 ms
[1375588800] CURRENT SERVICE STATE: omnmas2db1-ny;PING;OK;HARD;1;PING OK - Packet loss = 0%, RTA = 0.27 ms
[1375588800] CURRENT SERVICE STATE: omnmas2db2-ny;PING;OK;HARD;1;PING OK - Packet loss = 0%, RTA = 0.34 ms
[1375588800] CURRENT SERVICE STATE: omnmdir01-ny;PING;OK;HARD;1;PING OK - Packet loss = 0%, RTA = 0.17 ms
[1375588800] CURRENT SERVICE STATE: omnmdir01e1-ny;PING;OK;HARD;1;PING OK - Packet loss = 0%, RTA = 0.17 ms
[1375588800] CURRENT SERVICE STATE: omnmdir02-ny;PING;OK;HARD;1;PING OK - Packet loss = 0%, RTA = 0.19 ms
[1375588800] CURRENT SERVICE STATE: omnmdir02e1-ny;PING;OK;HARD;1;PING OK - Packet loss = 0%, RTA = 0.23 ms
[1375588800] CURRENT SERVICE STATE: omnmdir03-ny;PING;OK;HARD;1;PING OK - Packet loss = 0%, RTA = 0.19 ms
[1375588800] CURRENT SERVICE STATE: omnmdir03e1-ny;PING;OK;HARD;1;PING OK - Packet loss = 0%, RTA = 0.18 ms
[1375588800] CURRENT SERVICE STATE: omnmdir04-ny;PING;OK;HARD;1;PING OK - Packet loss = 0%, RTA = 0.20 ms
[1375588800] CURRENT SERVICE STATE: omnmdir04e1-ny;PING;OK;HARD;1;PING OK - Packet loss = 0%, RTA = 0.19 ms
[1375588800] CURRENT SERVICE STATE: omnmdk01-ny;PING;OK;HARD;1;PING OK - Packet loss = 0%, RTA = 0.50 ms
[1375588800] CURRENT SERVICE STATE: omnmdk01h0-ny;PING;OK;HARD;1;PING OK - Packet loss = 0%, RTA = 0.49 ms
[1375588800] CURRENT SERVICE STATE: omnmdk02-ny;PING;OK;HARD;1;PING OK - Packet loss = 0%, RTA = 0.49 ms
[1375588800] CURRENT SERVICE STATE: omnmdk02h0-ny;PING;OK;HARD;1;PING OK - Packet loss = 0%, RTA = 1.15 ms
[1375588800] CURRENT SERVICE STATE: omnmdk03-ny;PING;OK;HARD;1;PING OK - Packet loss = 0%, RTA = 0.39 ms
[1375588800] CURRENT SERVICE STATE: omnmdk03h0-ny;PING;OK;HARD;1;PING OK - Packet loss = 0%, RTA = 0.46 ms
[1375588800] CURRENT SERVICE STATE: omnmdk04-ny;PING;OK;HARD;1;PING OK - Packet loss = 0%, RTA = 0.48 ms
[1375588800] CURRENT SERVICE STATE: omnmdk04h0-ny;PING;OK;HARD;1;PING OK - Packet loss = 0%, RTA = 0.49 ms
[1375588800] CURRENT SERVICE STATE: omnmdk05-ny;PING;OK;HARD;1;PING OK - Packet loss = 0%, RTA = 0.40 ms
[1375588800] CURRENT SERVICE STATE: omnmdk05h0-ny;PING;OK;HARD;1;PING OK - Packet loss = 0%, RTA = 0.44 ms
[1375588800] CURRENT SERVICE STATE: omnmdk06-ny;PING;OK;HARD;1;PING OK - Packet loss = 0%, RTA = 0.48 ms
[1375588800] CURRENT SERVICE STATE: omnmdk06h0-ny;PING;OK;HARD;1;PING OK - Packet loss = 0%, RTA = 0.44 ms
[1375588800] CURRENT SERVICE STATE: omnmdk07-ny;PING;OK;HARD;1;PING OK - Packet loss = 0%, RTA = 0.44 ms
[1375588800] CURRENT SERVICE STATE: omnmdk07h0-ny;PING;OK;HARD;1;PING OK - Packet loss = 0%, RTA = 0.49 ms
[1375588800] CURRENT SERVICE STATE: omnmdk08-ny;PING;OK;HARD;1;PING OK - Packet loss = 0%, RTA = 0.48 ms
[1375588800] CURRENT SERVICE STATE: omnmdk08h0-ny;PING;OK;HARD;1;PING OK - Packet loss = 0%, RTA = 0.50 ms
[1375588800] CURRENT SERVICE STATE: omnmdk09-ny;PING;OK;HARD;1;PING OK - Packet loss = 0%, RTA = 0.51 ms
[1375588800] CURRENT SERVICE STATE: omnmdk09h0-ny;PING;OK;HARD;1;PING OK - Packet loss = 0%, RTA = 0.48 ms
[1375588800] CURRENT SERVICE STATE: omnmdk10-ny;PING;OK;HARD;1;PING OK - Packet loss = 0%, RTA = 0.47 ms
[1375588800] CURRENT SERVICE STATE: omnmdk10h0-ny;PING;OK;HARD;1;PING OK - Packet loss = 0%, RTA = 0.52 ms
[1375588800] CURRENT SERVICE STATE: omnmdk11-ny;PING;OK;HARD;1;PING OK - Packet loss = 0%, RTA = 0.47 ms
[1375588800] CURRENT SERVICE STATE: omnmdk11h0-ny;PING;OK;HARD;1;PING OK - Packet loss = 0%, RTA = 0.49 ms
[1375588800] CURRENT SERVICE STATE: omnmdk12-ny;PING;OK;HARD;1;PING OK - Packet loss = 0%, RTA = 0.69 ms
[1375588800] CURRENT SERVICE STATE: omnmdk12h0-ny;PING;OK;HARD;1;PING OK - Packet loss = 0%, RTA = 0.59 ms
[1375588800] CURRENT SERVICE STATE: omnmdk13-ny;PING;OK;HARD;1;PING OK - Packet loss = 0%, RTA = 0.48 ms
[1375588800] CURRENT SERVICE STATE: omnmdk13h0-ny;PING;OK;HARD;1;PING OK - Packet loss = 0%, RTA = 0.49 ms
[1375588800] CURRENT SERVICE STATE: omnmdk14-ny;PING;OK;HARD;1;PING OK - Packet loss = 0%, RTA = 0.53 ms
[1375588800] CURRENT SERVICE STATE: omnmdk14h0-ny;PING;OK;HARD;1;PING OK - Packet loss = 0%, RTA = 0.46 ms
[1375588800] CURRENT SERVICE STATE: omnmdk15-ny;PING;OK;HARD;1;PING OK - Packet loss = 0%, RTA = 0.47 ms
[1375588800] CURRENT SERVICE STATE: omnmdk15h0-ny;PING;OK;HARD;1;PING OK - Packet loss = 0%, RTA = 0.50 ms
[1375588800] CURRENT SERVICE STATE: omnmdk16-ny;PING;OK;HARD;1;PING OK - Packet loss = 0%, RTA = 0.52 ms
[1375588800] CURRENT SERVICE STATE: omnmdk16h0-ny;PING;OK;HARD;1;PING OK - Packet loss = 0%, RTA = 0.50 ms
[1375588800] CURRENT SERVICE STATE: omnmdk17-ny;PING;OK;HARD;1;PING OK - Packet loss = 0%, RTA = 0.54 ms
[1375588800] CURRENT SERVICE STATE: omnmdk17h0-ny;PING;OK;HARD;1;PING OK - Packet loss = 0%, RTA = 2.92 ms
[1375588800] CURRENT SERVICE STATE: omnmdk18-ny;PING;OK;HARD;1;PING OK - Packet loss = 0%, RTA = 0.48 ms
[1375588800] CURRENT SERVICE STATE: omnmdk18h0-ny;PING;OK;HARD;1;PING OK - Packet loss = 0%, RTA = 0.47 ms
[1375588800] CURRENT SERVICE STATE: omnmdk19-ny;PING;OK;HARD;1;PING OK - Packet loss = 0%, RTA = 0.46 ms
[1375588800] CURRENT SERVICE STATE: omnmdk19h0-ny;PING;OK;HARD;1;PING OK - Packet loss = 0%, RTA = 0.50 ms
[1375588800] CURRENT SERVICE STATE: omnmgsm-ny;PING;OK;HARD;1;PING OK - Packet loss = 0%, RTA = 0.23 ms
[1375588800] CURRENT SERVICE STATE: omnspsm-ny;PING;OK;HARD;1;PING OK - Packet loss = 0%, RTA = 0.20 ms
[1375588800] CURRENT SERVICE STATE: rt-nycc3750tgr-ilo;PING;OK;HARD;1;PING OK - Packet loss = 0%, RTA = 2.12 ms
[1375588800] CURRENT SERVICE STATE: rt-nycc3750tgr-ms2;PING;OK;HARD;1;PING OK - Packet loss = 0%, RTA = 14.85 ms
[1375588800] CURRENT SERVICE STATE: rt-nyccfcp-1;PING;OK;HARD;1;PING OK - Packet loss = 0%, RTA = 1.76 ms
[1375588800] CURRENT SERVICE STATE: rt-nyccfcp-2;PING;OK;HARD;1;PING OK - Packet loss = 0%, RTA = 1.52 ms
[1375588800] CURRENT SERVICE STATE: rt-nycchdagg-a;PING;OK;HARD;1;PING OK - Packet loss = 0%, RTA = 2.42 ms
[1375588800] CURRENT SERVICE STATE: rt-nycchdagg-b;PING;OK;HARD;1;PING OK - Packet loss = 0%, RTA = 1.55 ms
[1375588800] CURRENT SERVICE STATE: rt-nyccmediagrid;PING;OK;HARD;1;PING OK - Packet loss = 0%, RTA = 0.41 ms
[1375588800] CURRENT SERVICE STATE: rt-nyccspectrum;PING;OK;HARD;1;PING OK - Packet loss = 0%, RTA = 0.47 ms
[1375588800] CURRENT SERVICE STATE: spider;PING;OK;HARD;1;PING OK - Packet loss = 0%, RTA = 0.29 ms
[1375588800] CURRENT SERVICE STATE: wdchd001;PING;CRITICAL;HARD;3;PING CRITICAL - Packet loss = 100%
[1375588800] CURRENT SERVICE STATE: wdchd002;PING;CRITICAL;HARD;3;PING CRITICAL - Packet loss = 100%
[1375588800] CURRENT SERVICE STATE: wdchd003;PING;OK;HARD;1;PING OK - Packet loss = 0%, RTA = 6.53 ms
[1375588800] CURRENT SERVICE STATE: wdchd004;PING;OK;HARD;1;PING OK - Packet loss = 0%, RTA = 6.57 ms
[1375588800] CURRENT SERVICE STATE: wdchd005;PING;CRITICAL;HARD;3;PING CRITICAL - Packet loss = 100%
[1375588800] CURRENT SERVICE STATE: wdchd006;PING;CRITICAL;HARD;3;PING CRITICAL - Packet loss = 100%
[1375588800] CURRENT SERVICE STATE: wdchd007;PING;CRITICAL;HARD;3;PING CRITICAL - Packet loss = 100%
[1375588800] CURRENT SERVICE STATE: wdchd008;PING;OK;HARD;1;PING OK - Packet loss = 0%, RTA = 6.68 ms
[1375588800] CURRENT SERVICE STATE: wdchd009;PING;CRITICAL;HARD;3;PING CRITICAL - Packet loss = 100%
[1375588800] CURRENT SERVICE STATE: wdchd010;PING;CRITICAL;HARD;3;PING CRITICAL - Packet loss = 100%
[1375588800] CURRENT SERVICE STATE: wdchd011;PING;CRITICAL;HARD;3;PING CRITICAL - Packet loss = 100%
[1375588800] CURRENT SERVICE STATE: wdchd012;PING;CRITICAL;HARD;3;PING CRITICAL - Packet loss = 100%
[1375588800] CURRENT SERVICE STATE: wdchd013;PING;CRITICAL;HARD;3;PING CRITICAL - Packet loss = 100%
[1375588800] CURRENT SERVICE STATE: wdchd014;PING;CRITICAL;HARD;3;PING CRITICAL - Packet loss = 100%
[1375588800] CURRENT SERVICE STATE: wdchd015;PING;CRITICAL;HARD;3;PING CRITICAL - Packet loss = 100%
[1375588800] CURRENT SERVICE STATE: wdchd016;PING;OK;HARD;1;PING OK - Packet loss = 0%, RTA = 6.52 ms
[1375588800] CURRENT SERVICE STATE: wdchd017;PING;CRITICAL;HARD;3;PING CRITICAL - Packet loss = 100%
[1375588800] CURRENT SERVICE STATE: wdchd018;PING;CRITICAL;HARD;3;PING CRITICAL - Packet loss = 100%
[1375588800] CURRENT SERVICE STATE: wdchd019;PING;CRITICAL;HARD;3;PING CRITICAL - Packet loss = 100%
[1375588800] CURRENT SERVICE STATE: wdchd020;PING;CRITICAL;HARD;3;PING CRITICAL - Packet loss = 100%
[1375588800] CURRENT SERVICE STATE: wdchd021;PING;CRITICAL;HARD;3;PING CRITICAL - Packet loss = 100%
[1375588800] CURRENT SERVICE STATE: wdchd022;PING;CRITICAL;HARD;3;PING CRITICAL - Packet loss = 100%
[1375588800] CURRENT SERVICE STATE: wdchd023;PING;CRITICAL;HARD;3;PING CRITICAL - Packet loss = 100%
[1375588800] CURRENT SERVICE STATE: wdchd024;PING;OK;HARD;1;PING OK - Packet loss = 0%, RTA = 6.59 ms
[1375588800] CURRENT SERVICE STATE: wdchd025;PING;OK;HARD;1;PING OK - Packet loss = 0%, RTA = 6.80 ms
[1375588800] CURRENT SERVICE STATE: wdchd026;PING;CRITICAL;HARD;3;PING CRITICAL - Packet loss = 100%
[1375588800] CURRENT SERVICE STATE: wdchd027;PING;OK;HARD;1;PING OK - Packet loss = 0%, RTA = 6.62 ms
[1375588800] CURRENT SERVICE STATE: wdchd028;PING;CRITICAL;HARD;3;PING CRITICAL - Packet loss = 100%
[1375588800] CURRENT SERVICE STATE: wdchd029;PING;OK;HARD;1;PING OK - Packet loss = 0%, RTA = 6.58 ms
[1375588800] CURRENT SERVICE STATE: wdchd030;PING;OK;HARD;1;PING OK - Packet loss = 0%, RTA = 6.64 ms
[1375588800] CURRENT SERVICE STATE: wdchd031;PING;OK;HARD;1;PING OK - Packet loss = 0%, RTA = 6.68 ms
[1375588800] CURRENT SERVICE STATE: wdcmd001;PING;OK;HARD;1;PING OK - Packet loss = 0%, RTA = 6.60 ms
[1375588800] CURRENT SERVICE STATE: wdcmd002;PING;OK;HARD;1;PING OK - Packet loss = 0%, RTA = 6.64 ms
[1375588800] CURRENT SERVICE STATE: wdcms001;PING;OK;HARD;1;PING OK - Packet loss = 0%, RTA = 6.64 ms
[1375588800] CURRENT SERVICE STATE: wdcms002;PING;OK;HARD;1;PING OK - Packet loss = 0%, RTA = 6.66 ms
[1375588800] CURRENT SERVICE STATE: wdcms003;PING;OK;HARD;1;PING OK - Packet loss = 0%, RTA = 6.61 ms
[1375588800] CURRENT SERVICE STATE: wdcod001;PING;OK;HARD;1;PING OK - Packet loss = 0%, RTA = 6.68 ms
[1375588800] CURRENT SERVICE STATE: wdcod002;PING;OK;HARD;1;PING OK - Packet loss = 0%, RTA = 6.70 ms
[1375588800] CURRENT SERVICE STATE: wdcod01;PING;OK;HARD;1;PING OK - Packet loss = 0%, RTA = 6.46 ms
[1375588800] CURRENT SERVICE STATE: wdcod02;PING;OK;HARD;1;PING OK - Packet loss = 0%, RTA = 6.46 ms
[1375588800] CURRENT SERVICE STATE: wdcpf001;PING;OK;HARD;1;PING OK - Packet loss = 0%, RTA = 6.64 ms
[1375588800] CURRENT SERVICE STATE: wdcpf002;PING;OK;HARD;1;PING OK - Packet loss = 0%, RTA = 6.62 ms
[1375588800] CURRENT SERVICE STATE: wdcpf03;PING;OK;HARD;1;PING OK - Packet loss = 0%, RTA = 6.35 ms
[1375588800] CURRENT SERVICE STATE: wdcps001;PING;OK;HARD;1;PING OK - Packet loss = 0%, RTA = 6.51 ms
[1375588800] CURRENT SERVICE STATE: wdcps002;PING;OK;HARD;1;PING OK - Packet loss = 0%, RTA = 6.54 ms
[1375588800] CURRENT SERVICE STATE: wdcps003;PING;OK;HARD;1;PING OK - Packet loss = 0%, RTA = 6.57 ms
[1375588800] CURRENT SERVICE STATE: wdcps004;PING;OK;HARD;1;PING OK - Packet loss = 0%, RTA = 6.57 ms
[1375591328] Auto-save of retention data completed successfully.
[1375593448] SERVICE ALERT: rt-nycchdagg-a;PING;WARNING;SOFT;1;PING WARNING - Packet loss = 0%, RTA = 108.17 ms
[1375593508] SERVICE ALERT: rt-nycchdagg-a;PING;OK;SOFT;2;PING OK - Packet loss = 0%, RTA = 3.26 ms
[1375594928] Auto-save of retention data completed successfully.
[1375596338] SERVICE ALERT: nycnn-adbeame1;PING;CRITICAL;SOFT;1;PING CRITICAL - Packet loss = 90%, RTA = 0.20 ms
[1375596338] SERVICE ALERT: nycnn-adbeame5;PING;CRITICAL;SOFT;1;PING CRITICAL - Packet loss = 72%, RTA = 0.31 ms
[1375596338] SERVICE ALERT: nycnn-adbeame4;PING;CRITICAL;SOFT;1;PING CRITICAL - Packet loss = 100%
[1375596338] SERVICE ALERT: nycnn-adbeame7;PING;CRITICAL;SOFT;1;PING CRITICAL - Packet loss = 63%, RTA = 0.30 ms
[1375596338] SERVICE ALERT: nycnn-adbeame9;PING;CRITICAL;SOFT;1;PING CRITICAL - Packet loss = 100%
[1375596368] HOST ALERT: nycnn-adbeame1;DOWN;SOFT;1;(Host Check Timed Out)
[1375596368] HOST ALERT: nycnn-adbeame5;DOWN;SOFT;1;(Host Check Timed Out)
[1375596368] HOST ALERT: nycnn-adbeame4;DOWN;SOFT;1;(Host Check Timed Out)
[1375596368] HOST ALERT: nycnn-adbeame7;DOWN;SOFT;1;(Host Check Timed Out)
[1375596368] HOST ALERT: nycnn-adbeame9;DOWN;SOFT;1;(Host Check Timed Out)
[1375596398] SERVICE ALERT: nycnn-adbeame1;PING;CRITICAL;HARD;2;PING CRITICAL - Packet loss = 100%
[1375596398] SERVICE ALERT: nycnn-adbeame2;PING;CRITICAL;SOFT;1;PING CRITICAL - Packet loss = 100%
[1375596398] SERVICE ALERT: nycnn-adbeame5;PING;CRITICAL;HARD;2;PING CRITICAL - Packet loss = 100%
[1375596398] SERVICE ALERT: nycnn-adbeame4;PING;CRITICAL;HARD;2;PING CRITICAL - Packet loss = 100%
[1375596398] SERVICE ALERT: nycnn-adbeame6;PING;CRITICAL;SOFT;1;PING CRITICAL - Packet loss = 100%
[1375596398] SERVICE ALERT: nycnn-adbeame8;PING;CRITICAL;SOFT;1;PING CRITICAL - Packet loss = 100%
[1375596398] SERVICE ALERT: nycnn-adbeame7;PING;CRITICAL;HARD;2;PING CRITICAL - Packet loss = 100%
[1375596398] SERVICE ALERT: nycnn-adbeame9;PING;CRITICAL;HARD;2;PING CRITICAL - Packet loss = 100%
[1375596428] HOST ALERT: nycnn-adbeame2;DOWN;SOFT;1;(Host Check Timed Out)
[1375596428] HOST ALERT: nycnn-adbeame6;DOWN;SOFT;1;(Host Check Timed Out)
[1375596428] HOST ALERT: nycnn-adbeame8;DOWN;SOFT;1;(Host Check Timed Out)
[1375596458] SERVICE ALERT: nycnn-adbeame1;AME Job status;CRITICAL;HARD;1;(Service Check Timed Out)
[1375596458] SERVICE ALERT: nycnn-adbeame5;AME Job status;CRITICAL;HARD;1;(Service Check Timed Out)
[1375596458] SERVICE ALERT: nycnn-adbeame4;AME Job status;CRITICAL;HARD;1;(Service Check Timed Out)
[1375596458] SERVICE ALERT: nycnn-adbeame7;AME Job status;CRITICAL;HARD;1;(Service Check Timed Out)
[1375596458] SERVICE ALERT: nycnn-adbeame9;AME Job status;CRITICAL;HARD;1;(Service Check Timed Out)
[1375596458] SERVICE ALERT: nycnn-adbeame2;PING;CRITICAL;HARD;2;PING CRITICAL - Packet loss = 100%
[1375596458] SERVICE ALERT: nycnn-adbeame6;PING;CRITICAL;HARD;2;PING CRITICAL - Packet loss = 100%
[1375596458] SERVICE ALERT: nycnn-adbeame8;PING;CRITICAL;HARD;2;PING CRITICAL - Packet loss = 100%
[1375596468] HOST ALERT: nycnn-adbeame1;DOWN;SOFT;2;(Host Check Timed Out)
[1375596468] HOST ALERT: nycnn-adbeame5;DOWN;SOFT;2;(Host Check Timed Out)
[1375596468] HOST ALERT: nycnn-adbeame4;DOWN;SOFT;2;(Host Check Timed Out)
[1375596468] HOST ALERT: nycnn-adbeame7;DOWN;SOFT;2;(Host Check Timed Out)
[1375596468] HOST ALERT: nycnn-adbeame9;DOWN;SOFT;2;(Host Check Timed Out)
[1375596508] SERVICE ALERT: nycnn-adbeame4;PING;OK;HARD;2;PING OK - Packet loss = 0%, RTA = 0.29 ms
[1375596518] SERVICE ALERT: nycnn-adbeame6;AME Job status;CRITICAL;HARD;1;(Service Check Timed Out)
[1375596518] HOST ALERT: nycnn-adbeame4;UP;SOFT;3;PING OK - Packet loss = 0%, RTA = 0.31 ms
[1375596528] HOST ALERT: nycnn-adbeame2;DOWN;SOFT;2;(Host Check Timed Out)
[1375596528] HOST ALERT: nycnn-adbeame6;DOWN;SOFT;2;(Host Check Timed Out)
[1375596528] HOST ALERT: nycnn-adbeame8;DOWN;SOFT;2;(Host Check Timed Out)
[1375596538] HOST ALERT: nycnn-adbeame5;UP;SOFT;3;PING OK - Packet loss = 0%, RTA = 0.48 ms
[1375596538] HOST ALERT: nycnn-adbeame9;UP;SOFT;3;PING OK - Packet loss = 0%, RTA = 0.27 ms
[1375596538] SERVICE ALERT: nycnn-adbeame8;AME Job status;CRITICAL;HARD;1;Server is down!
[1375596538] HOST ALERT: nycnn-adbeame1;UP;SOFT;3;PING OK - Packet loss = 28%, RTA = 1.32 ms
[1375596548] HOST ALERT: nycnn-adbeame7;UP;SOFT;3;PING OK - Packet loss = 54%, RTA = 0.51 ms
[1375596558] SERVICE ALERT: nycnn-adbeame2;AME Job status;CRITICAL;HARD;1;Server is down!
[1375596568] SERVICE ALERT: nycnn-adbeame1;PING;OK;HARD;2;PING OK - Packet loss = 0%, RTA = 0.34 ms
[1375596568] SERVICE ALERT: nycnn-adbeame2;PING;OK;HARD;2;PING OK - Packet loss = 0%, RTA = 0.32 ms
[1375596578] SERVICE ALERT: nycnn-adbeame5;PING;OK;HARD;2;PING OK - Packet loss = 0%, RTA = 0.28 ms
[1375596578] SERVICE ALERT: nycnn-adbeame6;PING;OK;HARD;2;PING OK - Packet loss = 0%, RTA = 0.30 ms
[1375596578] SERVICE ALERT: nycnn-adbeame8;PING;OK;HARD;2;PING OK - Packet loss = 0%, RTA = 0.30 ms
[1375596578] SERVICE ALERT: nycnn-adbeame7;PING;OK;HARD;2;PING OK - Packet loss = 0%, RTA = 0.31 ms
[1375596578] SERVICE ALERT: nycnn-adbeame9;PING;OK;HARD;2;PING OK - Packet loss = 0%, RTA = 0.34 ms
[1375596578] HOST ALERT: nycnn-adbeame2;UP;SOFT;3;PING OK - Packet loss = 0%, RTA = 0.36 ms
[1375596588] HOST ALERT: nycnn-adbeame6;UP;SOFT;3;PING OK - Packet loss = 0%, RTA = 0.33 ms
[1375596588] HOST ALERT: nycnn-adbeame8;UP;SOFT;3;PING OK - Packet loss = 0%, RTA = 0.30 ms
[1375596698] SERVICE ALERT: nycnn-adbeame1;AME Job status;OK;HARD;1;AME is idle:
[1375596698] SERVICE ALERT: nycnn-adbeame5;AME Job status;OK;HARD;1;AME is idle:
[1375596698] SERVICE ALERT: nycnn-adbeame4;AME Job status;OK;HARD;1;AME is idle:
[1375596698] SERVICE ALERT: nycnn-adbeame7;AME Job status;OK;HARD;1;AME is idle:
[1375596698] SERVICE ALERT: nycnn-adbeame9;AME Job status;OK;HARD;1;AME is idle:
[1375596758] SERVICE ALERT: nycnn-adbeame6;AME Job status;OK;HARD;1;AME is idle:
[1375596818] SERVICE ALERT: nycnn-adbeame2;AME Job status;OK;HARD;1;AME is idle:
[1375596818] SERVICE ALERT: nycnn-adbeame8;AME Job status;OK;HARD;1;AME is idle:
[1375598528] Auto-save of retention data completed successfully.
[1375598568] SERVICE ALERT: rt-nycc3750tgr-ms2;PING;WARNING;SOFT;1;PING WARNING - Packet loss = 0%, RTA = 119.86 ms
[1375598628] SERVICE ALERT: rt-nycc3750tgr-ms2;PING;OK;SOFT;2;PING OK - Packet loss = 0%, RTA = 3.93 ms
[1375602128] Auto-save of retention data completed successfully.
[1375605728] Auto-save of retention data completed successfully.
[1375609328] Auto-save of retention data completed successfully.
[1375612928] Auto-save of retention data completed successfully.
[1375616528] Auto-save of retention data completed successfully.
[1375620128] Auto-save of retention data completed successfully.
[1375621792] EXTERNAL COMMAND: SCHEDULE_HOSTGROUP_HOST_DOWNTIME;Omneon-Content-Directors;1375621786;1375628986;1;0;25200;Windows Admin;upgrade
[1375621792] HOST DOWNTIME ALERT: omnclda01-ny;STARTED; Host has entered a period of scheduled downtime
[1375621792] HOST DOWNTIME ALERT: omnclda01e1-ny;STARTED; Host has entered a period of scheduled downtime
[1375621792] HOST DOWNTIME ALERT: omnclda02-ny;STARTED; Host has entered a period of scheduled downtime
[1375621792] HOST DOWNTIME ALERT: omnclda02e1-ny;STARTED; Host has entered a period of scheduled downtime
[1375621792] HOST DOWNTIME ALERT: omnclda03-ny;STARTED; Host has entered a period of scheduled downtime
[1375621792] HOST DOWNTIME ALERT: omnclda03e1-ny;STARTED; Host has entered a period of scheduled downtime
[1375621800] EXTERNAL COMMAND: SCHEDULE_HOSTGROUP_SVC_DOWNTIME;Omneon-Content-Directors;1375621795;1375628995;1;0;25200;Windows Admin;upgrade
[1375621801] SERVICE DOWNTIME ALERT: omnclda01-ny;PING;STARTED; Service has entered a period of scheduled downtime
[1375621801] SERVICE DOWNTIME ALERT: omnclda01e1-ny;PING;STARTED; Service has entered a period of scheduled downtime
[1375621801] SERVICE DOWNTIME ALERT: omnclda02-ny;PING;STARTED; Service has entered a period of scheduled downtime
[1375621801] SERVICE DOWNTIME ALERT: omnclda02e1-ny;PING;STARTED; Service has entered a period of scheduled downtime
[1375621801] SERVICE DOWNTIME ALERT: omnclda03-ny;PING;STARTED; Service has entered a period of scheduled downtime
[1375621801] SERVICE DOWNTIME ALERT: omnclda03e1-ny;PING;STARTED; Service has entered a period of scheduled downtime
[1375621816] EXTERNAL COMMAND: SCHEDULE_HOSTGROUP_HOST_DOWNTIME;Omneon-HBCBs;1375621810;1375629010;0;0;25200;Windows Admin;upgrade
[1375621825] EXTERNAL COMMAND: SCHEDULE_HOSTGROUP_SVC_DOWNTIME;Omneon-HBCBs;1375621818;1375629018;0;0;25200;Windows Admin;upgrade
[1375623728] Auto-save of retention data completed successfully.
[1375624298] SERVICE ALERT: msny;MS2 - Grid A Mount;CRITICAL;SOFT;1;CRITICAL - Plugin timed out after 10 seconds
[1375624348] SERVICE ALERT: msny;MS2 - Grid A Mount;OK;SOFT;2;OK - File /Volumes/GridA/Temp/.gridamounted seems fine.
[1375627328] Auto-save of retention data completed successfully.
[1375627898] SERVICE ALERT: omnmgsm-ny;PING;CRITICAL;SOFT;1;PING CRITICAL - Packet loss = 100%
[1375627928] HOST ALERT: omnmgsm-ny;DOWN;SOFT;1;(Host Check Timed Out)
[1375627958] SERVICE ALERT: omnmgsm-ny;PING;CRITICAL;HARD;2;PING CRITICAL - Packet loss = 100%
[1375628018] HOST ALERT: omnmgsm-ny;DOWN;SOFT;2;(Host Check Timed Out)
[1375628078] SERVICE ALERT: omnmgsm-ny;PING;OK;HARD;2;PING OK - Packet loss = 0%, RTA = 0.14 ms
[1375628088] HOST ALERT: omnmgsm-ny;UP;SOFT;3;PING OK - Packet loss = 0%, RTA = 0.16 ms
[1375628986] HOST DOWNTIME ALERT: omnclda01-ny;STOPPED; Host has exited from a period of scheduled downtime
[1375628986] HOST DOWNTIME ALERT: omnclda01e1-ny;STOPPED; Host has exited from a period of scheduled downtime
[1375628986] HOST DOWNTIME ALERT: omnclda02-ny;STOPPED; Host has exited from a period of scheduled downtime
[1375628986] HOST DOWNTIME ALERT: omnclda02e1-ny;STOPPED; Host has exited from a period of scheduled downtime
[1375628986] HOST DOWNTIME ALERT: omnclda03-ny;STOPPED; Host has exited from a period of scheduled downtime
[1375628986] HOST DOWNTIME ALERT: omnclda03e1-ny;STOPPED; Host has exited from a period of scheduled downtime
[1375628995] SERVICE DOWNTIME ALERT: omnclda01-ny;PING;STOPPED; Service has exited from a period of scheduled downtime
[1375628995] SERVICE DOWNTIME ALERT: omnclda01e1-ny;PING;STOPPED; Service has exited from a period of scheduled downtime
[1375628995] SERVICE DOWNTIME ALERT: omnclda02-ny;PING;STOPPED; Service has exited from a period of scheduled downtime
[1375628995] SERVICE DOWNTIME ALERT: omnclda02e1-ny;PING;STOPPED; Service has exited from a period of scheduled downtime
[1375628995] SERVICE DOWNTIME ALERT: omnclda03-ny;PING;STOPPED; Service has exited from a period of scheduled downtime
[1375628995] SERVICE DOWNTIME ALERT: omnclda03e1-ny;PING;STOPPED; Service has exited from a period of scheduled downtime
[1375630578] SERVICE ALERT: omnhbcba01-ny;PING;CRITICAL;SOFT;1;PING CRITICAL - Packet loss = 100%
[1375630608] HOST ALERT: omnhbcba01-ny;DOWN;SOFT;1;(Host Check Timed Out)
[1375630638] SERVICE ALERT: omnhbcba01-ny;PING;CRITICAL;HARD;2;PING CRITICAL - Packet loss = 100%
[1375630708] HOST ALERT: omnhbcba01-ny;DOWN;SOFT;2;(Host Check Timed Out)
[1375630778] HOST ALERT: omnhbcba01-ny;UP;SOFT;3;PING OK - Packet loss = 44%, RTA = 0.23 ms
[1375630808] SERVICE ALERT: omnhbcba01-ny;PING;OK;HARD;2;PING OK - Packet loss = 0%, RTA = 0.21 ms
[1375630928] Auto-save of retention data completed successfully.
[1375634528] Auto-save of retention data completed successfully.
[1375634838] SERVICE ALERT: omnhbcba02-ny;PING;CRITICAL;SOFT;1;PING CRITICAL - Packet loss = 100%
[1375634838] SERVICE ALERT: omnhbcba05-ny;PING;CRITICAL;SOFT;1;PING CRITICAL - Packet loss = 100%
[1375634878] HOST ALERT: omnhbcba02-ny;DOWN;SOFT;1;(Host Check Timed Out)
[1375634878] HOST ALERT: omnhbcba05-ny;DOWN;SOFT;1;(Host Check Timed Out)
[1375634898] SERVICE ALERT: omnhbcba02-ny;PING;CRITICAL;HARD;2;PING CRITICAL - Packet loss = 100%
[1375634898] SERVICE ALERT: omnhbcba07-ny;PING;CRITICAL;SOFT;1;PING CRITICAL - Packet loss = 100%
[1375634898] SERVICE ALERT: omnhbcba05-ny;PING;CRITICAL;HARD;2;PING CRITICAL - Packet loss = 100%
[1375634898] SERVICE ALERT: omnhbcba09-ny;PING;CRITICAL;SOFT;1;PING CRITICAL - Packet loss = 100%
[1375634938] HOST ALERT: omnhbcba07-ny;DOWN;SOFT;1;(Host Check Timed Out)
[1375634938] HOST ALERT: omnhbcba09-ny;DOWN;SOFT;1;(Host Check Timed Out)
[1375634958] HOST ALERT: omnhbcba02-ny;UP;SOFT;2;PING OK - Packet loss = 58%, RTA = 0.25 ms
[1375634958] SERVICE ALERT: omnhbcba02-ny;PING;OK;HARD;2;PING OK - Packet loss = 16%, RTA = 0.17 ms
[1375634958] SERVICE ALERT: omnhbcba07-ny;PING;CRITICAL;HARD;2;PING CRITICAL - Packet loss = 100%
[1375634958] SERVICE ALERT: omnhbcba09-ny;PING;CRITICAL;HARD;2;PING CRITICAL - Packet loss = 100%
[1375634968] HOST ALERT: omnhbcba05-ny;DOWN;SOFT;2;(Host Check Timed Out)
[1375635018] SERVICE ALERT: omnhbcba05-ny;PING;OK;HARD;2;PING OK - Packet loss = 0%, RTA = 0.18 ms
[1375635028] HOST ALERT: omnhbcba05-ny;UP;SOFT;3;PING OK - Packet loss = 0%, RTA = 0.26 ms
[1375635028] HOST ALERT: omnhbcba07-ny;UP;SOFT;2;PING WARNING - Packet loss = 82%, RTA = 0.22 ms
[1375635028] HOST ALERT: omnhbcba09-ny;DOWN;SOFT;2;(Host Check Timed Out)
[1375635078] SERVICE ALERT: omnhbcba07-ny;PING;OK;HARD;2;PING OK - Packet loss = 0%, RTA = 0.22 ms
[1375635078] SERVICE ALERT: omnhbcba09-ny;PING;OK;HARD;2;PING OK - Packet loss = 0%, RTA = 0.17 ms
[1375635088] HOST ALERT: omnhbcba09-ny;UP;SOFT;3;PING OK - Packet loss = 0%, RTA = 0.28 ms
[1375638128] Auto-save of retention data completed successfully.
[1375638498] SERVICE ALERT: omnhbcba03-ny;PING;CRITICAL;SOFT;1;PING CRITICAL - Packet loss = 100%
[1375638498] SERVICE ALERT: omnhbcba10-ny;PING;CRITICAL;SOFT;1;PING CRITICAL - Packet loss = 100%
[1375638508] HOST ALERT: omnhbcba10-ny;DOWN;SOFT;1;(Host Check Timed Out)
[1375638538] HOST ALERT: omnhbcba03-ny;DOWN;SOFT;1;(Host Check Timed Out)
[1375638558] SERVICE ALERT: omnhbcba03-ny;PING;CRITICAL;HARD;2;PING CRITICAL - Packet loss = 100%
[1375638558] SERVICE ALERT: omnhbcba06-ny;PING;CRITICAL;SOFT;1;PING CRITICAL - Packet loss = 100%
[1375638558] SERVICE ALERT: omnhbcba10-ny;PING;CRITICAL;HARD;2;PING CRITICAL - Packet loss = 100%
[1375638558] SERVICE ALERT: omnhbcba08-ny;PING;CRITICAL;SOFT;1;CRITICAL - Plugin timed out after 10 seconds
[1375638598] HOST ALERT: omnhbcba06-ny;DOWN;SOFT;1;(Host Check Timed Out)
[1375638598] HOST ALERT: omnhbcba08-ny;DOWN;SOFT;1;(Host Check Timed Out)
[1375638598] HOST ALERT: omnhbcba10-ny;DOWN;SOFT;2;(Host Check Timed Out)
[1375638618] SERVICE ALERT: omnhbcba06-ny;PING;CRITICAL;HARD;2;PING CRITICAL - Packet loss = 100%
[1375638618] SERVICE ALERT: omnhbcba08-ny;PING;CRITICAL;HARD;2;PING CRITICAL - Packet loss = 100%
[1375638618] SERVICE ALERT: omnhbcba12-ny;PING;CRITICAL;SOFT;1;PING CRITICAL - Packet loss = 100%
[1375638638] HOST ALERT: omnhbcba03-ny;DOWN;SOFT;2;(Host Check Timed Out)
[1375638658] HOST ALERT: omnhbcba12-ny;DOWN;SOFT;1;(Host Check Timed Out)
[1375638668] SERVICE ALERT: omnhbcba03-ny;PING;OK;HARD;2;PING OK - Packet loss = 0%, RTA = 0.20 ms
[1375638678] SERVICE ALERT: omnhbcba10-ny;PING;WARNING;HARD;2;PING WARNING - Packet loss = 28%, RTA = 0.16 ms
[1375638678] HOST ALERT: omnhbcba03-ny;UP;SOFT;3;PING OK - Packet loss = 0%, RTA = 0.26 ms
[1375638678] HOST ALERT: omnhbcba10-ny;UP;SOFT;3;PING OK - Packet loss = 66%, RTA = 0.19 ms
[1375638678] SERVICE ALERT: omnhbcba12-ny;PING;CRITICAL;HARD;2;PING CRITICAL - Packet loss = 100%
[1375638698] HOST ALERT: omnhbcba06-ny;DOWN;SOFT;2;(Host Check Timed Out)
[1375638698] HOST ALERT: omnhbcba08-ny;DOWN;SOFT;2;(Host Check Timed Out)
[1375638738] SERVICE ALERT: omnhbcba06-ny;PING;OK;HARD;2;PING OK - Packet loss = 0%, RTA = 0.54 ms
[1375638738] SERVICE ALERT: omnhbcba10-ny;PING;OK;HARD;2;PING OK - Packet loss = 0%, RTA = 0.28 ms
[1375638738] SERVICE ALERT: omnhbcba08-ny;PING;OK;HARD;2;PING OK - Packet loss = 0%, RTA = 0.35 ms
[1375638748] HOST ALERT: omnhbcba06-ny;UP;SOFT;3;PING OK - Packet loss = 0%, RTA = 0.38 ms
[1375638748] HOST ALERT: omnhbcba08-ny;UP;SOFT;3;PING OK - Packet loss = 0%, RTA = 0.28 ms
[1375638748] HOST ALERT: omnhbcba12-ny;DOWN;SOFT;2;(Host Check Timed Out)
[1375638798] SERVICE ALERT: omnhbcba12-ny;PING;OK;HARD;2;PING OK - Packet loss = 0%, RTA = 0.26 ms
[1375638808] HOST ALERT: omnhbcba12-ny;UP;SOFT;3;PING OK - Packet loss = 0%, RTA = 0.30 ms
[1375638884] EXTERNAL COMMAND: ENABLE_HOSTGROUP_HOST_NOTIFICATIONS;Omneon-Content-Directors
[1375638888] EXTERNAL COMMAND: ENABLE_HOSTGROUP_SVC_NOTIFICATIONS;Omneon-Content-Directors
[1375638891] EXTERNAL COMMAND: ENABLE_HOSTGROUP_SVC_CHECKS;Omneon-Content-Directors
[1375638949] EXTERNAL COMMAND: SCHEDULE_HOSTGROUP_SVC_DOWNTIME;Omneon-HBCBs;1375638923;1375646400;1;0;7200;Windows Admin;upgrade
[1375638949] EXTERNAL COMMAND: SCHEDULE_HOSTGROUP_HOST_DOWNTIME;Omneon-HBCBs;1375638923;1375646400;1;0;7200;Windows Admin;upgrade
[1375638949] SERVICE DOWNTIME ALERT: omnhbcba01-ny;PING;STARTED; Service has entered a period of scheduled downtime
[1375638949] SERVICE DOWNTIME ALERT: omnhbcba02-ny;PING;STARTED; Service has entered a period of scheduled downtime
[1375638949] SERVICE DOWNTIME ALERT: omnhbcba03-ny;PING;STARTED; Service has entered a period of scheduled downtime
[1375638949] SERVICE DOWNTIME ALERT: omnhbcba04-ny;PING;STARTED; Service has entered a period of scheduled downtime
[1375638949] SERVICE DOWNTIME ALERT: omnhbcba05-ny;PING;STARTED; Service has entered a period of scheduled downtime
[1375638949] SERVICE DOWNTIME ALERT: omnhbcba06-ny;PING;STARTED; Service has entered a period of scheduled downtime
[1375638949] SERVICE DOWNTIME ALERT: omnhbcba07-ny;PING;STARTED; Service has entered a period of scheduled downtime
[1375638949] SERVICE DOWNTIME ALERT: omnhbcba08-ny;PING;STARTED; Service has entered a period of scheduled downtime
[1375638949] SERVICE DOWNTIME ALERT: omnhbcba09-ny;PING;STARTED; Service has entered a period of scheduled downtime
[1375638949] SERVICE DOWNTIME ALERT: omnhbcba10-ny;PING;STARTED; Service has entered a period of scheduled downtime
[1375638949] SERVICE DOWNTIME ALERT: omnhbcba11-ny;PING;STARTED; Service has entered a period of scheduled downtime
[1375638949] SERVICE DOWNTIME ALERT: omnhbcba12-ny;PING;STARTED; Service has entered a period of scheduled downtime
[1375638949] HOST DOWNTIME ALERT: omnhbcba01-ny;STARTED; Host has entered a period of scheduled downtime
[1375638949] HOST DOWNTIME ALERT: omnhbcba02-ny;STARTED; Host has entered a period of scheduled downtime
[1375638949] HOST DOWNTIME ALERT: omnhbcba03-ny;STARTED; Host has entered a period of scheduled downtime
[1375638949] HOST DOWNTIME ALERT: omnhbcba04-ny;STARTED; Host has entered a period of scheduled downtime
[1375638949] HOST DOWNTIME ALERT: omnhbcba05-ny;STARTED; Host has entered a period of scheduled downtime
[1375638949] HOST DOWNTIME ALERT: omnhbcba06-ny;STARTED; Host has entered a period of scheduled downtime
[1375638949] HOST DOWNTIME ALERT: omnhbcba07-ny;STARTED; Host has entered a period of scheduled downtime
[1375638949] HOST DOWNTIME ALERT: omnhbcba08-ny;STARTED; Host has entered a period of scheduled downtime
[1375638949] HOST DOWNTIME ALERT: omnhbcba09-ny;STARTED; Host has entered a period of scheduled downtime
[1375638949] HOST DOWNTIME ALERT: omnhbcba10-ny;STARTED; Host has entered a period of scheduled downtime
[1375638949] HOST DOWNTIME ALERT: omnhbcba11-ny;STARTED; Host has entered a period of scheduled downtime
[1375638949] HOST DOWNTIME ALERT: omnhbcba12-ny;STARTED; Host has entered a period of scheduled downtime
[1375641078] SERVICE ALERT: omnhbcba04-ny;PING;CRITICAL;SOFT;1;PING CRITICAL - Packet loss = 100%
[1375641078] SERVICE ALERT: omnhbcba11-ny;PING;CRITICAL;SOFT;1;PING CRITICAL - Packet loss = 100%
[1375641108] HOST ALERT: omnhbcba04-ny;DOWN;SOFT;1;(Host Check Timed Out)
[1375641108] HOST ALERT: omnhbcba11-ny;DOWN;SOFT;1;(Host Check Timed Out)
[1375641138] SERVICE ALERT: omnhbcba04-ny;PING;CRITICAL;HARD;2;PING CRITICAL - Packet loss = 100%
[1375641138] SERVICE ALERT: omnhbcba11-ny;PING;CRITICAL;HARD;2;PING CRITICAL - Packet loss = 100%
[1375641208] HOST ALERT: omnhbcba04-ny;DOWN;SOFT;2;(Host Check Timed Out)
[1375641208] HOST ALERT: omnhbcba11-ny;DOWN;SOFT;2;(Host Check Timed Out)
[1375641248] SERVICE ALERT: omnhbcba04-ny;PING;OK;HARD;2;PING OK - Packet loss = 0%, RTA = 0.23 ms
[1375641258] SERVICE ALERT: omnhbcba11-ny;PING;OK;HARD;2;PING OK - Packet loss = 0%, RTA = 0.26 ms
[1375641258] HOST ALERT: omnhbcba04-ny;UP;SOFT;3;PING OK - Packet loss = 0%, RTA = 0.28 ms
[1375641268] HOST ALERT: omnhbcba11-ny;UP;SOFT;3;PING OK - Packet loss = 0%, RTA = 0.27 ms
[1375641728] Auto-save of retention data completed successfully.
[1375643231] EXTERNAL COMMAND: DEL_HOST_DOWNTIME;88
[1375643231] HOST DOWNTIME ALERT: omnhbcba12-ny;CANCELLED; Scheduled downtime for host has been cancelled.
[1375643241] EXTERNAL COMMAND: DEL_HOST_DOWNTIME;77
[1375643241] HOST DOWNTIME ALERT: omnhbcba01-ny;CANCELLED; Scheduled downtime for host has been cancelled.
[1375643247] EXTERNAL COMMAND: DEL_HOST_DOWNTIME;78
[1375643247] HOST DOWNTIME ALERT: omnhbcba02-ny;CANCELLED; Scheduled downtime for host has been cancelled.
[1375643251] EXTERNAL COMMAND: DEL_HOST_DOWNTIME;81
[1375643251] HOST DOWNTIME ALERT: omnhbcba05-ny;CANCELLED; Scheduled downtime for host has been cancelled.
[1375643256] EXTERNAL COMMAND: DEL_HOST_DOWNTIME;87
[1375643256] HOST DOWNTIME ALERT: omnhbcba11-ny;CANCELLED; Scheduled downtime for host has been cancelled.
[1375643260] EXTERNAL COMMAND: DEL_HOST_DOWNTIME;86
[1375643260] HOST DOWNTIME ALERT: omnhbcba10-ny;CANCELLED; Scheduled downtime for host has been cancelled.
[1375643264] EXTERNAL COMMAND: DEL_SVC_DOWNTIME;72
[1375643264] SERVICE DOWNTIME ALERT: omnhbcba08-ny;PING;CANCELLED; Scheduled downtime for service has been cancelled.
[1375643268] EXTERNAL COMMAND: DEL_HOST_DOWNTIME;82
[1375643268] HOST DOWNTIME ALERT: omnhbcba06-ny;CANCELLED; Scheduled downtime for host has been cancelled.
[1375643290] EXTERNAL COMMAND: DEL_HOST_DOWNTIME;85
[1375643290] HOST DOWNTIME ALERT: omnhbcba09-ny;CANCELLED; Scheduled downtime for host has been cancelled.
[1375643294] EXTERNAL COMMAND: DEL_HOST_DOWNTIME;84
[1375643294] HOST DOWNTIME ALERT: omnhbcba08-ny;CANCELLED; Scheduled downtime for host has been cancelled.
[1375643298] EXTERNAL COMMAND: DEL_HOST_DOWNTIME;83
[1375643298] HOST DOWNTIME ALERT: omnhbcba07-ny;CANCELLED; Scheduled downtime for host has been cancelled.
[1375643301] EXTERNAL COMMAND: DEL_HOST_DOWNTIME;79
[1375643301] HOST DOWNTIME ALERT: omnhbcba03-ny;CANCELLED; Scheduled downtime for host has been cancelled.
[1375643306] EXTERNAL COMMAND: DEL_SVC_DOWNTIME;76
[1375643306] SERVICE DOWNTIME ALERT: omnhbcba12-ny;PING;CANCELLED; Scheduled downtime for service has been cancelled.
[1375643310] EXTERNAL COMMAND: DEL_SVC_DOWNTIME;75
[1375643310] SERVICE DOWNTIME ALERT: omnhbcba11-ny;PING;CANCELLED; Scheduled downtime for service has been cancelled.
[1375643314] EXTERNAL COMMAND: DEL_SVC_DOWNTIME;73
[1375643314] SERVICE DOWNTIME ALERT: omnhbcba09-ny;PING;CANCELLED; Scheduled downtime for service has been cancelled.
[1375643317] EXTERNAL COMMAND: DEL_SVC_DOWNTIME;67
[1375643317] SERVICE DOWNTIME ALERT: omnhbcba03-ny;PING;CANCELLED; Scheduled downtime for service has been cancelled.
[1375643321] EXTERNAL COMMAND: DEL_HOST_DOWNTIME;80
[1375643321] HOST DOWNTIME ALERT: omnhbcba04-ny;CANCELLED; Scheduled downtime for host has been cancelled.
[1375643324] EXTERNAL COMMAND: DEL_SVC_DOWNTIME;74
[1375643324] SERVICE DOWNTIME ALERT: omnhbcba10-ny;PING;CANCELLED; Scheduled downtime for service has been cancelled.
[1375643328] EXTERNAL COMMAND: DEL_SVC_DOWNTIME;71
[1375643328] SERVICE DOWNTIME ALERT: omnhbcba07-ny;PING;CANCELLED; Scheduled downtime for service has been cancelled.
[1375643331] EXTERNAL COMMAND: DEL_SVC_DOWNTIME;69
[1375643331] SERVICE DOWNTIME ALERT: omnhbcba05-ny;PING;CANCELLED; Scheduled downtime for service has been cancelled.
[1375643335] EXTERNAL COMMAND: DEL_SVC_DOWNTIME;66
[1375643335] SERVICE DOWNTIME ALERT: omnhbcba02-ny;PING;CANCELLED; Scheduled downtime for service has been cancelled.
[1375643343] EXTERNAL COMMAND: DEL_SVC_DOWNTIME;70
[1375643343] SERVICE DOWNTIME ALERT: omnhbcba06-ny;PING;CANCELLED; Scheduled downtime for service has been cancelled.
[1375643346] EXTERNAL COMMAND: DEL_SVC_DOWNTIME;68
[1375643346] SERVICE DOWNTIME ALERT: omnhbcba04-ny;PING;CANCELLED; Scheduled downtime for service has been cancelled.
[1375643349] EXTERNAL COMMAND: DEL_SVC_DOWNTIME;65
[1375643349] SERVICE DOWNTIME ALERT: omnhbcba01-ny;PING;CANCELLED; Scheduled downtime for service has been cancelled.
[1375645328] Auto-save of retention data completed successfully.
[1375648928] Auto-save of retention data completed successfully.
[1375652528] Auto-save of retention data completed successfully.
[1375656128] Auto-save of retention data completed successfully.
[1375659728] Auto-save of retention data completed successfully.
[1375663328] Auto-save of retention data completed successfully.
[1375666928] Auto-save of retention data completed successfully.
[1375670528] Auto-save of retention data completed successfully.
[1375674128] Auto-save of retention data completed successfully.
