[1389330000] LOG ROTATION: DAILY
[1389330000] LOG VERSION: 2.0
[1389330000] CURRENT HOST STATE: deimos;UP;HARD;1;PING OK - Packet loss = 0%, RTA = 0.29 ms
[1389330000] CURRENT HOST STATE: localhost;UP;HARD;1;PING OK - Packet loss = 0%, RTA = 0.04 ms
[1389330000] CURRENT HOST STATE: msny;UP;HARD;1;PING OK - Packet loss = 0%, RTA = 0.26 ms
[1389330000] CURRENT HOST STATE: nyarxlator1;UP;HARD;1;PING OK - Packet loss = 0%, RTA = 0.25 ms
[1389330000] CURRENT HOST STATE: nyarxlator2;UP;HARD;1;PING OK - Packet loss = 0%, RTA = 0.31 ms
[1389330000] CURRENT HOST STATE: nyarxlator3;UP;HARD;1;PING OK - Packet loss = 0%, RTA = 0.33 ms
[1389330000] CURRENT HOST STATE: nyarxlator4;UP;HARD;1;PING OK - Packet loss = 0%, RTA = 0.28 ms
[1389330000] CURRENT HOST STATE: nycnn-adbeame1;UP;HARD;1;PING OK - Packet loss = 0%, RTA = 0.35 ms
[1389330000] CURRENT HOST STATE: nycnn-adbeame10;UP;HARD;1;PING OK - Packet loss = 0%, RTA = 0.36 ms
[1389330000] CURRENT HOST STATE: nycnn-adbeame2;UP;HARD;1;PING OK - Packet loss = 0%, RTA = 0.35 ms
[1389330000] CURRENT HOST STATE: nycnn-adbeame3;UP;HARD;1;PING OK - Packet loss = 0%, RTA = 0.29 ms
[1389330000] CURRENT HOST STATE: nycnn-adbeame4;UP;HARD;1;PING OK - Packet loss = 0%, RTA = 0.36 ms
[1389330000] CURRENT HOST STATE: nycnn-adbeame5;UP;HARD;1;PING OK - Packet loss = 0%, RTA = 0.34 ms
[1389330000] CURRENT HOST STATE: nycnn-adbeame6;UP;HARD;1;PING OK - Packet loss = 0%, RTA = 0.33 ms
[1389330000] CURRENT HOST STATE: nycnn-adbeame7;UP;HARD;1;PING OK - Packet loss = 0%, RTA = 0.35 ms
[1389330000] CURRENT HOST STATE: nycnn-adbeame8;UP;HARD;1;PING OK - Packet loss = 0%, RTA = 0.36 ms
[1389330000] CURRENT HOST STATE: nycnn-adbeame9;UP;HARD;1;PING OK - Packet loss = 0%, RTA = 0.34 ms
[1389330000] CURRENT HOST STATE: nycnn-adbectrl1;UP;HARD;1;PING OK - Packet loss = 0%, RTA = 0.28 ms
[1389330000] CURRENT HOST STATE: nycnn-adbectrl2;UP;HARD;1;PING OK - Packet loss = 0%, RTA = 0.28 ms
[1389330000] CURRENT HOST STATE: nycnn-arapp1;UP;HARD;1;PING OK - Packet loss = 0%, RTA = 0.31 ms
[1389330000] CURRENT HOST STATE: nycnn-arapp2;UP;HARD;1;PING OK - Packet loss = 0%, RTA = 0.30 ms
[1389330000] CURRENT HOST STATE: nycnn-ardb1;UP;HARD;1;PING OK - Packet loss = 0%, RTA = 0.28 ms
[1389330000] CURRENT HOST STATE: nycnn-ardb2;UP;HARD;1;PING OK - Packet loss = 0%, RTA = 0.30 ms
[1389330000] CURRENT HOST STATE: nycnn-arvtrmops;UP;HARD;1;PING OK - Packet loss = 0%, RTA = 0.29 ms
[1389330000] CURRENT HOST STATE: nycnn-arvtrmops2;UP;HARD;1;PING OK - Packet loss = 0%, RTA = 0.28 ms
[1389330000] CURRENT HOST STATE: nycnn-arvtrtape;UP;HARD;1;PING OK - Packet loss = 0%, RTA = 0.36 ms
[1389330000] CURRENT HOST STATE: nycnn-arxlator1;UP;HARD;1;PING OK - Packet loss = 0%, RTA = 0.29 ms
[1389330000] CURRENT HOST STATE: nycnn-arxlator2;UP;HARD;1;PING OK - Packet loss = 0%, RTA = 0.29 ms
[1389330000] CURRENT HOST STATE: nycnn-arxlator3;UP;HARD;1;PING OK - Packet loss = 0%, RTA = 0.31 ms
[1389330000] CURRENT HOST STATE: nycnn-arxlator4;UP;HARD;1;PING OK - Packet loss = 0%, RTA = 0.23 ms
[1389330000] CURRENT HOST STATE: nycnn-editxfer-switch;UP;HARD;1;PING OK - Packet loss = 0%, RTA = 0.25 ms
[1389330000] CURRENT HOST STATE: nycnn-editxfer3;UP;HARD;1;PING OK - Packet loss = 0%, RTA = 0.15 ms
[1389330000] CURRENT HOST STATE: nycnn-editxfer4;UP;HARD;1;PING OK - Packet loss = 0%, RTA = 0.16 ms
[1389330000] CURRENT HOST STATE: nycnn-gridpushpull1;UP;HARD;1;PING OK - Packet loss = 0%, RTA = 0.24 ms
[1389330000] CURRENT HOST STATE: nycnn-gridpushpull2;UP;HARD;1;PING OK - Packet loss = 0%, RTA = 0.23 ms
[1389330000] CURRENT HOST STATE: nycnn-ipvapilic;UP;HARD;1;PING OK - Packet loss = 0%, RTA = 0.20 ms
[1389330000] CURRENT HOST STATE: nycnn-ipvproxy1;UP;HARD;1;PING OK - Packet loss = 0%, RTA = 0.29 ms
[1389330000] CURRENT HOST STATE: nycnn-ipvproxy2;UP;HARD;1;PING OK - Packet loss = 0%, RTA = 0.31 ms
[1389330000] CURRENT HOST STATE: nycnn-ipvsphn1;UP;HARD;1;PING OK - Packet loss = 0%, RTA = 0.24 ms
[1389330000] CURRENT HOST STATE: nycnn-ipvsphn2;UP;HARD;1;PING OK - Packet loss = 0%, RTA = 0.25 ms
[1389330000] CURRENT HOST STATE: nycnn-ipvsphn3;UP;HARD;1;PING OK - Packet loss = 0%, RTA = 0.20 ms
[1389330000] CURRENT HOST STATE: nycnn-ipvsphn4;UP;HARD;1;PING OK - Packet loss = 0%, RTA = 0.21 ms
[1389330000] CURRENT HOST STATE: nycnn-ipvsphn5;UP;HARD;1;PING OK - Packet loss = 0%, RTA = 0.17 ms
[1389330000] CURRENT HOST STATE: nycnn-ipvstrm1;UP;HARD;1;PING OK - Packet loss = 0%, RTA = 0.25 ms
[1389330000] CURRENT HOST STATE: nycnn-ipvstrm2;UP;HARD;1;PING OK - Packet loss = 0%, RTA = 0.25 ms
[1389330000] CURRENT HOST STATE: nycnn-ipvstrm3;UP;HARD;1;PING OK - Packet loss = 0%, RTA = 0.24 ms
[1389330000] CURRENT HOST STATE: nycnn-ipvstrm4;UP;HARD;1;PING OK - Packet loss = 0%, RTA = 0.26 ms
[1389330000] CURRENT HOST STATE: nycnn-ipvx1;UP;HARD;1;PING OK - Packet loss = 0%, RTA = 0.21 ms
[1389330000] CURRENT HOST STATE: nycnn-ipvx10;UP;HARD;1;PING OK - Packet loss = 0%, RTA = 0.25 ms
[1389330000] CURRENT HOST STATE: nycnn-ipvx10e1;UP;HARD;1;PING OK - Packet loss = 0%, RTA = 0.20 ms
[1389330000] CURRENT HOST STATE: nycnn-ipvx11;UP;HARD;1;PING OK - Packet loss = 0%, RTA = 0.22 ms
[1389330000] CURRENT HOST STATE: nycnn-ipvx11e1;UP;HARD;1;PING OK - Packet loss = 0%, RTA = 0.23 ms
[1389330000] CURRENT HOST STATE: nycnn-ipvx12;UP;HARD;1;PING OK - Packet loss = 0%, RTA = 0.27 ms
[1389330000] CURRENT HOST STATE: nycnn-ipvx12e1;UP;HARD;1;PING OK - Packet loss = 0%, RTA = 0.28 ms
[1389330000] CURRENT HOST STATE: nycnn-ipvx13;UP;HARD;1;PING OK - Packet loss = 0%, RTA = 0.20 ms
[1389330000] CURRENT HOST STATE: nycnn-ipvx13e1;UP;HARD;1;PING OK - Packet loss = 0%, RTA = 0.18 ms
[1389330000] CURRENT HOST STATE: nycnn-ipvx14;UP;HARD;1;PING OK - Packet loss = 0%, RTA = 0.22 ms
[1389330000] CURRENT HOST STATE: nycnn-ipvx14e1;UP;HARD;1;PING OK - Packet loss = 0%, RTA = 0.22 ms
[1389330000] CURRENT HOST STATE: nycnn-ipvx15;UP;HARD;1;PING OK - Packet loss = 0%, RTA = 0.19 ms
[1389330000] CURRENT HOST STATE: nycnn-ipvx15e1;UP;HARD;1;PING OK - Packet loss = 0%, RTA = 0.24 ms
[1389330000] CURRENT HOST STATE: nycnn-ipvx16;UP;HARD;1;PING OK - Packet loss = 0%, RTA = 0.19 ms
[1389330000] CURRENT HOST STATE: nycnn-ipvx16e1;UP;HARD;1;PING OK - Packet loss = 0%, RTA = 0.20 ms
[1389330000] CURRENT HOST STATE: nycnn-ipvx17;UP;HARD;1;PING OK - Packet loss = 0%, RTA = 0.19 ms
[1389330000] CURRENT HOST STATE: nycnn-ipvx17e1;UP;HARD;1;PING OK - Packet loss = 0%, RTA = 0.19 ms
[1389330000] CURRENT HOST STATE: nycnn-ipvx18;UP;HARD;1;PING OK - Packet loss = 0%, RTA = 0.20 ms
[1389330000] CURRENT HOST STATE: nycnn-ipvx18e1;UP;HARD;1;PING OK - Packet loss = 0%, RTA = 0.25 ms
[1389330000] CURRENT HOST STATE: nycnn-ipvx19;UP;HARD;1;PING OK - Packet loss = 0%, RTA = 0.18 ms
[1389330000] CURRENT HOST STATE: nycnn-ipvx19e1;UP;HARD;1;PING OK - Packet loss = 0%, RTA = 0.33 ms
[1389330000] CURRENT HOST STATE: nycnn-ipvx1e1;UP;HARD;1;PING OK - Packet loss = 0%, RTA = 0.22 ms
[1389330000] CURRENT HOST STATE: nycnn-ipvx2;UP;HARD;1;PING OK - Packet loss = 0%, RTA = 0.23 ms
[1389330000] CURRENT HOST STATE: nycnn-ipvx20;UP;HARD;1;PING OK - Packet loss = 0%, RTA = 0.22 ms
[1389330000] CURRENT HOST STATE: nycnn-ipvx20e1;UP;HARD;1;PING OK - Packet loss = 0%, RTA = 0.22 ms
[1389330000] CURRENT HOST STATE: nycnn-ipvx21;UP;HARD;1;PING OK - Packet loss = 0%, RTA = 0.19 ms
[1389330000] CURRENT HOST STATE: nycnn-ipvx21e1;UP;HARD;1;PING OK - Packet loss = 0%, RTA = 0.40 ms
[1389330000] CURRENT HOST STATE: nycnn-ipvx22;UP;HARD;1;PING OK - Packet loss = 0%, RTA = 0.31 ms
[1389330000] CURRENT HOST STATE: nycnn-ipvx22e1;UP;HARD;1;PING OK - Packet loss = 0%, RTA = 0.23 ms
[1389330000] CURRENT HOST STATE: nycnn-ipvx23;UP;HARD;1;PING OK - Packet loss = 0%, RTA = 0.22 ms
[1389330000] CURRENT HOST STATE: nycnn-ipvx23e1;UP;HARD;1;PING OK - Packet loss = 0%, RTA = 0.40 ms
[1389330000] CURRENT HOST STATE: nycnn-ipvx24;UP;HARD;1;PING OK - Packet loss = 0%, RTA = 0.22 ms
[1389330000] CURRENT HOST STATE: nycnn-ipvx24e1;UP;HARD;1;PING OK - Packet loss = 0%, RTA = 0.20 ms
[1389330000] CURRENT HOST STATE: nycnn-ipvx25;UP;HARD;1;PING OK - Packet loss = 0%, RTA = 0.26 ms
[1389330000] CURRENT HOST STATE: nycnn-ipvx25e1;UP;HARD;1;PING OK - Packet loss = 0%, RTA = 0.38 ms
[1389330000] CURRENT HOST STATE: nycnn-ipvx26;UP;HARD;1;PING OK - Packet loss = 0%, RTA = 0.26 ms
[1389330000] CURRENT HOST STATE: nycnn-ipvx26e1;UP;HARD;1;PING OK - Packet loss = 0%, RTA = 0.23 ms
[1389330000] CURRENT HOST STATE: nycnn-ipvx27;UP;HARD;1;PING OK - Packet loss = 0%, RTA = 0.38 ms
[1389330000] CURRENT HOST STATE: nycnn-ipvx27e1;UP;HARD;1;PING OK - Packet loss = 0%, RTA = 0.22 ms
[1389330000] CURRENT HOST STATE: nycnn-ipvx28;UP;HARD;1;PING OK - Packet loss = 0%, RTA = 0.22 ms
[1389330000] CURRENT HOST STATE: nycnn-ipvx28e1;UP;HARD;1;PING OK - Packet loss = 0%, RTA = 0.21 ms
[1389330000] CURRENT HOST STATE: nycnn-ipvx29;UP;HARD;1;PING OK - Packet loss = 0%, RTA = 0.21 ms
[1389330000] CURRENT HOST STATE: nycnn-ipvx29e1;UP;HARD;1;PING OK - Packet loss = 0%, RTA = 0.24 ms
[1389330000] CURRENT HOST STATE: nycnn-ipvx2e1;UP;HARD;1;PING OK - Packet loss = 0%, RTA = 0.35 ms
[1389330000] CURRENT HOST STATE: nycnn-ipvx3;UP;HARD;1;PING OK - Packet loss = 0%, RTA = 0.30 ms
[1389330000] CURRENT HOST STATE: nycnn-ipvx30;UP;HARD;1;PING OK - Packet loss = 0%, RTA = 0.19 ms
[1389330000] CURRENT HOST STATE: nycnn-ipvx30e1;UP;HARD;1;PING OK - Packet loss = 0%, RTA = 0.18 ms
[1389330000] CURRENT HOST STATE: nycnn-ipvx31;UP;HARD;1;PING OK - Packet loss = 0%, RTA = 0.20 ms
[1389330000] CURRENT HOST STATE: nycnn-ipvx31e1;UP;HARD;1;PING OK - Packet loss = 0%, RTA = 0.20 ms
[1389330000] CURRENT HOST STATE: nycnn-ipvx32;UP;HARD;1;PING OK - Packet loss = 0%, RTA = 0.26 ms
[1389330000] CURRENT HOST STATE: nycnn-ipvx32e1;UP;HARD;1;PING OK - Packet loss = 0%, RTA = 0.27 ms
[1389330000] CURRENT HOST STATE: nycnn-ipvx33;UP;HARD;1;PING OK - Packet loss = 0%, RTA = 0.23 ms
[1389330000] CURRENT HOST STATE: nycnn-ipvx33e1;UP;HARD;1;PING OK - Packet loss = 0%, RTA = 0.24 ms
[1389330000] CURRENT HOST STATE: nycnn-ipvx34;UP;HARD;1;PING OK - Packet loss = 0%, RTA = 0.23 ms
[1389330000] CURRENT HOST STATE: nycnn-ipvx34e1;UP;HARD;1;PING OK - Packet loss = 0%, RTA = 0.25 ms
[1389330000] CURRENT HOST STATE: nycnn-ipvx35;UP;HARD;1;PING OK - Packet loss = 0%, RTA = 0.19 ms
[1389330000] CURRENT HOST STATE: nycnn-ipvx35e1;UP;HARD;1;PING OK - Packet loss = 0%, RTA = 0.22 ms
[1389330000] CURRENT HOST STATE: nycnn-ipvx3e1;UP;HARD;1;PING OK - Packet loss = 0%, RTA = 0.20 ms
[1389330000] CURRENT HOST STATE: nycnn-ipvx4;UP;HARD;1;PING OK - Packet loss = 0%, RTA = 0.19 ms
[1389330000] CURRENT HOST STATE: nycnn-ipvx4e1;UP;HARD;1;PING OK - Packet loss = 0%, RTA = 0.17 ms
[1389330000] CURRENT HOST STATE: nycnn-ipvx5;UP;HARD;1;PING OK - Packet loss = 0%, RTA = 0.18 ms
[1389330000] CURRENT HOST STATE: nycnn-ipvx5e1;UP;HARD;1;PING OK - Packet loss = 0%, RTA = 0.19 ms
[1389330000] CURRENT HOST STATE: nycnn-ipvx6;UP;HARD;1;PING OK - Packet loss = 0%, RTA = 0.18 ms
[1389330000] CURRENT HOST STATE: nycnn-ipvx6e1;UP;HARD;1;PING OK - Packet loss = 0%, RTA = 0.25 ms
[1389330000] CURRENT HOST STATE: nycnn-ipvx7;UP;HARD;1;PING OK - Packet loss = 0%, RTA = 0.25 ms
[1389330000] CURRENT HOST STATE: nycnn-ipvx7e1;UP;HARD;1;PING OK - Packet loss = 0%, RTA = 0.26 ms
[1389330000] CURRENT HOST STATE: nycnn-ipvx8;UP;HARD;1;PING OK - Packet loss = 0%, RTA = 0.19 ms
[1389330000] CURRENT HOST STATE: nycnn-ipvx8e1;UP;HARD;1;PING OK - Packet loss = 0%, RTA = 0.24 ms
[1389330000] CURRENT HOST STATE: nycnn-ipvx9;UP;HARD;1;PING OK - Packet loss = 0%, RTA = 0.20 ms
[1389330000] CURRENT HOST STATE: nycnn-ipvx9e1;UP;HARD;1;PING OK - Packet loss = 0%, RTA = 0.23 ms
[1389330000] CURRENT HOST STATE: nycnn-kickstart;UP;HARD;1;PING OK - Packet loss = 0%, RTA = 0.28 ms
[1389330000] CURRENT HOST STATE: nycnn-mamdb1;UP;HARD;1;PING OK - Packet loss = 0%, RTA = 0.30 ms
[1389330000] CURRENT HOST STATE: nycnn-mamdb2;UP;HARD;1;PING OK - Packet loss = 0%, RTA = 0.25 ms
[1389330000] CURRENT HOST STATE: nycnn-mamfog;UP;HARD;1;PING OK - Packet loss = 0%, RTA = 0.18 ms
[1389330000] CURRENT HOST STATE: nycnn-mamkey1;UP;HARD;1;PING OK - Packet loss = 0%, RTA = 0.28 ms
[1389330000] CURRENT HOST STATE: nycnn-mamkey2;UP;HARD;1;PING OK - Packet loss = 0%, RTA = 0.29 ms
[1389330000] CURRENT HOST STATE: nycnn-mammq1;UP;HARD;1;PING OK - Packet loss = 0%, RTA = 0.26 ms
[1389330000] CURRENT HOST STATE: nycnn-mammq2;UP;HARD;1;PING OK - Packet loss = 0%, RTA = 0.27 ms
[1389330000] CURRENT HOST STATE: nycnn-ms2app3;UP;HARD;1;PING OK - Packet loss = 0%, RTA = 0.22 ms
[1389330000] CURRENT HOST STATE: nycnn-ms2app4;UP;HARD;1;PING OK - Packet loss = 0%, RTA = 0.33 ms
[1389330000] CURRENT HOST STATE: nycnn-ms2db1;UP;HARD;1;PING OK - Packet loss = 0%, RTA = 0.28 ms
[1389330000] CURRENT HOST STATE: nycnn-ms2db2;UP;HARD;1;PING OK - Packet loss = 0%, RTA = 0.26 ms
[1389330000] CURRENT HOST STATE: nycnn-ms2db3;UP;HARD;1;PING OK - Packet loss = 0%, RTA = 0.28 ms
[1389330000] CURRENT HOST STATE: nycnn-ms2fsd;UP;HARD;1;PING OK - Packet loss = 0%, RTA = 0.27 ms
[1389330000] CURRENT HOST STATE: nycnn-ms2fsd1;UP;HARD;1;PING OK - Packet loss = 0%, RTA = 0.24 ms
[1389330000] CURRENT HOST STATE: nycnn-ms2fsd2;UP;HARD;1;PING OK - Packet loss = 0%, RTA = 0.17 ms
[1389330000] CURRENT HOST STATE: nycnn-ms2stills1;UP;HARD;1;PING OK - Packet loss = 0%, RTA = 0.46 ms
[1389330000] CURRENT HOST STATE: nycnn-ms2stills2;UP;HARD;1;PING OK - Packet loss = 0%, RTA = 0.46 ms
[1389330000] CURRENT HOST STATE: nycnn-nag1;UP;HARD;1;PING OK - Packet loss = 0%, RTA = 0.28 ms
[1389330000] CURRENT HOST STATE: nycnn-nag2;UP;HARD;1;PING OK - Packet loss = 0%, RTA = 0.26 ms
[1389330000] CURRENT HOST STATE: nycnn-nag4;UP;HARD;1;PING OK - Packet loss = 0%, RTA = 0.19 ms
[1389330000] CURRENT HOST STATE: nycnn-splunk;UP;HARD;1;PING OK - Packet loss = 0%, RTA = 0.24 ms
[1389330000] CURRENT HOST STATE: nyhdscheduler;UP;HARD;1;PING OK - Packet loss = 0%, RTA = 0.25 ms
[1389330000] CURRENT HOST STATE: nymamkey;UP;HARD;1;PING OK - Packet loss = 0%, RTA = 0.24 ms
[1389330000] CURRENT HOST STATE: nymq;UP;HARD;1;PING OK - Packet loss = 0%, RTA = 0.21 ms
[1389330000] CURRENT HOST STATE: nyproxygenhd;UP;HARD;1;PING OK - Packet loss = 0%, RTA = 0.23 ms
[1389330000] CURRENT HOST STATE: nyvideodrop;UP;HARD;1;PING OK - Packet loss = 0%, RTA = 0.25 ms
[1389330000] CURRENT HOST STATE: omnclda01-ny;UP;HARD;1;PING OK - Packet loss = 0%, RTA = 0.31 ms
[1389330000] CURRENT HOST STATE: omnclda01e1-ny;UP;HARD;1;PING OK - Packet loss = 0%, RTA = 0.30 ms
[1389330000] CURRENT HOST STATE: omnclda02-ny;UP;HARD;1;PING OK - Packet loss = 0%, RTA = 0.27 ms
[1389330000] CURRENT HOST STATE: omnclda02e1-ny;UP;HARD;1;PING OK - Packet loss = 0%, RTA = 0.30 ms
[1389330000] CURRENT HOST STATE: omnclda03-ny;UP;HARD;1;PING OK - Packet loss = 0%, RTA = 0.23 ms
[1389330000] CURRENT HOST STATE: omnclda03e1-ny;UP;HARD;1;PING OK - Packet loss = 0%, RTA = 0.27 ms
[1389330000] CURRENT HOST STATE: omnhbcba01-ny;UP;HARD;1;PING OK - Packet loss = 0%, RTA = 0.25 ms
[1389330000] CURRENT HOST STATE: omnhbcba02-ny;UP;HARD;1;PING OK - Packet loss = 0%, RTA = 0.37 ms
[1389330000] CURRENT HOST STATE: omnhbcba03-ny;UP;HARD;1;PING OK - Packet loss = 0%, RTA = 0.27 ms
[1389330000] CURRENT HOST STATE: omnhbcba04-ny;UP;HARD;1;PING OK - Packet loss = 0%, RTA = 0.25 ms
[1389330000] CURRENT HOST STATE: omnhbcba05-ny;UP;HARD;1;PING OK - Packet loss = 0%, RTA = 0.28 ms
[1389330000] CURRENT HOST STATE: omnhbcba06-ny;UP;HARD;1;PING OK - Packet loss = 0%, RTA = 0.34 ms
[1389330000] CURRENT HOST STATE: omnhbcba07-ny;UP;HARD;1;PING OK - Packet loss = 0%, RTA = 0.21 ms
[1389330000] CURRENT HOST STATE: omnhbcba08-ny;UP;HARD;1;PING OK - Packet loss = 0%, RTA = 0.23 ms
[1389330000] CURRENT HOST STATE: omnhbcba09-ny;UP;HARD;1;PING OK - Packet loss = 0%, RTA = 0.26 ms
[1389330000] CURRENT HOST STATE: omnhbcba10-ny;UP;HARD;1;PING OK - Packet loss = 0%, RTA = 0.25 ms
[1389330000] CURRENT HOST STATE: omnhbcba11-ny;UP;HARD;1;PING OK - Packet loss = 0%, RTA = 0.18 ms
[1389330000] CURRENT HOST STATE: omnhbcba12-ny;UP;HARD;1;PING OK - Packet loss = 0%, RTA = 0.25 ms
[1389330000] CURRENT HOST STATE: omnldap1-ny;UP;HARD;1;PING OK - Packet loss = 0%, RTA = 0.27 ms
[1389330000] CURRENT HOST STATE: omnldap2-ny;UP;HARD;1;PING OK - Packet loss = 0%, RTA = 0.29 ms
[1389330000] CURRENT HOST STATE: omnmas1app-ny;UP;HARD;1;PING OK - Packet loss = 0%, RTA = 0.23 ms
[1389330000] CURRENT HOST STATE: omnmas1app1-ny;UP;HARD;1;PING OK - Packet loss = 0%, RTA = 0.22 ms
[1389330000] CURRENT HOST STATE: omnmas1app2-ny;UP;HARD;1;PING OK - Packet loss = 0%, RTA = 0.19 ms
[1389330000] CURRENT HOST STATE: omnmas1db-ny;UP;HARD;1;PING OK - Packet loss = 0%, RTA = 0.20 ms
[1389330000] CURRENT HOST STATE: omnmas1db1-ny;UP;HARD;1;PING OK - Packet loss = 0%, RTA = 0.24 ms
[1389330000] CURRENT HOST STATE: omnmas1db2-ny;UP;HARD;1;PING OK - Packet loss = 0%, RTA = 0.25 ms
[1389330000] CURRENT HOST STATE: omnmas2app-ny;DOWN;HARD;10;(Host Check Timed Out)
[1389330000] CURRENT HOST STATE: omnmas2app1-ny;UP;HARD;1;PING OK - Packet loss = 0%, RTA = 0.31 ms
[1389330000] CURRENT HOST STATE: omnmas2app2-ny;UP;HARD;1;PING OK - Packet loss = 0%, RTA = 0.29 ms
[1389330000] CURRENT HOST STATE: omnmas2db-ny;UP;HARD;1;PING OK - Packet loss = 0%, RTA = 0.24 ms
[1389330000] CURRENT HOST STATE: omnmas2db1-ny;UP;HARD;1;PING OK - Packet loss = 0%, RTA = 0.30 ms
[1389330000] CURRENT HOST STATE: omnmas2db2-ny;UP;HARD;1;PING OK - Packet loss = 0%, RTA = 0.30 ms
[1389330000] CURRENT HOST STATE: omnmdir01-ny;UP;HARD;1;PING OK - Packet loss = 0%, RTA = 0.24 ms
[1389330000] CURRENT HOST STATE: omnmdir01e1-ny;UP;HARD;1;PING OK - Packet loss = 0%, RTA = 0.23 ms
[1389330000] CURRENT HOST STATE: omnmdir02-ny;UP;HARD;1;PING OK - Packet loss = 0%, RTA = 0.23 ms
[1389330000] CURRENT HOST STATE: omnmdir02e1-ny;UP;HARD;1;PING OK - Packet loss = 0%, RTA = 0.21 ms
[1389330000] CURRENT HOST STATE: omnmdir03-ny;UP;HARD;1;PING OK - Packet loss = 0%, RTA = 0.21 ms
[1389330000] CURRENT HOST STATE: omnmdir03e1-ny;UP;HARD;1;PING OK - Packet loss = 0%, RTA = 0.23 ms
[1389330000] CURRENT HOST STATE: omnmdir04-ny;UP;HARD;1;PING OK - Packet loss = 0%, RTA = 0.23 ms
[1389330000] CURRENT HOST STATE: omnmdir04e1-ny;UP;HARD;1;PING OK - Packet loss = 0%, RTA = 0.25 ms
[1389330000] CURRENT HOST STATE: omnmdk01-ny;UP;HARD;1;PING OK - Packet loss = 0%, RTA = 0.49 ms
[1389330000] CURRENT HOST STATE: omnmdk01h0-ny;UP;HARD;1;PING OK - Packet loss = 0%, RTA = 0.46 ms
[1389330000] CURRENT HOST STATE: omnmdk02-ny;UP;HARD;1;PING OK - Packet loss = 0%, RTA = 0.50 ms
[1389330000] CURRENT HOST STATE: omnmdk02h0-ny;UP;HARD;1;PING OK - Packet loss = 0%, RTA = 0.51 ms
[1389330000] CURRENT HOST STATE: omnmdk03-ny;UP;HARD;1;PING OK - Packet loss = 0%, RTA = 0.46 ms
[1389330000] CURRENT HOST STATE: omnmdk03h0-ny;UP;HARD;1;PING OK - Packet loss = 0%, RTA = 0.48 ms
[1389330000] CURRENT HOST STATE: omnmdk04-ny;UP;HARD;1;PING OK - Packet loss = 0%, RTA = 0.43 ms
[1389330000] CURRENT HOST STATE: omnmdk04h0-ny;UP;HARD;1;PING OK - Packet loss = 0%, RTA = 0.50 ms
[1389330000] CURRENT HOST STATE: omnmdk05-ny;UP;HARD;1;PING OK - Packet loss = 0%, RTA = 0.44 ms
[1389330000] CURRENT HOST STATE: omnmdk05h0-ny;UP;HARD;1;PING OK - Packet loss = 0%, RTA = 0.45 ms
[1389330000] CURRENT HOST STATE: omnmdk06-ny;UP;HARD;1;PING OK - Packet loss = 0%, RTA = 0.47 ms
[1389330000] CURRENT HOST STATE: omnmdk06h0-ny;UP;HARD;1;PING OK - Packet loss = 0%, RTA = 0.53 ms
[1389330000] CURRENT HOST STATE: omnmdk07-ny;UP;HARD;1;PING OK - Packet loss = 0%, RTA = 0.47 ms
[1389330000] CURRENT HOST STATE: omnmdk07h0-ny;UP;HARD;1;PING OK - Packet loss = 0%, RTA = 0.52 ms
[1389330000] CURRENT HOST STATE: omnmdk08-ny;UP;HARD;1;PING OK - Packet loss = 0%, RTA = 0.52 ms
[1389330000] CURRENT HOST STATE: omnmdk08h0-ny;UP;HARD;1;PING OK - Packet loss = 0%, RTA = 0.51 ms
[1389330000] CURRENT HOST STATE: omnmdk09-ny;UP;HARD;1;PING OK - Packet loss = 0%, RTA = 0.41 ms
[1389330000] CURRENT HOST STATE: omnmdk09h0-ny;UP;HARD;1;PING OK - Packet loss = 0%, RTA = 0.51 ms
[1389330000] CURRENT HOST STATE: omnmdk10-ny;UP;HARD;1;PING OK - Packet loss = 0%, RTA = 0.54 ms
[1389330000] CURRENT HOST STATE: omnmdk10h0-ny;UP;HARD;1;PING OK - Packet loss = 0%, RTA = 0.47 ms
[1389330000] CURRENT HOST STATE: omnmdk11-ny;UP;HARD;1;PING OK - Packet loss = 0%, RTA = 0.48 ms
[1389330000] CURRENT HOST STATE: omnmdk11h0-ny;UP;HARD;1;PING OK - Packet loss = 0%, RTA = 0.53 ms
[1389330000] CURRENT HOST STATE: omnmdk12-ny;UP;HARD;1;PING OK - Packet loss = 0%, RTA = 0.52 ms
[1389330000] CURRENT HOST STATE: omnmdk12h0-ny;UP;HARD;1;PING OK - Packet loss = 0%, RTA = 0.55 ms
[1389330000] CURRENT HOST STATE: omnmdk13-ny;UP;HARD;1;PING OK - Packet loss = 0%, RTA = 0.46 ms
[1389330000] CURRENT HOST STATE: omnmdk13h0-ny;UP;HARD;1;PING OK - Packet loss = 0%, RTA = 0.46 ms
[1389330000] CURRENT HOST STATE: omnmdk14-ny;UP;HARD;1;PING OK - Packet loss = 0%, RTA = 0.40 ms
[1389330000] CURRENT HOST STATE: omnmdk14h0-ny;UP;HARD;1;PING OK - Packet loss = 0%, RTA = 0.53 ms
[1389330000] CURRENT HOST STATE: omnmdk15-ny;UP;HARD;1;PING OK - Packet loss = 0%, RTA = 0.48 ms
[1389330000] CURRENT HOST STATE: omnmdk15h0-ny;UP;HARD;1;PING OK - Packet loss = 0%, RTA = 0.47 ms
[1389330000] CURRENT HOST STATE: omnmdk16-ny;UP;HARD;1;PING OK - Packet loss = 0%, RTA = 0.40 ms
[1389330000] CURRENT HOST STATE: omnmdk16h0-ny;UP;HARD;1;PING OK - Packet loss = 0%, RTA = 0.57 ms
[1389330000] CURRENT HOST STATE: omnmdk17-ny;UP;HARD;1;PING OK - Packet loss = 0%, RTA = 0.49 ms
[1389330000] CURRENT HOST STATE: omnmdk17h0-ny;UP;HARD;1;PING OK - Packet loss = 0%, RTA = 0.46 ms
[1389330000] CURRENT HOST STATE: omnmdk18-ny;UP;HARD;1;PING OK - Packet loss = 0%, RTA = 0.51 ms
[1389330000] CURRENT HOST STATE: omnmdk18h0-ny;UP;HARD;1;PING OK - Packet loss = 0%, RTA = 0.48 ms
[1389330000] CURRENT HOST STATE: omnmdk19-ny;UP;HARD;1;PING OK - Packet loss = 0%, RTA = 0.44 ms
[1389330000] CURRENT HOST STATE: omnmdk19h0-ny;UP;HARD;1;PING OK - Packet loss = 0%, RTA = 2.33 ms
[1389330000] CURRENT HOST STATE: omnmgsm-ny;UP;HARD;1;PING OK - Packet loss = 0%, RTA = 0.19 ms
[1389330000] CURRENT HOST STATE: omnspsm-ny;UP;HARD;1;PING OK - Packet loss = 0%, RTA = 0.22 ms
[1389330000] CURRENT HOST STATE: rt-nycc3750tgr-ilo;UP;HARD;1;PING OK - Packet loss = 0%, RTA = 1.48 ms
[1389330000] CURRENT HOST STATE: rt-nycc3750tgr-ms2;UP;HARD;1;PING OK - Packet loss = 0%, RTA = 3.12 ms
[1389330000] CURRENT HOST STATE: rt-nyccfcp-1;UP;HARD;1;PING OK - Packet loss = 0%, RTA = 0.60 ms
[1389330000] CURRENT HOST STATE: rt-nyccfcp-2;UP;HARD;1;PING OK - Packet loss = 0%, RTA = 1.29 ms
[1389330000] CURRENT HOST STATE: rt-nycchdagg-a;UP;HARD;1;PING OK - Packet loss = 0%, RTA = 0.94 ms
[1389330000] CURRENT HOST STATE: rt-nycchdagg-b;UP;HARD;1;PING OK - Packet loss = 0%, RTA = 1.36 ms
[1389330000] CURRENT HOST STATE: rt-nyccmediagrid;UP;HARD;1;PING OK - Packet loss = 0%, RTA = 0.43 ms
[1389330000] CURRENT HOST STATE: rt-nyccspectrum;UP;HARD;1;PING OK - Packet loss = 0%, RTA = 0.62 ms
[1389330000] CURRENT HOST STATE: spider;UP;HARD;1;PING OK - Packet loss = 0%, RTA = 0.25 ms
[1389330000] CURRENT HOST STATE: wdchd001;UP;HARD;1;PING OK - Packet loss = 0%, RTA = 5.38 ms
[1389330000] CURRENT HOST STATE: wdchd002;UP;HARD;1;PING OK - Packet loss = 0%, RTA = 5.40 ms
[1389330000] CURRENT HOST STATE: wdchd003;UP;HARD;1;PING OK - Packet loss = 0%, RTA = 5.26 ms
[1389330000] CURRENT HOST STATE: wdchd004;UP;HARD;1;PING OK - Packet loss = 0%, RTA = 5.31 ms
[1389330000] CURRENT HOST STATE: wdchd005;UP;HARD;1;PING OK - Packet loss = 0%, RTA = 5.32 ms
[1389330000] CURRENT HOST STATE: wdchd006;UP;HARD;1;PING OK - Packet loss = 0%, RTA = 5.42 ms
[1389330000] CURRENT HOST STATE: wdchd007;UP;HARD;1;PING OK - Packet loss = 0%, RTA = 5.41 ms
[1389330000] CURRENT HOST STATE: wdchd008;UP;HARD;1;PING OK - Packet loss = 0%, RTA = 5.43 ms
[1389330000] CURRENT HOST STATE: wdchd009;UP;HARD;1;PING OK - Packet loss = 0%, RTA = 5.37 ms
[1389330000] CURRENT HOST STATE: wdchd010;UP;HARD;1;PING OK - Packet loss = 0%, RTA = 5.53 ms
[1389330000] CURRENT HOST STATE: wdchd011;UP;HARD;1;PING OK - Packet loss = 0%, RTA = 5.41 ms
[1389330000] CURRENT HOST STATE: wdchd012;UP;HARD;1;PING OK - Packet loss = 0%, RTA = 5.33 ms
[1389330000] CURRENT HOST STATE: wdchd013;UP;HARD;1;PING OK - Packet loss = 0%, RTA = 5.34 ms
[1389330000] CURRENT HOST STATE: wdchd014;UP;HARD;1;PING OK - Packet loss = 0%, RTA = 5.29 ms
[1389330000] CURRENT HOST STATE: wdchd015;UP;HARD;1;PING OK - Packet loss = 0%, RTA = 5.26 ms
[1389330000] CURRENT HOST STATE: wdchd016;UP;HARD;1;PING OK - Packet loss = 0%, RTA = 5.30 ms
[1389330000] CURRENT HOST STATE: wdchd017;DOWN;HARD;1;(Host Check Timed Out)
[1389330000] CURRENT HOST STATE: wdchd018;DOWN;HARD;1;(Host Check Timed Out)
[1389330000] CURRENT HOST STATE: wdchd019;UP;HARD;1;PING OK - Packet loss = 0%, RTA = 5.39 ms
[1389330000] CURRENT HOST STATE: wdchd020;UP;HARD;1;PING OK - Packet loss = 0%, RTA = 5.36 ms
[1389330000] CURRENT HOST STATE: wdchd021;UP;HARD;1;PING OK - Packet loss = 0%, RTA = 5.47 ms
[1389330000] CURRENT HOST STATE: wdchd022;UP;HARD;1;PING OK - Packet loss = 0%, RTA = 5.33 ms
[1389330000] CURRENT HOST STATE: wdchd023;UP;HARD;1;PING OK - Packet loss = 0%, RTA = 5.34 ms
[1389330000] CURRENT HOST STATE: wdchd024;UP;HARD;1;PING OK - Packet loss = 0%, RTA = 5.41 ms
[1389330000] CURRENT HOST STATE: wdchd025;UP;HARD;1;PING OK - Packet loss = 0%, RTA = 5.46 ms
[1389330000] CURRENT HOST STATE: wdchd026;UP;HARD;1;PING OK - Packet loss = 0%, RTA = 5.27 ms
[1389330000] CURRENT HOST STATE: wdchd027;UP;HARD;1;PING OK - Packet loss = 0%, RTA = 5.44 ms
[1389330000] CURRENT HOST STATE: wdchd028;UP;HARD;1;PING OK - Packet loss = 0%, RTA = 5.45 ms
[1389330000] CURRENT HOST STATE: wdchd029;UP;HARD;1;PING OK - Packet loss = 0%, RTA = 5.54 ms
[1389330000] CURRENT HOST STATE: wdchd030;UP;HARD;1;PING OK - Packet loss = 0%, RTA = 5.39 ms
[1389330000] CURRENT HOST STATE: wdchd031;UP;HARD;1;PING OK - Packet loss = 0%, RTA = 5.34 ms
[1389330000] CURRENT HOST STATE: wdcmd001;UP;HARD;1;PING OK - Packet loss = 0%, RTA = 5.41 ms
[1389330000] CURRENT HOST STATE: wdcmd002;DOWN;HARD;10;(Host Check Timed Out)
[1389330000] CURRENT HOST STATE: wdcms001;UP;HARD;1;PING OK - Packet loss = 0%, RTA = 5.41 ms
[1389330000] CURRENT HOST STATE: wdcms002;UP;HARD;1;PING OK - Packet loss = 0%, RTA = 5.48 ms
[1389330000] CURRENT HOST STATE: wdcms003;UP;HARD;1;PING OK - Packet loss = 0%, RTA = 5.38 ms
[1389330000] CURRENT HOST STATE: wdcod001;UP;HARD;1;PING OK - Packet loss = 0%, RTA = 5.35 ms
[1389330000] CURRENT HOST STATE: wdcod002;UP;HARD;1;PING OK - Packet loss = 0%, RTA = 5.45 ms
[1389330000] CURRENT HOST STATE: wdcod01;UP;HARD;1;PING OK - Packet loss = 0%, RTA = 5.23 ms
[1389330000] CURRENT HOST STATE: wdcod02;UP;HARD;1;PING OK - Packet loss = 0%, RTA = 5.24 ms
[1389330000] CURRENT HOST STATE: wdcpf001;UP;HARD;1;PING OK - Packet loss = 0%, RTA = 5.46 ms
[1389330000] CURRENT HOST STATE: wdcpf002;UP;HARD;1;PING OK - Packet loss = 0%, RTA = 5.40 ms
[1389330000] CURRENT HOST STATE: wdcpf03;UP;HARD;1;PING OK - Packet loss = 0%, RTA = 5.13 ms
[1389330000] CURRENT HOST STATE: wdcps001;UP;HARD;1;PING OK - Packet loss = 0%, RTA = 5.35 ms
[1389330000] CURRENT HOST STATE: wdcps002;UP;HARD;1;PING OK - Packet loss = 0%, RTA = 5.27 ms
[1389330000] CURRENT HOST STATE: wdcps003;UP;HARD;1;PING OK - Packet loss = 0%, RTA = 5.33 ms
[1389330000] CURRENT HOST STATE: wdcps004;UP;HARD;1;PING OK - Packet loss = 0%, RTA = 5.41 ms
[1389330000] CURRENT SERVICE STATE: deimos;PING;OK;HARD;1;PING OK - Packet loss = 0%, RTA = 0.29 ms
[1389330000] CURRENT SERVICE STATE: localhost;Current Load;OK;HARD;1;OK - load average: 0.81, 0.74, 0.63
[1389330000] CURRENT SERVICE STATE: localhost;Current Users;OK;HARD;1;USERS OK - 0 users currently logged in
[1389330000] CURRENT SERVICE STATE: localhost;HTTP;OK;HARD;1;HTTP OK: HTTP/1.1 200 OK - 265 bytes in 0.001 second response time
[1389330000] CURRENT SERVICE STATE: localhost;PING;OK;HARD;1;PING OK - Packet loss = 0%, RTA = 0.07 ms
[1389330000] CURRENT SERVICE STATE: localhost;SSH;OK;HARD;1;SSH OK - OpenSSH_4.3 (protocol 2.0)
[1389330000] CURRENT SERVICE STATE: localhost;Swap Usage;OK;HARD;1;SWAP OK - 100% free (2047 MB out of 2047 MB)
[1389330000] CURRENT SERVICE STATE: localhost;Total Processes;OK;HARD;1;PROCS OK: 55 processes with STATE = RSZDT
[1389330000] CURRENT SERVICE STATE: msny;HTTP;OK;HARD;1;HTTP OK: HTTP/1.1 200 OK - 5504 bytes in 0.002 second response time
[1389330000] CURRENT SERVICE STATE: msny;IMQ Depth Check - Internal GF Queues;OK;HARD;1;OK: all MS2_EVENT queues have depth 0 or less, all MS2_EVENT queues in RUNNING state
[1389330000] CURRENT SERVICE STATE: msny;MS2 - Grid A Mount;OK;HARD;1;OK - File /Volumes/GridA/Temp/.gridamounted seems fine.
[1389330000] CURRENT SERVICE STATE: msny;MS2 - Grid B Mount;OK;HARD;1;OK - File /Volumes/GridB/Temp/.gridbmounted seems fine.
[1389330000] CURRENT SERVICE STATE: msny;PING;OK;HARD;1;PING OK - Packet loss = 0%, RTA = 0.21 ms
[1389330000] CURRENT SERVICE STATE: nyarxlator1;PING;OK;HARD;1;PING OK - Packet loss = 0%, RTA = 0.29 ms
[1389330000] CURRENT SERVICE STATE: nyarxlator2;PING;OK;HARD;1;PING OK - Packet loss = 0%, RTA = 0.29 ms
[1389330000] CURRENT SERVICE STATE: nyarxlator3;PING;OK;HARD;1;PING OK - Packet loss = 0%, RTA = 0.30 ms
[1389330000] CURRENT SERVICE STATE: nyarxlator4;PING;OK;HARD;1;PING OK - Packet loss = 0%, RTA = 0.27 ms
[1389330000] CURRENT SERVICE STATE: nycnn-adbeame1;AME Job status;OK;HARD;1;AME is idle:
[1389330000] CURRENT SERVICE STATE: nycnn-adbeame1;PING;OK;HARD;1;PING OK - Packet loss = 0%, RTA = 0.31 ms
[1389330000] CURRENT SERVICE STATE: nycnn-adbeame10;AME Job status;OK;HARD;1;AME is idle:
[1389330000] CURRENT SERVICE STATE: nycnn-adbeame10;PING;OK;HARD;1;PING OK - Packet loss = 0%, RTA = 0.27 ms
[1389330000] CURRENT SERVICE STATE: nycnn-adbeame2;AME Job status;OK;HARD;1;AME is idle:
[1389330000] CURRENT SERVICE STATE: nycnn-adbeame2;PING;OK;HARD;1;PING OK - Packet loss = 0%, RTA = 0.36 ms
[1389330000] CURRENT SERVICE STATE: nycnn-adbeame3;AME Job status;OK;HARD;1;AME is idle:
[1389330000] CURRENT SERVICE STATE: nycnn-adbeame3;PING;OK;HARD;1;PING OK - Packet loss = 0%, RTA = 0.34 ms
[1389330000] CURRENT SERVICE STATE: nycnn-adbeame4;AME Job status;OK;HARD;1;AME is idle:
[1389330000] CURRENT SERVICE STATE: nycnn-adbeame4;PING;OK;HARD;1;PING OK - Packet loss = 0%, RTA = 0.37 ms
[1389330000] CURRENT SERVICE STATE: nycnn-adbeame5;AME Job status;OK;HARD;1;AME is idle:
[1389330000] CURRENT SERVICE STATE: nycnn-adbeame5;PING;OK;HARD;1;PING OK - Packet loss = 0%, RTA = 0.35 ms
[1389330000] CURRENT SERVICE STATE: nycnn-adbeame6;AME Job status;OK;HARD;1;AME is idle:
[1389330000] CURRENT SERVICE STATE: nycnn-adbeame6;PING;OK;HARD;1;PING OK - Packet loss = 0%, RTA = 0.29 ms
[1389330000] CURRENT SERVICE STATE: nycnn-adbeame7;AME Job status;OK;HARD;1;AME is idle:
[1389330000] CURRENT SERVICE STATE: nycnn-adbeame7;PING;OK;HARD;1;PING OK - Packet loss = 0%, RTA = 0.35 ms
[1389330000] CURRENT SERVICE STATE: nycnn-adbeame8;AME Job status;OK;HARD;1;AME is idle:
[1389330000] CURRENT SERVICE STATE: nycnn-adbeame8;PING;OK;HARD;1;PING OK - Packet loss = 0%, RTA = 0.36 ms
[1389330000] CURRENT SERVICE STATE: nycnn-adbeame9;AME Job status;OK;HARD;1;AME is idle:
[1389330000] CURRENT SERVICE STATE: nycnn-adbeame9;PING;OK;HARD;1;PING OK - Packet loss = 0%, RTA = 0.38 ms
[1389330000] CURRENT SERVICE STATE: nycnn-adbectrl1;PING;OK;HARD;1;PING OK - Packet loss = 0%, RTA = 0.29 ms
[1389330000] CURRENT SERVICE STATE: nycnn-adbectrl2;PING;OK;HARD;1;PING OK - Packet loss = 0%, RTA = 0.30 ms
[1389330000] CURRENT SERVICE STATE: nycnn-arapp1;PING;OK;HARD;1;PING OK - Packet loss = 0%, RTA = 0.33 ms
[1389330000] CURRENT SERVICE STATE: nycnn-arapp1;SSH;OK;HARD;1;SSH OK - OpenSSH_4.3 (protocol 2.0)
[1389330000] CURRENT SERVICE STATE: nycnn-arapp2;PING;OK;HARD;1;PING OK - Packet loss = 0%, RTA = 0.31 ms
[1389330000] CURRENT SERVICE STATE: nycnn-arapp2;SSH;OK;HARD;1;SSH OK - OpenSSH_4.3 (protocol 2.0)
[1389330000] CURRENT SERVICE STATE: nycnn-ardb1;PING;OK;HARD;1;PING OK - Packet loss = 0%, RTA = 0.29 ms
[1389330000] CURRENT SERVICE STATE: nycnn-ardb1;SSH;OK;HARD;1;SSH OK - OpenSSH_4.3 (protocol 2.0)
[1389330000] CURRENT SERVICE STATE: nycnn-ardb2;PING;OK;HARD;1;PING OK - Packet loss = 0%, RTA = 0.28 ms
[1389330000] CURRENT SERVICE STATE: nycnn-ardb2;SSH;OK;HARD;1;SSH OK - OpenSSH_4.3 (protocol 2.0)
[1389330000] CURRENT SERVICE STATE: nycnn-arvtrmops;PING;OK;HARD;1;PING OK - Packet loss = 0%, RTA = 0.32 ms
[1389330000] CURRENT SERVICE STATE: nycnn-arvtrmops;SSH;OK;HARD;1;SSH OK - OpenSSH_4.3 (protocol 2.0)
[1389330000] CURRENT SERVICE STATE: nycnn-arvtrmops2;PING;OK;HARD;1;PING OK - Packet loss = 0%, RTA = 0.29 ms
[1389330000] CURRENT SERVICE STATE: nycnn-arvtrmops2;SSH;OK;HARD;1;SSH OK - OpenSSH_4.3 (protocol 2.0)
[1389330000] CURRENT SERVICE STATE: nycnn-arvtrtape;PING;OK;HARD;1;PING OK - Packet loss = 0%, RTA = 0.35 ms
[1389330000] CURRENT SERVICE STATE: nycnn-arvtrtape;SSH;OK;HARD;1;SSH OK - OpenSSH_4.3 (protocol 2.0)
[1389330000] CURRENT SERVICE STATE: nycnn-arxlator1;PING;OK;HARD;1;PING OK - Packet loss = 0%, RTA = 0.25 ms
[1389330000] CURRENT SERVICE STATE: nycnn-arxlator1;SSH;OK;HARD;1;SSH OK - OpenSSH_4.3 (protocol 2.0)
[1389330000] CURRENT SERVICE STATE: nycnn-arxlator2;PING;OK;HARD;1;PING OK - Packet loss = 0%, RTA = 0.30 ms
[1389330000] CURRENT SERVICE STATE: nycnn-arxlator2;SSH;OK;HARD;1;SSH OK - OpenSSH_4.3 (protocol 2.0)
[1389330000] CURRENT SERVICE STATE: nycnn-arxlator3;PING;OK;HARD;1;PING OK - Packet loss = 0%, RTA = 0.28 ms
[1389330000] CURRENT SERVICE STATE: nycnn-arxlator3;SSH;OK;HARD;1;SSH OK - OpenSSH_4.3 (protocol 2.0)
[1389330000] CURRENT SERVICE STATE: nycnn-arxlator4;PING;OK;HARD;1;PING OK - Packet loss = 0%, RTA = 0.25 ms
[1389330000] CURRENT SERVICE STATE: nycnn-arxlator4;SSH;OK;HARD;1;SSH OK - OpenSSH_4.3 (protocol 2.0)
[1389330000] CURRENT SERVICE STATE: nycnn-editxfer-switch;PING;OK;HARD;1;PING OK - Packet loss = 0%, RTA = 0.31 ms
[1389330000] CURRENT SERVICE STATE: nycnn-editxfer3;PING;OK;HARD;1;PING OK - Packet loss = 0%, RTA = 0.13 ms
[1389330000] CURRENT SERVICE STATE: nycnn-editxfer4;PING;OK;HARD;1;PING OK - Packet loss = 0%, RTA = 0.17 ms
[1389330000] CURRENT SERVICE STATE: nycnn-gridpushpull1;PING;OK;HARD;1;PING OK - Packet loss = 0%, RTA = 0.25 ms
[1389330000] CURRENT SERVICE STATE: nycnn-gridpushpull2;PING;OK;HARD;1;PING OK - Packet loss = 0%, RTA = 0.22 ms
[1389330000] CURRENT SERVICE STATE: nycnn-ipvapilic;PING;OK;HARD;1;PING OK - Packet loss = 0%, RTA = 0.19 ms
[1389330000] CURRENT SERVICE STATE: nycnn-ipvproxy1;PING;OK;HARD;1;PING OK - Packet loss = 0%, RTA = 0.32 ms
[1389330000] CURRENT SERVICE STATE: nycnn-ipvproxy2;PING;OK;HARD;1;PING OK - Packet loss = 0%, RTA = 0.29 ms
[1389330000] CURRENT SERVICE STATE: nycnn-ipvsphn1;PING;OK;HARD;1;PING OK - Packet loss = 0%, RTA = 0.23 ms
[1389330000] CURRENT SERVICE STATE: nycnn-ipvsphn1;SafeNet Service;OK;HARD;1;OK - Found 1 Instance(s) of "spnsrvnt.exe" running (0 excluded).  (List is on next line)
[1389330000] CURRENT SERVICE STATE: nycnn-ipvsphn2;PING;OK;HARD;1;PING OK - Packet loss = 0%, RTA = 0.27 ms
[1389330000] CURRENT SERVICE STATE: nycnn-ipvsphn2;SafeNet Service;OK;HARD;1;OK - Found 1 Instance(s) of "spnsrvnt.exe" running (0 excluded).  (List is on next line)
[1389330000] CURRENT SERVICE STATE: nycnn-ipvsphn3;PING;OK;HARD;1;PING OK - Packet loss = 0%, RTA = 0.23 ms
[1389330000] CURRENT SERVICE STATE: nycnn-ipvsphn3;SafeNet Service;OK;HARD;1;OK - Found 1 Instance(s) of "spnsrvnt.exe" running (0 excluded).  (List is on next line)
[1389330000] CURRENT SERVICE STATE: nycnn-ipvsphn4;PING;OK;HARD;1;PING OK - Packet loss = 0%, RTA = 0.21 ms
[1389330000] CURRENT SERVICE STATE: nycnn-ipvsphn4;SafeNet Service;OK;HARD;1;OK - Found 1 Instance(s) of "spnsrvnt.exe" running (0 excluded).  (List is on next line)
[1389330000] CURRENT SERVICE STATE: nycnn-ipvsphn5;PING;OK;HARD;1;PING OK - Packet loss = 0%, RTA = 0.25 ms
[1389330000] CURRENT SERVICE STATE: nycnn-ipvsphn5;SafeNet Service;OK;HARD;1;OK - Found 1 Instance(s) of "spnsrvnt.exe" running (0 excluded).  (List is on next line)
[1389330000] CURRENT SERVICE STATE: nycnn-ipvstrm1;D:\ Drive Space;OK;HARD;1;OK - New Volume Total=1397.19GB, Used=1133.83GB (81.2%), Free=263.36GB (18.8%)
[1389330000] CURRENT SERVICE STATE: nycnn-ipvstrm1;FTP Service;OK;HARD;1;OK - Found 1 Instance(s) of "iftpsvc.exe" running (0 excluded).  (List is on next line)
[1389330000] CURRENT SERVICE STATE: nycnn-ipvstrm1;MMSService;OK;HARD;1;OK - Found 1 Instance(s) of "MMSService.exe" running (0 excluded).  (List is on next line)
[1389330000] CURRENT SERVICE STATE: nycnn-ipvstrm1;PING;OK;HARD;1;PING OK - Packet loss = 0%, RTA = 0.23 ms
[1389330000] CURRENT SERVICE STATE: nycnn-ipvstrm1;SSH Service;OK;HARD;1;OK - Found 1 Instance(s) of "sshserver.exe" running (0 excluded).  (List is on next line)
[1389330000] CURRENT SERVICE STATE: nycnn-ipvstrm1;SVServer;OK;HARD;1;OK - Found 1 Instance(s) of "SVServer.exe" running (0 excluded).  (List is on next line)
[1389330000] CURRENT SERVICE STATE: nycnn-ipvstrm1;Sentinel Protection Service;OK;HARD;1;OK - Found 1 Instance(s) of "spnsrvnt.exe" running (0 excluded).  (List is on next line)
[1389330000] CURRENT SERVICE STATE: nycnn-ipvstrm2;D:\ Drive Space;OK;HARD;1;OK - Proxy Total=1397.19GB, Used=1135.83GB (81.3%), Free=261.36GB (18.7%)
[1389330000] CURRENT SERVICE STATE: nycnn-ipvstrm2;FTP Service;OK;HARD;1;OK - Found 1 Instance(s) of "iftpsvc.exe" running (0 excluded).  (List is on next line)
[1389330000] CURRENT SERVICE STATE: nycnn-ipvstrm2;MMSService;OK;HARD;1;OK - Found 1 Instance(s) of "MMSService.exe" running (0 excluded).  (List is on next line)
[1389330000] CURRENT SERVICE STATE: nycnn-ipvstrm2;PING;OK;HARD;1;PING OK - Packet loss = 0%, RTA = 0.23 ms
[1389330000] CURRENT SERVICE STATE: nycnn-ipvstrm2;SSH Service;OK;HARD;1;OK - Found 1 Instance(s) of "sshserver.exe" running (0 excluded).  (List is on next line)
[1389330000] CURRENT SERVICE STATE: nycnn-ipvstrm2;SVServer;OK;HARD;1;OK - Found 1 Instance(s) of "SVServer.exe" running (0 excluded).  (List is on next line)
[1389330000] CURRENT SERVICE STATE: nycnn-ipvstrm2;Sentinel Protection Service;OK;HARD;1;OK - Found 1 Instance(s) of "spnsrvnt.exe" running (0 excluded).  (List is on next line)
[1389330000] CURRENT SERVICE STATE: nycnn-ipvstrm3;D:\ Drive Space;OK;HARD;1;OK - New Volume Total=1397.19GB, Used=1134.06GB (81.2%), Free=263.13GB (18.8%)
[1389330000] CURRENT SERVICE STATE: nycnn-ipvstrm3;FTP Service;OK;HARD;1;OK - Found 1 Instance(s) of "iftpsvc.exe" running (0 excluded).  (List is on next line)
[1389330000] CURRENT SERVICE STATE: nycnn-ipvstrm3;MMSService;OK;HARD;1;OK - Found 1 Instance(s) of "MMSService.exe" running (0 excluded).  (List is on next line)
[1389330000] CURRENT SERVICE STATE: nycnn-ipvstrm3;PING;OK;HARD;1;PING OK - Packet loss = 0%, RTA = 0.24 ms
[1389330000] CURRENT SERVICE STATE: nycnn-ipvstrm3;SSH Service;OK;HARD;1;OK - Found 1 Instance(s) of "sshserver.exe" running (0 excluded).  (List is on next line)
[1389330000] CURRENT SERVICE STATE: nycnn-ipvstrm3;SVServer;OK;HARD;1;OK - Found 1 Instance(s) of "SVServer.exe" running (0 excluded).  (List is on next line)
[1389330000] CURRENT SERVICE STATE: nycnn-ipvstrm3;Sentinel Protection Service;OK;HARD;1;OK - Found 1 Instance(s) of "spnsrvnt.exe" running (0 excluded).  (List is on next line)
[1389330000] CURRENT SERVICE STATE: nycnn-ipvstrm4;D:\ Drive Space;OK;HARD;1;OK - Proxy Total=1397.19GB, Used=1134.86GB (81.2%), Free=262.33GB (18.8%)
[1389330000] CURRENT SERVICE STATE: nycnn-ipvstrm4;FTP Service;OK;HARD;1;OK - Found 1 Instance(s) of "iftpsvc.exe" running (0 excluded).  (List is on next line)
[1389330000] CURRENT SERVICE STATE: nycnn-ipvstrm4;MMSService;OK;HARD;1;OK - Found 1 Instance(s) of "MMSService.exe" running (0 excluded).  (List is on next line)
[1389330000] CURRENT SERVICE STATE: nycnn-ipvstrm4;PING;OK;HARD;1;PING OK - Packet loss = 0%, RTA = 0.25 ms
[1389330000] CURRENT SERVICE STATE: nycnn-ipvstrm4;SSH Service;OK;HARD;1;OK - Found 1 Instance(s) of "sshserver.exe" running (0 excluded).  (List is on next line)
[1389330000] CURRENT SERVICE STATE: nycnn-ipvstrm4;SVServer;OK;HARD;1;OK - Found 1 Instance(s) of "SVServer.exe" running (0 excluded).  (List is on next line)
[1389330000] CURRENT SERVICE STATE: nycnn-ipvstrm4;Sentinel Protection Service;OK;HARD;1;OK - Found 1 Instance(s) of "spnsrvnt.exe" running (0 excluded).  (List is on next line)
[1389330000] CURRENT SERVICE STATE: nycnn-ipvx1;PING;OK;HARD;1;PING OK - Packet loss = 0%, RTA = 0.22 ms
[1389330000] CURRENT SERVICE STATE: nycnn-ipvx1;SafeNet Service;OK;HARD;1;OK - Found 1 Instance(s) of "spnsrvnt.exe" running (0 excluded).  (List is on next line)
[1389330000] CURRENT SERVICE STATE: nycnn-ipvx1;XCode Service;OK;HARD;1;OK - Found 1 Instance(s) of "XCodeService.exe" running (0 excluded).  (List is on next line)
[1389330000] CURRENT SERVICE STATE: nycnn-ipvx10;PING;OK;HARD;1;PING OK - Packet loss = 0%, RTA = 0.18 ms
[1389330000] CURRENT SERVICE STATE: nycnn-ipvx10;SafeNet Service;OK;HARD;1;OK - Found 1 Instance(s) of "spnsrvnt.exe" running (0 excluded).  (List is on next line)
[1389330000] CURRENT SERVICE STATE: nycnn-ipvx10;XCode Service;OK;HARD;1;OK - Found 1 Instance(s) of "XCodeService.exe" running (0 excluded).  (List is on next line)
[1389330000] CURRENT SERVICE STATE: nycnn-ipvx10e1;PING;OK;HARD;1;PING OK - Packet loss = 0%, RTA = 0.21 ms
[1389330000] CURRENT SERVICE STATE: nycnn-ipvx10e1;SafeNet Service;OK;HARD;1;OK - Found 1 Instance(s) of "spnsrvnt.exe" running (0 excluded).  (List is on next line)
[1389330000] CURRENT SERVICE STATE: nycnn-ipvx10e1;XCode Service;OK;HARD;1;OK - Found 1 Instance(s) of "XCodeService.exe" running (0 excluded).  (List is on next line)
[1389330000] CURRENT SERVICE STATE: nycnn-ipvx11;PING;OK;HARD;1;PING OK - Packet loss = 0%, RTA = 0.21 ms
[1389330000] CURRENT SERVICE STATE: nycnn-ipvx11;SafeNet Service;OK;HARD;1;OK - Found 1 Instance(s) of "spnsrvnt.exe" running (0 excluded).  (List is on next line)
[1389330000] CURRENT SERVICE STATE: nycnn-ipvx11;XCode Service;OK;HARD;1;OK - Found 1 Instance(s) of "XCodeService.exe" running (0 excluded).  (List is on next line)
[1389330000] CURRENT SERVICE STATE: nycnn-ipvx11e1;PING;OK;HARD;1;PING OK - Packet loss = 0%, RTA = 0.21 ms
[1389330000] CURRENT SERVICE STATE: nycnn-ipvx11e1;SafeNet Service;OK;HARD;1;OK - Found 1 Instance(s) of "spnsrvnt.exe" running (0 excluded).  (List is on next line)
[1389330000] CURRENT SERVICE STATE: nycnn-ipvx11e1;XCode Service;OK;HARD;1;OK - Found 1 Instance(s) of "XCodeService.exe" running (0 excluded).  (List is on next line)
[1389330000] CURRENT SERVICE STATE: nycnn-ipvx12;PING;OK;HARD;1;PING OK - Packet loss = 0%, RTA = 0.25 ms
[1389330000] CURRENT SERVICE STATE: nycnn-ipvx12;SafeNet Service;OK;HARD;1;OK - Found 1 Instance(s) of "spnsrvnt.exe" running (0 excluded).  (List is on next line)
[1389330000] CURRENT SERVICE STATE: nycnn-ipvx12;XCode Service;OK;HARD;1;OK - Found 1 Instance(s) of "XCodeService.exe" running (0 excluded).  (List is on next line)
[1389330000] CURRENT SERVICE STATE: nycnn-ipvx12e1;PING;OK;HARD;1;PING OK - Packet loss = 0%, RTA = 0.20 ms
[1389330000] CURRENT SERVICE STATE: nycnn-ipvx12e1;SafeNet Service;OK;HARD;1;OK - Found 1 Instance(s) of "spnsrvnt.exe" running (0 excluded).  (List is on next line)
[1389330000] CURRENT SERVICE STATE: nycnn-ipvx12e1;XCode Service;OK;HARD;1;OK - Found 1 Instance(s) of "XCodeService.exe" running (0 excluded).  (List is on next line)
[1389330000] CURRENT SERVICE STATE: nycnn-ipvx13;PING;OK;HARD;1;PING OK - Packet loss = 0%, RTA = 0.22 ms
[1389330000] CURRENT SERVICE STATE: nycnn-ipvx13;SafeNet Service;OK;HARD;1;OK - Found 1 Instance(s) of "spnsrvnt.exe" running (0 excluded).  (List is on next line)
[1389330000] CURRENT SERVICE STATE: nycnn-ipvx13;XCode Service;OK;HARD;1;OK - Found 1 Instance(s) of "XCodeService.exe" running (0 excluded).  (List is on next line)
[1389330000] CURRENT SERVICE STATE: nycnn-ipvx13e1;PING;OK;HARD;1;PING OK - Packet loss = 0%, RTA = 0.30 ms
[1389330000] CURRENT SERVICE STATE: nycnn-ipvx13e1;SafeNet Service;OK;HARD;1;OK - Found 1 Instance(s) of "spnsrvnt.exe" running (0 excluded).  (List is on next line)
[1389330000] CURRENT SERVICE STATE: nycnn-ipvx13e1;XCode Service;OK;HARD;1;OK - Found 1 Instance(s) of "XCodeService.exe" running (0 excluded).  (List is on next line)
[1389330000] CURRENT SERVICE STATE: nycnn-ipvx14;PING;OK;HARD;1;PING OK - Packet loss = 0%, RTA = 0.23 ms
[1389330000] CURRENT SERVICE STATE: nycnn-ipvx14;SafeNet Service;OK;HARD;1;OK - Found 1 Instance(s) of "spnsrvnt.exe" running (0 excluded).  (List is on next line)
[1389330000] CURRENT SERVICE STATE: nycnn-ipvx14;XCode Service;OK;HARD;1;OK - Found 1 Instance(s) of "XCodeService.exe" running (0 excluded).  (List is on next line)
[1389330000] CURRENT SERVICE STATE: nycnn-ipvx14e1;PING;OK;HARD;1;PING OK - Packet loss = 0%, RTA = 0.19 ms
[1389330000] CURRENT SERVICE STATE: nycnn-ipvx14e1;SafeNet Service;OK;HARD;1;OK - Found 1 Instance(s) of "spnsrvnt.exe" running (0 excluded).  (List is on next line)
[1389330000] CURRENT SERVICE STATE: nycnn-ipvx14e1;XCode Service;OK;HARD;1;OK - Found 1 Instance(s) of "XCodeService.exe" running (0 excluded).  (List is on next line)
[1389330000] CURRENT SERVICE STATE: nycnn-ipvx15;PING;OK;HARD;1;PING OK - Packet loss = 0%, RTA = 0.22 ms
[1389330000] CURRENT SERVICE STATE: nycnn-ipvx15;SafeNet Service;OK;HARD;1;OK - Found 1 Instance(s) of "spnsrvnt.exe" running (0 excluded).  (List is on next line)
[1389330000] CURRENT SERVICE STATE: nycnn-ipvx15;XCode Service;OK;HARD;1;OK - Found 1 Instance(s) of "XCodeService.exe" running (0 excluded).  (List is on next line)
[1389330000] CURRENT SERVICE STATE: nycnn-ipvx15e1;PING;OK;HARD;1;PING OK - Packet loss = 0%, RTA = 0.22 ms
[1389330000] CURRENT SERVICE STATE: nycnn-ipvx15e1;SafeNet Service;OK;HARD;1;OK - Found 1 Instance(s) of "spnsrvnt.exe" running (0 excluded).  (List is on next line)
[1389330000] CURRENT SERVICE STATE: nycnn-ipvx15e1;XCode Service;OK;HARD;1;OK - Found 1 Instance(s) of "XCodeService.exe" running (0 excluded).  (List is on next line)
[1389330000] CURRENT SERVICE STATE: nycnn-ipvx16;PING;OK;HARD;1;PING OK - Packet loss = 0%, RTA = 0.35 ms
[1389330000] CURRENT SERVICE STATE: nycnn-ipvx16;SafeNet Service;OK;HARD;1;OK - Found 1 Instance(s) of "spnsrvnt.exe" running (0 excluded).  (List is on next line)
[1389330000] CURRENT SERVICE STATE: nycnn-ipvx16;XCode Service;OK;HARD;1;OK - Found 1 Instance(s) of "XCodeService.exe" running (0 excluded).  (List is on next line)
[1389330000] CURRENT SERVICE STATE: nycnn-ipvx16e1;PING;OK;HARD;1;PING OK - Packet loss = 0%, RTA = 0.22 ms
[1389330000] CURRENT SERVICE STATE: nycnn-ipvx16e1;SafeNet Service;OK;HARD;1;OK - Found 1 Instance(s) of "spnsrvnt.exe" running (0 excluded).  (List is on next line)
[1389330000] CURRENT SERVICE STATE: nycnn-ipvx16e1;XCode Service;OK;HARD;1;OK - Found 1 Instance(s) of "XCodeService.exe" running (0 excluded).  (List is on next line)
[1389330000] CURRENT SERVICE STATE: nycnn-ipvx17;PING;OK;HARD;1;PING OK - Packet loss = 0%, RTA = 0.23 ms
[1389330000] CURRENT SERVICE STATE: nycnn-ipvx17;SafeNet Service;OK;HARD;1;OK - Found 1 Instance(s) of "spnsrvnt.exe" running (0 excluded).  (List is on next line)
[1389330000] CURRENT SERVICE STATE: nycnn-ipvx17;XCode Service;OK;HARD;1;OK - Found 1 Instance(s) of "XCodeService.exe" running (0 excluded).  (List is on next line)
[1389330000] CURRENT SERVICE STATE: nycnn-ipvx17e1;PING;OK;HARD;1;PING OK - Packet loss = 0%, RTA = 0.20 ms
[1389330000] CURRENT SERVICE STATE: nycnn-ipvx17e1;SafeNet Service;OK;HARD;1;OK - Found 1 Instance(s) of "spnsrvnt.exe" running (0 excluded).  (List is on next line)
[1389330000] CURRENT SERVICE STATE: nycnn-ipvx17e1;XCode Service;OK;HARD;1;OK - Found 1 Instance(s) of "XCodeService.exe" running (0 excluded).  (List is on next line)
[1389330000] CURRENT SERVICE STATE: nycnn-ipvx18;PING;OK;HARD;1;PING OK - Packet loss = 0%, RTA = 0.37 ms
[1389330000] CURRENT SERVICE STATE: nycnn-ipvx18;SafeNet Service;OK;HARD;1;OK - Found 1 Instance(s) of "spnsrvnt.exe" running (0 excluded).  (List is on next line)
[1389330000] CURRENT SERVICE STATE: nycnn-ipvx18;XCode Service;OK;HARD;1;OK - Found 1 Instance(s) of "XCodeService.exe" running (0 excluded).  (List is on next line)
[1389330000] CURRENT SERVICE STATE: nycnn-ipvx18e1;PING;OK;HARD;1;PING OK - Packet loss = 0%, RTA = 0.23 ms
[1389330000] CURRENT SERVICE STATE: nycnn-ipvx18e1;SafeNet Service;OK;HARD;1;OK - Found 1 Instance(s) of "spnsrvnt.exe" running (0 excluded).  (List is on next line)
[1389330000] CURRENT SERVICE STATE: nycnn-ipvx18e1;XCode Service;OK;HARD;1;OK - Found 1 Instance(s) of "XCodeService.exe" running (0 excluded).  (List is on next line)
[1389330000] CURRENT SERVICE STATE: nycnn-ipvx19;PING;OK;HARD;1;PING OK - Packet loss = 0%, RTA = 0.21 ms
[1389330000] CURRENT SERVICE STATE: nycnn-ipvx19;SafeNet Service;OK;HARD;1;OK - Found 1 Instance(s) of "spnsrvnt.exe" running (0 excluded).  (List is on next line)
[1389330000] CURRENT SERVICE STATE: nycnn-ipvx19;XCode Service;OK;HARD;1;OK - Found 1 Instance(s) of "XCodeService.exe" running (0 excluded).  (List is on next line)
[1389330000] CURRENT SERVICE STATE: nycnn-ipvx19e1;PING;OK;HARD;1;PING OK - Packet loss = 0%, RTA = 0.23 ms
[1389330000] CURRENT SERVICE STATE: nycnn-ipvx19e1;SafeNet Service;OK;HARD;1;OK - Found 1 Instance(s) of "spnsrvnt.exe" running (0 excluded).  (List is on next line)
[1389330000] CURRENT SERVICE STATE: nycnn-ipvx19e1;XCode Service;OK;HARD;1;OK - Found 1 Instance(s) of "XCodeService.exe" running (0 excluded).  (List is on next line)
[1389330000] CURRENT SERVICE STATE: nycnn-ipvx1e1;PING;OK;HARD;1;PING OK - Packet loss = 0%, RTA = 0.22 ms
[1389330000] CURRENT SERVICE STATE: nycnn-ipvx1e1;SafeNet Service;OK;HARD;1;OK - Found 1 Instance(s) of "spnsrvnt.exe" running (0 excluded).  (List is on next line)
[1389330000] CURRENT SERVICE STATE: nycnn-ipvx1e1;XCode Service;OK;HARD;1;OK - Found 1 Instance(s) of "XCodeService.exe" running (0 excluded).  (List is on next line)
[1389330000] CURRENT SERVICE STATE: nycnn-ipvx2;PING;OK;HARD;1;PING OK - Packet loss = 0%, RTA = 0.22 ms
[1389330000] CURRENT SERVICE STATE: nycnn-ipvx2;SafeNet Service;OK;HARD;1;OK - Found 1 Instance(s) of "spnsrvnt.exe" running (0 excluded).  (List is on next line)
[1389330000] CURRENT SERVICE STATE: nycnn-ipvx2;XCode Service;OK;HARD;1;OK - Found 1 Instance(s) of "XCodeService.exe" running (0 excluded).  (List is on next line)
[1389330000] CURRENT SERVICE STATE: nycnn-ipvx20;PING;OK;HARD;1;PING OK - Packet loss = 0%, RTA = 0.22 ms
[1389330000] CURRENT SERVICE STATE: nycnn-ipvx20;SafeNet Service;OK;HARD;1;OK - Found 1 Instance(s) of "spnsrvnt.exe" running (0 excluded).  (List is on next line)
[1389330000] CURRENT SERVICE STATE: nycnn-ipvx20;XCode Service;OK;HARD;1;OK - Found 1 Instance(s) of "XCodeService.exe" running (0 excluded).  (List is on next line)
[1389330000] CURRENT SERVICE STATE: nycnn-ipvx20e1;PING;OK;HARD;1;PING OK - Packet loss = 0%, RTA = 0.27 ms
[1389330000] CURRENT SERVICE STATE: nycnn-ipvx20e1;SafeNet Service;OK;HARD;1;OK - Found 1 Instance(s) of "spnsrvnt.exe" running (0 excluded).  (List is on next line)
[1389330000] CURRENT SERVICE STATE: nycnn-ipvx20e1;XCode Service;OK;HARD;1;OK - Found 1 Instance(s) of "XCodeService.exe" running (0 excluded).  (List is on next line)
[1389330000] CURRENT SERVICE STATE: nycnn-ipvx21;PING;OK;HARD;1;PING OK - Packet loss = 0%, RTA = 0.19 ms
[1389330000] CURRENT SERVICE STATE: nycnn-ipvx21;SafeNet Service;OK;HARD;1;OK - Found 1 Instance(s) of "spnsrvnt.exe" running (0 excluded).  (List is on next line)
[1389330000] CURRENT SERVICE STATE: nycnn-ipvx21;XCode Service;OK;HARD;1;OK - Found 1 Instance(s) of "XCodeService.exe" running (0 excluded).  (List is on next line)
[1389330000] CURRENT SERVICE STATE: nycnn-ipvx21e1;PING;OK;HARD;1;PING OK - Packet loss = 0%, RTA = 0.22 ms
[1389330000] CURRENT SERVICE STATE: nycnn-ipvx21e1;SafeNet Service;OK;HARD;1;OK - Found 1 Instance(s) of "spnsrvnt.exe" running (0 excluded).  (List is on next line)
[1389330000] CURRENT SERVICE STATE: nycnn-ipvx21e1;XCode Service;OK;HARD;1;OK - Found 1 Instance(s) of "XCodeService.exe" running (0 excluded).  (List is on next line)
[1389330000] CURRENT SERVICE STATE: nycnn-ipvx22;PING;OK;HARD;1;PING OK - Packet loss = 0%, RTA = 0.22 ms
[1389330000] CURRENT SERVICE STATE: nycnn-ipvx22;SafeNet Service;OK;HARD;1;OK - Found 1 Instance(s) of "spnsrvnt.exe" running (0 excluded).  (List is on next line)
[1389330000] CURRENT SERVICE STATE: nycnn-ipvx22;XCode Service;OK;HARD;1;OK - Found 1 Instance(s) of "XCodeService.exe" running (0 excluded).  (List is on next line)
[1389330000] CURRENT SERVICE STATE: nycnn-ipvx22e1;PING;OK;HARD;1;PING OK - Packet loss = 0%, RTA = 0.21 ms
[1389330000] CURRENT SERVICE STATE: nycnn-ipvx22e1;SafeNet Service;OK;HARD;1;OK - Found 1 Instance(s) of "spnsrvnt.exe" running (0 excluded).  (List is on next line)
[1389330000] CURRENT SERVICE STATE: nycnn-ipvx22e1;XCode Service;OK;HARD;1;OK - Found 1 Instance(s) of "XCodeService.exe" running (0 excluded).  (List is on next line)
[1389330000] CURRENT SERVICE STATE: nycnn-ipvx23;PING;OK;HARD;1;PING OK - Packet loss = 0%, RTA = 0.20 ms
[1389330000] CURRENT SERVICE STATE: nycnn-ipvx23;SafeNet Service;OK;HARD;1;OK - Found 1 Instance(s) of "spnsrvnt.exe" running (0 excluded).  (List is on next line)
[1389330000] CURRENT SERVICE STATE: nycnn-ipvx23;XCode Service;OK;HARD;1;OK - Found 1 Instance(s) of "XCodeService.exe" running (0 excluded).  (List is on next line)
[1389330000] CURRENT SERVICE STATE: nycnn-ipvx23e1;PING;OK;HARD;1;PING OK - Packet loss = 0%, RTA = 0.21 ms
[1389330000] CURRENT SERVICE STATE: nycnn-ipvx23e1;SafeNet Service;OK;HARD;1;OK - Found 1 Instance(s) of "spnsrvnt.exe" running (0 excluded).  (List is on next line)
[1389330000] CURRENT SERVICE STATE: nycnn-ipvx23e1;XCode Service;OK;HARD;1;OK - Found 1 Instance(s) of "XCodeService.exe" running (0 excluded).  (List is on next line)
[1389330000] CURRENT SERVICE STATE: nycnn-ipvx24;PING;OK;HARD;1;PING OK - Packet loss = 0%, RTA = 0.21 ms
[1389330000] CURRENT SERVICE STATE: nycnn-ipvx24;SafeNet Service;OK;HARD;1;OK - Found 1 Instance(s) of "spnsrvnt.exe" running (0 excluded).  (List is on next line)
[1389330000] CURRENT SERVICE STATE: nycnn-ipvx24;XCode Service;OK;HARD;1;OK - Found 1 Instance(s) of "XCodeService.exe" running (0 excluded).  (List is on next line)
[1389330000] CURRENT SERVICE STATE: nycnn-ipvx24e1;PING;OK;HARD;1;PING OK - Packet loss = 0%, RTA = 0.22 ms
[1389330000] CURRENT SERVICE STATE: nycnn-ipvx24e1;SafeNet Service;OK;HARD;1;OK - Found 1 Instance(s) of "spnsrvnt.exe" running (0 excluded).  (List is on next line)
[1389330000] CURRENT SERVICE STATE: nycnn-ipvx24e1;XCode Service;OK;HARD;1;OK - Found 1 Instance(s) of "XCodeService.exe" running (0 excluded).  (List is on next line)
[1389330000] CURRENT SERVICE STATE: nycnn-ipvx25;PING;OK;HARD;1;PING OK - Packet loss = 0%, RTA = 0.24 ms
[1389330000] CURRENT SERVICE STATE: nycnn-ipvx25;SafeNet Service;OK;HARD;1;OK - Found 1 Instance(s) of "spnsrvnt.exe" running (0 excluded).  (List is on next line)
[1389330000] CURRENT SERVICE STATE: nycnn-ipvx25;XCode Service;OK;HARD;1;OK - Found 1 Instance(s) of "XCodeService.exe" running (0 excluded).  (List is on next line)
[1389330000] CURRENT SERVICE STATE: nycnn-ipvx25e1;PING;OK;HARD;1;PING OK - Packet loss = 0%, RTA = 0.24 ms
[1389330000] CURRENT SERVICE STATE: nycnn-ipvx25e1;SafeNet Service;OK;HARD;1;OK - Found 1 Instance(s) of "spnsrvnt.exe" running (0 excluded).  (List is on next line)
[1389330000] CURRENT SERVICE STATE: nycnn-ipvx25e1;XCode Service;OK;HARD;1;OK - Found 1 Instance(s) of "XCodeService.exe" running (0 excluded).  (List is on next line)
[1389330000] CURRENT SERVICE STATE: nycnn-ipvx26;PING;OK;HARD;1;PING OK - Packet loss = 0%, RTA = 0.24 ms
[1389330000] CURRENT SERVICE STATE: nycnn-ipvx26;SafeNet Service;OK;HARD;1;OK - Found 1 Instance(s) of "spnsrvnt.exe" running (0 excluded).  (List is on next line)
[1389330000] CURRENT SERVICE STATE: nycnn-ipvx26;XCode Service;OK;HARD;1;OK - Found 1 Instance(s) of "XCodeService.exe" running (0 excluded).  (List is on next line)
[1389330000] CURRENT SERVICE STATE: nycnn-ipvx26e1;PING;OK;HARD;1;PING OK - Packet loss = 0%, RTA = 0.20 ms
[1389330000] CURRENT SERVICE STATE: nycnn-ipvx26e1;SafeNet Service;OK;HARD;1;OK - Found 1 Instance(s) of "spnsrvnt.exe" running (0 excluded).  (List is on next line)
[1389330000] CURRENT SERVICE STATE: nycnn-ipvx26e1;XCode Service;OK;HARD;1;OK - Found 1 Instance(s) of "XCodeService.exe" running (0 excluded).  (List is on next line)
[1389330000] CURRENT SERVICE STATE: nycnn-ipvx27;PING;OK;HARD;1;PING OK - Packet loss = 0%, RTA = 0.22 ms
[1389330000] CURRENT SERVICE STATE: nycnn-ipvx27;SafeNet Service;OK;HARD;1;OK - Found 1 Instance(s) of "spnsrvnt.exe" running (0 excluded).  (List is on next line)
[1389330000] CURRENT SERVICE STATE: nycnn-ipvx27;XCode Service;OK;HARD;1;OK - Found 1 Instance(s) of "XCodeService.exe" running (0 excluded).  (List is on next line)
[1389330000] CURRENT SERVICE STATE: nycnn-ipvx27e1;PING;OK;HARD;1;PING OK - Packet loss = 0%, RTA = 0.22 ms
[1389330000] CURRENT SERVICE STATE: nycnn-ipvx27e1;SafeNet Service;OK;HARD;1;OK - Found 1 Instance(s) of "spnsrvnt.exe" running (0 excluded).  (List is on next line)
[1389330000] CURRENT SERVICE STATE: nycnn-ipvx27e1;XCode Service;OK;HARD;1;OK - Found 1 Instance(s) of "XCodeService.exe" running (0 excluded).  (List is on next line)
[1389330000] CURRENT SERVICE STATE: nycnn-ipvx28;PING;OK;HARD;1;PING OK - Packet loss = 0%, RTA = 0.20 ms
[1389330000] CURRENT SERVICE STATE: nycnn-ipvx28;SafeNet Service;OK;HARD;1;OK - Found 1 Instance(s) of "spnsrvnt.exe" running (0 excluded).  (List is on next line)
[1389330000] CURRENT SERVICE STATE: nycnn-ipvx28;XCode Service;OK;HARD;1;OK - Found 1 Instance(s) of "XCodeService.exe" running (0 excluded).  (List is on next line)
[1389330000] CURRENT SERVICE STATE: nycnn-ipvx28e1;PING;OK;HARD;1;PING OK - Packet loss = 0%, RTA = 0.20 ms
[1389330000] CURRENT SERVICE STATE: nycnn-ipvx28e1;SafeNet Service;OK;HARD;1;OK - Found 1 Instance(s) of "spnsrvnt.exe" running (0 excluded).  (List is on next line)
[1389330000] CURRENT SERVICE STATE: nycnn-ipvx28e1;XCode Service;OK;HARD;1;OK - Found 1 Instance(s) of "XCodeService.exe" running (0 excluded).  (List is on next line)
[1389330000] CURRENT SERVICE STATE: nycnn-ipvx29;PING;OK;HARD;1;PING OK - Packet loss = 0%, RTA = 0.19 ms
[1389330000] CURRENT SERVICE STATE: nycnn-ipvx29;SafeNet Service;OK;HARD;1;OK - Found 1 Instance(s) of "spnsrvnt.exe" running (0 excluded).  (List is on next line)
[1389330000] CURRENT SERVICE STATE: nycnn-ipvx29;XCode Service;OK;HARD;1;OK - Found 1 Instance(s) of "XCodeService.exe" running (0 excluded).  (List is on next line)
[1389330000] CURRENT SERVICE STATE: nycnn-ipvx29e1;PING;OK;HARD;1;PING OK - Packet loss = 0%, RTA = 0.21 ms
[1389330000] CURRENT SERVICE STATE: nycnn-ipvx29e1;SafeNet Service;OK;HARD;1;OK - Found 1 Instance(s) of "spnsrvnt.exe" running (0 excluded).  (List is on next line)
[1389330000] CURRENT SERVICE STATE: nycnn-ipvx29e1;XCode Service;OK;HARD;1;OK - Found 1 Instance(s) of "XCodeService.exe" running (0 excluded).  (List is on next line)
[1389330000] CURRENT SERVICE STATE: nycnn-ipvx2e1;PING;OK;HARD;1;PING OK - Packet loss = 0%, RTA = 0.26 ms
[1389330000] CURRENT SERVICE STATE: nycnn-ipvx2e1;SafeNet Service;OK;HARD;1;OK - Found 1 Instance(s) of "spnsrvnt.exe" running (0 excluded).  (List is on next line)
[1389330000] CURRENT SERVICE STATE: nycnn-ipvx2e1;XCode Service;OK;HARD;1;OK - Found 1 Instance(s) of "XCodeService.exe" running (0 excluded).  (List is on next line)
[1389330000] CURRENT SERVICE STATE: nycnn-ipvx3;PING;OK;HARD;1;PING OK - Packet loss = 0%, RTA = 0.18 ms
[1389330000] CURRENT SERVICE STATE: nycnn-ipvx3;SafeNet Service;OK;HARD;1;OK - Found 1 Instance(s) of "spnsrvnt.exe" running (0 excluded).  (List is on next line)
[1389330000] CURRENT SERVICE STATE: nycnn-ipvx3;XCode Service;OK;HARD;1;OK - Found 1 Instance(s) of "XCodeService.exe" running (0 excluded).  (List is on next line)
[1389330000] CURRENT SERVICE STATE: nycnn-ipvx30;PING;OK;HARD;1;PING OK - Packet loss = 0%, RTA = 0.21 ms
[1389330000] CURRENT SERVICE STATE: nycnn-ipvx30;SafeNet Service;OK;HARD;1;OK - Found 1 Instance(s) of "spnsrvnt.exe" running (0 excluded).  (List is on next line)
[1389330000] CURRENT SERVICE STATE: nycnn-ipvx30;XCode Service;OK;HARD;1;OK - Found 1 Instance(s) of "XCodeService.exe" running (0 excluded).  (List is on next line)
[1389330000] CURRENT SERVICE STATE: nycnn-ipvx30e1;PING;OK;HARD;1;PING OK - Packet loss = 0%, RTA = 0.23 ms
[1389330000] CURRENT SERVICE STATE: nycnn-ipvx30e1;SafeNet Service;OK;HARD;1;OK - Found 1 Instance(s) of "spnsrvnt.exe" running (0 excluded).  (List is on next line)
[1389330000] CURRENT SERVICE STATE: nycnn-ipvx30e1;XCode Service;OK;HARD;1;OK - Found 1 Instance(s) of "XCodeService.exe" running (0 excluded).  (List is on next line)
[1389330000] CURRENT SERVICE STATE: nycnn-ipvx31;PING;OK;HARD;1;PING OK - Packet loss = 0%, RTA = 0.23 ms
[1389330000] CURRENT SERVICE STATE: nycnn-ipvx31;SafeNet Service;OK;HARD;1;OK - Found 1 Instance(s) of "spnsrvnt.exe" running (0 excluded).  (List is on next line)
[1389330000] CURRENT SERVICE STATE: nycnn-ipvx31;XCode Service;OK;HARD;1;OK - Found 1 Instance(s) of "XCodeService.exe" running (0 excluded).  (List is on next line)
[1389330000] CURRENT SERVICE STATE: nycnn-ipvx31e1;PING;OK;HARD;1;PING OK - Packet loss = 0%, RTA = 0.29 ms
[1389330000] CURRENT SERVICE STATE: nycnn-ipvx31e1;SafeNet Service;OK;HARD;1;OK - Found 1 Instance(s) of "spnsrvnt.exe" running (0 excluded).  (List is on next line)
[1389330000] CURRENT SERVICE STATE: nycnn-ipvx31e1;XCode Service;OK;HARD;1;OK - Found 1 Instance(s) of "XCodeService.exe" running (0 excluded).  (List is on next line)
[1389330000] CURRENT SERVICE STATE: nycnn-ipvx32;PING;OK;HARD;1;PING OK - Packet loss = 0%, RTA = 0.22 ms
[1389330000] CURRENT SERVICE STATE: nycnn-ipvx32;SafeNet Service;OK;HARD;1;OK - Found 1 Instance(s) of "spnsrvnt.exe" running (0 excluded).  (List is on next line)
[1389330000] CURRENT SERVICE STATE: nycnn-ipvx32;XCode Service;OK;HARD;1;OK - Found 1 Instance(s) of "XCodeService.exe" running (0 excluded).  (List is on next line)
[1389330000] CURRENT SERVICE STATE: nycnn-ipvx32e1;PING;OK;HARD;1;PING OK - Packet loss = 0%, RTA = 0.20 ms
[1389330000] CURRENT SERVICE STATE: nycnn-ipvx32e1;SafeNet Service;OK;HARD;1;OK - Found 1 Instance(s) of "spnsrvnt.exe" running (0 excluded).  (List is on next line)
[1389330000] CURRENT SERVICE STATE: nycnn-ipvx32e1;XCode Service;OK;HARD;1;OK - Found 1 Instance(s) of "XCodeService.exe" running (0 excluded).  (List is on next line)
[1389330000] CURRENT SERVICE STATE: nycnn-ipvx33;PING;OK;HARD;1;PING OK - Packet loss = 0%, RTA = 0.21 ms
[1389330000] CURRENT SERVICE STATE: nycnn-ipvx33;SafeNet Service;OK;HARD;1;OK - Found 1 Instance(s) of "spnsrvnt.exe" running (0 excluded).  (List is on next line)
[1389330000] CURRENT SERVICE STATE: nycnn-ipvx33;XCode Service;OK;HARD;1;OK - Found 1 Instance(s) of "XCodeService.exe" running (0 excluded).  (List is on next line)
[1389330000] CURRENT SERVICE STATE: nycnn-ipvx33e1;PING;OK;HARD;1;PING OK - Packet loss = 0%, RTA = 0.21 ms
[1389330000] CURRENT SERVICE STATE: nycnn-ipvx33e1;SafeNet Service;OK;HARD;1;OK - Found 1 Instance(s) of "spnsrvnt.exe" running (0 excluded).  (List is on next line)
[1389330000] CURRENT SERVICE STATE: nycnn-ipvx33e1;XCode Service;OK;HARD;1;OK - Found 1 Instance(s) of "XCodeService.exe" running (0 excluded).  (List is on next line)
[1389330000] CURRENT SERVICE STATE: nycnn-ipvx34;PING;OK;HARD;1;PING OK - Packet loss = 0%, RTA = 0.18 ms
[1389330000] CURRENT SERVICE STATE: nycnn-ipvx34;SafeNet Service;OK;HARD;1;OK - Found 1 Instance(s) of "spnsrvnt.exe" running (0 excluded).  (List is on next line)
[1389330000] CURRENT SERVICE STATE: nycnn-ipvx34;XCode Service;OK;HARD;1;OK - Found 1 Instance(s) of "XCodeService.exe" running (0 excluded).  (List is on next line)
[1389330000] CURRENT SERVICE STATE: nycnn-ipvx34e1;PING;OK;HARD;1;PING OK - Packet loss = 0%, RTA = 0.22 ms
[1389330000] CURRENT SERVICE STATE: nycnn-ipvx34e1;SafeNet Service;OK;HARD;1;OK - Found 1 Instance(s) of "spnsrvnt.exe" running (0 excluded).  (List is on next line)
[1389330000] CURRENT SERVICE STATE: nycnn-ipvx34e1;XCode Service;OK;HARD;1;OK - Found 1 Instance(s) of "XCodeService.exe" running (0 excluded).  (List is on next line)
[1389330000] CURRENT SERVICE STATE: nycnn-ipvx35;PING;OK;HARD;1;PING OK - Packet loss = 0%, RTA = 0.21 ms
[1389330000] CURRENT SERVICE STATE: nycnn-ipvx35;SafeNet Service;OK;HARD;1;OK - Found 1 Instance(s) of "spnsrvnt.exe" running (0 excluded).  (List is on next line)
[1389330000] CURRENT SERVICE STATE: nycnn-ipvx35;XCode Service;OK;HARD;1;OK - Found 1 Instance(s) of "XCodeService.exe" running (0 excluded).  (List is on next line)
[1389330000] CURRENT SERVICE STATE: nycnn-ipvx35e1;PING;OK;HARD;1;PING OK - Packet loss = 0%, RTA = 0.24 ms
[1389330000] CURRENT SERVICE STATE: nycnn-ipvx35e1;SafeNet Service;OK;HARD;1;OK - Found 1 Instance(s) of "spnsrvnt.exe" running (0 excluded).  (List is on next line)
[1389330000] CURRENT SERVICE STATE: nycnn-ipvx35e1;XCode Service;OK;HARD;1;OK - Found 1 Instance(s) of "XCodeService.exe" running (0 excluded).  (List is on next line)
[1389330000] CURRENT SERVICE STATE: nycnn-ipvx3e1;PING;OK;HARD;1;PING OK - Packet loss = 0%, RTA = 0.22 ms
[1389330000] CURRENT SERVICE STATE: nycnn-ipvx3e1;SafeNet Service;OK;HARD;1;OK - Found 1 Instance(s) of "spnsrvnt.exe" running (0 excluded).  (List is on next line)
[1389330000] CURRENT SERVICE STATE: nycnn-ipvx3e1;XCode Service;OK;HARD;1;OK - Found 1 Instance(s) of "XCodeService.exe" running (0 excluded).  (List is on next line)
[1389330000] CURRENT SERVICE STATE: nycnn-ipvx4;PING;OK;HARD;1;PING OK - Packet loss = 0%, RTA = 0.20 ms
[1389330000] CURRENT SERVICE STATE: nycnn-ipvx4;SafeNet Service;OK;HARD;1;OK - Found 1 Instance(s) of "spnsrvnt.exe" running (0 excluded).  (List is on next line)
[1389330000] CURRENT SERVICE STATE: nycnn-ipvx4;XCode Service;OK;HARD;1;OK - Found 1 Instance(s) of "XCodeService.exe" running (0 excluded).  (List is on next line)
[1389330000] CURRENT SERVICE STATE: nycnn-ipvx4e1;PING;OK;HARD;1;PING OK - Packet loss = 0%, RTA = 0.23 ms
[1389330000] CURRENT SERVICE STATE: nycnn-ipvx4e1;SafeNet Service;OK;HARD;1;OK - Found 1 Instance(s) of "spnsrvnt.exe" running (0 excluded).  (List is on next line)
[1389330000] CURRENT SERVICE STATE: nycnn-ipvx4e1;XCode Service;OK;HARD;1;OK - Found 1 Instance(s) of "XCodeService.exe" running (0 excluded).  (List is on next line)
[1389330000] CURRENT SERVICE STATE: nycnn-ipvx5;PING;OK;HARD;1;PING OK - Packet loss = 0%, RTA = 0.22 ms
[1389330000] CURRENT SERVICE STATE: nycnn-ipvx5;SafeNet Service;OK;HARD;1;OK - Found 1 Instance(s) of "spnsrvnt.exe" running (0 excluded).  (List is on next line)
[1389330000] CURRENT SERVICE STATE: nycnn-ipvx5;XCode Service;OK;HARD;1;OK - Found 1 Instance(s) of "XCodeService.exe" running (0 excluded).  (List is on next line)
[1389330000] CURRENT SERVICE STATE: nycnn-ipvx5e1;PING;OK;HARD;1;PING OK - Packet loss = 0%, RTA = 0.26 ms
[1389330000] CURRENT SERVICE STATE: nycnn-ipvx5e1;SafeNet Service;OK;HARD;1;OK - Found 1 Instance(s) of "spnsrvnt.exe" running (0 excluded).  (List is on next line)
[1389330000] CURRENT SERVICE STATE: nycnn-ipvx5e1;XCode Service;OK;HARD;1;OK - Found 1 Instance(s) of "XCodeService.exe" running (0 excluded).  (List is on next line)
[1389330000] CURRENT SERVICE STATE: nycnn-ipvx6;PING;OK;HARD;1;PING OK - Packet loss = 0%, RTA = 0.18 ms
[1389330000] CURRENT SERVICE STATE: nycnn-ipvx6;SafeNet Service;OK;HARD;1;OK - Found 1 Instance(s) of "spnsrvnt.exe" running (0 excluded).  (List is on next line)
[1389330000] CURRENT SERVICE STATE: nycnn-ipvx6;XCode Service;OK;HARD;1;OK - Found 1 Instance(s) of "XCodeService.exe" running (0 excluded).  (List is on next line)
[1389330000] CURRENT SERVICE STATE: nycnn-ipvx6e1;PING;OK;HARD;1;PING OK - Packet loss = 0%, RTA = 0.20 ms
[1389330000] CURRENT SERVICE STATE: nycnn-ipvx6e1;SafeNet Service;OK;HARD;1;OK - Found 1 Instance(s) of "spnsrvnt.exe" running (0 excluded).  (List is on next line)
[1389330000] CURRENT SERVICE STATE: nycnn-ipvx6e1;XCode Service;OK;HARD;1;OK - Found 1 Instance(s) of "XCodeService.exe" running (0 excluded).  (List is on next line)
[1389330000] CURRENT SERVICE STATE: nycnn-ipvx7;PING;OK;HARD;1;PING OK - Packet loss = 0%, RTA = 0.21 ms
[1389330000] CURRENT SERVICE STATE: nycnn-ipvx7;SafeNet Service;OK;HARD;1;OK - Found 1 Instance(s) of "spnsrvnt.exe" running (0 excluded).  (List is on next line)
[1389330000] CURRENT SERVICE STATE: nycnn-ipvx7;XCode Service;OK;HARD;1;OK - Found 1 Instance(s) of "XCodeService.exe" running (0 excluded).  (List is on next line)
[1389330000] CURRENT SERVICE STATE: nycnn-ipvx7e1;PING;OK;HARD;1;PING OK - Packet loss = 0%, RTA = 0.19 ms
[1389330000] CURRENT SERVICE STATE: nycnn-ipvx7e1;SafeNet Service;OK;HARD;1;OK - Found 1 Instance(s) of "spnsrvnt.exe" running (0 excluded).  (List is on next line)
[1389330000] CURRENT SERVICE STATE: nycnn-ipvx7e1;XCode Service;OK;HARD;1;OK - Found 1 Instance(s) of "XCodeService.exe" running (0 excluded).  (List is on next line)
[1389330000] CURRENT SERVICE STATE: nycnn-ipvx8;PING;OK;HARD;1;PING OK - Packet loss = 0%, RTA = 0.20 ms
[1389330000] CURRENT SERVICE STATE: nycnn-ipvx8;SafeNet Service;OK;HARD;1;OK - Found 1 Instance(s) of "spnsrvnt.exe" running (0 excluded).  (List is on next line)
[1389330000] CURRENT SERVICE STATE: nycnn-ipvx8;XCode Service;OK;HARD;1;OK - Found 1 Instance(s) of "XCodeService.exe" running (0 excluded).  (List is on next line)
[1389330000] CURRENT SERVICE STATE: nycnn-ipvx8e1;PING;OK;HARD;1;PING OK - Packet loss = 0%, RTA = 0.22 ms
[1389330000] CURRENT SERVICE STATE: nycnn-ipvx8e1;SafeNet Service;OK;HARD;1;OK - Found 1 Instance(s) of "spnsrvnt.exe" running (0 excluded).  (List is on next line)
[1389330000] CURRENT SERVICE STATE: nycnn-ipvx8e1;XCode Service;OK;HARD;1;OK - Found 1 Instance(s) of "XCodeService.exe" running (0 excluded).  (List is on next line)
[1389330000] CURRENT SERVICE STATE: nycnn-ipvx9;PING;OK;HARD;1;PING OK - Packet loss = 0%, RTA = 0.26 ms
[1389330000] CURRENT SERVICE STATE: nycnn-ipvx9;SafeNet Service;OK;HARD;1;OK - Found 1 Instance(s) of "spnsrvnt.exe" running (0 excluded).  (List is on next line)
[1389330000] CURRENT SERVICE STATE: nycnn-ipvx9;XCode Service;OK;HARD;1;OK - Found 1 Instance(s) of "XCodeService.exe" running (0 excluded).  (List is on next line)
[1389330000] CURRENT SERVICE STATE: nycnn-ipvx9e1;PING;OK;HARD;1;PING OK - Packet loss = 0%, RTA = 0.24 ms
[1389330000] CURRENT SERVICE STATE: nycnn-ipvx9e1;SafeNet Service;OK;HARD;1;OK - Found 1 Instance(s) of "spnsrvnt.exe" running (0 excluded).  (List is on next line)
[1389330000] CURRENT SERVICE STATE: nycnn-ipvx9e1;XCode Service;OK;HARD;1;OK - Found 1 Instance(s) of "XCodeService.exe" running (0 excluded).  (List is on next line)
[1389330000] CURRENT SERVICE STATE: nycnn-kickstart;PING;OK;HARD;1;PING OK - Packet loss = 0%, RTA = 0.29 ms
[1389330000] CURRENT SERVICE STATE: nycnn-mamdb1;PING;OK;HARD;1;PING OK - Packet loss = 0%, RTA = 0.24 ms
[1389330000] CURRENT SERVICE STATE: nycnn-mamdb2;PING;OK;HARD;1;PING OK - Packet loss = 0%, RTA = 0.28 ms
[1389330000] CURRENT SERVICE STATE: nycnn-mamfog;PING;OK;HARD;1;PING OK - Packet loss = 0%, RTA = 0.15 ms
[1389330000] CURRENT SERVICE STATE: nycnn-mamkey1;PING;OK;HARD;1;PING OK - Packet loss = 0%, RTA = 0.27 ms
[1389330000] CURRENT SERVICE STATE: nycnn-mamkey2;PING;OK;HARD;1;PING OK - Packet loss = 0%, RTA = 0.28 ms
[1389330000] CURRENT SERVICE STATE: nycnn-mammq1;PING;OK;HARD;1;PING OK - Packet loss = 0%, RTA = 0.22 ms
[1389330000] CURRENT SERVICE STATE: nycnn-mammq2;PING;OK;HARD;1;PING OK - Packet loss = 0%, RTA = 0.24 ms
[1389330000] CURRENT SERVICE STATE: nycnn-ms2app3;PING;OK;HARD;1;PING OK - Packet loss = 0%, RTA = 0.26 ms
[1389330000] CURRENT SERVICE STATE: nycnn-ms2app4;GridA_Projects_Folder_Count;OK;HARD;1;Grid A OK: 3929  subdirectories in projects
[1389330000] CURRENT SERVICE STATE: nycnn-ms2app4;GridA_Render_Folder_Count;OK;HARD;1;Grid A OK: 3929  subdirectories in Render Files
[1389330000] CURRENT SERVICE STATE: nycnn-ms2app4;GridA_Resources_Folder_Count;OK;HARD;1;Grid A OK: 4061  subdirectories in resources
[1389330000] CURRENT SERVICE STATE: nycnn-ms2app4;PING;OK;HARD;1;PING OK - Packet loss = 0%, RTA = 0.26 ms
[1389330000] CURRENT SERVICE STATE: nycnn-ms2db1;Disk Space on /oracle;OK;HARD;1;DISK OK - free space: /oracle 902173 MB (92% inode=99%):
[1389330000] CURRENT SERVICE STATE: nycnn-ms2db1;PING;OK;HARD;1;PING OK - Packet loss = 0%, RTA = 0.27 ms
[1389330000] CURRENT SERVICE STATE: nycnn-ms2db2;Disk Space on /oracle;OK;HARD;1;DISK OK - free space: /oracle 798009 MB (81% inode=99%):
[1389330000] CURRENT SERVICE STATE: nycnn-ms2db2;PING;OK;HARD;1;PING OK - Packet loss = 0%, RTA = 0.26 ms
[1389330000] CURRENT SERVICE STATE: nycnn-ms2db3;Disk Space on /oracle;OK;HARD;1;DISK OK - free space: /oracle 863862 MB (88% inode=99%):
[1389330000] CURRENT SERVICE STATE: nycnn-ms2db3;PING;OK;HARD;1;PING OK - Packet loss = 0%, RTA = 0.27 ms
[1389330000] CURRENT SERVICE STATE: nycnn-ms2fsd;PING;OK;HARD;1;PING OK - Packet loss = 0%, RTA = 0.23 ms
[1389330000] CURRENT SERVICE STATE: nycnn-ms2fsd1;PING;OK;HARD;1;PING OK - Packet loss = 0%, RTA = 0.29 ms
[1389330000] CURRENT SERVICE STATE: nycnn-ms2fsd2;PING;OK;HARD;1;PING OK - Packet loss = 0%, RTA = 0.16 ms
[1389330000] CURRENT SERVICE STATE: nycnn-ms2stills1;PING;OK;HARD;1;PING OK - Packet loss = 0%, RTA = 0.48 ms
[1389330000] CURRENT SERVICE STATE: nycnn-ms2stills2;PING;OK;HARD;1;PING OK - Packet loss = 0%, RTA = 0.46 ms
[1389330000] CURRENT SERVICE STATE: nycnn-nag1;PING;OK;HARD;1;PING OK - Packet loss = 0%, RTA = 0.27 ms
[1389330000] CURRENT SERVICE STATE: nycnn-nag2;PING;OK;HARD;1;PING OK - Packet loss = 0%, RTA = 0.26 ms
[1389330000] CURRENT SERVICE STATE: nycnn-nag4;PING;OK;HARD;1;PING OK - Packet loss = 0%, RTA = 0.23 ms
[1389330000] CURRENT SERVICE STATE: nycnn-splunk;Disk Space on /opt;UNKNOWN;HARD;3;Remote command execution failed: bash: /usr/local/nagios/libexec/check_disk: No such file or directory
[1389330000] CURRENT SERVICE STATE: nycnn-splunk;PING;OK;HARD;1;PING OK - Packet loss = 0%, RTA = 0.29 ms
[1389330000] CURRENT SERVICE STATE: nyhdscheduler;HTTP;OK;HARD;1;HTTP OK: HTTP/1.1 200 OK - 598 bytes in 0.001 second response time
[1389330000] CURRENT SERVICE STATE: nyhdscheduler;PING;OK;HARD;1;PING OK - Packet loss = 0%, RTA = 0.31 ms
[1389330000] CURRENT SERVICE STATE: nymamkey;PING;OK;HARD;1;PING OK - Packet loss = 0%, RTA = 0.23 ms
[1389330000] CURRENT SERVICE STATE: nymq;PING;OK;HARD;1;PING OK - Packet loss = 0%, RTA = 0.25 ms
[1389330000] CURRENT SERVICE STATE: nyproxygenhd;PING;OK;HARD;1;PING OK - Packet loss = 0%, RTA = 0.29 ms
[1389330000] CURRENT SERVICE STATE: nyvideodrop;PING;OK;HARD;1;PING OK - Packet loss = 0%, RTA = 0.26 ms
[1389330000] CURRENT SERVICE STATE: omnclda01-ny;PING;OK;HARD;1;PING OK - Packet loss = 0%, RTA = 0.27 ms
[1389330000] CURRENT SERVICE STATE: omnclda01e1-ny;PING;OK;HARD;1;PING OK - Packet loss = 0%, RTA = 0.25 ms
[1389330000] CURRENT SERVICE STATE: omnclda02-ny;PING;OK;HARD;1;PING OK - Packet loss = 0%, RTA = 0.29 ms
[1389330000] CURRENT SERVICE STATE: omnclda02e1-ny;PING;OK;HARD;1;PING OK - Packet loss = 0%, RTA = 0.26 ms
[1389330000] CURRENT SERVICE STATE: omnclda03-ny;PING;OK;HARD;1;PING OK - Packet loss = 0%, RTA = 0.22 ms
[1389330000] CURRENT SERVICE STATE: omnclda03e1-ny;PING;OK;HARD;1;PING OK - Packet loss = 0%, RTA = 0.25 ms
[1389330000] CURRENT SERVICE STATE: omnhbcba01-ny;PING;OK;HARD;1;PING OK - Packet loss = 0%, RTA = 0.25 ms
[1389330000] CURRENT SERVICE STATE: omnhbcba02-ny;PING;OK;HARD;1;PING OK - Packet loss = 0%, RTA = 0.22 ms
[1389330000] CURRENT SERVICE STATE: omnhbcba03-ny;PING;OK;HARD;1;PING OK - Packet loss = 0%, RTA = 0.23 ms
[1389330000] CURRENT SERVICE STATE: omnhbcba04-ny;PING;OK;HARD;1;PING OK - Packet loss = 0%, RTA = 0.27 ms
[1389330000] CURRENT SERVICE STATE: omnhbcba05-ny;PING;OK;HARD;1;PING OK - Packet loss = 0%, RTA = 0.27 ms
[1389330000] CURRENT SERVICE STATE: omnhbcba06-ny;PING;OK;HARD;1;PING OK - Packet loss = 0%, RTA = 0.30 ms
[1389330000] CURRENT SERVICE STATE: omnhbcba07-ny;PING;OK;HARD;1;PING OK - Packet loss = 0%, RTA = 0.31 ms
[1389330000] CURRENT SERVICE STATE: omnhbcba08-ny;PING;OK;HARD;1;PING OK - Packet loss = 0%, RTA = 0.24 ms
[1389330000] CURRENT SERVICE STATE: omnhbcba09-ny;PING;OK;HARD;1;PING OK - Packet loss = 0%, RTA = 0.25 ms
[1389330000] CURRENT SERVICE STATE: omnhbcba10-ny;PING;OK;HARD;1;PING OK - Packet loss = 0%, RTA = 0.27 ms
[1389330000] CURRENT SERVICE STATE: omnhbcba11-ny;PING;OK;HARD;1;PING OK - Packet loss = 0%, RTA = 0.25 ms
[1389330000] CURRENT SERVICE STATE: omnhbcba12-ny;PING;OK;HARD;1;PING OK - Packet loss = 0%, RTA = 0.24 ms
[1389330000] CURRENT SERVICE STATE: omnldap1-ny;LDAP;OK;HARD;1;LDAP OK - 0.002 seconds response time
[1389330000] CURRENT SERVICE STATE: omnldap2-ny;LDAP;OK;HARD;1;LDAP OK - 0.003 seconds response time
[1389330000] CURRENT SERVICE STATE: omnmas1app-ny;PING;OK;HARD;1;PING OK - Packet loss = 0%, RTA = 0.23 ms
[1389330000] CURRENT SERVICE STATE: omnmas1app1-ny;PING;OK;HARD;1;PING OK - Packet loss = 0%, RTA = 0.20 ms
[1389330000] CURRENT SERVICE STATE: omnmas1app2-ny;PING;OK;HARD;1;PING OK - Packet loss = 0%, RTA = 0.26 ms
[1389330000] CURRENT SERVICE STATE: omnmas1db-ny;PING;OK;HARD;1;PING OK - Packet loss = 0%, RTA = 0.25 ms
[1389330000] CURRENT SERVICE STATE: omnmas1db1-ny;PING;OK;HARD;1;PING OK - Packet loss = 0%, RTA = 0.22 ms
[1389330000] CURRENT SERVICE STATE: omnmas1db2-ny;PING;OK;HARD;1;PING OK - Packet loss = 0%, RTA = 0.28 ms
[1389330000] CURRENT SERVICE STATE: omnmas2app-ny;PING;CRITICAL;HARD;3;PING CRITICAL - Packet loss = 100%
[1389330000] CURRENT SERVICE STATE: omnmas2app1-ny;PING;OK;HARD;1;PING OK - Packet loss = 0%, RTA = 0.24 ms
[1389330000] CURRENT SERVICE STATE: omnmas2app2-ny;PING;OK;HARD;1;PING OK - Packet loss = 0%, RTA = 0.30 ms
[1389330000] CURRENT SERVICE STATE: omnmas2db-ny;PING;OK;HARD;1;PING OK - Packet loss = 0%, RTA = 0.31 ms
[1389330000] CURRENT SERVICE STATE: omnmas2db1-ny;PING;OK;HARD;1;PING OK - Packet loss = 0%, RTA = 0.23 ms
[1389330000] CURRENT SERVICE STATE: omnmas2db2-ny;PING;OK;HARD;1;PING OK - Packet loss = 0%, RTA = 0.33 ms
[1389330000] CURRENT SERVICE STATE: omnmdir01-ny;PING;OK;HARD;1;PING OK - Packet loss = 0%, RTA = 0.25 ms
[1389330000] CURRENT SERVICE STATE: omnmdir01e1-ny;PING;OK;HARD;1;PING OK - Packet loss = 0%, RTA = 0.26 ms
[1389330000] CURRENT SERVICE STATE: omnmdir02-ny;PING;OK;HARD;1;PING OK - Packet loss = 0%, RTA = 0.25 ms
[1389330000] CURRENT SERVICE STATE: omnmdir02e1-ny;PING;OK;HARD;1;PING OK - Packet loss = 0%, RTA = 0.19 ms
[1389330000] CURRENT SERVICE STATE: omnmdir03-ny;PING;OK;HARD;1;PING OK - Packet loss = 0%, RTA = 0.22 ms
[1389330000] CURRENT SERVICE STATE: omnmdir03e1-ny;PING;OK;HARD;1;PING OK - Packet loss = 0%, RTA = 0.22 ms
[1389330000] CURRENT SERVICE STATE: omnmdir04-ny;PING;OK;HARD;1;PING OK - Packet loss = 0%, RTA = 0.25 ms
[1389330000] CURRENT SERVICE STATE: omnmdir04e1-ny;PING;OK;HARD;1;PING OK - Packet loss = 0%, RTA = 0.20 ms
[1389330000] CURRENT SERVICE STATE: omnmdk01-ny;PING;OK;HARD;1;PING OK - Packet loss = 0%, RTA = 0.48 ms
[1389330000] CURRENT SERVICE STATE: omnmdk01h0-ny;PING;OK;HARD;1;PING OK - Packet loss = 0%, RTA = 0.50 ms
[1389330000] CURRENT SERVICE STATE: omnmdk02-ny;PING;OK;HARD;1;PING OK - Packet loss = 0%, RTA = 0.43 ms
[1389330000] CURRENT SERVICE STATE: omnmdk02h0-ny;PING;OK;HARD;1;PING OK - Packet loss = 0%, RTA = 0.50 ms
[1389330000] CURRENT SERVICE STATE: omnmdk03-ny;PING;OK;HARD;1;PING OK - Packet loss = 0%, RTA = 0.48 ms
[1389330000] CURRENT SERVICE STATE: omnmdk03h0-ny;PING;OK;HARD;1;PING OK - Packet loss = 0%, RTA = 0.47 ms
[1389330000] CURRENT SERVICE STATE: omnmdk04-ny;PING;OK;HARD;1;PING OK - Packet loss = 0%, RTA = 0.44 ms
[1389330000] CURRENT SERVICE STATE: omnmdk04h0-ny;PING;OK;HARD;1;PING OK - Packet loss = 0%, RTA = 0.50 ms
[1389330000] CURRENT SERVICE STATE: omnmdk05-ny;PING;OK;HARD;1;PING OK - Packet loss = 0%, RTA = 0.42 ms
[1389330000] CURRENT SERVICE STATE: omnmdk05h0-ny;PING;OK;HARD;1;PING OK - Packet loss = 0%, RTA = 0.51 ms
[1389330000] CURRENT SERVICE STATE: omnmdk06-ny;PING;OK;HARD;1;PING OK - Packet loss = 0%, RTA = 0.44 ms
[1389330000] CURRENT SERVICE STATE: omnmdk06h0-ny;PING;OK;HARD;1;PING OK - Packet loss = 0%, RTA = 0.51 ms
[1389330000] CURRENT SERVICE STATE: omnmdk07-ny;PING;OK;HARD;1;PING OK - Packet loss = 0%, RTA = 0.47 ms
[1389330000] CURRENT SERVICE STATE: omnmdk07h0-ny;PING;OK;HARD;1;PING OK - Packet loss = 0%, RTA = 0.51 ms
[1389330000] CURRENT SERVICE STATE: omnmdk08-ny;PING;OK;HARD;1;PING OK - Packet loss = 0%, RTA = 0.50 ms
[1389330000] CURRENT SERVICE STATE: omnmdk08h0-ny;PING;OK;HARD;1;PING OK - Packet loss = 0%, RTA = 0.56 ms
[1389330000] CURRENT SERVICE STATE: omnmdk09-ny;PING;OK;HARD;1;PING OK - Packet loss = 0%, RTA = 0.44 ms
[1389330000] CURRENT SERVICE STATE: omnmdk09h0-ny;PING;OK;HARD;1;PING OK - Packet loss = 0%, RTA = 0.50 ms
[1389330000] CURRENT SERVICE STATE: omnmdk10-ny;PING;OK;HARD;1;PING OK - Packet loss = 0%, RTA = 0.46 ms
[1389330000] CURRENT SERVICE STATE: omnmdk10h0-ny;PING;OK;HARD;1;PING OK - Packet loss = 0%, RTA = 0.56 ms
[1389330000] CURRENT SERVICE STATE: omnmdk11-ny;PING;OK;HARD;1;PING OK - Packet loss = 0%, RTA = 0.48 ms
[1389330000] CURRENT SERVICE STATE: omnmdk11h0-ny;PING;OK;HARD;1;PING OK - Packet loss = 0%, RTA = 0.48 ms
[1389330000] CURRENT SERVICE STATE: omnmdk12-ny;PING;OK;HARD;1;PING OK - Packet loss = 0%, RTA = 0.46 ms
[1389330000] CURRENT SERVICE STATE: omnmdk12h0-ny;PING;OK;HARD;1;PING OK - Packet loss = 0%, RTA = 0.48 ms
[1389330000] CURRENT SERVICE STATE: omnmdk13-ny;PING;OK;HARD;1;PING OK - Packet loss = 0%, RTA = 0.46 ms
[1389330000] CURRENT SERVICE STATE: omnmdk13h0-ny;PING;OK;HARD;1;PING OK - Packet loss = 0%, RTA = 0.49 ms
[1389330000] CURRENT SERVICE STATE: omnmdk14-ny;PING;OK;HARD;1;PING OK - Packet loss = 0%, RTA = 0.47 ms
[1389330000] CURRENT SERVICE STATE: omnmdk14h0-ny;PING;OK;HARD;1;PING OK - Packet loss = 0%, RTA = 0.50 ms
[1389330000] CURRENT SERVICE STATE: omnmdk15-ny;PING;OK;HARD;1;PING OK - Packet loss = 0%, RTA = 0.47 ms
[1389330000] CURRENT SERVICE STATE: omnmdk15h0-ny;PING;OK;HARD;1;PING OK - Packet loss = 0%, RTA = 0.48 ms
[1389330000] CURRENT SERVICE STATE: omnmdk16-ny;PING;OK;HARD;1;PING OK - Packet loss = 0%, RTA = 0.52 ms
[1389330000] CURRENT SERVICE STATE: omnmdk16h0-ny;PING;OK;HARD;1;PING OK - Packet loss = 0%, RTA = 0.74 ms
[1389330000] CURRENT SERVICE STATE: omnmdk17-ny;PING;OK;HARD;1;PING OK - Packet loss = 0%, RTA = 0.49 ms
[1389330000] CURRENT SERVICE STATE: omnmdk17h0-ny;PING;OK;HARD;1;PING OK - Packet loss = 0%, RTA = 0.50 ms
[1389330000] CURRENT SERVICE STATE: omnmdk18-ny;PING;OK;HARD;1;PING OK - Packet loss = 0%, RTA = 0.50 ms
[1389330000] CURRENT SERVICE STATE: omnmdk18h0-ny;PING;OK;HARD;1;PING OK - Packet loss = 0%, RTA = 0.56 ms
[1389330000] CURRENT SERVICE STATE: omnmdk19-ny;PING;OK;HARD;1;PING OK - Packet loss = 0%, RTA = 0.48 ms
[1389330000] CURRENT SERVICE STATE: omnmdk19h0-ny;PING;OK;HARD;1;PING OK - Packet loss = 0%, RTA = 0.53 ms
[1389330000] CURRENT SERVICE STATE: omnmgsm-ny;PING;OK;HARD;1;PING OK - Packet loss = 0%, RTA = 0.17 ms
[1389330000] CURRENT SERVICE STATE: omnspsm-ny;PING;OK;HARD;1;PING OK - Packet loss = 0%, RTA = 0.21 ms
[1389330000] CURRENT SERVICE STATE: rt-nycc3750tgr-ilo;PING;OK;HARD;1;PING OK - Packet loss = 0%, RTA = 1.36 ms
[1389330000] CURRENT SERVICE STATE: rt-nycc3750tgr-ms2;PING;OK;HARD;1;PING OK - Packet loss = 0%, RTA = 1.16 ms
[1389330000] CURRENT SERVICE STATE: rt-nyccfcp-1;PING;OK;HARD;1;PING OK - Packet loss = 0%, RTA = 0.65 ms
[1389330000] CURRENT SERVICE STATE: rt-nyccfcp-2;PING;OK;HARD;1;PING OK - Packet loss = 0%, RTA = 0.66 ms
[1389330000] CURRENT SERVICE STATE: rt-nycchdagg-a;PING;OK;HARD;1;PING OK - Packet loss = 0%, RTA = 0.82 ms
[1389330000] CURRENT SERVICE STATE: rt-nycchdagg-b;PING;OK;HARD;1;PING OK - Packet loss = 0%, RTA = 2.93 ms
[1389330000] CURRENT SERVICE STATE: rt-nyccmediagrid;PING;OK;HARD;1;PING OK - Packet loss = 0%, RTA = 0.51 ms
[1389330000] CURRENT SERVICE STATE: rt-nyccspectrum;PING;OK;HARD;1;PING OK - Packet loss = 0%, RTA = 0.77 ms
[1389330000] CURRENT SERVICE STATE: spider;PING;OK;HARD;1;PING OK - Packet loss = 0%, RTA = 0.25 ms
[1389330000] CURRENT SERVICE STATE: wdchd001;PING;CRITICAL;HARD;3;PING CRITICAL - Packet loss = 100%
[1389330000] CURRENT SERVICE STATE: wdchd002;PING;CRITICAL;HARD;3;PING CRITICAL - Packet loss = 100%
[1389330000] CURRENT SERVICE STATE: wdchd003;PING;OK;HARD;1;PING OK - Packet loss = 0%, RTA = 6.53 ms
[1389330000] CURRENT SERVICE STATE: wdchd004;PING;OK;HARD;1;PING OK - Packet loss = 0%, RTA = 6.57 ms
[1389330000] CURRENT SERVICE STATE: wdchd005;PING;CRITICAL;HARD;3;PING CRITICAL - Packet loss = 100%
[1389330000] CURRENT SERVICE STATE: wdchd006;PING;CRITICAL;HARD;3;PING CRITICAL - Packet loss = 100%
[1389330000] CURRENT SERVICE STATE: wdchd007;PING;CRITICAL;HARD;3;PING CRITICAL - Packet loss = 100%
[1389330000] CURRENT SERVICE STATE: wdchd008;PING;OK;HARD;1;PING OK - Packet loss = 0%, RTA = 6.68 ms
[1389330000] CURRENT SERVICE STATE: wdchd009;PING;CRITICAL;HARD;3;PING CRITICAL - Packet loss = 100%
[1389330000] CURRENT SERVICE STATE: wdchd010;PING;CRITICAL;HARD;3;PING CRITICAL - Packet loss = 100%
[1389330000] CURRENT SERVICE STATE: wdchd011;PING;CRITICAL;HARD;3;PING CRITICAL - Packet loss = 100%
[1389330000] CURRENT SERVICE STATE: wdchd012;PING;CRITICAL;HARD;3;PING CRITICAL - Packet loss = 100%
[1389330000] CURRENT SERVICE STATE: wdchd013;PING;CRITICAL;HARD;3;PING CRITICAL - Packet loss = 100%
[1389330000] CURRENT SERVICE STATE: wdchd014;PING;CRITICAL;HARD;3;PING CRITICAL - Packet loss = 100%
[1389330000] CURRENT SERVICE STATE: wdchd015;PING;CRITICAL;HARD;3;PING CRITICAL - Packet loss = 100%
[1389330000] CURRENT SERVICE STATE: wdchd016;PING;OK;HARD;1;PING OK - Packet loss = 0%, RTA = 6.52 ms
[1389330000] CURRENT SERVICE STATE: wdchd017;PING;CRITICAL;HARD;3;PING CRITICAL - Packet loss = 100%
[1389330000] CURRENT SERVICE STATE: wdchd018;PING;CRITICAL;HARD;3;PING CRITICAL - Packet loss = 100%
[1389330000] CURRENT SERVICE STATE: wdchd019;PING;CRITICAL;HARD;3;PING CRITICAL - Packet loss = 100%
[1389330000] CURRENT SERVICE STATE: wdchd020;PING;CRITICAL;HARD;3;PING CRITICAL - Packet loss = 100%
[1389330000] CURRENT SERVICE STATE: wdchd021;PING;CRITICAL;HARD;3;PING CRITICAL - Packet loss = 100%
[1389330000] CURRENT SERVICE STATE: wdchd022;PING;CRITICAL;HARD;3;PING CRITICAL - Packet loss = 100%
[1389330000] CURRENT SERVICE STATE: wdchd023;PING;CRITICAL;HARD;3;PING CRITICAL - Packet loss = 100%
[1389330000] CURRENT SERVICE STATE: wdchd024;PING;OK;HARD;1;PING OK - Packet loss = 0%, RTA = 6.59 ms
[1389330000] CURRENT SERVICE STATE: wdchd025;PING;OK;HARD;1;PING OK - Packet loss = 0%, RTA = 6.80 ms
[1389330000] CURRENT SERVICE STATE: wdchd026;PING;CRITICAL;HARD;3;PING CRITICAL - Packet loss = 100%
[1389330000] CURRENT SERVICE STATE: wdchd027;PING;OK;HARD;1;PING OK - Packet loss = 0%, RTA = 6.62 ms
[1389330000] CURRENT SERVICE STATE: wdchd028;PING;CRITICAL;HARD;3;PING CRITICAL - Packet loss = 100%
[1389330000] CURRENT SERVICE STATE: wdchd029;PING;OK;HARD;1;PING OK - Packet loss = 0%, RTA = 6.58 ms
[1389330000] CURRENT SERVICE STATE: wdchd030;PING;OK;HARD;1;PING OK - Packet loss = 0%, RTA = 6.64 ms
[1389330000] CURRENT SERVICE STATE: wdchd031;PING;OK;HARD;1;PING OK - Packet loss = 0%, RTA = 6.68 ms
[1389330000] CURRENT SERVICE STATE: wdcmd001;PING;OK;HARD;1;PING OK - Packet loss = 0%, RTA = 6.60 ms
[1389330000] CURRENT SERVICE STATE: wdcmd002;PING;OK;HARD;1;PING OK - Packet loss = 0%, RTA = 6.64 ms
[1389330000] CURRENT SERVICE STATE: wdcms001;PING;OK;HARD;1;PING OK - Packet loss = 0%, RTA = 5.40 ms
[1389330000] CURRENT SERVICE STATE: wdcms002;PING;OK;HARD;1;PING OK - Packet loss = 0%, RTA = 5.48 ms
[1389330000] CURRENT SERVICE STATE: wdcms003;PING;OK;HARD;1;PING OK - Packet loss = 0%, RTA = 5.41 ms
[1389330000] CURRENT SERVICE STATE: wdcod001;PING;OK;HARD;1;PING OK - Packet loss = 0%, RTA = 5.44 ms
[1389330000] CURRENT SERVICE STATE: wdcod002;PING;OK;HARD;1;PING OK - Packet loss = 0%, RTA = 5.66 ms
[1389330000] CURRENT SERVICE STATE: wdcod01;PING;OK;HARD;1;PING OK - Packet loss = 0%, RTA = 5.24 ms
[1389330000] CURRENT SERVICE STATE: wdcod02;PING;OK;HARD;1;PING OK - Packet loss = 0%, RTA = 5.32 ms
[1389330000] CURRENT SERVICE STATE: wdcpf001;PING;OK;HARD;1;PING OK - Packet loss = 0%, RTA = 5.49 ms
[1389330000] CURRENT SERVICE STATE: wdcpf002;PING;OK;HARD;1;PING OK - Packet loss = 0%, RTA = 5.46 ms
[1389330000] CURRENT SERVICE STATE: wdcpf03;PING;OK;HARD;1;PING OK - Packet loss = 0%, RTA = 5.14 ms
[1389330000] CURRENT SERVICE STATE: wdcps001;PING;OK;HARD;1;PING OK - Packet loss = 0%, RTA = 5.36 ms
[1389330000] CURRENT SERVICE STATE: wdcps002;PING;OK;HARD;1;PING OK - Packet loss = 0%, RTA = 5.30 ms
[1389330000] CURRENT SERVICE STATE: wdcps003;PING;OK;HARD;1;PING OK - Packet loss = 0%, RTA = 5.29 ms
[1389330000] CURRENT SERVICE STATE: wdcps004;PING;OK;HARD;1;PING OK - Packet loss = 0%, RTA = 5.38 ms
[1389333442] Auto-save of retention data completed successfully.
[1389337042] Auto-save of retention data completed successfully.
[1389340642] Auto-save of retention data completed successfully.
[1389344242] Auto-save of retention data completed successfully.
[1389347842] Auto-save of retention data completed successfully.
[1389351442] Auto-save of retention data completed successfully.
[1389355042] Auto-save of retention data completed successfully.
[1389358642] Auto-save of retention data completed successfully.
[1389360042] SERVICE ALERT: nycnn-adbeame8;AME Job status;CRITICAL;SOFT;1;Job  failed with error AME reports the source as being invalid.  Please check that the source media/project is valid and/or network accessible.
[1389360102] SERVICE ALERT: nycnn-adbeame8;AME Job status;CRITICAL;HARD;2;Job  failed with error AME reports the source as being invalid.  Please check that the source media/project is valid and/or network accessible.
[1389360102] SERVICE NOTIFICATION: feedsadmin;nycnn-adbeame8;AME Job status;CRITICAL;notify-service-by-email;Job  failed with error AME reports the source as being invalid.  Please check that the source media/project is valid and/or network accessible.
[1389360102] SERVICE NOTIFICATION: unixadmin;nycnn-adbeame8;AME Job status;CRITICAL;notify-service-by-email;Job  failed with error AME reports the source as being invalid.  Please check that the source media/project is valid and/or network accessible.
[1389360102] SERVICE NOTIFICATION: winadmin;nycnn-adbeame8;AME Job status;CRITICAL;notify-service-by-email;Job  failed with error AME reports the source as being invalid.  Please check that the source media/project is valid and/or network accessible.
[1389360702] SERVICE ALERT: nycnn-adbeame8;AME Job status;OK;HARD;2;AME is idle:
[1389362242] Auto-save of retention data completed successfully.
[1389365842] Auto-save of retention data completed successfully.
[1389369442] Auto-save of retention data completed successfully.
[1389373042] Auto-save of retention data completed successfully.
[1389376642] Auto-save of retention data completed successfully.
[1389380012] SERVICE ALERT: nycnn-adbeame4;AME Job status;CRITICAL;SOFT;1;Job  failed with error AME reports that the encode failed.
[1389380072] SERVICE ALERT: nycnn-adbeame4;AME Job status;CRITICAL;HARD;2;Job  failed with error AME reports that the encode failed.
[1389380072] SERVICE NOTIFICATION: feedsadmin;nycnn-adbeame4;AME Job status;CRITICAL;notify-service-by-email;Job  failed with error AME reports that the encode failed.
[1389380072] SERVICE NOTIFICATION: unixadmin;nycnn-adbeame4;AME Job status;CRITICAL;notify-service-by-email;Job  failed with error AME reports that the encode failed.
[1389380072] SERVICE NOTIFICATION: winadmin;nycnn-adbeame4;AME Job status;CRITICAL;notify-service-by-email;Job  failed with error AME reports that the encode failed.
[1389380242] Auto-save of retention data completed successfully.
[1389380602] EXTERNAL COMMAND: SCHEDULE_HOST_DOWNTIME;nycnn-adbeame4;1389380585;1389387785;1;0;7200;Windows Admin;replace defective raid battery
[1389380602] HOST DOWNTIME ALERT: nycnn-adbeame4;STARTED; Host has entered a period of scheduled downtime
[1389381142] SERVICE ALERT: nycnn-adbeame4;PING;CRITICAL;SOFT;1;PING CRITICAL - Packet loss = 100%
[1389381182] HOST ALERT: nycnn-adbeame4;DOWN;SOFT;1;(Host Check Timed Out)
[1389381202] SERVICE ALERT: nycnn-adbeame4;PING;CRITICAL;HARD;2;PING CRITICAL - Packet loss = 100%
[1389381282] HOST ALERT: nycnn-adbeame4;DOWN;SOFT;2;(Host Check Timed Out)
[1389381372] HOST ALERT: nycnn-adbeame4;DOWN;SOFT;3;(Host Check Timed Out)
[1389381472] HOST ALERT: nycnn-adbeame4;DOWN;SOFT;4;(Host Check Timed Out)
[1389381562] HOST ALERT: nycnn-adbeame4;DOWN;SOFT;5;(Host Check Timed Out)
[1389381662] HOST ALERT: nycnn-adbeame4;DOWN;SOFT;6;(Host Check Timed Out)
[1389381752] HOST ALERT: nycnn-adbeame4;DOWN;SOFT;7;(Host Check Timed Out)
[1389381852] HOST ALERT: nycnn-adbeame4;DOWN;SOFT;8;(Host Check Timed Out)
[1389381942] HOST ALERT: nycnn-adbeame4;DOWN;SOFT;9;(Host Check Timed Out)
[1389382042] HOST ALERT: nycnn-adbeame4;DOWN;HARD;10;(Host Check Timed Out)
[1389383842] Auto-save of retention data completed successfully.
[1389384252] SERVICE ALERT: nycnn-adbeame6;AME Job status;CRITICAL;SOFT;1;Job  failed with error AME reports that the encode failed.
[1389384312] SERVICE ALERT: nycnn-adbeame6;AME Job status;CRITICAL;HARD;2;Job  failed with error AME reports that the encode failed.
[1389384312] SERVICE NOTIFICATION: feedsadmin;nycnn-adbeame6;AME Job status;CRITICAL;notify-service-by-email;Job  failed with error AME reports that the encode failed.
[1389384312] SERVICE NOTIFICATION: unixadmin;nycnn-adbeame6;AME Job status;CRITICAL;notify-service-by-email;Job  failed with error AME reports that the encode failed.
[1389384312] SERVICE NOTIFICATION: winadmin;nycnn-adbeame6;AME Job status;CRITICAL;notify-service-by-email;Job  failed with error AME reports that the encode failed.
[1389384658] EXTERNAL COMMAND: SCHEDULE_HOST_DOWNTIME;nycnn-adbeame4;1389384636;1389402636;1;0;18000;Windows Admin;systemboard failure
[1389384912] SERVICE ALERT: nycnn-adbeame6;AME Job status;OK;HARD;2;AME is idle:
[1389387442] Auto-save of retention data completed successfully.
[1389391042] Auto-save of retention data completed successfully.
[1389392512] SERVICE ALERT: nycnn-adbeame8;AME Job status;CRITICAL;SOFT;1;Job 09832260 remains in a queued state
[1389392562] SERVICE ALERT: nycnn-adbeame8;AME Job status;OK;SOFT;2;AME is idle:
[1389393604] EXTERNAL COMMAND: DISABLE_PASSIVE_HOST_CHECKS;nycnn-adbeame4
[1389393613] EXTERNAL COMMAND: STOP_OBSESSING_OVER_HOST;nycnn-adbeame4
[1389393620] EXTERNAL COMMAND: DISABLE_HOST_NOTIFICATIONS;nycnn-adbeame4
[1389393626] EXTERNAL COMMAND: DISABLE_HOST_SVC_NOTIFICATIONS;nycnn-adbeame4
[1389393632] EXTERNAL COMMAND: DISABLE_HOST_SVC_CHECKS;nycnn-adbeame4
[1389393635] EXTERNAL COMMAND: DISABLE_HOST_SVC_CHECKS;nycnn-adbeame4
[1389393641] EXTERNAL COMMAND: DISABLE_HOST_EVENT_HANDLER;nycnn-adbeame4
[1389393645] EXTERNAL COMMAND: DISABLE_HOST_FLAP_DETECTION;nycnn-adbeame4
[1389393652] EXTERNAL COMMAND: DISABLE_HOST_CHECK;nycnn-adbeame4
[1389394642] Auto-save of retention data completed successfully.
[1389398242] Auto-save of retention data completed successfully.
[1389401842] Auto-save of retention data completed successfully.
[1389402636] HOST DOWNTIME ALERT: nycnn-adbeame4;STOPPED; Host has exited from a period of scheduled downtime
[1389405442] Auto-save of retention data completed successfully.
[1389409042] Auto-save of retention data completed successfully.
[1389412642] Auto-save of retention data completed successfully.
[1389416242] Auto-save of retention data completed successfully.
