[1336449600] LOG ROTATION: DAILY
[1336449600] LOG VERSION: 2.0
[1336449600] CURRENT HOST STATE: localhost;UP;HARD;1;PING OK - Packet loss = 0%, RTA = 0.04 ms
[1336449600] CURRENT HOST STATE: msny;UP;HARD;1;PING OK - Packet loss = 0%, RTA = 0.28 ms
[1336449600] CURRENT HOST STATE: nyarxlator1;UP;HARD;1;PING OK - Packet loss = 0%, RTA = 0.23 ms
[1336449600] CURRENT HOST STATE: nyarxlator2;UP;HARD;1;PING OK - Packet loss = 0%, RTA = 0.28 ms
[1336449600] CURRENT HOST STATE: nyarxlator3;UP;HARD;1;PING OK - Packet loss = 0%, RTA = 0.24 ms
[1336449600] CURRENT HOST STATE: nyarxlator4;UP;HARD;1;PING OK - Packet loss = 0%, RTA = 0.21 ms
[1336449600] CURRENT HOST STATE: nycnn-adbeame1;UP;HARD;1;PING OK - Packet loss = 0%, RTA = 0.28 ms
[1336449600] CURRENT HOST STATE: nycnn-adbeame10;UP;HARD;1;PING OK - Packet loss = 0%, RTA = 0.31 ms
[1336449600] CURRENT HOST STATE: nycnn-adbeame2;UP;HARD;1;PING OK - Packet loss = 0%, RTA = 0.30 ms
[1336449600] CURRENT HOST STATE: nycnn-adbeame3;UP;HARD;1;PING OK - Packet loss = 0%, RTA = 0.30 ms
[1336449600] CURRENT HOST STATE: nycnn-adbeame4;UP;HARD;1;PING OK - Packet loss = 0%, RTA = 0.32 ms
[1336449600] CURRENT HOST STATE: nycnn-adbeame5;UP;HARD;1;PING OK - Packet loss = 0%, RTA = 0.28 ms
[1336449600] CURRENT HOST STATE: nycnn-adbeame6;UP;HARD;1;PING OK - Packet loss = 0%, RTA = 0.28 ms
[1336449600] CURRENT HOST STATE: nycnn-adbeame7;UP;HARD;1;PING OK - Packet loss = 0%, RTA = 0.26 ms
[1336449600] CURRENT HOST STATE: nycnn-adbeame8;UP;HARD;1;PING OK - Packet loss = 0%, RTA = 0.29 ms
[1336449600] CURRENT HOST STATE: nycnn-adbeame9;UP;HARD;1;PING OK - Packet loss = 0%, RTA = 0.30 ms
[1336449600] CURRENT HOST STATE: nycnn-adbectrl1;UP;HARD;1;PING OK - Packet loss = 0%, RTA = 0.32 ms
[1336449600] CURRENT HOST STATE: nycnn-adbectrl2;UP;HARD;1;PING OK - Packet loss = 0%, RTA = 0.31 ms
[1336449600] CURRENT HOST STATE: nycnn-arapp1;UP;HARD;1;PING OK - Packet loss = 0%, RTA = 0.30 ms
[1336449600] CURRENT HOST STATE: nycnn-arapp2;UP;HARD;1;PING OK - Packet loss = 0%, RTA = 0.29 ms
[1336449600] CURRENT HOST STATE: nycnn-ardb1;UP;HARD;1;PING OK - Packet loss = 0%, RTA = 0.24 ms
[1336449600] CURRENT HOST STATE: nycnn-ardb2;UP;HARD;1;PING OK - Packet loss = 0%, RTA = 0.30 ms
[1336449600] CURRENT HOST STATE: nycnn-arvtrmops;UP;HARD;1;PING OK - Packet loss = 0%, RTA = 0.29 ms
[1336449600] CURRENT HOST STATE: nycnn-arvtrtape;UP;HARD;1;PING OK - Packet loss = 0%, RTA = 0.33 ms
[1336449600] CURRENT HOST STATE: nycnn-arxlator1;UP;HARD;1;PING OK - Packet loss = 0%, RTA = 0.27 ms
[1336449600] CURRENT HOST STATE: nycnn-arxlator2;UP;HARD;1;PING OK - Packet loss = 0%, RTA = 0.31 ms
[1336449600] CURRENT HOST STATE: nycnn-arxlator3;UP;HARD;1;PING OK - Packet loss = 0%, RTA = 0.28 ms
[1336449600] CURRENT HOST STATE: nycnn-arxlator4;UP;HARD;1;PING OK - Packet loss = 0%, RTA = 0.16 ms
[1336449600] CURRENT HOST STATE: nycnn-ipvapilic;UP;HARD;1;PING OK - Packet loss = 0%, RTA = 0.22 ms
[1336449600] CURRENT HOST STATE: nycnn-ipvproxy1;UP;HARD;1;PING OK - Packet loss = 0%, RTA = 0.29 ms
[1336449600] CURRENT HOST STATE: nycnn-ipvproxy2;UP;HARD;1;PING OK - Packet loss = 0%, RTA = 0.26 ms
[1336449600] CURRENT HOST STATE: nycnn-ipvsphn1;UP;HARD;1;PING OK - Packet loss = 0%, RTA = 0.15 ms
[1336449600] CURRENT HOST STATE: nycnn-ipvsphn2;UP;HARD;1;PING OK - Packet loss = 0%, RTA = 0.17 ms
[1336449600] CURRENT HOST STATE: nycnn-ipvsphn3;UP;HARD;1;PING OK - Packet loss = 0%, RTA = 0.17 ms
[1336449600] CURRENT HOST STATE: nycnn-ipvsphn4;UP;HARD;1;PING OK - Packet loss = 0%, RTA = 0.20 ms
[1336449600] CURRENT HOST STATE: nycnn-ipvsphn5;UP;HARD;1;PING OK - Packet loss = 0%, RTA = 0.20 ms
[1336449600] CURRENT HOST STATE: nycnn-ipvstrm1;UP;HARD;1;PING OK - Packet loss = 0%, RTA = 0.23 ms
[1336449600] CURRENT HOST STATE: nycnn-ipvstrm2;UP;HARD;1;PING OK - Packet loss = 0%, RTA = 0.21 ms
[1336449600] CURRENT HOST STATE: nycnn-ipvstrm3;UP;HARD;1;PING OK - Packet loss = 0%, RTA = 0.25 ms
[1336449600] CURRENT HOST STATE: nycnn-ipvstrm4;UP;HARD;1;PING OK - Packet loss = 0%, RTA = 0.29 ms
[1336449600] CURRENT HOST STATE: nycnn-ipvx1;UP;HARD;1;PING OK - Packet loss = 0%, RTA = 0.21 ms
[1336449600] CURRENT HOST STATE: nycnn-ipvx10;UP;HARD;1;PING OK - Packet loss = 0%, RTA = 0.21 ms
[1336449600] CURRENT HOST STATE: nycnn-ipvx10e1;UP;HARD;1;PING OK - Packet loss = 0%, RTA = 0.22 ms
[1336449600] CURRENT HOST STATE: nycnn-ipvx11;UP;HARD;1;PING OK - Packet loss = 0%, RTA = 0.19 ms
[1336449600] CURRENT HOST STATE: nycnn-ipvx11e1;UP;HARD;1;PING OK - Packet loss = 0%, RTA = 0.17 ms
[1336449600] CURRENT HOST STATE: nycnn-ipvx12;UP;HARD;1;PING OK - Packet loss = 0%, RTA = 0.23 ms
[1336449600] CURRENT HOST STATE: nycnn-ipvx12e1;UP;HARD;1;PING OK - Packet loss = 0%, RTA = 0.21 ms
[1336449600] CURRENT HOST STATE: nycnn-ipvx13;UP;HARD;1;PING OK - Packet loss = 0%, RTA = 0.16 ms
[1336449600] CURRENT HOST STATE: nycnn-ipvx13e1;UP;HARD;1;PING OK - Packet loss = 0%, RTA = 0.21 ms
[1336449600] CURRENT HOST STATE: nycnn-ipvx14;UP;HARD;1;PING OK - Packet loss = 0%, RTA = 0.25 ms
[1336449600] CURRENT HOST STATE: nycnn-ipvx14e1;UP;HARD;1;PING OK - Packet loss = 0%, RTA = 0.26 ms
[1336449600] CURRENT HOST STATE: nycnn-ipvx15;UP;HARD;1;PING OK - Packet loss = 0%, RTA = 0.20 ms
[1336449600] CURRENT HOST STATE: nycnn-ipvx15e1;UP;HARD;1;PING OK - Packet loss = 0%, RTA = 0.24 ms
[1336449600] CURRENT HOST STATE: nycnn-ipvx16;UP;HARD;1;PING OK - Packet loss = 0%, RTA = 0.17 ms
[1336449600] CURRENT HOST STATE: nycnn-ipvx16e1;UP;HARD;1;PING OK - Packet loss = 0%, RTA = 0.20 ms
[1336449600] CURRENT HOST STATE: nycnn-ipvx17;UP;HARD;1;PING OK - Packet loss = 0%, RTA = 0.18 ms
[1336449600] CURRENT HOST STATE: nycnn-ipvx17e1;UP;HARD;1;PING OK - Packet loss = 0%, RTA = 0.24 ms
[1336449600] CURRENT HOST STATE: nycnn-ipvx18;UP;HARD;1;PING OK - Packet loss = 0%, RTA = 0.22 ms
[1336449600] CURRENT HOST STATE: nycnn-ipvx18e1;UP;HARD;1;PING OK - Packet loss = 0%, RTA = 0.20 ms
[1336449600] CURRENT HOST STATE: nycnn-ipvx19;UP;HARD;1;PING OK - Packet loss = 0%, RTA = 0.20 ms
[1336449600] CURRENT HOST STATE: nycnn-ipvx19e1;UP;HARD;1;PING OK - Packet loss = 0%, RTA = 0.21 ms
[1336449600] CURRENT HOST STATE: nycnn-ipvx1e1;UP;HARD;1;PING OK - Packet loss = 0%, RTA = 0.19 ms
[1336449600] CURRENT HOST STATE: nycnn-ipvx2;UP;HARD;1;PING OK - Packet loss = 0%, RTA = 0.19 ms
[1336449600] CURRENT HOST STATE: nycnn-ipvx20;UP;HARD;1;PING OK - Packet loss = 0%, RTA = 0.21 ms
[1336449600] CURRENT HOST STATE: nycnn-ipvx20e1;UP;HARD;1;PING OK - Packet loss = 0%, RTA = 0.18 ms
[1336449600] CURRENT HOST STATE: nycnn-ipvx21;UP;HARD;1;PING OK - Packet loss = 0%, RTA = 0.19 ms
[1336449600] CURRENT HOST STATE: nycnn-ipvx21e1;UP;HARD;1;PING OK - Packet loss = 0%, RTA = 0.21 ms
[1336449600] CURRENT HOST STATE: nycnn-ipvx22;UP;HARD;1;PING OK - Packet loss = 0%, RTA = 0.19 ms
[1336449600] CURRENT HOST STATE: nycnn-ipvx22e1;UP;HARD;1;PING OK - Packet loss = 0%, RTA = 0.20 ms
[1336449600] CURRENT HOST STATE: nycnn-ipvx23;UP;HARD;1;PING OK - Packet loss = 0%, RTA = 0.19 ms
[1336449600] CURRENT HOST STATE: nycnn-ipvx23e1;UP;HARD;1;PING OK - Packet loss = 0%, RTA = 0.21 ms
[1336449600] CURRENT HOST STATE: nycnn-ipvx24;UP;HARD;1;PING OK - Packet loss = 0%, RTA = 0.20 ms
[1336449600] CURRENT HOST STATE: nycnn-ipvx24e1;UP;HARD;1;PING OK - Packet loss = 0%, RTA = 0.17 ms
[1336449600] CURRENT HOST STATE: nycnn-ipvx25;UP;HARD;1;PING OK - Packet loss = 0%, RTA = 0.19 ms
[1336449600] CURRENT HOST STATE: nycnn-ipvx25e1;UP;HARD;1;PING OK - Packet loss = 0%, RTA = 0.20 ms
[1336449600] CURRENT HOST STATE: nycnn-ipvx26;UP;HARD;1;PING OK - Packet loss = 0%, RTA = 0.20 ms
[1336449600] CURRENT HOST STATE: nycnn-ipvx26e1;UP;HARD;1;PING OK - Packet loss = 0%, RTA = 0.22 ms
[1336449600] CURRENT HOST STATE: nycnn-ipvx27;UP;HARD;1;PING OK - Packet loss = 0%, RTA = 0.29 ms
[1336449600] CURRENT HOST STATE: nycnn-ipvx27e1;UP;HARD;1;PING OK - Packet loss = 0%, RTA = 0.18 ms
[1336449600] CURRENT HOST STATE: nycnn-ipvx28;UP;HARD;1;PING OK - Packet loss = 0%, RTA = 0.19 ms
[1336449600] CURRENT HOST STATE: nycnn-ipvx28e1;UP;HARD;1;PING OK - Packet loss = 0%, RTA = 0.17 ms
[1336449600] CURRENT HOST STATE: nycnn-ipvx29;UP;HARD;1;PING OK - Packet loss = 0%, RTA = 0.18 ms
[1336449600] CURRENT HOST STATE: nycnn-ipvx29e1;UP;HARD;1;PING OK - Packet loss = 0%, RTA = 0.22 ms
[1336449600] CURRENT HOST STATE: nycnn-ipvx2e1;UP;HARD;1;PING OK - Packet loss = 0%, RTA = 0.20 ms
[1336449600] CURRENT HOST STATE: nycnn-ipvx3;UP;HARD;1;PING OK - Packet loss = 0%, RTA = 0.22 ms
[1336449600] CURRENT HOST STATE: nycnn-ipvx30;UP;HARD;1;PING OK - Packet loss = 0%, RTA = 0.20 ms
[1336449600] CURRENT HOST STATE: nycnn-ipvx30e1;UP;HARD;1;PING OK - Packet loss = 0%, RTA = 0.24 ms
[1336449600] CURRENT HOST STATE: nycnn-ipvx31;UP;HARD;1;PING OK - Packet loss = 0%, RTA = 0.29 ms
[1336449600] CURRENT HOST STATE: nycnn-ipvx31e1;UP;HARD;1;PING OK - Packet loss = 0%, RTA = 0.24 ms
[1336449600] CURRENT HOST STATE: nycnn-ipvx32;UP;HARD;1;PING OK - Packet loss = 0%, RTA = 0.25 ms
[1336449600] CURRENT HOST STATE: nycnn-ipvx32e1;UP;HARD;1;PING OK - Packet loss = 0%, RTA = 0.27 ms
[1336449600] CURRENT HOST STATE: nycnn-ipvx33;UP;HARD;1;PING OK - Packet loss = 0%, RTA = 0.24 ms
[1336449600] CURRENT HOST STATE: nycnn-ipvx33e1;UP;HARD;1;PING OK - Packet loss = 0%, RTA = 0.22 ms
[1336449600] CURRENT HOST STATE: nycnn-ipvx34;UP;HARD;1;PING OK - Packet loss = 0%, RTA = 0.23 ms
[1336449600] CURRENT HOST STATE: nycnn-ipvx34e1;UP;HARD;1;PING OK - Packet loss = 0%, RTA = 0.21 ms
[1336449600] CURRENT HOST STATE: nycnn-ipvx35;UP;HARD;1;PING OK - Packet loss = 0%, RTA = 0.20 ms
[1336449600] CURRENT HOST STATE: nycnn-ipvx35e1;UP;HARD;1;PING OK - Packet loss = 0%, RTA = 0.23 ms
[1336449600] CURRENT HOST STATE: nycnn-ipvx3e1;UP;HARD;1;PING OK - Packet loss = 0%, RTA = 0.19 ms
[1336449600] CURRENT HOST STATE: nycnn-ipvx4;UP;HARD;1;PING OK - Packet loss = 0%, RTA = 0.20 ms
[1336449600] CURRENT HOST STATE: nycnn-ipvx4e1;UP;HARD;1;PING OK - Packet loss = 0%, RTA = 0.19 ms
[1336449600] CURRENT HOST STATE: nycnn-ipvx5;UP;HARD;1;PING OK - Packet loss = 0%, RTA = 0.22 ms
[1336449600] CURRENT HOST STATE: nycnn-ipvx5e1;UP;HARD;1;PING OK - Packet loss = 0%, RTA = 0.23 ms
[1336449600] CURRENT HOST STATE: nycnn-ipvx6;UP;HARD;1;PING OK - Packet loss = 0%, RTA = 0.21 ms
[1336449600] CURRENT HOST STATE: nycnn-ipvx6e1;UP;HARD;1;PING OK - Packet loss = 0%, RTA = 0.22 ms
[1336449600] CURRENT HOST STATE: nycnn-ipvx7;UP;HARD;1;PING OK - Packet loss = 0%, RTA = 0.24 ms
[1336449600] CURRENT HOST STATE: nycnn-ipvx7e1;UP;HARD;1;PING OK - Packet loss = 0%, RTA = 0.24 ms
[1336449600] CURRENT HOST STATE: nycnn-ipvx8;UP;HARD;1;PING OK - Packet loss = 0%, RTA = 0.21 ms
[1336449600] CURRENT HOST STATE: nycnn-ipvx8e1;UP;HARD;1;PING OK - Packet loss = 0%, RTA = 0.26 ms
[1336449600] CURRENT HOST STATE: nycnn-ipvx9;UP;HARD;1;PING OK - Packet loss = 0%, RTA = 0.24 ms
[1336449600] CURRENT HOST STATE: nycnn-ipvx9e1;UP;HARD;1;PING OK - Packet loss = 0%, RTA = 0.22 ms
[1336449600] CURRENT HOST STATE: nycnn-kickstart;UP;HARD;1;PING OK - Packet loss = 0%, RTA = 0.27 ms
[1336449600] CURRENT HOST STATE: nycnn-mamdb1;UP;HARD;1;PING OK - Packet loss = 0%, RTA = 0.24 ms
[1336449600] CURRENT HOST STATE: nycnn-mamdb2;UP;HARD;1;PING OK - Packet loss = 0%, RTA = 0.26 ms
[1336449600] CURRENT HOST STATE: nycnn-mamfog;UP;HARD;1;PING OK - Packet loss = 0%, RTA = 0.17 ms
[1336449600] CURRENT HOST STATE: nycnn-mamkey1;UP;HARD;1;PING OK - Packet loss = 0%, RTA = 0.28 ms
[1336449600] CURRENT HOST STATE: nycnn-mamkey2;UP;HARD;1;PING OK - Packet loss = 0%, RTA = 0.26 ms
[1336449600] CURRENT HOST STATE: nycnn-mammq1;UP;HARD;1;PING OK - Packet loss = 0%, RTA = 0.26 ms
[1336449600] CURRENT HOST STATE: nycnn-mammq2;UP;HARD;1;PING OK - Packet loss = 0%, RTA = 0.23 ms
[1336449600] CURRENT HOST STATE: nycnn-ms2app1;UP;HARD;1;PING OK - Packet loss = 0%, RTA = 0.43 ms
[1336449600] CURRENT HOST STATE: nycnn-ms2app2;UP;HARD;1;PING OK - Packet loss = 0%, RTA = 0.45 ms
[1336449600] CURRENT HOST STATE: nycnn-ms2app3;UP;HARD;1;PING OK - Packet loss = 0%, RTA = 0.24 ms
[1336449600] CURRENT HOST STATE: nycnn-ms2app4;UP;HARD;1;PING OK - Packet loss = 0%, RTA = 0.21 ms
[1336449600] CURRENT HOST STATE: nycnn-ms2db1;UP;HARD;1;PING OK - Packet loss = 0%, RTA = 0.25 ms
[1336449600] CURRENT HOST STATE: nycnn-ms2db2;UP;HARD;1;PING OK - Packet loss = 0%, RTA = 0.24 ms
[1336449600] CURRENT HOST STATE: nycnn-ms2db3;UP;HARD;1;PING OK - Packet loss = 0%, RTA = 0.27 ms
[1336449600] CURRENT HOST STATE: nycnn-pushpull1;UP;HARD;1;PING OK - Packet loss = 0%, RTA = 0.24 ms
[1336449600] CURRENT HOST STATE: nycnn-splunk;UP;HARD;1;PING OK - Packet loss = 0%, RTA = 0.29 ms
[1336449600] CURRENT HOST STATE: nyhdscheduler;UP;HARD;1;PING OK - Packet loss = 0%, RTA = 0.27 ms
[1336449600] CURRENT HOST STATE: nymamkey;UP;HARD;1;PING OK - Packet loss = 0%, RTA = 0.26 ms
[1336449600] CURRENT HOST STATE: nymq;UP;HARD;1;PING OK - Packet loss = 0%, RTA = 0.26 ms
[1336449600] CURRENT HOST STATE: nyproxygenhd;UP;HARD;1;PING OK - Packet loss = 0%, RTA = 0.27 ms
[1336449600] CURRENT HOST STATE: omnclda01-ny;UP;HARD;1;PING OK - Packet loss = 0%, RTA = 0.28 ms
[1336449600] CURRENT HOST STATE: omnclda01e1-ny;UP;HARD;1;PING OK - Packet loss = 0%, RTA = 0.17 ms
[1336449600] CURRENT HOST STATE: omnclda02-ny;UP;HARD;1;PING OK - Packet loss = 0%, RTA = 0.26 ms
[1336449600] CURRENT HOST STATE: omnclda02e1-ny;UP;HARD;1;PING OK - Packet loss = 0%, RTA = 0.22 ms
[1336449600] CURRENT HOST STATE: omnclda03-ny;UP;HARD;1;PING OK - Packet loss = 0%, RTA = 0.25 ms
[1336449600] CURRENT HOST STATE: omnclda03e1-ny;UP;HARD;1;PING OK - Packet loss = 0%, RTA = 0.24 ms
[1336449600] CURRENT HOST STATE: omnhbcba01-ny;UP;HARD;1;PING OK - Packet loss = 0%, RTA = 0.26 ms
[1336449600] CURRENT HOST STATE: omnhbcba02-ny;UP;HARD;1;PING OK - Packet loss = 0%, RTA = 0.27 ms
[1336449600] CURRENT HOST STATE: omnhbcba03-ny;UP;HARD;1;PING OK - Packet loss = 0%, RTA = 0.23 ms
[1336449600] CURRENT HOST STATE: omnhbcba04-ny;UP;HARD;1;PING OK - Packet loss = 0%, RTA = 0.16 ms
[1336449600] CURRENT HOST STATE: omnhbcba05-ny;UP;HARD;1;PING OK - Packet loss = 0%, RTA = 0.25 ms
[1336449600] CURRENT HOST STATE: omnhbcba06-ny;UP;HARD;1;PING OK - Packet loss = 0%, RTA = 0.23 ms
[1336449600] CURRENT HOST STATE: omnhbcba07-ny;UP;HARD;1;PING OK - Packet loss = 0%, RTA = 0.27 ms
[1336449600] CURRENT HOST STATE: omnhbcba08-ny;UP;HARD;1;PING OK - Packet loss = 0%, RTA = 0.28 ms
[1336449600] CURRENT HOST STATE: omnhbcba09-ny;UP;HARD;1;PING OK - Packet loss = 0%, RTA = 0.23 ms
[1336449600] CURRENT HOST STATE: omnhbcba10-ny;UP;HARD;1;PING OK - Packet loss = 0%, RTA = 0.24 ms
[1336449600] CURRENT HOST STATE: omnhbcba11-ny;UP;HARD;1;PING OK - Packet loss = 0%, RTA = 0.21 ms
[1336449600] CURRENT HOST STATE: omnhbcba12-ny;UP;HARD;1;PING OK - Packet loss = 0%, RTA = 0.23 ms
[1336449600] CURRENT HOST STATE: omnldap1-ny;UP;HARD;1;PING OK - Packet loss = 0%, RTA = 0.28 ms
[1336449600] CURRENT HOST STATE: omnldap2-ny;UP;HARD;1;PING OK - Packet loss = 0%, RTA = 0.28 ms
[1336449600] CURRENT HOST STATE: omnmas1app-ny;UP;HARD;1;PING OK - Packet loss = 0%, RTA = 0.28 ms
[1336449600] CURRENT HOST STATE: omnmas1app1-ny;UP;HARD;1;PING OK - Packet loss = 0%, RTA = 0.16 ms
[1336449600] CURRENT HOST STATE: omnmas1app2-ny;UP;HARD;1;PING OK - Packet loss = 0%, RTA = 0.25 ms
[1336449600] CURRENT HOST STATE: omnmas1db-ny;UP;HARD;1;PING OK - Packet loss = 0%, RTA = 0.32 ms
[1336449600] CURRENT HOST STATE: omnmas1db1-ny;UP;HARD;1;PING OK - Packet loss = 0%, RTA = 0.22 ms
[1336449600] CURRENT HOST STATE: omnmas1db2-ny;UP;HARD;1;PING OK - Packet loss = 0%, RTA = 0.33 ms
[1336449600] CURRENT HOST STATE: omnmas2app-ny;DOWN;HARD;1;(Host Check Timed Out)
[1336449600] CURRENT HOST STATE: omnmas2app1-ny;UP;HARD;1;PING OK - Packet loss = 0%, RTA = 0.30 ms
[1336449600] CURRENT HOST STATE: omnmas2app2-ny;UP;HARD;1;PING OK - Packet loss = 0%, RTA = 0.28 ms
[1336449600] CURRENT HOST STATE: omnmas2db-ny;UP;HARD;1;PING OK - Packet loss = 0%, RTA = 0.32 ms
[1336449600] CURRENT HOST STATE: omnmas2db1-ny;UP;HARD;1;PING OK - Packet loss = 0%, RTA = 0.28 ms
[1336449600] CURRENT HOST STATE: omnmas2db2-ny;UP;HARD;1;PING OK - Packet loss = 0%, RTA = 0.27 ms
[1336449600] CURRENT HOST STATE: omnmdir01-ny;UP;HARD;1;PING OK - Packet loss = 0%, RTA = 0.17 ms
[1336449600] CURRENT HOST STATE: omnmdir01e1-ny;UP;HARD;1;PING OK - Packet loss = 0%, RTA = 0.17 ms
[1336449600] CURRENT HOST STATE: omnmdir02-ny;UP;HARD;1;PING OK - Packet loss = 0%, RTA = 0.17 ms
[1336449600] CURRENT HOST STATE: omnmdir02e1-ny;UP;HARD;1;PING OK - Packet loss = 0%, RTA = 0.18 ms
[1336449600] CURRENT HOST STATE: omnmdir03-ny;UP;HARD;1;PING OK - Packet loss = 0%, RTA = 0.18 ms
[1336449600] CURRENT HOST STATE: omnmdir03e1-ny;UP;HARD;1;PING OK - Packet loss = 0%, RTA = 0.16 ms
[1336449600] CURRENT HOST STATE: omnmdir04-ny;UP;HARD;1;PING OK - Packet loss = 0%, RTA = 0.23 ms
[1336449600] CURRENT HOST STATE: omnmdir04e1-ny;UP;HARD;1;PING OK - Packet loss = 0%, RTA = 0.16 ms
[1336449600] CURRENT HOST STATE: omnmdk01-ny;UP;HARD;1;PING OK - Packet loss = 0%, RTA = 0.47 ms
[1336449600] CURRENT HOST STATE: omnmdk01h0-ny;UP;HARD;1;PING OK - Packet loss = 0%, RTA = 0.49 ms
[1336449600] CURRENT HOST STATE: omnmdk02-ny;UP;HARD;1;PING OK - Packet loss = 0%, RTA = 0.46 ms
[1336449600] CURRENT HOST STATE: omnmdk02h0-ny;UP;HARD;1;PING OK - Packet loss = 0%, RTA = 0.48 ms
[1336449600] CURRENT HOST STATE: omnmdk03-ny;UP;HARD;1;PING OK - Packet loss = 0%, RTA = 0.51 ms
[1336449600] CURRENT HOST STATE: omnmdk03h0-ny;UP;HARD;1;PING OK - Packet loss = 0%, RTA = 0.42 ms
[1336449600] CURRENT HOST STATE: omnmdk04-ny;UP;HARD;1;PING OK - Packet loss = 0%, RTA = 0.48 ms
[1336449600] CURRENT HOST STATE: omnmdk04h0-ny;UP;HARD;1;PING OK - Packet loss = 0%, RTA = 0.47 ms
[1336449600] CURRENT HOST STATE: omnmdk05-ny;UP;HARD;1;PING OK - Packet loss = 0%, RTA = 0.45 ms
[1336449600] CURRENT HOST STATE: omnmdk05h0-ny;UP;HARD;1;PING OK - Packet loss = 0%, RTA = 0.76 ms
[1336449600] CURRENT HOST STATE: omnmdk06-ny;UP;HARD;1;PING OK - Packet loss = 0%, RTA = 0.46 ms
[1336449600] CURRENT HOST STATE: omnmdk06h0-ny;UP;HARD;1;PING OK - Packet loss = 0%, RTA = 0.58 ms
[1336449600] CURRENT HOST STATE: omnmdk07-ny;UP;HARD;1;PING OK - Packet loss = 0%, RTA = 0.48 ms
[1336449600] CURRENT HOST STATE: omnmdk07h0-ny;UP;HARD;1;PING OK - Packet loss = 0%, RTA = 0.47 ms
[1336449600] CURRENT HOST STATE: omnmdk08-ny;UP;HARD;1;PING OK - Packet loss = 0%, RTA = 0.43 ms
[1336449600] CURRENT HOST STATE: omnmdk08h0-ny;UP;HARD;1;PING OK - Packet loss = 0%, RTA = 0.49 ms
[1336449600] CURRENT HOST STATE: omnmdk09-ny;UP;HARD;1;PING OK - Packet loss = 0%, RTA = 0.47 ms
[1336449600] CURRENT HOST STATE: omnmdk09h0-ny;UP;HARD;1;PING OK - Packet loss = 0%, RTA = 0.50 ms
[1336449600] CURRENT HOST STATE: omnmdk10-ny;UP;HARD;1;PING OK - Packet loss = 0%, RTA = 0.51 ms
[1336449600] CURRENT HOST STATE: omnmdk10h0-ny;UP;HARD;1;PING OK - Packet loss = 0%, RTA = 0.51 ms
[1336449600] CURRENT HOST STATE: omnmdk11-ny;UP;HARD;1;PING OK - Packet loss = 0%, RTA = 0.47 ms
[1336449600] CURRENT HOST STATE: omnmdk11h0-ny;UP;HARD;1;PING OK - Packet loss = 0%, RTA = 0.47 ms
[1336449600] CURRENT HOST STATE: omnmdk12-ny;UP;HARD;1;PING OK - Packet loss = 0%, RTA = 0.46 ms
[1336449600] CURRENT HOST STATE: omnmdk12h0-ny;UP;HARD;1;PING OK - Packet loss = 0%, RTA = 0.45 ms
[1336449600] CURRENT HOST STATE: omnmdk13-ny;UP;HARD;1;PING OK - Packet loss = 0%, RTA = 0.40 ms
[1336449600] CURRENT HOST STATE: omnmdk13h0-ny;UP;HARD;1;PING OK - Packet loss = 0%, RTA = 0.49 ms
[1336449600] CURRENT HOST STATE: omnmdk14-ny;UP;HARD;1;PING OK - Packet loss = 0%, RTA = 0.50 ms
[1336449600] CURRENT HOST STATE: omnmdk14h0-ny;UP;HARD;1;PING OK - Packet loss = 0%, RTA = 0.46 ms
[1336449600] CURRENT HOST STATE: omnmdk15-ny;UP;HARD;1;PING OK - Packet loss = 0%, RTA = 0.51 ms
[1336449600] CURRENT HOST STATE: omnmdk15h0-ny;UP;HARD;1;PING OK - Packet loss = 0%, RTA = 0.47 ms
[1336449600] CURRENT HOST STATE: omnmdk16-ny;UP;HARD;1;PING OK - Packet loss = 0%, RTA = 0.50 ms
[1336449600] CURRENT HOST STATE: omnmdk16h0-ny;UP;HARD;1;PING OK - Packet loss = 0%, RTA = 0.49 ms
[1336449600] CURRENT HOST STATE: omnmdk17-ny;UP;HARD;1;PING OK - Packet loss = 0%, RTA = 0.55 ms
[1336449600] CURRENT HOST STATE: omnmdk17h0-ny;UP;HARD;1;PING OK - Packet loss = 0%, RTA = 0.58 ms
[1336449600] CURRENT HOST STATE: omnmdk18-ny;UP;HARD;1;PING OK - Packet loss = 0%, RTA = 0.46 ms
[1336449600] CURRENT HOST STATE: omnmdk18h0-ny;UP;HARD;1;PING OK - Packet loss = 0%, RTA = 0.49 ms
[1336449600] CURRENT HOST STATE: omnmdk19-ny;UP;HARD;1;PING OK - Packet loss = 0%, RTA = 0.46 ms
[1336449600] CURRENT HOST STATE: omnmdk19h0-ny;UP;HARD;1;PING OK - Packet loss = 0%, RTA = 0.48 ms
[1336449600] CURRENT HOST STATE: omnmgsm-ny;UP;HARD;1;PING OK - Packet loss = 0%, RTA = 0.24 ms
[1336449600] CURRENT HOST STATE: omnprox01-ny;UP;HARD;1;PING OK - Packet loss = 0%, RTA = 0.20 ms
[1336449600] CURRENT HOST STATE: omnprox01e1-ny;UP;HARD;1;PING OK - Packet loss = 0%, RTA = 0.19 ms
[1336449600] CURRENT HOST STATE: omnprox02-ny;UP;HARD;1;PING OK - Packet loss = 0%, RTA = 0.22 ms
[1336449600] CURRENT HOST STATE: omnprox02e1-ny;UP;HARD;1;PING OK - Packet loss = 0%, RTA = 0.18 ms
[1336449600] CURRENT HOST STATE: omnprox03-ny;UP;HARD;1;PING OK - Packet loss = 0%, RTA = 0.18 ms
[1336449600] CURRENT HOST STATE: omnprox03e1-ny;UP;HARD;1;PING OK - Packet loss = 0%, RTA = 0.20 ms
[1336449600] CURRENT HOST STATE: omnprox04-ny;UP;HARD;1;PING OK - Packet loss = 0%, RTA = 0.19 ms
[1336449600] CURRENT HOST STATE: omnprox04e1-ny;UP;HARD;1;PING OK - Packet loss = 0%, RTA = 0.17 ms
[1336449600] CURRENT HOST STATE: omnprox05-ny;UP;HARD;1;PING OK - Packet loss = 0%, RTA = 0.20 ms
[1336449600] CURRENT HOST STATE: omnprox05e1-ny;UP;HARD;1;PING OK - Packet loss = 0%, RTA = 0.16 ms
[1336449600] CURRENT HOST STATE: omnspsm-ny;UP;HARD;1;PING OK - Packet loss = 0%, RTA = 0.22 ms
[1336449600] CURRENT HOST STATE: rt-nycc3750tgr-ilo;UP;HARD;1;PING OK - Packet loss = 0%, RTA = 0.73 ms
[1336449600] CURRENT HOST STATE: rt-nycc3750tgr-ms2;UP;HARD;1;PING OK - Packet loss = 0%, RTA = 3.91 ms
[1336449600] CURRENT HOST STATE: rt-nyccfcp-1;UP;HARD;1;PING OK - Packet loss = 0%, RTA = 0.64 ms
[1336449600] CURRENT HOST STATE: rt-nyccfcp-2;UP;HARD;1;PING OK - Packet loss = 0%, RTA = 3.87 ms
[1336449600] CURRENT HOST STATE: rt-nycchdagg-a;UP;HARD;1;PING OK - Packet loss = 0%, RTA = 1.94 ms
[1336449600] CURRENT HOST STATE: rt-nycchdagg-b;UP;HARD;1;PING OK - Packet loss = 0%, RTA = 0.75 ms
[1336449600] CURRENT HOST STATE: rt-nyccmediagrid;UP;HARD;1;PING OK - Packet loss = 0%, RTA = 0.54 ms
[1336449600] CURRENT HOST STATE: rt-nyccspectrum;UP;HARD;1;PING OK - Packet loss = 0%, RTA = 0.51 ms
[1336449600] CURRENT HOST STATE: wdchd001;DOWN;HARD;1;(Host Check Timed Out)
[1336449600] CURRENT HOST STATE: wdchd002;DOWN;HARD;1;(Host Check Timed Out)
[1336449600] CURRENT HOST STATE: wdchd003;DOWN;HARD;1;(Host Check Timed Out)
[1336449600] CURRENT HOST STATE: wdchd004;DOWN;HARD;1;(Host Check Timed Out)
[1336449600] CURRENT HOST STATE: wdchd005;DOWN;HARD;1;(Host Check Timed Out)
[1336449600] CURRENT HOST STATE: wdchd006;DOWN;HARD;1;(Host Check Timed Out)
[1336449600] CURRENT HOST STATE: wdchd007;DOWN;HARD;1;(Host Check Timed Out)
[1336449600] CURRENT HOST STATE: wdchd008;DOWN;HARD;1;(Host Check Timed Out)
[1336449600] CURRENT HOST STATE: wdchd009;DOWN;HARD;1;(Host Check Timed Out)
[1336449600] CURRENT HOST STATE: wdchd010;DOWN;HARD;1;(Host Check Timed Out)
[1336449600] CURRENT HOST STATE: wdchd011;DOWN;HARD;1;(Host Check Timed Out)
[1336449600] CURRENT HOST STATE: wdchd012;DOWN;HARD;1;(Host Check Timed Out)
[1336449600] CURRENT HOST STATE: wdchd013;DOWN;HARD;1;(Host Check Timed Out)
[1336449600] CURRENT HOST STATE: wdchd014;DOWN;HARD;1;(Host Check Timed Out)
[1336449600] CURRENT HOST STATE: wdchd015;DOWN;HARD;1;(Host Check Timed Out)
[1336449600] CURRENT HOST STATE: wdchd016;DOWN;HARD;1;(Host Check Timed Out)
[1336449600] CURRENT HOST STATE: wdchd017;DOWN;HARD;1;(Host Check Timed Out)
[1336449600] CURRENT HOST STATE: wdchd018;DOWN;HARD;1;(Host Check Timed Out)
[1336449600] CURRENT HOST STATE: wdchd019;DOWN;HARD;1;(Host Check Timed Out)
[1336449600] CURRENT HOST STATE: wdchd020;DOWN;HARD;1;(Host Check Timed Out)
[1336449600] CURRENT HOST STATE: wdchd021;DOWN;HARD;1;(Host Check Timed Out)
[1336449600] CURRENT HOST STATE: wdchd022;DOWN;HARD;1;(Host Check Timed Out)
[1336449600] CURRENT HOST STATE: wdchd023;DOWN;HARD;1;(Host Check Timed Out)
[1336449600] CURRENT HOST STATE: wdchd024;DOWN;HARD;1;(Host Check Timed Out)
[1336449600] CURRENT HOST STATE: wdchd025;DOWN;HARD;1;(Host Check Timed Out)
[1336449600] CURRENT HOST STATE: wdchd026;DOWN;HARD;1;(Host Check Timed Out)
[1336449600] CURRENT HOST STATE: wdchd027;DOWN;HARD;1;(Host Check Timed Out)
[1336449600] CURRENT HOST STATE: wdchd028;DOWN;HARD;1;(Host Check Timed Out)
[1336449600] CURRENT HOST STATE: wdchd029;DOWN;HARD;1;(Host Check Timed Out)
[1336449600] CURRENT HOST STATE: wdchd030;DOWN;HARD;1;(Host Check Timed Out)
[1336449600] CURRENT HOST STATE: wdchd031;DOWN;HARD;1;(Host Check Timed Out)
[1336449600] CURRENT HOST STATE: wdcmd001;UP;HARD;1;PING OK - Packet loss = 0%, RTA = 6.61 ms
[1336449600] CURRENT HOST STATE: wdcmd002;UP;HARD;1;PING OK - Packet loss = 0%, RTA = 6.64 ms
[1336449600] CURRENT HOST STATE: wdcms001;DOWN;HARD;1;(Host Check Timed Out)
[1336449600] CURRENT HOST STATE: wdcms002;DOWN;HARD;1;(Host Check Timed Out)
[1336449600] CURRENT HOST STATE: wdcms003;DOWN;HARD;1;(Host Check Timed Out)
[1336449600] CURRENT HOST STATE: wdcod001;DOWN;HARD;1;(Host Check Timed Out)
[1336449600] CURRENT HOST STATE: wdcod002;DOWN;HARD;1;(Host Check Timed Out)
[1336449600] CURRENT HOST STATE: wdcod01;UP;HARD;1;PING OK - Packet loss = 0%, RTA = 6.47 ms
[1336449600] CURRENT HOST STATE: wdcod02;UP;HARD;1;PING OK - Packet loss = 0%, RTA = 6.49 ms
[1336449600] CURRENT HOST STATE: wdcpf001;DOWN;HARD;1;(Host Check Timed Out)
[1336449600] CURRENT HOST STATE: wdcpf002;DOWN;HARD;1;(Host Check Timed Out)
[1336449600] CURRENT HOST STATE: wdcpf03;DOWN;HARD;1;(Host Check Timed Out)
[1336449600] CURRENT HOST STATE: wdcps001;DOWN;HARD;1;(Host Check Timed Out)
[1336449600] CURRENT HOST STATE: wdcps002;DOWN;HARD;1;(Host Check Timed Out)
[1336449600] CURRENT HOST STATE: wdcps003;DOWN;HARD;1;(Host Check Timed Out)
[1336449600] CURRENT HOST STATE: wdcps004;DOWN;HARD;1;(Host Check Timed Out)
[1336449600] CURRENT SERVICE STATE: localhost;Current Load;OK;HARD;1;OK - load average: 0.03, 0.04, 0.00
[1336449600] CURRENT SERVICE STATE: localhost;Current Users;OK;HARD;1;USERS OK - 3 users currently logged in
[1336449600] CURRENT SERVICE STATE: localhost;HTTP;WARNING;HARD;4;HTTP WARNING: HTTP/1.1 403 Forbidden - 5240 bytes in 0.001 second response time
[1336449600] CURRENT SERVICE STATE: localhost;PING;OK;HARD;1;PING OK - Packet loss = 0%, RTA = 0.04 ms
[1336449600] CURRENT SERVICE STATE: localhost;Root Partition;OK;HARD;1;DISK OK - free space: / 1557 MB (82% inode=98%):
[1336449600] CURRENT SERVICE STATE: localhost;SSH;OK;HARD;1;SSH OK - OpenSSH_4.3 (protocol 2.0)
[1336449600] CURRENT SERVICE STATE: localhost;Swap Usage;OK;HARD;1;SWAP OK - 100% free (2047 MB out of 2047 MB)
[1336449600] CURRENT SERVICE STATE: localhost;Total Processes;OK;HARD;1;PROCS OK: 161 processes with STATE = RSZDT
[1336449600] CURRENT SERVICE STATE: msny;HTTP;OK;HARD;1;HTTP OK: HTTP/1.1 200 OK - 5504 bytes in 0.002 second response time
[1336449600] CURRENT SERVICE STATE: msny;IMQ Depth Check - Internal GF Queues;OK;HARD;1;OK: all MS2_EVENT queues have depth 0 or less, all MS2_EVENT queues in RUNNING state
[1336449600] CURRENT SERVICE STATE: msny;PING;OK;HARD;1;PING OK - Packet loss = 0%, RTA = 0.26 ms
[1336449600] CURRENT SERVICE STATE: nyarxlator1;PING;OK;HARD;1;PING OK - Packet loss = 0%, RTA = 0.28 ms
[1336449600] CURRENT SERVICE STATE: nyarxlator2;PING;OK;HARD;1;PING OK - Packet loss = 0%, RTA = 0.31 ms
[1336449600] CURRENT SERVICE STATE: nyarxlator3;PING;OK;HARD;1;PING OK - Packet loss = 0%, RTA = 0.25 ms
[1336449600] CURRENT SERVICE STATE: nyarxlator4;PING;OK;HARD;1;PING OK - Packet loss = 0%, RTA = 0.29 ms
[1336449600] CURRENT SERVICE STATE: nycnn-adbeame1;PING;OK;HARD;1;PING OK - Packet loss = 0%, RTA = 0.33 ms
[1336449600] CURRENT SERVICE STATE: nycnn-adbeame10;PING;OK;HARD;1;PING OK - Packet loss = 0%, RTA = 0.34 ms
[1336449600] CURRENT SERVICE STATE: nycnn-adbeame2;PING;OK;HARD;1;PING OK - Packet loss = 0%, RTA = 0.34 ms
[1336449600] CURRENT SERVICE STATE: nycnn-adbeame3;PING;OK;HARD;1;PING OK - Packet loss = 0%, RTA = 0.35 ms
[1336449600] CURRENT SERVICE STATE: nycnn-adbeame4;PING;OK;HARD;1;PING OK - Packet loss = 0%, RTA = 0.31 ms
[1336449600] CURRENT SERVICE STATE: nycnn-adbeame5;PING;OK;HARD;1;PING OK - Packet loss = 0%, RTA = 0.31 ms
[1336449600] CURRENT SERVICE STATE: nycnn-adbeame6;PING;OK;HARD;1;PING OK - Packet loss = 0%, RTA = 0.34 ms
[1336449600] CURRENT SERVICE STATE: nycnn-adbeame7;PING;OK;HARD;1;PING OK - Packet loss = 0%, RTA = 0.33 ms
[1336449600] CURRENT SERVICE STATE: nycnn-adbeame8;PING;OK;HARD;1;PING OK - Packet loss = 0%, RTA = 0.28 ms
[1336449600] CURRENT SERVICE STATE: nycnn-adbeame9;PING;OK;HARD;1;PING OK - Packet loss = 0%, RTA = 0.29 ms
[1336449600] CURRENT SERVICE STATE: nycnn-adbectrl1;PING;OK;HARD;1;PING OK - Packet loss = 0%, RTA = 0.32 ms
[1336449600] CURRENT SERVICE STATE: nycnn-adbectrl2;PING;OK;HARD;1;PING OK - Packet loss = 0%, RTA = 0.26 ms
[1336449600] CURRENT SERVICE STATE: nycnn-arapp1;PING;OK;HARD;1;PING OK - Packet loss = 0%, RTA = 0.30 ms
[1336449600] CURRENT SERVICE STATE: nycnn-arapp1;SSH;OK;HARD;1;SSH OK - OpenSSH_4.3 (protocol 2.0)
[1336449600] CURRENT SERVICE STATE: nycnn-arvtrtape;PING;OK;HARD;1;PING OK - Packet loss = 0%, RTA = 0.32 ms
[1336449600] CURRENT SERVICE STATE: nycnn-arvtrtape;SSH;OK;HARD;1;SSH OK - OpenSSH_4.3 (protocol 2.0)
[1336449600] CURRENT SERVICE STATE: nycnn-arxlator1;PING;OK;HARD;1;PING OK - Packet loss = 0%, RTA = 0.24 ms
[1336449600] CURRENT SERVICE STATE: nycnn-arxlator1;SSH;OK;HARD;1;SSH OK - OpenSSH_4.3 (protocol 2.0)
[1336449600] CURRENT SERVICE STATE: nycnn-ipvapilic;PING;OK;HARD;1;PING OK - Packet loss = 0%, RTA = 0.19 ms
[1336449600] CURRENT SERVICE STATE: nycnn-ipvproxy1;PING;OK;HARD;1;PING OK - Packet loss = 0%, RTA = 0.29 ms
[1336449600] CURRENT SERVICE STATE: nycnn-ipvproxy2;PING;OK;HARD;1;PING OK - Packet loss = 0%, RTA = 0.28 ms
[1336449600] CURRENT SERVICE STATE: nycnn-ipvsphn1;PING;OK;HARD;1;PING OK - Packet loss = 0%, RTA = 0.25 ms
[1336449600] CURRENT SERVICE STATE: nycnn-ipvsphn2;PING;OK;HARD;1;PING OK - Packet loss = 0%, RTA = 0.23 ms
[1336449600] CURRENT SERVICE STATE: nycnn-ipvsphn3;PING;OK;HARD;1;PING OK - Packet loss = 0%, RTA = 0.19 ms
[1336449600] CURRENT SERVICE STATE: nycnn-ipvsphn4;PING;OK;HARD;1;PING OK - Packet loss = 0%, RTA = 0.19 ms
[1336449600] CURRENT SERVICE STATE: nycnn-ipvsphn5;PING;OK;HARD;1;PING OK - Packet loss = 0%, RTA = 0.24 ms
[1336449600] CURRENT SERVICE STATE: nycnn-ipvstrm1;PING;OK;HARD;1;PING OK - Packet loss = 0%, RTA = 0.22 ms
[1336449600] CURRENT SERVICE STATE: nycnn-ipvstrm2;PING;OK;HARD;1;PING OK - Packet loss = 0%, RTA = 0.26 ms
[1336449600] CURRENT SERVICE STATE: nycnn-ipvstrm3;PING;OK;HARD;1;PING OK - Packet loss = 0%, RTA = 0.25 ms
[1336449600] CURRENT SERVICE STATE: nycnn-ipvstrm4;PING;OK;HARD;1;PING OK - Packet loss = 0%, RTA = 0.31 ms
[1336449600] CURRENT SERVICE STATE: nycnn-ipvx1;PING;OK;HARD;1;PING OK - Packet loss = 0%, RTA = 0.23 ms
[1336449600] CURRENT SERVICE STATE: nycnn-ipvx10;PING;OK;HARD;1;PING OK - Packet loss = 0%, RTA = 0.21 ms
[1336449600] CURRENT SERVICE STATE: nycnn-ipvx10e1;PING;OK;HARD;1;PING OK - Packet loss = 0%, RTA = 0.20 ms
[1336449600] CURRENT SERVICE STATE: nycnn-ipvx11;PING;OK;HARD;1;PING OK - Packet loss = 0%, RTA = 0.21 ms
[1336449600] CURRENT SERVICE STATE: nycnn-ipvx11e1;PING;OK;HARD;1;PING OK - Packet loss = 0%, RTA = 0.24 ms
[1336449600] CURRENT SERVICE STATE: nycnn-ipvx12;PING;OK;HARD;1;PING OK - Packet loss = 0%, RTA = 0.25 ms
[1336449600] CURRENT SERVICE STATE: nycnn-ipvx12e1;PING;OK;HARD;1;PING OK - Packet loss = 0%, RTA = 0.23 ms
[1336449600] CURRENT SERVICE STATE: nycnn-ipvx13;PING;OK;HARD;1;PING OK - Packet loss = 0%, RTA = 0.22 ms
[1336449600] CURRENT SERVICE STATE: nycnn-ipvx13e1;PING;OK;HARD;1;PING OK - Packet loss = 0%, RTA = 0.24 ms
[1336449600] CURRENT SERVICE STATE: nycnn-ipvx14;PING;OK;HARD;1;PING OK - Packet loss = 0%, RTA = 0.19 ms
[1336449600] CURRENT SERVICE STATE: nycnn-ipvx14e1;PING;OK;HARD;1;PING OK - Packet loss = 0%, RTA = 0.22 ms
[1336449600] CURRENT SERVICE STATE: nycnn-ipvx15;PING;OK;HARD;1;PING OK - Packet loss = 0%, RTA = 0.23 ms
[1336449600] CURRENT SERVICE STATE: nycnn-ipvx15e1;PING;OK;HARD;1;PING OK - Packet loss = 0%, RTA = 0.18 ms
[1336449600] CURRENT SERVICE STATE: nycnn-ipvx16;PING;OK;HARD;1;PING OK - Packet loss = 0%, RTA = 0.23 ms
[1336449600] CURRENT SERVICE STATE: nycnn-ipvx16e1;PING;OK;HARD;1;PING OK - Packet loss = 0%, RTA = 0.23 ms
[1336449600] CURRENT SERVICE STATE: nycnn-ipvx17;PING;OK;HARD;1;PING OK - Packet loss = 0%, RTA = 0.24 ms
[1336449600] CURRENT SERVICE STATE: nycnn-ipvx17e1;PING;OK;HARD;1;PING OK - Packet loss = 0%, RTA = 0.25 ms
[1336449600] CURRENT SERVICE STATE: nycnn-ipvx18;PING;OK;HARD;1;PING OK - Packet loss = 0%, RTA = 0.21 ms
[1336449600] CURRENT SERVICE STATE: nycnn-ipvx18e1;PING;OK;HARD;1;PING OK - Packet loss = 0%, RTA = 0.23 ms
[1336449600] CURRENT SERVICE STATE: nycnn-ipvx19;PING;OK;HARD;1;PING OK - Packet loss = 0%, RTA = 0.26 ms
[1336449600] CURRENT SERVICE STATE: nycnn-ipvx19e1;PING;OK;HARD;1;PING OK - Packet loss = 0%, RTA = 0.21 ms
[1336449600] CURRENT SERVICE STATE: nycnn-ipvx1e1;PING;OK;HARD;1;PING OK - Packet loss = 0%, RTA = 0.24 ms
[1336449600] CURRENT SERVICE STATE: nycnn-ipvx2;PING;OK;HARD;1;PING OK - Packet loss = 0%, RTA = 0.25 ms
[1336449600] CURRENT SERVICE STATE: nycnn-ipvx20;PING;OK;HARD;1;PING OK - Packet loss = 0%, RTA = 0.22 ms
[1336449600] CURRENT SERVICE STATE: nycnn-ipvx20e1;PING;OK;HARD;1;PING OK - Packet loss = 0%, RTA = 0.25 ms
[1336449600] CURRENT SERVICE STATE: nycnn-ipvx21;PING;OK;HARD;1;PING OK - Packet loss = 0%, RTA = 0.25 ms
[1336449600] CURRENT SERVICE STATE: nycnn-ipvx21e1;PING;OK;HARD;1;PING OK - Packet loss = 0%, RTA = 0.25 ms
[1336449600] CURRENT SERVICE STATE: nycnn-ipvx22;PING;OK;HARD;1;PING OK - Packet loss = 0%, RTA = 0.24 ms
[1336449600] CURRENT SERVICE STATE: nycnn-ipvx22e1;PING;OK;HARD;1;PING OK - Packet loss = 0%, RTA = 0.26 ms
[1336449600] CURRENT SERVICE STATE: nycnn-ipvx23;PING;OK;HARD;1;PING OK - Packet loss = 0%, RTA = 0.20 ms
[1336449600] CURRENT SERVICE STATE: nycnn-ipvx23e1;PING;OK;HARD;1;PING OK - Packet loss = 0%, RTA = 0.26 ms
[1336449600] CURRENT SERVICE STATE: nycnn-ipvx24;PING;OK;HARD;1;PING OK - Packet loss = 0%, RTA = 0.21 ms
[1336449600] CURRENT SERVICE STATE: nycnn-ipvx24e1;PING;OK;HARD;1;PING OK - Packet loss = 0%, RTA = 0.24 ms
[1336449600] CURRENT SERVICE STATE: nycnn-ipvx25;PING;OK;HARD;1;PING OK - Packet loss = 0%, RTA = 0.21 ms
[1336449600] CURRENT SERVICE STATE: nycnn-ipvx25e1;PING;OK;HARD;1;PING OK - Packet loss = 0%, RTA = 0.24 ms
[1336449600] CURRENT SERVICE STATE: nycnn-ipvx26;PING;OK;HARD;1;PING OK - Packet loss = 0%, RTA = 0.35 ms
[1336449600] CURRENT SERVICE STATE: nycnn-ipvx26e1;PING;OK;HARD;1;PING OK - Packet loss = 0%, RTA = 0.22 ms
[1336449600] CURRENT SERVICE STATE: nycnn-ipvx27;PING;OK;HARD;1;PING OK - Packet loss = 0%, RTA = 0.26 ms
[1336449600] CURRENT SERVICE STATE: nycnn-ipvx27e1;PING;OK;HARD;1;PING OK - Packet loss = 0%, RTA = 0.18 ms
[1336449600] CURRENT SERVICE STATE: nycnn-ipvx28;PING;OK;HARD;1;PING OK - Packet loss = 0%, RTA = 0.24 ms
[1336449600] CURRENT SERVICE STATE: nycnn-ipvx28e1;PING;OK;HARD;1;PING OK - Packet loss = 0%, RTA = 0.19 ms
[1336449600] CURRENT SERVICE STATE: nycnn-ipvx29;PING;OK;HARD;1;PING OK - Packet loss = 0%, RTA = 0.23 ms
[1336449600] CURRENT SERVICE STATE: nycnn-ipvx29e1;PING;OK;HARD;1;PING OK - Packet loss = 0%, RTA = 0.89 ms
[1336449600] CURRENT SERVICE STATE: nycnn-ipvx2e1;PING;OK;HARD;1;PING OK - Packet loss = 0%, RTA = 0.20 ms
[1336449600] CURRENT SERVICE STATE: nycnn-ipvx3;PING;OK;HARD;1;PING OK - Packet loss = 0%, RTA = 0.19 ms
[1336449600] CURRENT SERVICE STATE: nycnn-ipvx30;PING;OK;HARD;1;PING OK - Packet loss = 0%, RTA = 0.21 ms
[1336449600] CURRENT SERVICE STATE: nycnn-ipvx30e1;PING;OK;HARD;1;PING OK - Packet loss = 0%, RTA = 0.21 ms
[1336449600] CURRENT SERVICE STATE: nycnn-ipvx31;PING;OK;HARD;1;PING OK - Packet loss = 0%, RTA = 0.26 ms
[1336449600] CURRENT SERVICE STATE: nycnn-ipvx31e1;PING;OK;HARD;1;PING OK - Packet loss = 0%, RTA = 0.17 ms
[1336449600] CURRENT SERVICE STATE: nycnn-ipvx32;PING;OK;HARD;1;PING OK - Packet loss = 0%, RTA = 0.27 ms
[1336449600] CURRENT SERVICE STATE: nycnn-ipvx32e1;PING;OK;HARD;1;PING OK - Packet loss = 0%, RTA = 0.23 ms
[1336449600] CURRENT SERVICE STATE: nycnn-ipvx33;PING;OK;HARD;1;PING OK - Packet loss = 0%, RTA = 0.21 ms
[1336449600] CURRENT SERVICE STATE: nycnn-ipvx33e1;PING;OK;HARD;1;PING OK - Packet loss = 0%, RTA = 0.22 ms
[1336449600] CURRENT SERVICE STATE: nycnn-ipvx34;PING;OK;HARD;1;PING OK - Packet loss = 0%, RTA = 0.20 ms
[1336449600] CURRENT SERVICE STATE: nycnn-ipvx34e1;PING;OK;HARD;1;PING OK - Packet loss = 0%, RTA = 0.20 ms
[1336449600] CURRENT SERVICE STATE: nycnn-ipvx35;PING;OK;HARD;1;PING OK - Packet loss = 0%, RTA = 0.22 ms
[1336449600] CURRENT SERVICE STATE: nycnn-ipvx35e1;PING;OK;HARD;1;PING OK - Packet loss = 0%, RTA = 0.21 ms
[1336449600] CURRENT SERVICE STATE: nycnn-ipvx3e1;PING;OK;HARD;1;PING OK - Packet loss = 0%, RTA = 0.18 ms
[1336449600] CURRENT SERVICE STATE: nycnn-ipvx4;PING;OK;HARD;1;PING OK - Packet loss = 0%, RTA = 0.21 ms
[1336449600] CURRENT SERVICE STATE: nycnn-ipvx4e1;PING;OK;HARD;1;PING OK - Packet loss = 0%, RTA = 0.18 ms
[1336449600] CURRENT SERVICE STATE: nycnn-ipvx5;PING;OK;HARD;1;PING OK - Packet loss = 0%, RTA = 0.18 ms
[1336449600] CURRENT SERVICE STATE: nycnn-ipvx5e1;PING;OK;HARD;1;PING OK - Packet loss = 0%, RTA = 0.24 ms
[1336449600] CURRENT SERVICE STATE: nycnn-ipvx6;PING;OK;HARD;1;PING OK - Packet loss = 0%, RTA = 0.21 ms
[1336449600] CURRENT SERVICE STATE: nycnn-ipvx6e1;PING;OK;HARD;1;PING OK - Packet loss = 0%, RTA = 0.19 ms
[1336449600] CURRENT SERVICE STATE: nycnn-ipvx7;PING;OK;HARD;1;PING OK - Packet loss = 0%, RTA = 0.20 ms
[1336449600] CURRENT SERVICE STATE: nycnn-ipvx7e1;PING;OK;HARD;1;PING OK - Packet loss = 0%, RTA = 0.20 ms
[1336449600] CURRENT SERVICE STATE: nycnn-ipvx8;PING;OK;HARD;1;PING OK - Packet loss = 0%, RTA = 0.23 ms
[1336449600] CURRENT SERVICE STATE: nycnn-ipvx8e1;PING;OK;HARD;1;PING OK - Packet loss = 0%, RTA = 0.22 ms
[1336449600] CURRENT SERVICE STATE: nycnn-ipvx9;PING;OK;HARD;1;PING OK - Packet loss = 0%, RTA = 0.23 ms
[1336449600] CURRENT SERVICE STATE: nycnn-ipvx9e1;PING;OK;HARD;1;PING OK - Packet loss = 0%, RTA = 0.20 ms
[1336449600] CURRENT SERVICE STATE: nycnn-mamdb1;PING;OK;HARD;1;PING OK - Packet loss = 0%, RTA = 0.25 ms
[1336449600] CURRENT SERVICE STATE: nycnn-mamdb2;PING;OK;HARD;1;PING OK - Packet loss = 0%, RTA = 0.22 ms
[1336449600] CURRENT SERVICE STATE: nycnn-mamkey1;PING;OK;HARD;1;PING OK - Packet loss = 0%, RTA = 0.25 ms
[1336449600] CURRENT SERVICE STATE: nycnn-mamkey2;PING;OK;HARD;1;PING OK - Packet loss = 0%, RTA = 0.24 ms
[1336449600] CURRENT SERVICE STATE: nycnn-ms2app1;PING;OK;HARD;1;PING OK - Packet loss = 0%, RTA = 0.43 ms
[1336449600] CURRENT SERVICE STATE: nycnn-ms2app2;PING;OK;HARD;1;PING OK - Packet loss = 0%, RTA = 0.37 ms
[1336449600] CURRENT SERVICE STATE: nycnn-ms2app3;PING;OK;HARD;1;PING OK - Packet loss = 0%, RTA = 0.26 ms
[1336449600] CURRENT SERVICE STATE: nycnn-ms2app4;PING;OK;HARD;1;PING OK - Packet loss = 0%, RTA = 0.27 ms
[1336449600] CURRENT SERVICE STATE: nycnn-ms2db1;PING;OK;HARD;1;PING OK - Packet loss = 0%, RTA = 0.24 ms
[1336449600] CURRENT SERVICE STATE: nycnn-ms2db2;PING;OK;HARD;1;PING OK - Packet loss = 0%, RTA = 0.28 ms
[1336449600] CURRENT SERVICE STATE: nycnn-ms2db3;PING;OK;HARD;1;PING OK - Packet loss = 0%, RTA = 0.26 ms
[1336449600] CURRENT SERVICE STATE: nyhdscheduler;HTTP;WARNING;HARD;3;HTTP WARNING: HTTP/1.1 400 Bad Request - 480 bytes in 0.001 second response time
[1336449600] CURRENT SERVICE STATE: nyhdscheduler;PING;OK;HARD;1;PING OK - Packet loss = 0%, RTA = 0.28 ms
[1336449600] CURRENT SERVICE STATE: nymamkey;PING;OK;HARD;1;PING OK - Packet loss = 0%, RTA = 0.25 ms
[1336449600] CURRENT SERVICE STATE: nyproxygenhd;PING;OK;HARD;1;PING OK - Packet loss = 0%, RTA = 0.26 ms
[1336449600] CURRENT SERVICE STATE: omnclda01-ny;PING;OK;HARD;1;PING OK - Packet loss = 0%, RTA = 0.33 ms
[1336449600] CURRENT SERVICE STATE: omnclda01e1-ny;PING;OK;HARD;1;PING OK - Packet loss = 0%, RTA = 0.30 ms
[1336449600] CURRENT SERVICE STATE: omnclda02-ny;PING;OK;HARD;1;PING OK - Packet loss = 0%, RTA = 0.24 ms
[1336449600] CURRENT SERVICE STATE: omnclda02e1-ny;PING;OK;HARD;1;PING OK - Packet loss = 0%, RTA = 0.25 ms
[1336449600] CURRENT SERVICE STATE: omnclda03-ny;PING;OK;HARD;1;PING OK - Packet loss = 0%, RTA = 0.25 ms
[1336449600] CURRENT SERVICE STATE: omnclda03e1-ny;PING;OK;HARD;1;PING OK - Packet loss = 0%, RTA = 0.21 ms
[1336449600] CURRENT SERVICE STATE: omnhbcba01-ny;PING;OK;HARD;1;PING OK - Packet loss = 0%, RTA = 0.18 ms
[1336449600] CURRENT SERVICE STATE: omnhbcba02-ny;PING;OK;HARD;1;PING OK - Packet loss = 0%, RTA = 0.21 ms
[1336449600] CURRENT SERVICE STATE: omnhbcba03-ny;PING;OK;HARD;1;PING OK - Packet loss = 0%, RTA = 0.24 ms
[1336449600] CURRENT SERVICE STATE: omnhbcba04-ny;PING;OK;HARD;1;PING OK - Packet loss = 0%, RTA = 0.25 ms
[1336449600] CURRENT SERVICE STATE: omnhbcba05-ny;PING;OK;HARD;1;PING OK - Packet loss = 0%, RTA = 0.26 ms
[1336449600] CURRENT SERVICE STATE: omnhbcba06-ny;PING;OK;HARD;1;PING OK - Packet loss = 0%, RTA = 0.24 ms
[1336449600] CURRENT SERVICE STATE: omnhbcba07-ny;PING;OK;HARD;1;PING OK - Packet loss = 0%, RTA = 0.26 ms
[1336449600] CURRENT SERVICE STATE: omnhbcba08-ny;PING;OK;HARD;1;PING OK - Packet loss = 0%, RTA = 0.28 ms
[1336449600] CURRENT SERVICE STATE: omnhbcba09-ny;PING;OK;HARD;1;PING OK - Packet loss = 0%, RTA = 0.28 ms
[1336449600] CURRENT SERVICE STATE: omnhbcba10-ny;PING;OK;HARD;1;PING OK - Packet loss = 0%, RTA = 0.30 ms
[1336449600] CURRENT SERVICE STATE: omnhbcba11-ny;PING;OK;HARD;1;PING OK - Packet loss = 0%, RTA = 0.23 ms
[1336449600] CURRENT SERVICE STATE: omnhbcba12-ny;PING;OK;HARD;1;PING OK - Packet loss = 0%, RTA = 0.22 ms
[1336449600] CURRENT SERVICE STATE: omnldap1-ny;LDAP;OK;HARD;1;LDAP OK - 0.002 seconds response time
[1336449600] CURRENT SERVICE STATE: omnldap2-ny;LDAP;OK;HARD;1;LDAP OK - 0.002 seconds response time
[1336449600] CURRENT SERVICE STATE: omnmas1app-ny;PING;OK;HARD;1;PING OK - Packet loss = 0%, RTA = 0.21 ms
[1336449600] CURRENT SERVICE STATE: omnmas1app1-ny;PING;OK;HARD;1;PING OK - Packet loss = 0%, RTA = 0.24 ms
[1336449600] CURRENT SERVICE STATE: omnmas1app2-ny;PING;OK;HARD;1;PING OK - Packet loss = 0%, RTA = 0.22 ms
[1336449600] CURRENT SERVICE STATE: omnmas1db-ny;PING;OK;HARD;1;PING OK - Packet loss = 0%, RTA = 0.20 ms
[1336449600] CURRENT SERVICE STATE: omnmas1db1-ny;PING;OK;HARD;1;PING OK - Packet loss = 0%, RTA = 0.30 ms
[1336449600] CURRENT SERVICE STATE: omnmas1db2-ny;PING;OK;HARD;1;PING OK - Packet loss = 0%, RTA = 0.28 ms
[1336449600] CURRENT SERVICE STATE: omnmas2app-ny;PING;CRITICAL;HARD;3;PING CRITICAL - Packet loss = 100%
[1336449600] CURRENT SERVICE STATE: omnmas2app1-ny;PING;OK;HARD;1;PING OK - Packet loss = 0%, RTA = 0.26 ms
[1336449600] CURRENT SERVICE STATE: omnmas2app2-ny;PING;OK;HARD;1;PING OK - Packet loss = 0%, RTA = 0.29 ms
[1336449600] CURRENT SERVICE STATE: omnmas2db-ny;PING;OK;HARD;1;PING OK - Packet loss = 0%, RTA = 0.32 ms
[1336449600] CURRENT SERVICE STATE: omnmas2db1-ny;PING;OK;HARD;1;PING OK - Packet loss = 0%, RTA = 0.21 ms
[1336449600] CURRENT SERVICE STATE: omnmas2db2-ny;PING;OK;HARD;1;PING OK - Packet loss = 0%, RTA = 0.29 ms
[1336449600] CURRENT SERVICE STATE: omnmdir01-ny;PING;OK;HARD;1;PING OK - Packet loss = 0%, RTA = 0.20 ms
[1336449600] CURRENT SERVICE STATE: omnmdir01e1-ny;PING;OK;HARD;1;PING OK - Packet loss = 0%, RTA = 0.20 ms
[1336449600] CURRENT SERVICE STATE: omnmdir02-ny;PING;OK;HARD;1;PING OK - Packet loss = 0%, RTA = 0.19 ms
[1336449600] CURRENT SERVICE STATE: omnmdir02e1-ny;PING;OK;HARD;1;PING OK - Packet loss = 0%, RTA = 0.20 ms
[1336449600] CURRENT SERVICE STATE: omnmdir03-ny;PING;OK;HARD;1;PING OK - Packet loss = 0%, RTA = 0.19 ms
[1336449600] CURRENT SERVICE STATE: omnmdir03e1-ny;PING;OK;HARD;1;PING OK - Packet loss = 0%, RTA = 0.18 ms
[1336449600] CURRENT SERVICE STATE: omnmdir04-ny;PING;OK;HARD;1;PING OK - Packet loss = 0%, RTA = 0.14 ms
[1336449600] CURRENT SERVICE STATE: omnmdir04e1-ny;PING;OK;HARD;1;PING OK - Packet loss = 0%, RTA = 0.15 ms
[1336449600] CURRENT SERVICE STATE: omnmdk01-ny;PING;OK;HARD;1;PING OK - Packet loss = 0%, RTA = 0.49 ms
[1336449600] CURRENT SERVICE STATE: omnmdk01h0-ny;PING;OK;HARD;1;PING OK - Packet loss = 0%, RTA = 0.48 ms
[1336449600] CURRENT SERVICE STATE: omnmdk02-ny;PING;OK;HARD;1;PING OK - Packet loss = 0%, RTA = 0.50 ms
[1336449600] CURRENT SERVICE STATE: omnmdk02h0-ny;PING;OK;HARD;1;PING OK - Packet loss = 0%, RTA = 0.71 ms
[1336449600] CURRENT SERVICE STATE: omnmdk03-ny;PING;OK;HARD;1;PING OK - Packet loss = 0%, RTA = 0.44 ms
[1336449600] CURRENT SERVICE STATE: omnmdk03h0-ny;PING;OK;HARD;1;PING OK - Packet loss = 0%, RTA = 0.52 ms
[1336449600] CURRENT SERVICE STATE: omnmdk04-ny;PING;OK;HARD;1;PING OK - Packet loss = 0%, RTA = 0.48 ms
[1336449600] CURRENT SERVICE STATE: omnmdk04h0-ny;PING;OK;HARD;1;PING OK - Packet loss = 0%, RTA = 0.49 ms
[1336449600] CURRENT SERVICE STATE: omnmdk05-ny;PING;OK;HARD;1;PING OK - Packet loss = 0%, RTA = 0.51 ms
[1336449600] CURRENT SERVICE STATE: omnmdk05h0-ny;PING;OK;HARD;1;PING OK - Packet loss = 0%, RTA = 0.47 ms
[1336449600] CURRENT SERVICE STATE: omnmdk06-ny;PING;OK;HARD;1;PING OK - Packet loss = 0%, RTA = 0.46 ms
[1336449600] CURRENT SERVICE STATE: omnmdk06h0-ny;PING;OK;HARD;1;PING OK - Packet loss = 0%, RTA = 0.49 ms
[1336449600] CURRENT SERVICE STATE: omnmdk07-ny;PING;OK;HARD;1;PING OK - Packet loss = 0%, RTA = 0.46 ms
[1336449600] CURRENT SERVICE STATE: omnmdk07h0-ny;PING;OK;HARD;1;PING OK - Packet loss = 0%, RTA = 0.55 ms
[1336449600] CURRENT SERVICE STATE: omnmdk08-ny;PING;OK;HARD;1;PING OK - Packet loss = 0%, RTA = 0.48 ms
[1336449600] CURRENT SERVICE STATE: omnmdk08h0-ny;PING;OK;HARD;1;PING OK - Packet loss = 0%, RTA = 0.51 ms
[1336449600] CURRENT SERVICE STATE: omnmdk09-ny;PING;OK;HARD;1;PING OK - Packet loss = 0%, RTA = 0.47 ms
[1336449600] CURRENT SERVICE STATE: omnmdk09h0-ny;PING;OK;HARD;1;PING OK - Packet loss = 0%, RTA = 0.45 ms
[1336449600] CURRENT SERVICE STATE: omnmdk10-ny;PING;OK;HARD;1;PING OK - Packet loss = 0%, RTA = 0.45 ms
[1336449600] CURRENT SERVICE STATE: omnmdk10h0-ny;PING;OK;HARD;1;PING OK - Packet loss = 0%, RTA = 0.47 ms
[1336449600] CURRENT SERVICE STATE: omnmdk11-ny;PING;OK;HARD;1;PING OK - Packet loss = 0%, RTA = 0.54 ms
[1336449600] CURRENT SERVICE STATE: omnmdk11h0-ny;PING;OK;HARD;1;PING OK - Packet loss = 0%, RTA = 0.51 ms
[1336449600] CURRENT SERVICE STATE: omnmdk12-ny;PING;OK;HARD;1;PING OK - Packet loss = 0%, RTA = 0.44 ms
[1336449600] CURRENT SERVICE STATE: omnmdk12h0-ny;PING;OK;HARD;1;PING OK - Packet loss = 0%, RTA = 0.50 ms
[1336449600] CURRENT SERVICE STATE: omnmdk13-ny;PING;OK;HARD;1;PING OK - Packet loss = 0%, RTA = 0.51 ms
[1336449600] CURRENT SERVICE STATE: omnmdk13h0-ny;PING;OK;HARD;1;PING OK - Packet loss = 0%, RTA = 0.50 ms
[1336449600] CURRENT SERVICE STATE: omnmdk14-ny;PING;OK;HARD;1;PING OK - Packet loss = 0%, RTA = 0.52 ms
[1336449600] CURRENT SERVICE STATE: omnmdk14h0-ny;PING;OK;HARD;1;PING OK - Packet loss = 0%, RTA = 0.52 ms
[1336449600] CURRENT SERVICE STATE: omnmdk15-ny;PING;OK;HARD;1;PING OK - Packet loss = 0%, RTA = 0.51 ms
[1336449600] CURRENT SERVICE STATE: omnmdk15h0-ny;PING;OK;HARD;1;PING OK - Packet loss = 0%, RTA = 1.85 ms
[1336449600] CURRENT SERVICE STATE: omnmdk16-ny;PING;OK;HARD;1;PING OK - Packet loss = 0%, RTA = 0.37 ms
[1336449600] CURRENT SERVICE STATE: omnmdk16h0-ny;PING;OK;HARD;1;PING OK - Packet loss = 0%, RTA = 0.51 ms
[1336449600] CURRENT SERVICE STATE: omnmdk17-ny;PING;OK;HARD;1;PING OK - Packet loss = 0%, RTA = 0.51 ms
[1336449600] CURRENT SERVICE STATE: omnmdk17h0-ny;PING;OK;HARD;1;PING OK - Packet loss = 0%, RTA = 0.47 ms
[1336449600] CURRENT SERVICE STATE: omnmdk18-ny;PING;OK;HARD;1;PING OK - Packet loss = 0%, RTA = 0.43 ms
[1336449600] CURRENT SERVICE STATE: omnmdk18h0-ny;PING;OK;HARD;1;PING OK - Packet loss = 0%, RTA = 0.55 ms
[1336449600] CURRENT SERVICE STATE: omnmdk19-ny;PING;OK;HARD;1;PING OK - Packet loss = 0%, RTA = 0.44 ms
[1336449600] CURRENT SERVICE STATE: omnmdk19h0-ny;PING;OK;HARD;1;PING OK - Packet loss = 0%, RTA = 0.50 ms
[1336449600] CURRENT SERVICE STATE: omnmgsm-ny;PING;OK;HARD;1;PING OK - Packet loss = 0%, RTA = 0.26 ms
[1336449600] CURRENT SERVICE STATE: omnprox01-ny;PING;OK;HARD;1;PING OK - Packet loss = 0%, RTA = 0.21 ms
[1336449600] CURRENT SERVICE STATE: omnprox01e1-ny;PING;OK;HARD;1;PING OK - Packet loss = 0%, RTA = 0.22 ms
[1336449600] CURRENT SERVICE STATE: omnprox02-ny;PING;OK;HARD;1;PING OK - Packet loss = 0%, RTA = 0.23 ms
[1336449600] CURRENT SERVICE STATE: omnprox02e1-ny;PING;OK;HARD;1;PING OK - Packet loss = 0%, RTA = 0.21 ms
[1336449600] CURRENT SERVICE STATE: omnprox03-ny;PING;OK;HARD;1;PING OK - Packet loss = 0%, RTA = 0.20 ms
[1336449600] CURRENT SERVICE STATE: omnprox03e1-ny;PING;OK;HARD;1;PING OK - Packet loss = 0%, RTA = 0.19 ms
[1336449600] CURRENT SERVICE STATE: omnprox04-ny;PING;OK;HARD;1;PING OK - Packet loss = 0%, RTA = 0.20 ms
[1336449600] CURRENT SERVICE STATE: omnprox04e1-ny;PING;OK;HARD;1;PING OK - Packet loss = 0%, RTA = 0.23 ms
[1336449600] CURRENT SERVICE STATE: omnprox05-ny;PING;OK;HARD;1;PING OK - Packet loss = 0%, RTA = 0.20 ms
[1336449600] CURRENT SERVICE STATE: omnprox05e1-ny;PING;OK;HARD;1;PING OK - Packet loss = 0%, RTA = 0.24 ms
[1336449600] CURRENT SERVICE STATE: omnspsm-ny;PING;OK;HARD;1;PING OK - Packet loss = 0%, RTA = 0.26 ms
[1336449600] CURRENT SERVICE STATE: wdchd001;PING;CRITICAL;HARD;2;PING CRITICAL - Packet loss = 100%
[1336449600] CURRENT SERVICE STATE: wdchd002;PING;CRITICAL;HARD;2;PING CRITICAL - Packet loss = 100%
[1336449600] CURRENT SERVICE STATE: wdchd003;PING;OK;HARD;1;PING OK - Packet loss = 0%, RTA = 6.53 ms
[1336449600] CURRENT SERVICE STATE: wdchd004;PING;OK;HARD;1;PING OK - Packet loss = 0%, RTA = 6.57 ms
[1336449600] CURRENT SERVICE STATE: wdchd005;PING;CRITICAL;HARD;2;PING CRITICAL - Packet loss = 100%
[1336449600] CURRENT SERVICE STATE: wdchd006;PING;CRITICAL;HARD;2;PING CRITICAL - Packet loss = 100%
[1336449600] CURRENT SERVICE STATE: wdchd007;PING;CRITICAL;HARD;2;PING CRITICAL - Packet loss = 100%
[1336449600] CURRENT SERVICE STATE: wdchd008;PING;OK;HARD;1;PING OK - Packet loss = 0%, RTA = 6.68 ms
[1336449600] CURRENT SERVICE STATE: wdchd009;PING;CRITICAL;HARD;1;PING CRITICAL - Packet loss = 100%
[1336449600] CURRENT SERVICE STATE: wdchd010;PING;CRITICAL;HARD;2;PING CRITICAL - Packet loss = 100%
[1336449600] CURRENT SERVICE STATE: wdchd011;PING;CRITICAL;HARD;2;PING CRITICAL - Packet loss = 100%
[1336449600] CURRENT SERVICE STATE: wdchd012;PING;CRITICAL;HARD;2;PING CRITICAL - Packet loss = 100%
[1336449600] CURRENT SERVICE STATE: wdchd013;PING;CRITICAL;HARD;2;PING CRITICAL - Packet loss = 100%
[1336449600] CURRENT SERVICE STATE: wdchd014;PING;CRITICAL;HARD;2;PING CRITICAL - Packet loss = 100%
[1336449600] CURRENT SERVICE STATE: wdchd015;PING;CRITICAL;HARD;2;PING CRITICAL - Packet loss = 100%
[1336449600] CURRENT SERVICE STATE: wdchd016;PING;OK;HARD;1;PING OK - Packet loss = 0%, RTA = 6.52 ms
[1336449600] CURRENT SERVICE STATE: wdchd017;PING;CRITICAL;HARD;2;PING CRITICAL - Packet loss = 100%
[1336449600] CURRENT SERVICE STATE: wdchd018;PING;CRITICAL;HARD;2;PING CRITICAL - Packet loss = 100%
[1336449600] CURRENT SERVICE STATE: wdchd019;PING;CRITICAL;HARD;2;PING CRITICAL - Packet loss = 100%
[1336449600] CURRENT SERVICE STATE: wdchd020;PING;CRITICAL;HARD;2;PING CRITICAL - Packet loss = 100%
[1336449600] CURRENT SERVICE STATE: wdchd021;PING;CRITICAL;HARD;2;PING CRITICAL - Packet loss = 100%
[1336449600] CURRENT SERVICE STATE: wdchd022;PING;CRITICAL;HARD;2;PING CRITICAL - Packet loss = 100%
[1336449600] CURRENT SERVICE STATE: wdchd023;PING;CRITICAL;HARD;2;PING CRITICAL - Packet loss = 100%
[1336449600] CURRENT SERVICE STATE: wdchd024;PING;OK;HARD;1;PING OK - Packet loss = 0%, RTA = 6.59 ms
[1336449600] CURRENT SERVICE STATE: wdchd025;PING;OK;HARD;1;PING OK - Packet loss = 0%, RTA = 6.80 ms
[1336449600] CURRENT SERVICE STATE: wdchd026;PING;CRITICAL;HARD;2;PING CRITICAL - Packet loss = 100%
[1336449600] CURRENT SERVICE STATE: wdchd027;PING;OK;HARD;1;PING OK - Packet loss = 0%, RTA = 6.62 ms
[1336449600] CURRENT SERVICE STATE: wdchd028;PING;CRITICAL;HARD;2;PING CRITICAL - Packet loss = 100%
[1336449600] CURRENT SERVICE STATE: wdchd029;PING;OK;HARD;1;PING OK - Packet loss = 0%, RTA = 6.58 ms
[1336449600] CURRENT SERVICE STATE: wdchd030;PING;OK;HARD;1;PING OK - Packet loss = 0%, RTA = 6.64 ms
[1336449600] CURRENT SERVICE STATE: wdchd031;PING;OK;HARD;1;PING OK - Packet loss = 0%, RTA = 6.68 ms
[1336449600] CURRENT SERVICE STATE: wdcmd001;PING;OK;HARD;1;PING OK - Packet loss = 0%, RTA = 6.60 ms
[1336449600] CURRENT SERVICE STATE: wdcmd002;PING;OK;HARD;1;PING OK - Packet loss = 0%, RTA = 6.64 ms
[1336449600] CURRENT SERVICE STATE: wdcms001;PING;CRITICAL;HARD;2;PING CRITICAL - Packet loss = 100%
[1336449600] CURRENT SERVICE STATE: wdcms002;PING;CRITICAL;HARD;2;PING CRITICAL - Packet loss = 100%
[1336449600] CURRENT SERVICE STATE: wdcms003;PING;CRITICAL;HARD;2;PING CRITICAL - Packet loss = 100%
[1336449600] CURRENT SERVICE STATE: wdcod001;PING;CRITICAL;HARD;2;PING CRITICAL - Packet loss = 100%
[1336449600] CURRENT SERVICE STATE: wdcod002;PING;CRITICAL;HARD;2;PING CRITICAL - Packet loss = 100%
[1336449600] CURRENT SERVICE STATE: wdcod01;PING;OK;HARD;1;PING OK - Packet loss = 0%, RTA = 6.53 ms
[1336449600] CURRENT SERVICE STATE: wdcod02;PING;OK;HARD;1;PING OK - Packet loss = 0%, RTA = 6.49 ms
[1336449600] CURRENT SERVICE STATE: wdcpf001;PING;CRITICAL;HARD;2;PING CRITICAL - Packet loss = 100%
[1336449600] CURRENT SERVICE STATE: wdcpf002;PING;CRITICAL;HARD;2;PING CRITICAL - Packet loss = 100%
[1336449600] CURRENT SERVICE STATE: wdcpf03;PING;CRITICAL;HARD;1;PING CRITICAL - Packet loss = 100%
[1336449600] CURRENT SERVICE STATE: wdcps001;PING;CRITICAL;HARD;2;PING CRITICAL - Packet loss = 100%
[1336449600] CURRENT SERVICE STATE: wdcps002;PING;CRITICAL;HARD;2;PING CRITICAL - Packet loss = 100%
[1336449600] CURRENT SERVICE STATE: wdcps003;PING;CRITICAL;HARD;2;PING CRITICAL - Packet loss = 100%
[1336449600] CURRENT SERVICE STATE: wdcps004;PING;CRITICAL;HARD;2;PING CRITICAL - Packet loss = 100%
[1336449612] HOST NOTIFICATION: dcadmin;wdcpf002;DOWN;notify-host-by-email;(Host Check Timed Out)
[1336449792] HOST NOTIFICATION: dcadmin;wdcod002;DOWN;notify-host-by-email;(Host Check Timed Out)
[1336449912] HOST NOTIFICATION: dcadmin;wdcps002;DOWN;notify-host-by-email;(Host Check Timed Out)
[1336449912] HOST NOTIFICATION: dcadmin;wdcod001;DOWN;notify-host-by-email;(Host Check Timed Out)
[1336450872] HOST NOTIFICATION: dcadmin;wdcps003;DOWN;notify-host-by-email;(Host Check Timed Out)
[1336450872] HOST NOTIFICATION: dcadmin;wdcps004;DOWN;notify-host-by-email;(Host Check Timed Out)
[1336450872] HOST NOTIFICATION: dcadmin;wdcpf001;DOWN;notify-host-by-email;(Host Check Timed Out)
[1336451052] HOST NOTIFICATION: dcadmin;wdcpf03;DOWN;notify-host-by-email;(Host Check Timed Out)
[1336451172] HOST NOTIFICATION: dcadmin;wdcms002;DOWN;notify-host-by-email;(Host Check Timed Out)
[1336451232] HOST NOTIFICATION: dcadmin;wdcms003;DOWN;notify-host-by-email;(Host Check Timed Out)
[1336451232] HOST NOTIFICATION: dcadmin;wdcps001;DOWN;notify-host-by-email;(Host Check Timed Out)
[1336451292] HOST NOTIFICATION: dcadmin;wdcms001;DOWN;notify-host-by-email;(Host Check Timed Out)
[1336451412] HOST NOTIFICATION: dcadmin;wdcpf002;DOWN;notify-host-by-email;(Host Check Timed Out)
[1336451592] HOST NOTIFICATION: dcadmin;wdcod002;DOWN;notify-host-by-email;(Host Check Timed Out)
[1336451712] HOST NOTIFICATION: dcadmin;wdcps002;DOWN;notify-host-by-email;(Host Check Timed Out)
[1336451712] HOST NOTIFICATION: dcadmin;wdcod001;DOWN;notify-host-by-email;(Host Check Timed Out)
[1336451923] Auto-save of retention data completed successfully.
[1336452672] HOST NOTIFICATION: dcadmin;wdcps003;DOWN;notify-host-by-email;(Host Check Timed Out)
[1336452672] HOST NOTIFICATION: dcadmin;wdcps004;DOWN;notify-host-by-email;(Host Check Timed Out)
[1336452672] HOST NOTIFICATION: dcadmin;wdcpf001;DOWN;notify-host-by-email;(Host Check Timed Out)
[1336452852] HOST NOTIFICATION: dcadmin;wdcpf03;DOWN;notify-host-by-email;(Host Check Timed Out)
[1336452962] HOST ALERT: wdcmd001;DOWN;SOFT;1;(Host Check Timed Out)
[1336452972] HOST NOTIFICATION: dcadmin;wdcms002;DOWN;notify-host-by-email;(Host Check Timed Out)
[1336453032] HOST ALERT: wdcmd001;UP;SOFT;2;PING OK - Packet loss = 0%, RTA = 6.64 ms
[1336453032] HOST NOTIFICATION: dcadmin;wdcms003;DOWN;notify-host-by-email;(Host Check Timed Out)
[1336453032] HOST NOTIFICATION: dcadmin;wdcps001;DOWN;notify-host-by-email;(Host Check Timed Out)
[1336453092] HOST NOTIFICATION: dcadmin;wdcms001;DOWN;notify-host-by-email;(Host Check Timed Out)
[1336453212] HOST NOTIFICATION: dcadmin;wdcpf002;DOWN;notify-host-by-email;(Host Check Timed Out)
[1336453392] HOST NOTIFICATION: dcadmin;wdcod002;DOWN;notify-host-by-email;(Host Check Timed Out)
[1336453512] HOST NOTIFICATION: dcadmin;wdcps002;DOWN;notify-host-by-email;(Host Check Timed Out)
[1336453512] HOST NOTIFICATION: dcadmin;wdcod001;DOWN;notify-host-by-email;(Host Check Timed Out)
[1336454472] HOST NOTIFICATION: dcadmin;wdcps003;DOWN;notify-host-by-email;(Host Check Timed Out)
[1336454472] HOST NOTIFICATION: dcadmin;wdcps004;DOWN;notify-host-by-email;(Host Check Timed Out)
[1336454472] HOST NOTIFICATION: dcadmin;wdcpf001;DOWN;notify-host-by-email;(Host Check Timed Out)
[1336454652] HOST NOTIFICATION: dcadmin;wdcpf03;DOWN;notify-host-by-email;(Host Check Timed Out)
[1336454702] HOST ALERT: wdcps003;UP;HARD;1;PING OK - Packet loss = 28%, RTA = 6.66 ms
[1336454702] HOST NOTIFICATION: dcadmin;wdcps003;UP;notify-host-by-email;PING OK - Packet loss = 28%, RTA = 6.66 ms
[1336454702] SERVICE ALERT: wdcps003;PING;OK;HARD;2;PING OK - Packet loss = 0%, RTA = 6.91 ms
[1336454702] SERVICE ALERT: wdcps004;PING;OK;HARD;2;PING OK - Packet loss = 0%, RTA = 6.65 ms
[1336454702] SERVICE ALERT: wdcps002;PING;OK;HARD;2;PING OK - Packet loss = 0%, RTA = 6.75 ms
[1336454712] SERVICE ALERT: wdcps001;PING;OK;HARD;2;PING OK - Packet loss = 0%, RTA = 6.59 ms
[1336454712] HOST ALERT: wdcps004;UP;HARD;1;PING OK - Packet loss = 0%, RTA = 6.55 ms
[1336454712] HOST NOTIFICATION: dcadmin;wdcps004;UP;notify-host-by-email;PING OK - Packet loss = 0%, RTA = 6.55 ms
[1336454712] HOST ALERT: wdcps002;UP;HARD;1;PING OK - Packet loss = 0%, RTA = 6.65 ms
[1336454712] HOST NOTIFICATION: dcadmin;wdcps002;UP;notify-host-by-email;PING OK - Packet loss = 0%, RTA = 6.65 ms
[1336454722] HOST ALERT: wdcps001;UP;HARD;1;PING OK - Packet loss = 0%, RTA = 6.54 ms
[1336454722] HOST NOTIFICATION: dcadmin;wdcps001;UP;notify-host-by-email;PING OK - Packet loss = 0%, RTA = 6.54 ms
[1336454772] HOST NOTIFICATION: dcadmin;wdcms002;DOWN;notify-host-by-email;(Host Check Timed Out)
[1336454832] HOST NOTIFICATION: dcadmin;wdcms003;DOWN;notify-host-by-email;(Host Check Timed Out)
[1336454892] HOST NOTIFICATION: dcadmin;wdcms001;DOWN;notify-host-by-email;(Host Check Timed Out)
[1336455012] HOST NOTIFICATION: dcadmin;wdcpf002;DOWN;notify-host-by-email;(Host Check Timed Out)
[1336455192] SERVICE ALERT: wdcps004;PING;CRITICAL;SOFT;1;PING CRITICAL - Packet loss = 72%, RTA = 6.62 ms
[1336455192] HOST NOTIFICATION: dcadmin;wdcod002;DOWN;notify-host-by-email;(Host Check Timed Out)
[1336455232] HOST ALERT: wdcps004;DOWN;SOFT;1;(Host Check Timed Out)
[1336455242] HOST ALERT: wdcps002;DOWN;SOFT;1;(Host Check Timed Out)
[1336455252] SERVICE ALERT: wdcps003;PING;CRITICAL;SOFT;1;PING CRITICAL - Packet loss = 100%
[1336455252] SERVICE ALERT: wdcps002;PING;CRITICAL;HARD;1;PING CRITICAL - Packet loss = 100%
[1336455252] SERVICE ALERT: wdcps004;PING;CRITICAL;HARD;2;PING CRITICAL - Packet loss = 100%
[1336455252] SERVICE ALERT: wdcps001;PING;CRITICAL;SOFT;1;PING CRITICAL - Packet loss = 100%
[1336455292] HOST ALERT: wdcps003;DOWN;SOFT;1;(Host Check Timed Out)
[1336455292] HOST ALERT: wdcps001;DOWN;SOFT;1;(Host Check Timed Out)
[1336455312] SERVICE ALERT: wdcps003;PING;CRITICAL;HARD;2;PING CRITICAL - Packet loss = 100%
[1336455312] HOST NOTIFICATION: dcadmin;wdcod001;DOWN;notify-host-by-email;(Host Check Timed Out)
[1336455312] SERVICE ALERT: wdcps001;PING;CRITICAL;HARD;2;PING CRITICAL - Packet loss = 100%
[1336455332] HOST ALERT: wdcps004;DOWN;SOFT;2;(Host Check Timed Out)
[1336455332] HOST ALERT: wdcps002;DOWN;SOFT;2;(Host Check Timed Out)
[1336455352] HOST ALERT: wdcps003;DOWN;SOFT;2;(Host Check Timed Out)
[1336455382] HOST ALERT: wdcps001;DOWN;SOFT;2;(Host Check Timed Out)
[1336455432] SERVICE ALERT: wdcod002;PING;OK;HARD;2;PING OK - Packet loss = 0%, RTA = 6.55 ms
[1336455432] SERVICE ALERT: wdcod001;PING;OK;HARD;2;PING OK - Packet loss = 0%, RTA = 6.56 ms
[1336455432] HOST ALERT: wdcps004;DOWN;SOFT;3;(Host Check Timed Out)
[1336455432] HOST ALERT: wdcps002;DOWN;SOFT;3;(Host Check Timed Out)
[1336455432] HOST ALERT: wdcod001;UP;HARD;1;PING OK - Packet loss = 0%, RTA = 6.67 ms
[1336455432] HOST NOTIFICATION: dcadmin;wdcod001;UP;notify-host-by-email;PING OK - Packet loss = 0%, RTA = 6.67 ms
[1336455442] HOST ALERT: wdcod002;UP;HARD;1;PING OK - Packet loss = 0%, RTA = 6.58 ms
[1336455442] HOST NOTIFICATION: dcadmin;wdcod002;UP;notify-host-by-email;PING OK - Packet loss = 0%, RTA = 6.58 ms
[1336455452] HOST ALERT: wdcps003;DOWN;SOFT;3;(Host Check Timed Out)
[1336455482] HOST ALERT: wdcps001;DOWN;SOFT;3;(Host Check Timed Out)
[1336455523] Auto-save of retention data completed successfully.
[1336455532] HOST ALERT: wdcps004;DOWN;SOFT;4;(Host Check Timed Out)
[1336455532] HOST ALERT: wdcps002;DOWN;SOFT;4;(Host Check Timed Out)
[1336455552] HOST ALERT: wdcps003;DOWN;SOFT;4;(Host Check Timed Out)
[1336455552] SERVICE ALERT: wdcps001;PING;WARNING;HARD;2;PING WARNING - Packet loss = 28%, RTA = 6.77 ms
[1336455552] HOST ALERT: wdcps001;UP;SOFT;4;PING OK - Packet loss = 0%, RTA = 6.59 ms
[1336455602] HOST ALERT: wdcps004;UP;SOFT;5;PING OK - Packet loss = 0%, RTA = 6.61 ms
[1336455602] HOST ALERT: wdcps002;UP;SOFT;5;PING OK - Packet loss = 0%, RTA = 6.67 ms
[1336455602] SERVICE ALERT: wdcps003;PING;OK;HARD;2;PING OK - Packet loss = 0%, RTA = 6.71 ms
[1336455602] SERVICE ALERT: wdcps002;PING;OK;HARD;1;PING OK - Packet loss = 0%, RTA = 6.62 ms
[1336455602] SERVICE ALERT: wdcps004;PING;OK;HARD;2;PING OK - Packet loss = 0%, RTA = 6.64 ms
[1336455612] SERVICE ALERT: wdcps001;PING;OK;HARD;2;PING OK - Packet loss = 0%, RTA = 6.73 ms
[1336455612] SERVICE FLAPPING ALERT: wdcps001;PING;STARTED; Service appears to have started flapping (22.4% change >= 20.0% threshold)
[1336455612] HOST ALERT: wdcps003;UP;SOFT;5;PING OK - Packet loss = 0%, RTA = 6.61 ms
[1336456272] HOST NOTIFICATION: dcadmin;wdcpf001;DOWN;notify-host-by-email;(Host Check Timed Out)
[1336456442] HOST ALERT: wdcpf001;UP;HARD;1;PING OK - Packet loss = 0%, RTA = 6.64 ms
[1336456442] HOST NOTIFICATION: dcadmin;wdcpf001;UP;notify-host-by-email;PING OK - Packet loss = 0%, RTA = 6.64 ms
[1336456442] SERVICE ALERT: wdcms001;PING;OK;HARD;2;PING OK - Packet loss = 0%, RTA = 6.59 ms
[1336456442] SERVICE ALERT: wdcms002;PING;OK;HARD;2;PING OK - Packet loss = 0%, RTA = 6.69 ms
[1336456442] SERVICE ALERT: wdcms003;PING;OK;HARD;2;PING OK - Packet loss = 0%, RTA = 6.62 ms
[1336456452] SERVICE ALERT: wdcpf002;PING;OK;HARD;2;PING OK - Packet loss = 0%, RTA = 6.63 ms
[1336456452] SERVICE ALERT: wdcpf001;PING;OK;HARD;2;PING OK - Packet loss = 0%, RTA = 6.63 ms
[1336456452] HOST ALERT: wdcms001;UP;HARD;1;PING OK - Packet loss = 0%, RTA = 6.61 ms
[1336456452] HOST NOTIFICATION: dcadmin;wdcms001;UP;notify-host-by-email;PING OK - Packet loss = 0%, RTA = 6.61 ms
[1336456452] HOST ALERT: wdcms002;UP;HARD;1;PING OK - Packet loss = 0%, RTA = 6.66 ms
[1336456452] HOST NOTIFICATION: dcadmin;wdcms002;UP;notify-host-by-email;PING OK - Packet loss = 0%, RTA = 6.66 ms
[1336456452] HOST ALERT: wdcms003;UP;HARD;1;PING OK - Packet loss = 0%, RTA = 6.61 ms
[1336456452] HOST NOTIFICATION: dcadmin;wdcms003;UP;notify-host-by-email;PING OK - Packet loss = 0%, RTA = 6.61 ms
[1336456452] HOST NOTIFICATION: dcadmin;wdcpf03;DOWN;notify-host-by-email;(Host Check Timed Out)
[1336456462] HOST ALERT: wdcpf002;UP;HARD;1;PING OK - Packet loss = 0%, RTA = 6.65 ms
[1336456462] HOST NOTIFICATION: dcadmin;wdcpf002;UP;notify-host-by-email;PING OK - Packet loss = 0%, RTA = 6.65 ms
[1336456752] SERVICE FLAPPING ALERT: wdcps001;PING;STOPPED; Service appears to have stopped flapping (3.8% change < 5.0% threshold)
[1336456922] HOST ALERT: wdcms001;DOWN;SOFT;1;(Host Check Timed Out)
[1336456932] SERVICE ALERT: wdcms001;PING;CRITICAL;HARD;1;PING CRITICAL - Packet loss = 100%
[1336456932] SERVICE ALERT: wdcms002;PING;CRITICAL;SOFT;1;PING CRITICAL - Packet loss = 100%
[1336456932] SERVICE ALERT: wdcms003;PING;CRITICAL;SOFT;1;PING CRITICAL - Packet loss = 100%
[1336456962] HOST ALERT: wdcms002;DOWN;SOFT;1;(Host Check Timed Out)
[1336456962] HOST ALERT: wdcms003;DOWN;SOFT;1;(Host Check Timed Out)
[1336456992] SERVICE ALERT: wdcms002;PING;CRITICAL;HARD;2;PING CRITICAL - Packet loss = 100%
[1336456992] SERVICE ALERT: wdcms003;PING;CRITICAL;HARD;2;PING CRITICAL - Packet loss = 100%
[1336457022] HOST ALERT: wdcms001;DOWN;SOFT;2;(Host Check Timed Out)
[1336457062] HOST ALERT: wdcms002;DOWN;SOFT;2;(Host Check Timed Out)
[1336457062] HOST ALERT: wdcms003;DOWN;SOFT;2;(Host Check Timed Out)
[1336457122] HOST ALERT: wdcms001;DOWN;SOFT;3;(Host Check Timed Out)
[1336457152] HOST ALERT: wdcms002;DOWN;SOFT;3;(Host Check Timed Out)
[1336457152] HOST ALERT: wdcms003;DOWN;SOFT;3;(Host Check Timed Out)
[1336457222] HOST ALERT: wdcms001;DOWN;SOFT;4;(Host Check Timed Out)
[1336457242] HOST ALERT: wdcms002;DOWN;SOFT;4;(Host Check Timed Out)
[1336457242] HOST ALERT: wdcms003;DOWN;SOFT;4;(Host Check Timed Out)
[1336457322] HOST ALERT: wdcms001;DOWN;SOFT;5;(Host Check Timed Out)
[1336457342] HOST ALERT: wdcms002;DOWN;SOFT;5;(Host Check Timed Out)
[1336457342] HOST ALERT: wdcms003;DOWN;SOFT;5;(Host Check Timed Out)
[1336457422] HOST ALERT: wdcms001;DOWN;SOFT;6;(Host Check Timed Out)
[1336457442] HOST ALERT: wdcms002;DOWN;SOFT;6;(Host Check Timed Out)
[1336457442] HOST ALERT: wdcms003;DOWN;SOFT;6;(Host Check Timed Out)
[1336457522] HOST ALERT: wdcms001;DOWN;SOFT;7;(Host Check Timed Out)
[1336457542] HOST ALERT: wdcms002;DOWN;SOFT;7;(Host Check Timed Out)
[1336457542] HOST ALERT: wdcms003;DOWN;SOFT;7;(Host Check Timed Out)
[1336457622] HOST ALERT: wdcms001;DOWN;SOFT;8;(Host Check Timed Out)
[1336457642] HOST ALERT: wdcms002;DOWN;SOFT;8;(Host Check Timed Out)
[1336457642] HOST ALERT: wdcms003;DOWN;SOFT;8;(Host Check Timed Out)
[1336457722] HOST ALERT: wdcms001;DOWN;SOFT;9;(Host Check Timed Out)
[1336457732] HOST ALERT: wdcms002;DOWN;SOFT;9;(Host Check Timed Out)
[1336457732] HOST ALERT: wdcms003;DOWN;SOFT;9;(Host Check Timed Out)
[1336457822] HOST ALERT: wdcms001;DOWN;HARD;10;(Host Check Timed Out)
[1336457822] HOST NOTIFICATION: dcadmin;wdcms001;DOWN;notify-host-by-email;(Host Check Timed Out)
[1336457822] HOST ALERT: wdcms002;DOWN;HARD;10;(Host Check Timed Out)
[1336457822] HOST NOTIFICATION: dcadmin;wdcms002;DOWN;notify-host-by-email;(Host Check Timed Out)
[1336457822] HOST ALERT: wdcms003;DOWN;HARD;10;(Host Check Timed Out)
[1336457822] HOST NOTIFICATION: dcadmin;wdcms003;DOWN;notify-host-by-email;(Host Check Timed Out)
[1336458252] HOST NOTIFICATION: dcadmin;wdcpf03;DOWN;notify-host-by-email;(Host Check Timed Out)
[1336458542] SERVICE ALERT: wdcms001;PING;OK;HARD;1;PING OK - Packet loss = 0%, RTA = 6.63 ms
[1336458552] HOST ALERT: wdcms001;UP;HARD;1;PING OK - Packet loss = 0%, RTA = 6.64 ms
[1336458552] HOST NOTIFICATION: dcadmin;wdcms001;UP;notify-host-by-email;PING OK - Packet loss = 0%, RTA = 6.64 ms
[1336459123] Auto-save of retention data completed successfully.
[1336459632] HOST NOTIFICATION: dcadmin;wdcms003;DOWN;notify-host-by-email;(Host Check Timed Out)
[1336459632] HOST NOTIFICATION: dcadmin;wdcms002;DOWN;notify-host-by-email;(Host Check Timed Out)
[1336459992] SERVICE ALERT: wdcms001;PING;CRITICAL;SOFT;1;PING CRITICAL - Packet loss = 100%
[1336460022] HOST ALERT: wdcms001;DOWN;SOFT;1;(Host Check Timed Out)
[1336460052] SERVICE ALERT: wdcms001;PING;CRITICAL;HARD;2;PING CRITICAL - Packet loss = 100%
[1336460052] HOST NOTIFICATION: dcadmin;wdcpf03;DOWN;notify-host-by-email;(Host Check Timed Out)
[1336460082] HOST ALERT: wdcms001;DOWN;SOFT;2;(Host Check Timed Out)
[1336460092] HOST ALERT: wdcmd002;DOWN;SOFT;1;(Host Check Timed Out)
[1336460162] HOST ALERT: wdcmd002;UP;SOFT;2;PING OK - Packet loss = 0%, RTA = 6.64 ms
[1336460182] HOST ALERT: wdcms001;DOWN;SOFT;3;(Host Check Timed Out)
[1336460282] HOST ALERT: wdcms001;DOWN;SOFT;4;(Host Check Timed Out)
[1336460382] HOST ALERT: wdcms001;DOWN;SOFT;5;(Host Check Timed Out)
[1336460482] HOST ALERT: wdcms001;DOWN;SOFT;6;(Host Check Timed Out)
[1336460582] HOST ALERT: wdcms001;DOWN;SOFT;7;(Host Check Timed Out)
[1336460672] HOST ALERT: wdcms001;DOWN;SOFT;8;(Host Check Timed Out)
[1336460772] HOST ALERT: wdcms001;DOWN;SOFT;9;(Host Check Timed Out)
[1336460872] HOST ALERT: wdcms001;DOWN;HARD;10;(Host Check Timed Out)
[1336460872] HOST NOTIFICATION: dcadmin;wdcms001;DOWN;notify-host-by-email;(Host Check Timed Out)
[1336461272] HOST ALERT: wdchd018;UP;HARD;1;PING OK - Packet loss = 76%, RTA = 6.54 ms
[1336461292] HOST ALERT: wdchd019;UP;HARD;1;PING OK - Packet loss = 0%, RTA = 6.59 ms
[1336461292] HOST ALERT: wdchd020;UP;HARD;1;PING OK - Packet loss = 0%, RTA = 6.62 ms
[1336461302] HOST ALERT: wdchd002;UP;HARD;1;PING OK - Packet loss = 66%, RTA = 7.82 ms
[1336461302] HOST ALERT: wdchd006;UP;HARD;1;PING OK - Packet loss = 70%, RTA = 6.61 ms
[1336461302] HOST ALERT: wdchd005;UP;HARD;1;PING OK - Packet loss = 72%, RTA = 6.60 ms
[1336461302] HOST ALERT: wdchd007;UP;HARD;1;PING OK - Packet loss = 73%, RTA = 7.12 ms
[1336461312] HOST ALERT: wdchd008;UP;HARD;1;PING OK - Packet loss = 76%, RTA = 6.87 ms
[1336461342] HOST ALERT: wdchd022;UP;HARD;1;PING OK - Packet loss = 0%, RTA = 6.53 ms
[1336461342] HOST ALERT: wdchd021;UP;HARD;1;PING OK - Packet loss = 0%, RTA = 6.60 ms
[1336461342] HOST ALERT: wdchd009;UP;HARD;1;PING OK - Packet loss = 0%, RTA = 6.62 ms
[1336461362] HOST ALERT: wdchd023;UP;HARD;1;PING OK - Packet loss = 0%, RTA = 6.66 ms
[1336461362] HOST ALERT: wdchd013;UP;HARD;1;PING OK - Packet loss = 0%, RTA = 6.59 ms
[1336461362] HOST ALERT: wdchd025;UP;HARD;1;PING OK - Packet loss = 0%, RTA = 6.63 ms
[1336461382] HOST ALERT: wdchd024;UP;HARD;1;PING OK - Packet loss = 0%, RTA = 6.63 ms
[1336461432] HOST NOTIFICATION: dcadmin;wdcms002;DOWN;notify-host-by-email;(Host Check Timed Out)
[1336461432] HOST NOTIFICATION: dcadmin;wdcms003;DOWN;notify-host-by-email;(Host Check Timed Out)
[1336461442] HOST ALERT: wdchd026;UP;HARD;1;PING OK - Packet loss = 0%, RTA = 6.67 ms
[1336461442] HOST ALERT: wdchd010;UP;HARD;1;PING OK - Packet loss = 0%, RTA = 6.69 ms
[1336461442] HOST ALERT: wdchd015;UP;HARD;1;PING OK - Packet loss = 0%, RTA = 6.60 ms
[1336461442] HOST ALERT: wdchd028;UP;HARD;1;PING OK - Packet loss = 0%, RTA = 6.55 ms
[1336461472] HOST ALERT: wdchd011;UP;HARD;1;PING OK - Packet loss = 0%, RTA = 6.64 ms
[1336461472] HOST ALERT: wdchd016;UP;HARD;1;PING OK - Packet loss = 0%, RTA = 6.68 ms
[1336461472] HOST ALERT: wdchd003;UP;HARD;1;PING OK - Packet loss = 0%, RTA = 6.56 ms
[1336461472] HOST ALERT: wdchd014;UP;HARD;1;PING OK - Packet loss = 0%, RTA = 6.67 ms
[1336461472] HOST ALERT: wdchd017;UP;HARD;1;PING OK - Packet loss = 0%, RTA = 6.61 ms
[1336461472] HOST ALERT: wdchd012;UP;HARD;1;PING OK - Packet loss = 0%, RTA = 6.54 ms
[1336461512] HOST ALERT: wdchd029;UP;HARD;1;PING OK - Packet loss = 0%, RTA = 6.63 ms
[1336461552] HOST ALERT: wdchd004;UP;HARD;1;PING OK - Packet loss = 0%, RTA = 6.69 ms
[1336461552] HOST ALERT: wdchd027;UP;HARD;1;PING OK - Packet loss = 0%, RTA = 6.60 ms
[1336461592] HOST ALERT: wdchd001;UP;HARD;1;PING OK - Packet loss = 0%, RTA = 6.54 ms
[1336461852] HOST NOTIFICATION: dcadmin;wdcpf03;DOWN;notify-host-by-email;(Host Check Timed Out)
[1336462142] SERVICE ALERT: wdcpf03;PING;OK;HARD;1;PING OK - Packet loss = 0%, RTA = 6.36 ms
[1336462152] HOST ALERT: wdcpf03;UP;HARD;1;PING OK - Packet loss = 0%, RTA = 6.35 ms
[1336462152] HOST NOTIFICATION: dcadmin;wdcpf03;UP;notify-host-by-email;PING OK - Packet loss = 0%, RTA = 6.35 ms
[1336462192] HOST ALERT: wdchd030;UP;HARD;1;PING OK - Packet loss = 0%, RTA = 6.68 ms
[1336462192] HOST ALERT: wdchd031;UP;HARD;1;PING OK - Packet loss = 0%, RTA = 6.59 ms
[1336462692] HOST NOTIFICATION: dcadmin;wdcms001;DOWN;notify-host-by-email;(Host Check Timed Out)
[1336462723] Auto-save of retention data completed successfully.
[1336463232] HOST NOTIFICATION: dcadmin;wdcms003;DOWN;notify-host-by-email;(Host Check Timed Out)
[1336463232] HOST NOTIFICATION: dcadmin;wdcms002;DOWN;notify-host-by-email;(Host Check Timed Out)
[1336463342] SERVICE ALERT: wdcms001;PING;OK;HARD;2;PING OK - Packet loss = 0%, RTA = 6.52 ms
[1336463342] SERVICE ALERT: wdcms003;PING;OK;HARD;2;PING OK - Packet loss = 0%, RTA = 6.65 ms
[1336463342] SERVICE ALERT: wdcms002;PING;OK;HARD;2;PING OK - Packet loss = 0%, RTA = 6.57 ms
[1336463352] HOST ALERT: wdcms001;UP;HARD;1;PING OK - Packet loss = 0%, RTA = 6.59 ms
[1336463352] HOST NOTIFICATION: dcadmin;wdcms001;UP;notify-host-by-email;PING OK - Packet loss = 0%, RTA = 6.59 ms
[1336463352] HOST ALERT: wdcms003;UP;HARD;1;PING OK - Packet loss = 0%, RTA = 6.63 ms
[1336463352] HOST NOTIFICATION: dcadmin;wdcms003;UP;notify-host-by-email;PING OK - Packet loss = 0%, RTA = 6.63 ms
[1336463352] HOST ALERT: wdcms002;UP;HARD;1;PING OK - Packet loss = 0%, RTA = 6.63 ms
[1336463352] HOST NOTIFICATION: dcadmin;wdcms002;UP;notify-host-by-email;PING OK - Packet loss = 0%, RTA = 6.63 ms
[1336466323] Auto-save of retention data completed successfully.
[1336469923] Auto-save of retention data completed successfully.
[1336473523] Auto-save of retention data completed successfully.
[1336476492] SERVICE ALERT: wdcms001;PING;CRITICAL;SOFT;1;PING CRITICAL - Packet loss = 100%
[1336476522] HOST ALERT: wdcms001;DOWN;SOFT;1;(Host Check Timed Out)
[1336476542] SERVICE ALERT: wdcms001;PING;OK;SOFT;2;PING OK - Packet loss = 0%, RTA = 6.67 ms
[1336476552] HOST ALERT: wdcms001;UP;SOFT;2;PING OK - Packet loss = 0%, RTA = 6.64 ms
[1336477123] Auto-save of retention data completed successfully.
[1336480723] Auto-save of retention data completed successfully.
[1336483072] HOST ALERT: wdcms001;DOWN;SOFT;1;(Host Check Timed Out)
[1336483092] HOST ALERT: wdcms001;UP;SOFT;2;PING OK - Packet loss = 0%, RTA = 6.58 ms
[1336483692] SERVICE ALERT: wdcms001;PING;CRITICAL;SOFT;1;PING CRITICAL - Packet loss = 100%
[1336483692] SERVICE ALERT: wdcms003;PING;CRITICAL;SOFT;1;PING CRITICAL - Packet loss = 100%
[1336483692] SERVICE ALERT: wdcms002;PING;CRITICAL;SOFT;1;PING CRITICAL - Packet loss = 100%
[1336483732] HOST ALERT: wdcms001;DOWN;SOFT;1;(Host Check Timed Out)
[1336483732] HOST ALERT: wdcms003;DOWN;SOFT;1;(Host Check Timed Out)
[1336483732] HOST ALERT: wdcms002;DOWN;SOFT;1;(Host Check Timed Out)
[1336483752] SERVICE ALERT: wdcms001;PING;CRITICAL;HARD;2;PING CRITICAL - Packet loss = 100%
[1336483752] SERVICE ALERT: wdcms003;PING;CRITICAL;HARD;2;PING CRITICAL - Packet loss = 100%
[1336483752] SERVICE ALERT: wdcms002;PING;CRITICAL;HARD;2;PING CRITICAL - Packet loss = 100%
[1336483782] HOST ALERT: wdcms001;DOWN;SOFT;2;(Host Check Timed Out)
[1336483822] HOST ALERT: wdcms003;DOWN;SOFT;2;(Host Check Timed Out)
[1336483822] HOST ALERT: wdcms002;DOWN;SOFT;2;(Host Check Timed Out)
[1336483882] HOST ALERT: wdcms001;DOWN;SOFT;3;(Host Check Timed Out)
[1336483922] HOST ALERT: wdcms003;DOWN;SOFT;3;(Host Check Timed Out)
[1336483922] HOST ALERT: wdcms002;DOWN;SOFT;3;(Host Check Timed Out)
[1336483982] HOST ALERT: wdcms001;DOWN;SOFT;4;(Host Check Timed Out)
[1336484022] HOST ALERT: wdcms003;DOWN;SOFT;4;(Host Check Timed Out)
[1336484022] HOST ALERT: wdcms002;DOWN;SOFT;4;(Host Check Timed Out)
[1336484072] HOST ALERT: wdcms001;DOWN;SOFT;5;(Host Check Timed Out)
[1336484122] HOST ALERT: wdcms003;DOWN;SOFT;5;(Host Check Timed Out)
[1336484122] HOST ALERT: wdcms002;DOWN;SOFT;5;(Host Check Timed Out)
[1336484172] HOST ALERT: wdcms001;DOWN;SOFT;6;(Host Check Timed Out)
[1336484222] HOST ALERT: wdcms003;DOWN;SOFT;6;(Host Check Timed Out)
[1336484222] HOST ALERT: wdcms002;DOWN;SOFT;6;(Host Check Timed Out)
[1336484262] HOST ALERT: wdcms001;DOWN;SOFT;7;(Host Check Timed Out)
[1336484322] HOST ALERT: wdcms003;DOWN;SOFT;7;(Host Check Timed Out)
[1336484322] HOST ALERT: wdcms002;DOWN;SOFT;7;(Host Check Timed Out)
[1336484323] Auto-save of retention data completed successfully.
[1336484362] HOST ALERT: wdcms001;DOWN;SOFT;8;(Host Check Timed Out)
[1336484422] HOST ALERT: wdcms003;DOWN;SOFT;8;(Host Check Timed Out)
[1336484422] HOST ALERT: wdcms002;DOWN;SOFT;8;(Host Check Timed Out)
[1336484462] HOST ALERT: wdcms001;DOWN;SOFT;9;(Host Check Timed Out)
[1336484522] HOST ALERT: wdcms003;DOWN;SOFT;9;(Host Check Timed Out)
[1336484522] HOST ALERT: wdcms002;DOWN;SOFT;9;(Host Check Timed Out)
[1336484562] HOST ALERT: wdcms001;DOWN;HARD;10;(Host Check Timed Out)
[1336484562] HOST NOTIFICATION: dcadmin;wdcms001;DOWN;notify-host-by-email;(Host Check Timed Out)
[1336484622] HOST ALERT: wdcms003;DOWN;HARD;10;(Host Check Timed Out)
[1336484622] HOST NOTIFICATION: dcadmin;wdcms003;DOWN;notify-host-by-email;(Host Check Timed Out)
[1336484622] HOST ALERT: wdcms002;DOWN;HARD;10;(Host Check Timed Out)
[1336484622] HOST NOTIFICATION: dcadmin;wdcms002;DOWN;notify-host-by-email;(Host Check Timed Out)
[1336485252] HOST ALERT: wdchd013;DOWN;SOFT;1;(Host Check Timed Out)
[1336485322] HOST ALERT: wdchd013;UP;SOFT;2;PING OK - Packet loss = 0%, RTA = 6.59 ms
[1336485602] SERVICE ALERT: wdcms001;PING;OK;HARD;2;PING OK - Packet loss = 0%, RTA = 6.66 ms
[1336485612] HOST ALERT: wdcms001;UP;HARD;1;PING OK - Packet loss = 0%, RTA = 6.68 ms
[1336485612] HOST NOTIFICATION: dcadmin;wdcms001;UP;notify-host-by-email;PING OK - Packet loss = 0%, RTA = 6.68 ms
[1336485722] SERVICE ALERT: wdcms002;PING;OK;HARD;2;PING OK - Packet loss = 0%, RTA = 6.60 ms
[1336485722] SERVICE ALERT: wdcms003;PING;OK;HARD;2;PING OK - Packet loss = 0%, RTA = 6.53 ms
[1336485732] HOST ALERT: wdcms002;UP;HARD;1;PING OK - Packet loss = 0%, RTA = 6.52 ms
[1336485732] HOST NOTIFICATION: dcadmin;wdcms002;UP;notify-host-by-email;PING OK - Packet loss = 0%, RTA = 6.52 ms
[1336485732] HOST ALERT: wdcms003;UP;HARD;1;PING OK - Packet loss = 0%, RTA = 6.63 ms
[1336485732] HOST NOTIFICATION: dcadmin;wdcms003;UP;notify-host-by-email;PING OK - Packet loss = 0%, RTA = 6.63 ms
[1336486072] HOST ALERT: wdchd004;DOWN;SOFT;1;(Host Check Timed Out)
[1336486132] HOST ALERT: wdchd005;DOWN;SOFT;1;(Host Check Timed Out)
[1336486142] HOST ALERT: wdchd004;UP;SOFT;2;PING OK - Packet loss = 0%, RTA = 6.64 ms
[1336486222] HOST ALERT: wdchd005;DOWN;SOFT;2;(Host Check Timed Out)
[1336486322] HOST ALERT: wdchd005;DOWN;SOFT;3;(Host Check Timed Out)
[1336486332] SERVICE ALERT: wdcms001;PING;CRITICAL;SOFT;1;PING CRITICAL - Packet loss = 100%
[1336486382] SERVICE ALERT: wdcms001;PING;OK;SOFT;2;PING OK - Packet loss = 0%, RTA = 6.55 ms
[1336486422] HOST ALERT: wdchd005;DOWN;SOFT;4;(Host Check Timed Out)
[1336486522] HOST ALERT: wdchd005;DOWN;SOFT;5;(Host Check Timed Out)
[1336486622] HOST ALERT: wdchd005;DOWN;SOFT;6;(Host Check Timed Out)
[1336486722] HOST ALERT: wdchd005;DOWN;SOFT;7;(Host Check Timed Out)
[1336486822] HOST ALERT: wdchd005;DOWN;SOFT;8;(Host Check Timed Out)
[1336486922] HOST ALERT: wdchd005;DOWN;SOFT;9;(Host Check Timed Out)
[1336487012] HOST ALERT: wdchd005;DOWN;HARD;10;(Host Check Timed Out)
[1336487112] SERVICE ALERT: omnmgsm-ny;PING;CRITICAL;SOFT;1;PING CRITICAL - Packet loss = 100%
[1336487152] HOST ALERT: omnmgsm-ny;DOWN;SOFT;1;(Host Check Timed Out)
[1336487172] SERVICE ALERT: omnmgsm-ny;PING;CRITICAL;HARD;2;PING CRITICAL - Packet loss = 100%
[1336487222] SERVICE ALERT: omnmgsm-ny;PING;OK;HARD;2;PING OK - Packet loss = 0%, RTA = 0.37 ms
[1336487222] HOST ALERT: omnmgsm-ny;UP;SOFT;2;PING OK - Packet loss = 37%, RTA = 0.28 ms
[1336487832] SERVICE ALERT: wdcms001;PING;CRITICAL;SOFT;1;PING CRITICAL - Packet loss = 100%
[1336487862] HOST ALERT: wdcms001;DOWN;SOFT;1;(Host Check Timed Out)
[1336487882] SERVICE ALERT: wdcms001;PING;OK;SOFT;2;PING OK - Packet loss = 0%, RTA = 6.61 ms
[1336487892] HOST ALERT: wdcms001;UP;SOFT;2;PING OK - Packet loss = 0%, RTA = 6.66 ms
[1336487923] Auto-save of retention data completed successfully.
[1336490712] HOST ALERT: wdchd005;UP;HARD;1;PING WARNING - Packet loss = 80%, RTA = 6.82 ms
[1336491523] Auto-save of retention data completed successfully.
[1336495123] Auto-save of retention data completed successfully.
[1336496412] SERVICE ALERT: nycnn-ipvx11e1;PING;CRITICAL;SOFT;1;PING CRITICAL - Packet loss = 100%
[1336496412] SERVICE ALERT: nycnn-ipvx11;PING;CRITICAL;SOFT;1;PING CRITICAL - Packet loss = 100%
[1336496432] HOST ALERT: nycnn-ipvx11e1;DOWN;SOFT;1;(Host Check Timed Out)
[1336496452] HOST ALERT: nycnn-ipvx11;DOWN;SOFT;1;(Host Check Timed Out)
[1336496472] SERVICE ALERT: nycnn-ipvx11e1;PING;CRITICAL;HARD;2;PING CRITICAL - Packet loss = 100%
[1336496472] SERVICE ALERT: nycnn-ipvx11;PING;CRITICAL;HARD;2;PING CRITICAL - Packet loss = 100%
[1336496472] SERVICE ALERT: wdcms001;PING;CRITICAL;SOFT;1;PING CRITICAL - Packet loss = 100%
[1336496502] HOST ALERT: wdcms001;DOWN;SOFT;1;(Host Check Timed Out)
[1336496522] SERVICE ALERT: wdcms001;PING;OK;SOFT;2;PING OK - Packet loss = 0%, RTA = 6.59 ms
[1336496522] HOST ALERT: nycnn-ipvx11e1;DOWN;SOFT;2;(Host Check Timed Out)
[1336496532] HOST ALERT: wdcms001;UP;SOFT;2;PING OK - Packet loss = 0%, RTA = 6.65 ms
[1336496532] HOST ALERT: nycnn-ipvx11;UP;SOFT;2;PING OK - Packet loss = 76%, RTA = 0.28 ms
[1336496582] SERVICE ALERT: nycnn-ipvx11e1;PING;OK;HARD;2;PING OK - Packet loss = 0%, RTA = 0.22 ms
[1336496582] SERVICE ALERT: nycnn-ipvx11;PING;OK;HARD;2;PING OK - Packet loss = 0%, RTA = 0.23 ms
[1336496592] HOST ALERT: nycnn-ipvx11e1;UP;SOFT;3;PING OK - Packet loss = 0%, RTA = 0.24 ms
[1336497562] SERVICE ALERT: nycnn-ipvx8e1;PING;CRITICAL;SOFT;1;PING CRITICAL - Packet loss = 100%
[1336497562] SERVICE ALERT: nycnn-ipvx8;PING;CRITICAL;SOFT;1;PING CRITICAL - Packet loss = 100%
[1336497602] HOST ALERT: nycnn-ipvx8e1;DOWN;SOFT;1;(Host Check Timed Out)
[1336497602] HOST ALERT: nycnn-ipvx8;DOWN;SOFT;1;(Host Check Timed Out)
[1336497622] SERVICE ALERT: nycnn-ipvx8e1;PING;CRITICAL;HARD;2;PING CRITICAL - Packet loss = 100%
[1336497622] SERVICE ALERT: nycnn-ipvx8;PING;CRITICAL;HARD;2;PING CRITICAL - Packet loss = 100%
[1336497682] HOST ALERT: nycnn-ipvx8e1;UP;SOFT;2;PING OK - Packet loss = 58%, RTA = 0.49 ms
[1336497682] HOST ALERT: nycnn-ipvx8;UP;SOFT;2;PING OK - Packet loss = 58%, RTA = 0.46 ms
[1336497682] SERVICE ALERT: nycnn-ipvx8e1;PING;WARNING;SOFT;2;PING WARNING - Packet loss = 28%, RTA = 0.29 ms
[1336497682] SERVICE ALERT: nycnn-ipvx8;PING;WARNING;SOFT;2;PING WARNING - Packet loss = 28%, RTA = 0.27 ms
[1336497732] SERVICE ALERT: nycnn-ipvx8e1;PING;OK;HARD;3;PING OK - Packet loss = 0%, RTA = 0.22 ms
[1336497732] SERVICE ALERT: nycnn-ipvx8;PING;OK;HARD;3;PING OK - Packet loss = 0%, RTA = 0.24 ms
[1336498723] Auto-save of retention data completed successfully.
[1336499962] SERVICE ALERT: nycnn-ipvx6;PING;CRITICAL;SOFT;1;PING CRITICAL - Packet loss = 100%
[1336499962] SERVICE ALERT: nycnn-ipvx6e1;PING;CRITICAL;SOFT;1;PING CRITICAL - Packet loss = 100%
[1336500002] HOST ALERT: nycnn-ipvx6;DOWN;SOFT;1;(Host Check Timed Out)
[1336500002] HOST ALERT: nycnn-ipvx6e1;DOWN;SOFT;1;(Host Check Timed Out)
[1336500022] SERVICE ALERT: nycnn-ipvx7;PING;CRITICAL;SOFT;1;PING CRITICAL - Packet loss = 100%
[1336500022] SERVICE ALERT: nycnn-ipvx6;PING;CRITICAL;HARD;2;PING CRITICAL - Packet loss = 100%
[1336500022] SERVICE ALERT: nycnn-ipvx6e1;PING;CRITICAL;HARD;2;PING CRITICAL - Packet loss = 100%
[1336500022] SERVICE ALERT: nycnn-ipvx7e1;PING;CRITICAL;SOFT;1;PING CRITICAL - Packet loss = 100%
[1336500052] HOST ALERT: nycnn-ipvx7;DOWN;SOFT;1;(Host Check Timed Out)
[1336500052] HOST ALERT: nycnn-ipvx7e1;DOWN;SOFT;1;(Host Check Timed Out)
[1336500082] HOST ALERT: nycnn-ipvx6e1;UP;SOFT;2;PING OK - Packet loss = 54%, RTA = 0.42 ms
[1336500082] SERVICE ALERT: nycnn-ipvx6;PING;WARNING;HARD;2;PING WARNING - Packet loss = 28%, RTA = 0.30 ms
[1336500082] SERVICE ALERT: nycnn-ipvx6e1;PING;WARNING;SOFT;2;PING WARNING - Packet loss = 28%, RTA = 0.22 ms
[1336500082] HOST ALERT: nycnn-ipvx6;UP;SOFT;2;PING OK - Packet loss = 58%, RTA = 0.29 ms
[1336500082] SERVICE ALERT: nycnn-ipvx7;PING;CRITICAL;HARD;2;PING CRITICAL - Packet loss = 100%
[1336500082] SERVICE ALERT: nycnn-ipvx7e1;PING;CRITICAL;HARD;2;PING CRITICAL - Packet loss = 100%
[1336500082] SERVICE ALERT: nycnn-ipvx9;PING;CRITICAL;SOFT;1;PING CRITICAL - Packet loss = 100%
[1336500082] SERVICE ALERT: nycnn-ipvx9e1;PING;CRITICAL;SOFT;1;PING CRITICAL - Packet loss = 100%
[1336500122] HOST ALERT: nycnn-ipvx9;DOWN;SOFT;1;(Host Check Timed Out)
[1336500122] HOST ALERT: nycnn-ipvx9e1;DOWN;SOFT;1;(Host Check Timed Out)
[1336500122] HOST ALERT: nycnn-ipvx7;UP;SOFT;2;PING OK - Packet loss = 0%, RTA = 0.31 ms
[1336500122] HOST ALERT: nycnn-ipvx7e1;UP;SOFT;2;PING OK - Packet loss = 0%, RTA = 0.25 ms
[1336500132] SERVICE ALERT: nycnn-ipvx10e1;PING;CRITICAL;SOFT;1;PING CRITICAL - Packet loss = 100%
[1336500132] SERVICE ALERT: nycnn-ipvx10;PING;CRITICAL;SOFT;1;PING CRITICAL - Packet loss = 100%
[1336500132] SERVICE ALERT: nycnn-ipvx6;PING;OK;HARD;2;PING OK - Packet loss = 0%, RTA = 0.21 ms
[1336500132] SERVICE ALERT: nycnn-ipvx6e1;PING;OK;HARD;3;PING OK - Packet loss = 0%, RTA = 0.25 ms
[1336500132] SERVICE ALERT: nycnn-ipvx7;PING;OK;HARD;2;PING OK - Packet loss = 0%, RTA = 0.23 ms
[1336500132] SERVICE ALERT: nycnn-ipvx7e1;PING;OK;HARD;2;PING OK - Packet loss = 0%, RTA = 0.23 ms
[1336500142] SERVICE ALERT: nycnn-ipvx9;PING;CRITICAL;HARD;2;PING CRITICAL - Packet loss = 100%
[1336500142] SERVICE ALERT: nycnn-ipvx9e1;PING;CRITICAL;HARD;2;PING CRITICAL - Packet loss = 100%
[1336500172] HOST ALERT: nycnn-ipvx10e1;DOWN;SOFT;1;(Host Check Timed Out)
[1336500172] HOST ALERT: nycnn-ipvx10;DOWN;SOFT;1;(Host Check Timed Out)
[1336500192] SERVICE ALERT: nycnn-ipvx10e1;PING;CRITICAL;HARD;2;PING CRITICAL - Packet loss = 100%
[1336500192] SERVICE ALERT: nycnn-ipvx10;PING;CRITICAL;HARD;2;PING CRITICAL - Packet loss = 100%
[1336500192] HOST ALERT: nycnn-ipvx9;UP;SOFT;2;PING OK - Packet loss = 0%, RTA = 0.22 ms
[1336500192] HOST ALERT: nycnn-ipvx9e1;UP;SOFT;2;PING OK - Packet loss = 0%, RTA = 0.18 ms
[1336500202] SERVICE ALERT: nycnn-ipvx9;PING;OK;HARD;2;PING OK - Packet loss = 0%, RTA = 0.24 ms
[1336500202] SERVICE ALERT: nycnn-ipvx9e1;PING;OK;HARD;2;PING OK - Packet loss = 0%, RTA = 0.18 ms
[1336500242] HOST ALERT: nycnn-ipvx10e1;UP;SOFT;2;PING OK - Packet loss = 0%, RTA = 0.23 ms
[1336500242] HOST ALERT: nycnn-ipvx10;UP;SOFT;2;PING OK - Packet loss = 0%, RTA = 0.22 ms
[1336500242] SERVICE ALERT: nycnn-ipvx10e1;PING;OK;HARD;2;PING OK - Packet loss = 0%, RTA = 0.24 ms
[1336500242] SERVICE ALERT: nycnn-ipvx10;PING;OK;HARD;2;PING OK - Packet loss = 0%, RTA = 0.22 ms
[1336500312] SERVICE ALERT: nycnn-ipvx17;PING;CRITICAL;SOFT;1;PING CRITICAL - Packet loss = 100%
[1336500312] SERVICE ALERT: nycnn-ipvx17e1;PING;CRITICAL;SOFT;1;PING CRITICAL - Packet loss = 100%
[1336500342] HOST ALERT: nycnn-ipvx17;DOWN;SOFT;1;(Host Check Timed Out)
[1336500342] HOST ALERT: nycnn-ipvx17e1;DOWN;SOFT;1;(Host Check Timed Out)
[1336500372] SERVICE ALERT: nycnn-ipvx16e1;PING;CRITICAL;SOFT;1;PING CRITICAL - Packet loss = 100%
[1336500372] SERVICE ALERT: nycnn-ipvx17;PING;CRITICAL;HARD;2;PING CRITICAL - Packet loss = 100%
[1336500372] SERVICE ALERT: nycnn-ipvx17e1;PING;CRITICAL;HARD;2;PING CRITICAL - Packet loss = 100%
[1336500372] SERVICE ALERT: nycnn-ipvx16;PING;CRITICAL;SOFT;1;CRITICAL - Plugin timed out after 10 seconds
[1336500412] HOST ALERT: nycnn-ipvx16e1;DOWN;SOFT;1;(Host Check Timed Out)
[1336500412] HOST ALERT: nycnn-ipvx16;DOWN;SOFT;1;(Host Check Timed Out)
[1336500412] HOST ALERT: nycnn-ipvx17;UP;SOFT;2;PING OK - Packet loss = 0%, RTA = 0.22 ms
[1336500412] HOST ALERT: nycnn-ipvx17e1;UP;SOFT;2;PING OK - Packet loss = 0%, RTA = 0.22 ms
[1336500422] SERVICE ALERT: nycnn-ipvx17;PING;OK;HARD;2;PING OK - Packet loss = 0%, RTA = 0.20 ms
[1336500422] SERVICE ALERT: nycnn-ipvx17e1;PING;OK;HARD;2;PING OK - Packet loss = 0%, RTA = 0.19 ms
[1336500432] SERVICE ALERT: nycnn-ipvx16e1;PING;CRITICAL;HARD;2;PING CRITICAL - Packet loss = 100%
[1336500432] SERVICE ALERT: nycnn-ipvx16;PING;CRITICAL;HARD;2;PING CRITICAL - Packet loss = 100%
[1336500472] HOST ALERT: nycnn-ipvx16e1;UP;SOFT;2;PING OK - Packet loss = 0%, RTA = 0.22 ms
[1336500472] HOST ALERT: nycnn-ipvx16;UP;SOFT;2;PING OK - Packet loss = 0%, RTA = 0.22 ms
[1336500482] SERVICE ALERT: nycnn-ipvx16e1;PING;OK;HARD;2;PING OK - Packet loss = 0%, RTA = 0.22 ms
[1336500482] SERVICE ALERT: nycnn-ipvx16;PING;OK;HARD;2;PING OK - Packet loss = 0%, RTA = 0.20 ms
[1336500502] SERVICE ALERT: nycnn-ipvx5;PING;CRITICAL;SOFT;1;PING CRITICAL - Packet loss = 100%
[1336500502] SERVICE ALERT: nycnn-ipvx5e1;PING;CRITICAL;SOFT;1;PING CRITICAL - Packet loss = 100%
[1336500542] HOST ALERT: nycnn-ipvx5;DOWN;SOFT;1;(Host Check Timed Out)
[1336500542] HOST ALERT: nycnn-ipvx5e1;DOWN;SOFT;1;(Host Check Timed Out)
[1336500562] SERVICE ALERT: nycnn-ipvx5;PING;CRITICAL;HARD;2;PING CRITICAL - Packet loss = 100%
[1336500562] SERVICE ALERT: nycnn-ipvx5e1;PING;CRITICAL;HARD;2;PING CRITICAL - Packet loss = 100%
[1336500612] HOST ALERT: nycnn-ipvx5;UP;SOFT;2;PING OK - Packet loss = 0%, RTA = 0.24 ms
[1336500612] HOST ALERT: nycnn-ipvx5e1;UP;SOFT;2;PING OK - Packet loss = 0%, RTA = 0.17 ms
[1336500612] SERVICE ALERT: nycnn-ipvx5;PING;OK;HARD;2;PING OK - Packet loss = 0%, RTA = 0.24 ms
[1336500612] SERVICE ALERT: nycnn-ipvx5e1;PING;OK;HARD;2;PING OK - Packet loss = 0%, RTA = 0.61 ms
[1336501702] SERVICE ALERT: nycnn-ipvx4;PING;CRITICAL;SOFT;1;PING CRITICAL - Packet loss = 100%
[1336501702] SERVICE ALERT: nycnn-ipvx4e1;PING;CRITICAL;SOFT;1;PING CRITICAL - Packet loss = 100%
[1336501742] HOST ALERT: nycnn-ipvx4;DOWN;SOFT;1;(Host Check Timed Out)
[1336501742] HOST ALERT: nycnn-ipvx4e1;DOWN;SOFT;1;(Host Check Timed Out)
[1336501762] SERVICE ALERT: nycnn-ipvx4;PING;CRITICAL;HARD;2;PING CRITICAL - Packet loss = 100%
[1336501762] SERVICE ALERT: nycnn-ipvx4e1;PING;CRITICAL;HARD;2;PING CRITICAL - Packet loss = 100%
[1336501782] HOST ALERT: nycnn-ipvx4e1;DOWN;SOFT;2;(Host Check Timed Out)
[1336501782] HOST ALERT: nycnn-ipvx4;DOWN;SOFT;2;(Host Check Timed Out)
[1336501822] SERVICE ALERT: nycnn-ipvx4;PING;WARNING;HARD;2;PING WARNING - Packet loss = 44%, RTA = 0.31 ms
[1336501822] SERVICE ALERT: nycnn-ipvx4e1;PING;WARNING;HARD;2;PING WARNING - Packet loss = 37%, RTA = 0.49 ms
[1336501852] HOST ALERT: nycnn-ipvx4e1;UP;SOFT;3;PING OK - Packet loss = 0%, RTA = 0.18 ms
[1336501852] HOST ALERT: nycnn-ipvx4;UP;SOFT;3;PING OK - Packet loss = 0%, RTA = 0.17 ms
[1336501872] SERVICE ALERT: nycnn-ipvx4;PING;OK;HARD;2;PING OK - Packet loss = 0%, RTA = 0.19 ms
[1336501872] SERVICE ALERT: nycnn-ipvx4e1;PING;OK;HARD;2;PING OK - Packet loss = 0%, RTA = 0.17 ms
[1336502323] Auto-save of retention data completed successfully.
[1336504992] SERVICE ALERT: wdcps001;PING;CRITICAL;SOFT;1;PING CRITICAL - Packet loss = 90%, RTA = 6.61 ms
[1336505032] HOST ALERT: wdcps001;DOWN;SOFT;1;(Host Check Timed Out)
[1336505052] SERVICE ALERT: wdcps001;PING;CRITICAL;HARD;2;PING CRITICAL - Packet loss = 81%, RTA = 6.62 ms
[1336505102] HOST ALERT: wdcps001;UP;SOFT;2;PING OK - Packet loss = 0%, RTA = 7.50 ms
[1336505112] SERVICE ALERT: wdcps001;PING;OK;HARD;2;PING OK - Packet loss = 0%, RTA = 6.60 ms
[1336505923] Auto-save of retention data completed successfully.
[1336509523] Auto-save of retention data completed successfully.
[1336513123] Auto-save of retention data completed successfully.
[1336516723] Auto-save of retention data completed successfully.
[1336516872] SERVICE ALERT: wdcms001;PING;CRITICAL;SOFT;1;PING CRITICAL - Packet loss = 100%
[1336516922] SERVICE ALERT: wdcms001;PING;OK;SOFT;2;PING OK - Packet loss = 0%, RTA = 6.63 ms
[1336518792] SERVICE ALERT: wdcms001;PING;CRITICAL;SOFT;1;PING CRITICAL - Packet loss = 100%
[1336518832] HOST ALERT: wdcms001;DOWN;SOFT;1;(Host Check Timed Out)
[1336518852] SERVICE ALERT: wdcms001;PING;CRITICAL;HARD;2;PING CRITICAL - Packet loss = 100%
[1336518892] HOST ALERT: wdcms001;UP;SOFT;2;PING OK - Packet loss = 0%, RTA = 6.71 ms
[1336518902] SERVICE ALERT: wdcms001;PING;OK;HARD;2;PING OK - Packet loss = 0%, RTA = 6.64 ms
[1336520323] Auto-save of retention data completed successfully.
[1336523923] Auto-save of retention data completed successfully.
[1336527523] Auto-save of retention data completed successfully.
[1336531123] Auto-save of retention data completed successfully.
[1336534723] Auto-save of retention data completed successfully.
